09:51:30.928 [main                     ] DEBUG Logger               - Configured Logger
09:51:30.949 [main                     ] DEBUG GameApplication      - Logging settings
Title: Untitled
Version: 0.0
Width: 1500
Height: 720
Fullscreen: false
Intro: false
Profiling: false
Single step:false
App Mode: DEVELOPER
Menu Key: ESCAPE
Stage Style: DECORATED
Scene Factory: class game.PlatformerApp$1

09:51:31.298 [JavaFX Application Thread] DEBUG FXGLApplication      - Initializing FXGL
09:51:31.301 [JavaFX Application Thread] INFO  Engine               - FXGL-17 (31.12.2021 18.16) on WINDOWS (J:20 FX:17.0.0.1)
09:51:31.301 [JavaFX Application Thread] DEBUG Engine               - JRE Vendor Name: Oracle Corporation
09:51:31.301 [JavaFX Application Thread] DEBUG Engine               - Running on OS: Windows 11 version 10.0
09:51:31.301 [JavaFX Application Thread] DEBUG Engine               - Architecture: amd64
09:51:31.301 [JavaFX Application Thread] INFO  Engine               - Source code and latest versions at: https://github.com/AlmasB/FXGL
09:51:31.302 [JavaFX Application Thread] INFO  Engine               -       Ask questions and discuss at: https://github.com/AlmasB/FXGL/discussions
09:51:31.302 [JavaFX Application Thread] INFO  Engine               -              Join the FXGL chat at: https://gitter.im/AlmasB/FXGL
09:51:31.356 [JavaFX Application Thread] DEBUG PrimaryStageWindow   - Creating a JavaFX scene
09:51:31.384 [JavaFX Application Thread] DEBUG PrimaryStageWindow   - Target settings size: 1500.0 x 720.0
09:51:31.384 [JavaFX Application Thread] DEBUG PrimaryStageWindow   - Scaled scene size:    1500.0 x 720.0
09:51:31.384 [JavaFX Application Thread] DEBUG PrimaryStageWindow   - Scaled ratio: (1.0, 1.0)
09:51:31.385 [JavaFX Application Thread] DEBUG PrimaryStageWindow   - Set initial scene to FXGLStartupScene
09:51:31.389 [JavaFX Application Thread] DEBUG PrimaryStageWindow   - Opening main window
09:51:31.440 [JavaFX Application Thread] DEBUG PrimaryStageWindow   - Window border size: (14.4000244140625, 37.5999755859375)
09:51:31.440 [JavaFX Application Thread] DEBUG PrimaryStageWindow   - Scaled size: 1500.0 x 720.0
09:51:31.440 [JavaFX Application Thread] DEBUG PrimaryStageWindow   - Scaled ratio: (1.0, 1.0)
09:51:31.441 [JavaFX Application Thread] DEBUG PrimaryStageWindow   - Scene size: 1500.0 x 720.0
09:51:31.441 [JavaFX Application Thread] DEBUG PrimaryStageWindow   - Stage size: 1514.4000244140625 x 757.5999755859375
09:51:31.447 [FXGL Background Thread 1 ] DEBUG Engine               - Initializing environment variables
09:51:31.484 [FXGL Background Thread 1 ] DEBUG FXGLAssetLoaderServi - User app class for loading assets: class game.PlatformerApp
09:51:31.484 [FXGL Background Thread 1 ] DEBUG GameApplicationServi - Applying CSS: fxgl_dark.css
09:51:31.485 [FXGL Background Thread 1 ] DEBUG FXGLAssetLoaderServi - Loading from file system: jar:file:///C:/Users/jasbh/.m2/repository/com/github/almasb/fxgl/17/fxgl-17.jar!/fxglassets/ui/css/fxgl_dark.css
09:51:31.519 [FXGL Background Thread 1 ] DEBUG GameApplicationServi - Initializing application scenes
09:51:31.546 [FXGL Background Thread 1 ] DEBUG FXGLAssetLoaderServi - Loading from file system: file:/C:/Users/jasbh/OneDrive%20-%20Hogeschool%20Leiden/Documenten/School/2023%2004/CHALLANGE%20WEEK/Copy%20mario%20code/Mario/target/classes/assets/textures/player.png
09:51:31.563 [FXGL Background Thread 1 ] DEBUG GameWorld            - Game world initialized
09:51:31.600 [FXGL Background Thread 1 ] DEBUG PhysicsWorld         - Physics world initialized: appHeight=720, physics.ppm=50.0
09:51:31.600 [FXGL Background Thread 1 ] DEBUG PhysicsWorld         - Using strategy: BRUTE_FORCE
09:51:31.604 [FXGL Background Thread 1 ] DEBUG GameScene            - Game scene initialized: 1500x720
09:51:31.616 [FXGL Background Thread 1 ] DEBUG FXGL.DefaultMenu     - createMenuBodyGameMenu()
09:51:31.627 [FXGL Background Thread 1 ] DEBUG FXGL.DefaultMenu     - createOptionsMenu()
09:51:31.637 [FXGL Background Thread 1 ] DEBUG FXGLAssetLoaderServi - Loading from file system: jar:file:///C:/Users/jasbh/.m2/repository/com/github/almasb/fxgl/17/fxgl-17.jar!/fxglassets/textures/particles/smoke.png
09:51:31.701 [FXGL Background Thread 1 ] DEBUG FXGLAssetLoaderServi - Loading from file system: jar:file:///C:/Users/jasbh/.m2/repository/com/github/almasb/fxgl/17/fxgl-17.jar!/fxglassets/textures/particles/trace_horizontal.png
09:51:31.725 [FXGL Background Thread 1 ] DEBUG GameApplicationServi - Application scenes initialized
09:51:31.742 [FXGL Background Thread 1 ] DEBUG SystemBundleService  - Loading FXGL system data
09:51:31.748 [FXGL Background Thread 1 ] DEBUG FileSystemAccess     - Reading from: C:\Users\jasbh\OneDrive - Hogeschool Leiden\Documenten\School\2023 04\CHALLANGE WEEK\Copy mario code\Mario\system\fxgl.bundle
09:51:31.754 [FXGL Background Thread 1 ] DEBUG SystemBundleService  - Bundle FXGL: {}
09:51:31.754 [FXGL Background Thread 1 ] DEBUG UpdaterService       - Checking for updates
09:51:31.757 [FXGL Background Thread 4 ] DEBUG FXGLApplication      - Loading fonts
09:51:31.757 [FXGL Background Thread 1 ] DEBUG FXGLApplication      - Loading default localization
09:51:31.757 [FXGL Background Thread 4 ] DEBUG FXGLAssetLoaderServi - Loading from file system: jar:file:///C:/Users/jasbh/.m2/repository/com/github/almasb/fxgl/17/fxgl-17.jar!/fxglassets/ui/fonts/VarelaRound-Regular.ttf
09:51:31.757 [FXGL Background Thread 1 ] DEBUG FXGLAssetLoaderServi - Loading from file system: jar:file:///C:/Users/jasbh/.m2/repository/com/github/almasb/fxgl/17/fxgl-17.jar!/fxglassets/languages/english.lang
09:51:31.778 [FXGL Background Thread 1 ] INFO  FXGLApplication      - FXGL initialization took: 0.331 sec
09:51:31.793 [JavaFX Application Thread] DEBUG Input                - Registered new binding: Left - A
09:51:31.793 [JavaFX Application Thread] DEBUG Input                - Registered new binding: Right - D
09:51:31.793 [JavaFX Application Thread] DEBUG Input                - Registered new binding: Jump - W
09:51:31.793 [JavaFX Application Thread] DEBUG Input                - Registered new binding: Use - E
09:51:31.794 [JavaFX Application Thread] DEBUG FXGLAssetLoaderServi - Loading from file system: jar:file:///C:/Users/jasbh/.m2/repository/com/github/almasb/fxgl/17/fxgl-17.jar!/fxglassets/textures/fxgl_icon.png
09:51:31.814 [JavaFX Application Thread] DEBUG FXGLAssetLoaderServi - Loading from file system: jar:file:///C:/Users/jasbh/.m2/repository/com/github/almasb/fxgl/17/fxgl-17.jar!/fxglassets/textures/fxgl_default_cursor.png
09:51:31.818 [JavaFX Application Thread] DEBUG Input                - Registered new binding: Screenshot - CTRL+8
09:51:31.818 [JavaFX Application Thread] DEBUG Input                - Registered new binding: System info dump - CTRL+9
09:51:31.819 [JavaFX Application Thread] DEBUG Input                - Registered new binding: Restart - CTRL+R
09:51:31.821 [JavaFX Application Thread] DEBUG Input                - Registered new binding: Toggle Debug Camera - CTRL+7
09:51:31.824 [FXGL Background Thread 4 ] DEBUG FXGLAssetLoaderServi - Loading from file system: jar:file:///C:/Users/jasbh/.m2/repository/com/github/almasb/fxgl/17/fxgl-17.jar!/fxglassets/ui/fonts/Abel-Regular.ttf
09:51:31.827 [JavaFX Application Thread] DEBUG LoopRunner           - Starting loop
09:51:31.827 [JavaFX Application Thread] DEBUG LoopRunner           - Initializing JavaFX AnimationTimerLoop
09:51:31.830 [JavaFX Application Thread] DEBUG GameApplicationServi - Starting new game
09:51:31.831 [JavaFX Application Thread] DEBUG Input                - Clearing active input actions
09:51:31.833 [FXGL Background Thread 4 ] DEBUG FXGLAssetLoaderServi - Loading from file system: jar:file:///C:/Users/jasbh/.m2/repository/com/github/almasb/fxgl/17/fxgl-17.jar!/fxglassets/ui/fonts/TerminalLandMono-Regular.otf
09:51:31.841 [FXGL Background Thread 4 ] DEBUG FXGLAssetLoaderServi - Loading from file system: jar:file:///C:/Users/jasbh/.m2/repository/com/github/almasb/fxgl/17/fxgl-17.jar!/fxglassets/ui/fonts/Courier-Prime.ttf
09:51:31.844 [JavaFX Application Thread] DEBUG GameApplicationServi - Removing overlay from FXGLStartupScene and adding to MainLoadingScene
09:51:31.845 [JavaFX Application Thread] DEBUG PrimaryStageWindow   - FXGLStartupScene -> MainLoadingScene
09:51:31.845 [JavaFX Application Thread] DEBUG GameApplicationServi - Clearing previous game
09:51:31.845 [JavaFX Application Thread] DEBUG GameScene            - Clearing game scene
09:51:31.845 [JavaFX Application Thread] DEBUG GameWorld            - Clearing game world
09:51:31.845 [JavaFX Application Thread] DEBUG PhysicsWorld         - Clearing physics world
09:51:31.847 [FXGL Background Thread 1 ] DEBUG FXGLApplication      - Initializing game
09:51:31.866 [JavaFX Application Thread] DEBUG FXGLApplication      - Registering font factories with UI factory
09:51:31.922 [FXGL Background Thread 1 ] DEBUG FXGLAssetLoaderServi - Loading from file system: file:/C:/Users/jasbh/OneDrive%20-%20Hogeschool%20Leiden/Documenten/School/2023%2004/CHALLANGE%20WEEK/Copy%20mario%20code/Mario/target/classes/assets/textures/background/background.png
09:51:31.952 [FXGL Background Thread 1 ] INFO  FXGLApplication      - Game initialization took: 0.104 sec
09:51:31.954 [JavaFX Application Thread] DEBUG Input                - Clearing active input actions
09:51:31.962 [JavaFX Application Thread] DEBUG GameApplicationServi - Removing overlay from MainLoadingScene and adding to GameScene
09:51:31.962 [JavaFX Application Thread] DEBUG PrimaryStageWindow   - MainLoadingScene -> GameScene
09:51:32.167 [FXGL Background Thread 2 ] INFO  UpdaterService       - Your current version:  17
09:51:32.167 [FXGL Background Thread 2 ] INFO  UpdaterService       - Latest stable version: 17.3
09:51:32.504 [JavaFX Application Thread] WARN  TMXLevelLoader       - TiledMap generated from 1.10.1. Supported version: 1.2.3. Some features may not be parsed fully.
09:51:32.509 [JavaFX Application Thread] DEBUG TMXLevelLoader       - Parsed TiledMap: file:/C:/Users/jasbh/OneDrive%20-%20Hogeschool%20Leiden/Documenten/School/2023%2004/CHALLANGE%20WEEK/Copy%20mario%20code/Mario/target/classes/assets/levels/tmx/test%20(1).tmx
09:51:32.510 [JavaFX Application Thread] DEBUG TMXLevelLoader       - Creating tile layer entities
09:51:32.511 [JavaFX Application Thread] DEBUG TilesetLoader        - Loading view for layer Tile Layer 1
09:51:32.512 [JavaFX Application Thread] DEBUG TilesetLoader        - Created buffer with size 1050.0x700.0
09:51:32.530 [JavaFX Application Thread] DEBUG TMXLevelLoader       - Creating object layer entities
09:51:32.538 [JavaFX Application Thread] DEBUG GameWorld            - Clearing removable entities
09:51:32.538 [JavaFX Application Thread] DEBUG GameWorld            - Setting level: com.almasb.fxgl.entity.level.Level@92467d2
09:51:33.959 [JavaFX Application Thread] DEBUG FXGLApplication      - Exiting FXGL
09:51:33.959 [JavaFX Application Thread] DEBUG LoopRunner           - Stopping loop
09:51:33.959 [JavaFX Application Thread] DEBUG SystemBundleService  - Saving FXGL system data
09:51:33.960 [JavaFX Application Thread] DEBUG FileSystemAccess     - Writing to: C:\Users\jasbh\OneDrive - Hogeschool Leiden\Documenten\School\2023 04\CHALLANGE WEEK\Copy mario code\Mario\system\fxgl.bundle
09:51:33.962 [JavaFX Application Thread] DEBUG Async                - Shutting down background threads
09:51:33.962 [JavaFX Application Thread] DEBUG PrimaryStageWindow   - Closing main window
09:51:33.974 [JavaFX Application Thread] DEBUG Logger               - Closing Logger
