09:04:42.590 [main                     ] DEBUG Logger               - Configured Logger
09:04:42.663 [main                     ] DEBUG GameApplication      - Logging settings
Title: Untitled
Version: 0.0
Width: 1500
Height: 720
Fullscreen: false
Intro: false
Profiling: false
Single step:false
App Mode: DEVELOPER
Menu Key: ESCAPE
Stage Style: DECORATED
Scene Factory: class game.PlatformerApp$1

09:04:43.095 [JavaFX Application Thread] DEBUG FXGLApplication      - Initializing FXGL
09:04:43.108 [JavaFX Application Thread] INFO  Engine               - FXGL-17 (31.12.2021 18.16) on MAC (J:20 FX:17.0.0.1)
09:04:43.110 [JavaFX Application Thread] DEBUG Engine               - JRE Vendor Name: Oracle Corporation
09:04:43.110 [JavaFX Application Thread] DEBUG Engine               - Running on OS: Mac OS X version 13.1
09:04:43.110 [JavaFX Application Thread] DEBUG Engine               - Architecture: x86_64
09:04:43.110 [JavaFX Application Thread] INFO  Engine               - Source code and latest versions at: https://github.com/AlmasB/FXGL
09:04:43.111 [JavaFX Application Thread] INFO  Engine               -       Ask questions and discuss at: https://github.com/AlmasB/FXGL/discussions
09:04:43.111 [JavaFX Application Thread] INFO  Engine               -              Join the FXGL chat at: https://gitter.im/AlmasB/FXGL
09:04:43.188 [JavaFX Application Thread] DEBUG PrimaryStageWindow   - Creating a JavaFX scene
09:04:43.188 [JavaFX Application Thread] DEBUG PrimaryStageWindow   - Target size > screen size
09:04:43.244 [JavaFX Application Thread] DEBUG PrimaryStageWindow   - Target settings size: 1500.0 x 720.0
09:04:43.244 [JavaFX Application Thread] DEBUG PrimaryStageWindow   - Scaled scene size:    1415.0 x 691.0
09:04:43.245 [JavaFX Application Thread] DEBUG PrimaryStageWindow   - Scaled ratio: (0.9433333333333334, 0.9597222222222223)
09:04:43.246 [JavaFX Application Thread] DEBUG PrimaryStageWindow   - Set initial scene to FXGLStartupScene
09:04:43.251 [JavaFX Application Thread] DEBUG PrimaryStageWindow   - Opening main window
09:04:43.341 [JavaFX Application Thread] DEBUG PrimaryStageWindow   - Window border size: (0.0, 28.0)
09:04:43.341 [JavaFX Application Thread] DEBUG PrimaryStageWindow   - Scaled size: 1415.0 x 691.0
09:04:43.341 [JavaFX Application Thread] DEBUG PrimaryStageWindow   - Scaled ratio: (0.9433333333333334, 0.9597222222222223)
09:04:43.342 [JavaFX Application Thread] DEBUG PrimaryStageWindow   - Scene size: 1415.0 x 691.0
09:04:43.343 [JavaFX Application Thread] DEBUG PrimaryStageWindow   - Stage size: 1415.0 x 719.0
09:04:43.355 [FXGL Background Thread 1 ] DEBUG Engine               - Initializing environment variables
09:04:43.510 [FXGL Background Thread 1 ] DEBUG FXGLAssetLoaderServi - User app class for loading assets: class game.PlatformerApp
09:04:43.511 [FXGL Background Thread 1 ] DEBUG GameApplicationServi - Applying CSS: fxgl_dark.css
09:04:43.512 [FXGL Background Thread 1 ] DEBUG FXGLAssetLoaderServi - Loading from file system: jar:file:///Users/admin/.m2/repository/com/github/almasb/fxgl/17/fxgl-17.jar!/fxglassets/ui/css/fxgl_dark.css
09:04:43.599 [FXGL Background Thread 1 ] DEBUG GameApplicationServi - Initializing application scenes
09:04:43.699 [FXGL Background Thread 1 ] DEBUG FXGLAssetLoaderServi - Loading from file system: file:/Users/admin/Downloads/Mario/target/classes/assets/textures/player.png
09:04:43.717 [FXGL Background Thread 1 ] DEBUG GameWorld            - Game world initialized
09:04:43.763 [FXGL Background Thread 1 ] DEBUG PhysicsWorld         - Physics world initialized: appHeight=720, physics.ppm=50,0
09:04:43.765 [FXGL Background Thread 1 ] DEBUG PhysicsWorld         - Using strategy: BRUTE_FORCE
09:04:43.774 [FXGL Background Thread 1 ] DEBUG GameScene            - Game scene initialized: 1500x720
09:04:43.788 [FXGL Background Thread 1 ] DEBUG FXGL.DefaultMenu     - createMenuBodyGameMenu()
09:04:43.805 [FXGL Background Thread 1 ] DEBUG FXGL.DefaultMenu     - createOptionsMenu()
09:04:43.816 [FXGL Background Thread 1 ] DEBUG FXGLAssetLoaderServi - Loading from file system: jar:file:///Users/admin/.m2/repository/com/github/almasb/fxgl/17/fxgl-17.jar!/fxglassets/textures/particles/smoke.png
09:04:43.965 [FXGL Background Thread 1 ] DEBUG FXGLAssetLoaderServi - Loading from file system: jar:file:///Users/admin/.m2/repository/com/github/almasb/fxgl/17/fxgl-17.jar!/fxglassets/textures/particles/trace_horizontal.png
09:04:44.003 [FXGL Background Thread 1 ] DEBUG GameApplicationServi - Application scenes initialized
09:04:44.019 [FXGL Background Thread 1 ] DEBUG SystemBundleService  - Loading FXGL system data
09:04:44.023 [FXGL Background Thread 1 ] DEBUG FileSystemAccess     - Reading from: /Users/admin/Downloads/Mario/system/fxgl.bundle
09:04:44.039 [FXGL Background Thread 1 ] DEBUG SystemBundleService  - Bundle FXGL: {}
09:04:44.039 [FXGL Background Thread 1 ] DEBUG UpdaterService       - Checking for updates
09:04:44.045 [FXGL Background Thread 4 ] DEBUG FXGLApplication      - Loading fonts
09:04:44.046 [FXGL Background Thread 4 ] DEBUG FXGLAssetLoaderServi - Loading from file system: jar:file:///Users/admin/.m2/repository/com/github/almasb/fxgl/17/fxgl-17.jar!/fxglassets/ui/fonts/VarelaRound-Regular.ttf
09:04:44.046 [FXGL Background Thread 1 ] DEBUG FXGLApplication      - Loading default localization
09:04:44.052 [FXGL Background Thread 1 ] DEBUG FXGLAssetLoaderServi - Loading from file system: jar:file:///Users/admin/.m2/repository/com/github/almasb/fxgl/17/fxgl-17.jar!/fxglassets/languages/english.lang
09:04:44.071 [FXGL Background Thread 4 ] DEBUG FXGLAssetLoaderServi - Loading from file system: jar:file:///Users/admin/.m2/repository/com/github/almasb/fxgl/17/fxgl-17.jar!/fxglassets/ui/fonts/Abel-Regular.ttf
09:04:44.074 [FXGL Background Thread 1 ] INFO  FXGLApplication      - FXGL initialization took: 0,718 sec
09:04:44.077 [FXGL Background Thread 4 ] DEBUG FXGLAssetLoaderServi - Loading from file system: jar:file:///Users/admin/.m2/repository/com/github/almasb/fxgl/17/fxgl-17.jar!/fxglassets/ui/fonts/TerminalLandMono-Regular.otf
09:04:44.080 [FXGL Background Thread 4 ] DEBUG FXGLAssetLoaderServi - Loading from file system: jar:file:///Users/admin/.m2/repository/com/github/almasb/fxgl/17/fxgl-17.jar!/fxglassets/ui/fonts/Courier-Prime.ttf
09:04:44.082 [JavaFX Application Thread] DEBUG Input                - Registered new binding: Left - A
09:04:44.083 [JavaFX Application Thread] DEBUG Input                - Registered new binding: Right - D
09:04:44.083 [JavaFX Application Thread] DEBUG Input                - Registered new binding: Jump - W
09:04:44.083 [JavaFX Application Thread] DEBUG Input                - Registered new binding: Use - E
09:04:44.083 [JavaFX Application Thread] DEBUG FXGLAssetLoaderServi - Loading from file system: jar:file:///Users/admin/.m2/repository/com/github/almasb/fxgl/17/fxgl-17.jar!/fxglassets/textures/fxgl_icon.png
09:04:44.120 [JavaFX Application Thread] DEBUG FXGLAssetLoaderServi - Loading from file system: jar:file:///Users/admin/.m2/repository/com/github/almasb/fxgl/17/fxgl-17.jar!/fxglassets/textures/fxgl_default_cursor.png
09:04:44.125 [JavaFX Application Thread] DEBUG Input                - Registered new binding: Screenshot - CTRL+8
09:04:44.125 [JavaFX Application Thread] DEBUG Input                - Registered new binding: System info dump - CTRL+9
09:04:44.125 [JavaFX Application Thread] DEBUG Input                - Registered new binding: Restart - CTRL+R
09:04:44.126 [JavaFX Application Thread] DEBUG Input                - Registered new binding: Toggle Debug Camera - CTRL+7
09:04:44.128 [JavaFX Application Thread] DEBUG LoopRunner           - Starting loop
09:04:44.128 [JavaFX Application Thread] DEBUG LoopRunner           - Initializing JavaFX AnimationTimerLoop
09:04:44.128 [JavaFX Application Thread] DEBUG GameApplicationServi - Starting new game
09:04:44.131 [JavaFX Application Thread] DEBUG Input                - Clearing active input actions
09:04:44.166 [JavaFX Application Thread] DEBUG GameApplicationServi - Removing overlay from FXGLStartupScene and adding to MainLoadingScene
09:04:44.169 [JavaFX Application Thread] DEBUG PrimaryStageWindow   - FXGLStartupScene -> MainLoadingScene
09:04:44.170 [JavaFX Application Thread] DEBUG GameApplicationServi - Clearing previous game
09:04:44.170 [JavaFX Application Thread] DEBUG GameScene            - Clearing game scene
09:04:44.170 [JavaFX Application Thread] DEBUG GameWorld            - Clearing game world
09:04:44.170 [JavaFX Application Thread] DEBUG PhysicsWorld         - Clearing physics world
09:04:44.173 [FXGL Background Thread 4 ] DEBUG FXGLApplication      - Initializing game
09:04:44.231 [JavaFX Application Thread] DEBUG FXGLApplication      - Registering font factories with UI factory
09:04:44.243 [FXGL Background Thread 4 ] DEBUG TMXLevelLoader       - Parsed TiledMap: file:/Users/admin/Downloads/Mario/target/classes/assets/levels/tmx/level1.tmx
09:04:44.246 [FXGL Background Thread 4 ] DEBUG TMXLevelLoader       - Creating tile layer entities
09:04:44.265 [FXGL Background Thread 4 ] DEBUG TilesetLoader        - Loading view for layer Tile Layer 1
09:04:44.266 [FXGL Background Thread 4 ] DEBUG TilesetLoader        - Created buffer with size 1050.0x700.0
09:04:44.288 [FXGL Background Thread 4 ] DEBUG TMXLevelLoader       - Creating object layer entities
09:04:44.538 [FXGL Background Thread 4 ] DEBUG GameWorld            - Clearing removable entities
09:04:44.553 [FXGL Background Thread 4 ] DEBUG GameWorld            - Setting level: com.almasb.fxgl.entity.level.Level@1cdf35b3
09:04:44.591 [FXGL Background Thread 4 ] DEBUG FXGLAssetLoaderServi - Loading from file system: file:/Users/admin/Downloads/Mario/target/classes/assets/textures/background/background.png
09:04:44.627 [FXGL Background Thread 4 ] INFO  FXGLApplication      - Game initialization took: 0,453 sec
09:04:44.630 [JavaFX Application Thread] DEBUG Input                - Clearing active input actions
09:04:44.692 [JavaFX Application Thread] DEBUG GameApplicationServi - Removing overlay from MainLoadingScene and adding to GameScene
09:04:44.696 [JavaFX Application Thread] DEBUG PrimaryStageWindow   - MainLoadingScene -> GameScene
09:04:45.261 [FXGL Background Thread 2 ] INFO  UpdaterService       - Your current version:  17
09:04:45.264 [FXGL Background Thread 2 ] INFO  UpdaterService       - Latest stable version: 17.3
09:04:47.047 [FXGL Background Thread 3 ] DEBUG Engine               - Logging environment variables
09:04:47.054 [FXGL Background Thread 3 ] DEBUG Engine               - achievements: []
09:04:47.055 [FXGL Background Thread 3 ] DEBUG Engine               - actualHeight: 691.0
09:04:47.056 [FXGL Background Thread 3 ] DEBUG Engine               - actualHeightProperty: ReadOnlyDoubleProperty [value: 691.0]
09:04:47.056 [FXGL Background Thread 3 ] DEBUG Engine               - actualWidth: 1415.0
09:04:47.056 [FXGL Background Thread 3 ] DEBUG Engine               - actualWidthProperty: ReadOnlyDoubleProperty [value: 1415.0]
09:04:47.056 [FXGL Background Thread 3 ] DEBUG Engine               - appIcon: fxgl_icon.png
09:04:47.056 [FXGL Background Thread 3 ] DEBUG Engine               - applicationMode: DEVELOPER
09:04:47.056 [FXGL Background Thread 3 ] DEBUG Engine               - cSSList: [fxgl_dark.css]
09:04:47.056 [FXGL Background Thread 3 ] DEBUG Engine               - collisionDetectionStrategy: BRUTE_FORCE
09:04:47.056 [FXGL Background Thread 3 ] DEBUG Engine               - configClass: Optional.empty
09:04:47.056 [FXGL Background Thread 3 ] DEBUG Engine               - credits: []
09:04:47.058 [FXGL Background Thread 3 ] DEBUG Engine               - defaultCursor: CursorInfo(imageName=fxgl_default_cursor.png, hotspotX=7.0, hotspotY=6.0)
09:04:47.060 [FXGL Background Thread 3 ] DEBUG Engine               - devBBoxColorProperty: ObjectProperty [value: 0xff0000ff]
09:04:47.060 [FXGL Background Thread 3 ] DEBUG Engine               - devEnableDebugCameraProperty: BooleanProperty [value: false]
09:04:47.060 [FXGL Background Thread 3 ] DEBUG Engine               - devSensorColorProperty: ObjectProperty [value: 0xffff00ff]
09:04:47.060 [FXGL Background Thread 3 ] DEBUG Engine               - devShowBBoxProperty: BooleanProperty [value: false]
09:04:47.060 [FXGL Background Thread 3 ] DEBUG Engine               - devShowPositionProperty: BooleanProperty [value: false]
09:04:47.060 [FXGL Background Thread 3 ] DEBUG Engine               - enabledMenuItems: []
09:04:47.060 [FXGL Background Thread 3 ] DEBUG Engine               - engineServices: [class com.almasb.fxgl.app.services.FXGLAssetLoaderService, class com.almasb.fxgl.app.FXGLApplication$GameApplicationService, class com.almasb.fxgl.app.services.FXGLDialogService, class com.almasb.fxgl.app.services.IOTaskExecutorService, class com.almasb.fxgl.io.FileSystemService, class com.almasb.fxgl.localization.LocalizationService, class com.almasb.fxgl.app.services.SystemBundleService, class com.almasb.fxgl.profile.SaveLoadService, class com.almasb.fxgl.ui.FXGLUIFactoryServiceProvider, class com.almasb.fxgl.ui.FXGLDialogFactoryServiceProvider, class com.almasb.fxgl.audio.AudioPlayer, class com.almasb.fxgl.notification.impl.NotificationServiceProvider, class com.almasb.fxgl.achievement.AchievementService, class com.almasb.fxgl.cutscene.CutsceneService, class com.almasb.fxgl.minigames.MiniGameService, class com.almasb.fxgl.net.NetService, class com.almasb.fxgl.app.services.UpdaterService, class com.almasb.fxgl.dev.DevService]
09:04:47.060 [FXGL Background Thread 3 ] DEBUG Engine               - fontGame: Abel-Regular.ttf
09:04:47.060 [FXGL Background Thread 3 ] DEBUG Engine               - fontMono: TerminalLandMono-Regular.otf
09:04:47.060 [FXGL Background Thread 3 ] DEBUG Engine               - fontText: Courier-Prime.ttf
09:04:47.060 [FXGL Background Thread 3 ] DEBUG Engine               - fontUI: VarelaRound-Regular.ttf
09:04:47.060 [FXGL Background Thread 3 ] DEBUG Engine               - fullScreen: BooleanProperty [value: false]
09:04:47.060 [FXGL Background Thread 3 ] DEBUG Engine               - gameDifficulty: MEDIUM
09:04:47.061 [FXGL Background Thread 3 ] DEBUG Engine               - gameDifficultyProperty: ObjectProperty [value: MEDIUM]
09:04:47.061 [FXGL Background Thread 3 ] DEBUG Engine               - globalMusicVolume: 0.5
09:04:47.061 [FXGL Background Thread 3 ] DEBUG Engine               - globalMusicVolumeProperty: DoubleProperty [value: 0.25]
09:04:47.061 [FXGL Background Thread 3 ] DEBUG Engine               - globalSoundVolume: 0.5
09:04:47.061 [FXGL Background Thread 3 ] DEBUG Engine               - globalSoundVolumeProperty: DoubleProperty [value: 0.5]
09:04:47.061 [FXGL Background Thread 3 ] DEBUG Engine               - height: 720
09:04:47.061 [FXGL Background Thread 3 ] DEBUG Engine               - is3D: false
09:04:47.061 [FXGL Background Thread 3 ] DEBUG Engine               - isAndroid: false
09:04:47.061 [FXGL Background Thread 3 ] DEBUG Engine               - isBrowser: false
09:04:47.061 [FXGL Background Thread 3 ] DEBUG Engine               - isClickFeedbackEnabled: false
09:04:47.062 [FXGL Background Thread 3 ] DEBUG Engine               - isCloseConfirmation: false
09:04:47.062 [FXGL Background Thread 3 ] DEBUG Engine               - isDesktop: true
09:04:47.062 [FXGL Background Thread 3 ] DEBUG Engine               - isDeveloperMenuEnabled: false
09:04:47.062 [FXGL Background Thread 3 ] DEBUG Engine               - isEmbedded: false
09:04:47.062 [FXGL Background Thread 3 ] DEBUG Engine               - isEntityPreloadEnabled: true
09:04:47.063 [FXGL Background Thread 3 ] DEBUG Engine               - isExperimentalTiledLargeMap: false
09:04:47.063 [FXGL Background Thread 3 ] DEBUG Engine               - isFileSystemWriteAllowed: true
09:04:47.063 [FXGL Background Thread 3 ] DEBUG Engine               - isFullScreenAllowed: false
09:04:47.063 [FXGL Background Thread 3 ] DEBUG Engine               - isFullScreenFromStart: false
09:04:47.063 [FXGL Background Thread 3 ] DEBUG Engine               - isGameMenuEnabled: true
09:04:47.063 [FXGL Background Thread 3 ] DEBUG Engine               - isIOS: false
09:04:47.063 [FXGL Background Thread 3 ] DEBUG Engine               - isIntroEnabled: false
09:04:47.063 [FXGL Background Thread 3 ] DEBUG Engine               - isLinux: false
09:04:47.065 [FXGL Background Thread 3 ] DEBUG Engine               - isMac: true
09:04:47.065 [FXGL Background Thread 3 ] DEBUG Engine               - isMainMenuEnabled: false
09:04:47.065 [FXGL Background Thread 3 ] DEBUG Engine               - isManualResizeEnabled: false
09:04:47.065 [FXGL Background Thread 3 ] DEBUG Engine               - isMobile: false
09:04:47.065 [FXGL Background Thread 3 ] DEBUG Engine               - isNative: false
09:04:47.065 [FXGL Background Thread 3 ] DEBUG Engine               - isPauseMusicWhenMinimized: true
09:04:47.065 [FXGL Background Thread 3 ] DEBUG Engine               - isPreserveResizeRatio: false
09:04:47.065 [FXGL Background Thread 3 ] DEBUG Engine               - isProfilingEnabled: false
09:04:47.065 [FXGL Background Thread 3 ] DEBUG Engine               - isScaleAffectedOnResize: true
09:04:47.065 [FXGL Background Thread 3 ] DEBUG Engine               - isSingleStep: false
09:04:47.065 [FXGL Background Thread 3 ] DEBUG Engine               - isUserProfileEnabled: false
09:04:47.065 [FXGL Background Thread 3 ] DEBUG Engine               - isWindows: false
09:04:47.065 [FXGL Background Thread 3 ] DEBUG Engine               - language: ObjectProperty [value: ENGLISH]
09:04:47.065 [FXGL Background Thread 3 ] DEBUG Engine               - menuKey: ESCAPE
09:04:47.065 [FXGL Background Thread 3 ] DEBUG Engine               - mouseSensitivity: 0.2
09:04:47.065 [FXGL Background Thread 3 ] DEBUG Engine               - notificationViewClass: class com.almasb.fxgl.notification.view.XboxNotificationView
09:04:47.065 [FXGL Background Thread 3 ] DEBUG Engine               - pixelsPerMeter: 50.0
09:04:47.065 [FXGL Background Thread 3 ] DEBUG Engine               - platform: MAC
09:04:47.065 [FXGL Background Thread 3 ] DEBUG Engine               - prefHeightProperty: ReadOnlyDoubleProperty [value: 720.0]
09:04:47.065 [FXGL Background Thread 3 ] DEBUG Engine               - prefWidthProperty: ReadOnlyDoubleProperty [value: 1500.0]
09:04:47.066 [FXGL Background Thread 3 ] DEBUG Engine               - profileDir: profiles/
09:04:47.069 [FXGL Background Thread 3 ] DEBUG Engine               - profileName: StringProperty [value: DEFAULT]
09:04:47.069 [FXGL Background Thread 3 ] DEBUG Engine               - randomSeed: -1
09:04:47.070 [FXGL Background Thread 3 ] DEBUG Engine               - runtimeInfo: RuntimeInfo(platform=MAC, version=17, build=31.12.2021 18.16)
09:04:47.070 [FXGL Background Thread 3 ] DEBUG Engine               - saveFileExt: sav
09:04:47.070 [FXGL Background Thread 3 ] DEBUG Engine               - scaledHeightProp$fxgl: DoubleProperty [bound, value: 691.0]
09:04:47.070 [FXGL Background Thread 3 ] DEBUG Engine               - scaledWidthProp$fxgl: DoubleProperty [bound, value: 1415.0]
09:04:47.070 [FXGL Background Thread 3 ] DEBUG Engine               - sceneFactory: game.PlatformerApp$1@771c86b4
09:04:47.070 [FXGL Background Thread 3 ] DEBUG Engine               - secondsIn24h: 60
09:04:47.070 [FXGL Background Thread 3 ] DEBUG Engine               - soundMenuBack: menu/back.wav
09:04:47.070 [FXGL Background Thread 3 ] DEBUG Engine               - soundMenuPress: menu/press.wav
09:04:47.070 [FXGL Background Thread 3 ] DEBUG Engine               - soundMenuSelect: menu/select.wav
09:04:47.070 [FXGL Background Thread 3 ] DEBUG Engine               - soundNotification: core/notification.wav
09:04:47.070 [FXGL Background Thread 3 ] DEBUG Engine               - stageStyle: DECORATED
09:04:47.070 [FXGL Background Thread 3 ] DEBUG Engine               - supportedLanguages: [ENGLISH, FRENCH, GERMAN, HUNGARIAN, RUSSIAN]
09:04:47.070 [FXGL Background Thread 3 ] DEBUG Engine               - ticksPerSecond: -1
09:04:47.070 [FXGL Background Thread 3 ] DEBUG Engine               - title: Untitled
09:04:47.070 [FXGL Background Thread 3 ] DEBUG Engine               - urlGithub: https://github.com/AlmasB/FXGL
09:04:47.070 [FXGL Background Thread 3 ] DEBUG Engine               - urlLeaderboard: http://fxgl-top.herokuapp.com/
09:04:47.070 [FXGL Background Thread 3 ] DEBUG Engine               - urlPOM: https://raw.githubusercontent.com/AlmasB/FXGL/release/README.md
09:04:47.070 [FXGL Background Thread 3 ] DEBUG Engine               - userAppClass: class game.PlatformerApp
09:04:47.070 [FXGL Background Thread 3 ] DEBUG Engine               - version: 0.0
09:04:47.071 [FXGL Background Thread 3 ] DEBUG Engine               - versionCheckDays: 7
09:04:47.071 [FXGL Background Thread 3 ] DEBUG Engine               - width: 1500
09:04:47.073 [FXGL Background Thread 3 ] DEBUG Engine               - Logging services
09:04:47.073 [FXGL Background Thread 3 ] DEBUG Engine               - class com.almasb.fxgl.app.services.FXGLAssetLoaderService
09:04:47.073 [FXGL Background Thread 3 ] DEBUG Engine               - class com.almasb.fxgl.app.FXGLApplication$GameApplicationService
09:04:47.073 [FXGL Background Thread 3 ] DEBUG Engine               - class com.almasb.fxgl.app.services.FXGLDialogService
09:04:47.073 [FXGL Background Thread 3 ] DEBUG Engine               - class com.almasb.fxgl.app.services.IOTaskExecutorService
09:04:47.073 [FXGL Background Thread 3 ] DEBUG Engine               - class com.almasb.fxgl.io.FileSystemService
09:04:47.073 [FXGL Background Thread 3 ] DEBUG Engine               - class com.almasb.fxgl.localization.LocalizationService
09:04:47.073 [FXGL Background Thread 3 ] DEBUG Engine               - class com.almasb.fxgl.app.services.SystemBundleService
09:04:47.073 [FXGL Background Thread 3 ] DEBUG Engine               - class com.almasb.fxgl.profile.SaveLoadService
09:04:47.074 [FXGL Background Thread 3 ] DEBUG Engine               - class com.almasb.fxgl.ui.FXGLUIFactoryServiceProvider
09:04:47.074 [FXGL Background Thread 3 ] DEBUG Engine               - class com.almasb.fxgl.ui.FXGLDialogFactoryServiceProvider
09:04:47.074 [FXGL Background Thread 3 ] DEBUG Engine               - class com.almasb.fxgl.audio.AudioPlayer
09:04:47.074 [FXGL Background Thread 3 ] DEBUG Engine               - class com.almasb.fxgl.notification.impl.NotificationServiceProvider
09:04:47.074 [FXGL Background Thread 3 ] DEBUG Engine               - class com.almasb.fxgl.achievement.AchievementService
09:04:47.074 [FXGL Background Thread 3 ] DEBUG Engine               - class com.almasb.fxgl.cutscene.CutsceneService
09:04:47.074 [FXGL Background Thread 3 ] DEBUG Engine               - class com.almasb.fxgl.minigames.MiniGameService
09:04:47.074 [FXGL Background Thread 3 ] DEBUG Engine               - class com.almasb.fxgl.net.NetService
09:04:47.074 [FXGL Background Thread 3 ] DEBUG Engine               - class com.almasb.fxgl.app.services.UpdaterService
09:04:47.074 [FXGL Background Thread 3 ] DEBUG Engine               - class com.almasb.fxgl.dev.DevService
09:04:49.752 [JavaFX Application Thread] DEBUG FXGLApplication      - Exiting FXGL
09:04:49.755 [JavaFX Application Thread] DEBUG LoopRunner           - Stopping loop
09:04:49.756 [JavaFX Application Thread] DEBUG SystemBundleService  - Saving FXGL system data
09:04:49.761 [JavaFX Application Thread] DEBUG FileSystemAccess     - Writing to: /Users/admin/Downloads/Mario/system/fxgl.bundle
09:04:49.768 [JavaFX Application Thread] DEBUG Async                - Shutting down background threads
09:04:49.768 [JavaFX Application Thread] DEBUG PrimaryStageWindow   - Closing main window
09:04:49.781 [JavaFX Application Thread] DEBUG Logger               - Closing Logger
