08:31:13.718 [main                     ] DEBUG Logger               - Configured Logger
08:31:13.790 [main                     ] DEBUG GameApplication      - Logging settings
Title: Untitled
Version: 0.0
Width: 1500
Height: 720
Fullscreen: false
Intro: false
Profiling: false
Single step:false
App Mode: DEVELOPER
Menu Key: ESCAPE
Stage Style: DECORATED
Scene Factory: class game.PlatformerApp$1

08:31:14.756 [JavaFX Application Thread] DEBUG FXGLApplication      - Initializing FXGL
08:31:14.769 [JavaFX Application Thread] INFO  Engine               - FXGL-17 (31.12.2021 18.16) on MAC (J:20 FX:17.0.0.1)
08:31:14.770 [JavaFX Application Thread] DEBUG Engine               - JRE Vendor Name: Oracle Corporation
08:31:14.771 [JavaFX Application Thread] DEBUG Engine               - Running on OS: Mac OS X version 13.1
08:31:14.771 [JavaFX Application Thread] DEBUG Engine               - Architecture: x86_64
08:31:14.771 [JavaFX Application Thread] INFO  Engine               - Source code and latest versions at: https://github.com/AlmasB/FXGL
08:31:14.771 [JavaFX Application Thread] INFO  Engine               -       Ask questions and discuss at: https://github.com/AlmasB/FXGL/discussions
08:31:14.771 [JavaFX Application Thread] INFO  Engine               -              Join the FXGL chat at: https://gitter.im/AlmasB/FXGL
08:31:14.841 [JavaFX Application Thread] DEBUG PrimaryStageWindow   - Creating a JavaFX scene
08:31:14.842 [JavaFX Application Thread] DEBUG PrimaryStageWindow   - Target size > screen size
08:31:14.896 [JavaFX Application Thread] DEBUG PrimaryStageWindow   - Target settings size: 1500.0 x 720.0
08:31:14.897 [JavaFX Application Thread] DEBUG PrimaryStageWindow   - Scaled scene size:    1415.0 x 691.0
08:31:14.897 [JavaFX Application Thread] DEBUG PrimaryStageWindow   - Scaled ratio: (0.9433333333333334, 0.9597222222222223)
08:31:14.898 [JavaFX Application Thread] DEBUG PrimaryStageWindow   - Set initial scene to FXGLStartupScene
08:31:14.905 [JavaFX Application Thread] DEBUG PrimaryStageWindow   - Opening main window
08:31:15.028 [JavaFX Application Thread] DEBUG PrimaryStageWindow   - Window border size: (0.0, 28.0)
08:31:15.028 [JavaFX Application Thread] DEBUG PrimaryStageWindow   - Scaled size: 1415.0 x 691.0
08:31:15.028 [JavaFX Application Thread] DEBUG PrimaryStageWindow   - Scaled ratio: (0.9433333333333334, 0.9597222222222223)
08:31:15.029 [JavaFX Application Thread] DEBUG PrimaryStageWindow   - Scene size: 1415.0 x 691.0
08:31:15.030 [JavaFX Application Thread] DEBUG PrimaryStageWindow   - Stage size: 1415.0 x 719.0
08:31:15.038 [FXGL Background Thread 1 ] DEBUG Engine               - Initializing environment variables
08:31:15.157 [FXGL Background Thread 1 ] DEBUG FXGLAssetLoaderServi - User app class for loading assets: class game.PlatformerApp
08:31:15.157 [FXGL Background Thread 1 ] DEBUG GameApplicationServi - Applying CSS: fxgl_dark.css
08:31:15.159 [FXGL Background Thread 1 ] DEBUG FXGLAssetLoaderServi - Loading from file system: jar:file:///Users/admin/.m2/repository/com/github/almasb/fxgl/17/fxgl-17.jar!/fxglassets/ui/css/fxgl_dark.css
08:31:15.244 [FXGL Background Thread 1 ] DEBUG GameApplicationServi - Initializing application scenes
08:31:15.398 [FXGL Background Thread 1 ] DEBUG FXGLAssetLoaderServi - Loading from file system: file:/Users/admin/Downloads/Mario/target/classes/assets/textures/player.png
08:31:15.431 [FXGL Background Thread 1 ] DEBUG GameWorld            - Game world initialized
08:31:15.486 [FXGL Background Thread 1 ] DEBUG PhysicsWorld         - Physics world initialized: appHeight=720, physics.ppm=50,0
08:31:15.487 [FXGL Background Thread 1 ] DEBUG PhysicsWorld         - Using strategy: BRUTE_FORCE
08:31:15.494 [FXGL Background Thread 1 ] DEBUG GameScene            - Game scene initialized: 1500x720
08:31:15.515 [FXGL Background Thread 1 ] DEBUG FXGL.DefaultMenu     - createMenuBodyGameMenu()
08:31:15.537 [FXGL Background Thread 1 ] DEBUG FXGL.DefaultMenu     - createOptionsMenu()
08:31:15.558 [FXGL Background Thread 1 ] DEBUG FXGLAssetLoaderServi - Loading from file system: jar:file:///Users/admin/.m2/repository/com/github/almasb/fxgl/17/fxgl-17.jar!/fxglassets/textures/particles/smoke.png
08:31:15.682 [FXGL Background Thread 1 ] DEBUG FXGLAssetLoaderServi - Loading from file system: jar:file:///Users/admin/.m2/repository/com/github/almasb/fxgl/17/fxgl-17.jar!/fxglassets/textures/particles/trace_horizontal.png
08:31:15.714 [FXGL Background Thread 1 ] DEBUG GameApplicationServi - Application scenes initialized
08:31:15.731 [FXGL Background Thread 1 ] DEBUG SystemBundleService  - Loading FXGL system data
08:31:15.736 [FXGL Background Thread 1 ] DEBUG FileSystemAccess     - Reading from: /Users/admin/Downloads/Mario/system/fxgl.bundle
08:31:15.750 [FXGL Background Thread 1 ] DEBUG SystemBundleService  - Bundle FXGL: {}
08:31:15.750 [FXGL Background Thread 1 ] DEBUG UpdaterService       - Checking for updates
08:31:15.753 [FXGL Background Thread 4 ] DEBUG FXGLApplication      - Loading fonts
08:31:15.754 [FXGL Background Thread 4 ] DEBUG FXGLAssetLoaderServi - Loading from file system: jar:file:///Users/admin/.m2/repository/com/github/almasb/fxgl/17/fxgl-17.jar!/fxglassets/ui/fonts/VarelaRound-Regular.ttf
08:31:15.754 [FXGL Background Thread 1 ] DEBUG FXGLApplication      - Loading default localization
08:31:15.755 [FXGL Background Thread 1 ] DEBUG FXGLAssetLoaderServi - Loading from file system: jar:file:///Users/admin/.m2/repository/com/github/almasb/fxgl/17/fxgl-17.jar!/fxglassets/languages/english.lang
08:31:15.778 [FXGL Background Thread 1 ] INFO  FXGLApplication      - FXGL initialization took: 0,738 sec
08:31:15.784 [FXGL Background Thread 4 ] DEBUG FXGLAssetLoaderServi - Loading from file system: jar:file:///Users/admin/.m2/repository/com/github/almasb/fxgl/17/fxgl-17.jar!/fxglassets/ui/fonts/Abel-Regular.ttf
08:31:15.788 [FXGL Background Thread 4 ] DEBUG FXGLAssetLoaderServi - Loading from file system: jar:file:///Users/admin/.m2/repository/com/github/almasb/fxgl/17/fxgl-17.jar!/fxglassets/ui/fonts/TerminalLandMono-Regular.otf
08:31:15.789 [JavaFX Application Thread] DEBUG Input                - Registered new binding: Left - A
08:31:15.789 [JavaFX Application Thread] DEBUG Input                - Registered new binding: Right - D
08:31:15.790 [JavaFX Application Thread] DEBUG Input                - Registered new binding: Jump - W
08:31:15.790 [JavaFX Application Thread] DEBUG Input                - Registered new binding: Use - E
08:31:15.790 [JavaFX Application Thread] DEBUG FXGLAssetLoaderServi - Loading from file system: jar:file:///Users/admin/.m2/repository/com/github/almasb/fxgl/17/fxgl-17.jar!/fxglassets/textures/fxgl_icon.png
08:31:15.793 [FXGL Background Thread 4 ] DEBUG FXGLAssetLoaderServi - Loading from file system: jar:file:///Users/admin/.m2/repository/com/github/almasb/fxgl/17/fxgl-17.jar!/fxglassets/ui/fonts/Courier-Prime.ttf
08:31:15.824 [JavaFX Application Thread] DEBUG FXGLAssetLoaderServi - Loading from file system: jar:file:///Users/admin/.m2/repository/com/github/almasb/fxgl/17/fxgl-17.jar!/fxglassets/textures/fxgl_default_cursor.png
08:31:15.828 [JavaFX Application Thread] DEBUG Input                - Registered new binding: Screenshot - CTRL+8
08:31:15.829 [JavaFX Application Thread] DEBUG Input                - Registered new binding: System info dump - CTRL+9
08:31:15.829 [JavaFX Application Thread] DEBUG Input                - Registered new binding: Restart - CTRL+R
08:31:15.829 [JavaFX Application Thread] DEBUG Input                - Registered new binding: Toggle Debug Camera - CTRL+7
08:31:15.832 [JavaFX Application Thread] DEBUG LoopRunner           - Starting loop
08:31:15.832 [JavaFX Application Thread] DEBUG LoopRunner           - Initializing JavaFX AnimationTimerLoop
08:31:15.832 [JavaFX Application Thread] DEBUG GameApplicationServi - Starting new game
08:31:15.833 [JavaFX Application Thread] DEBUG Input                - Clearing active input actions
08:31:15.872 [JavaFX Application Thread] DEBUG GameApplicationServi - Removing overlay from FXGLStartupScene and adding to MainLoadingScene
08:31:15.873 [JavaFX Application Thread] DEBUG PrimaryStageWindow   - FXGLStartupScene -> MainLoadingScene
08:31:15.874 [JavaFX Application Thread] DEBUG GameApplicationServi - Clearing previous game
08:31:15.874 [JavaFX Application Thread] DEBUG GameScene            - Clearing game scene
08:31:15.874 [JavaFX Application Thread] DEBUG GameWorld            - Clearing game world
08:31:15.874 [JavaFX Application Thread] DEBUG PhysicsWorld         - Clearing physics world
08:31:15.876 [FXGL Background Thread 4 ] DEBUG FXGLApplication      - Initializing game
08:31:15.919 [FXGL Background Thread 4 ] WARN  TMXLevelLoader       - TiledMap generated from 1.10.1. Supported version: 1.2.3. Some features may not be parsed fully.
08:31:15.945 [FXGL Background Thread 4 ] DEBUG TMXLevelLoader       - Parsed TiledMap: file:/Users/admin/Downloads/Mario/target/classes/assets/levels/tmx/test%20(1).tmx
08:31:15.948 [FXGL Background Thread 4 ] DEBUG TMXLevelLoader       - Creating tile layer entities
08:31:15.955 [FXGL Background Thread 4 ] DEBUG TilesetLoader        - Loading view for layer Tile Layer 1
08:31:15.956 [FXGL Background Thread 4 ] DEBUG TilesetLoader        - Created buffer with size 1050.0x700.0
08:31:15.984 [FXGL Background Thread 4 ] DEBUG TMXLevelLoader       - Creating object layer entities
08:31:16.034 [JavaFX Application Thread] DEBUG FXGLApplication      - Registering font factories with UI factory
08:31:16.277 [FXGL Background Thread 4 ] DEBUG GameWorld            - Clearing removable entities
08:31:16.280 [FXGL Background Thread 4 ] DEBUG GameWorld            - Setting level: com.almasb.fxgl.entity.level.Level@6f432928
08:31:16.318 [FXGL Background Thread 4 ] DEBUG FXGLAssetLoaderServi - Loading from file system: file:/Users/admin/Downloads/Mario/target/classes/assets/textures/background/background.png
08:31:16.378 [FXGL Background Thread 4 ] INFO  FXGLApplication      - Game initialization took: 0,500 sec
08:31:16.381 [JavaFX Application Thread] DEBUG Input                - Clearing active input actions
08:31:16.423 [JavaFX Application Thread] DEBUG GameApplicationServi - Removing overlay from MainLoadingScene and adding to GameScene
08:31:16.426 [JavaFX Application Thread] DEBUG PrimaryStageWindow   - MainLoadingScene -> GameScene
08:31:17.341 [FXGL Background Thread 2 ] INFO  UpdaterService       - Your current version:  17
08:31:17.342 [FXGL Background Thread 2 ] INFO  UpdaterService       - Latest stable version: 17.3
08:31:18.753 [FXGL Background Thread 3 ] DEBUG Engine               - Logging environment variables
08:31:18.760 [FXGL Background Thread 3 ] DEBUG Engine               - achievements: []
08:31:18.760 [FXGL Background Thread 3 ] DEBUG Engine               - actualHeight: 691.0
08:31:18.760 [FXGL Background Thread 3 ] DEBUG Engine               - actualHeightProperty: ReadOnlyDoubleProperty [value: 691.0]
08:31:18.760 [FXGL Background Thread 3 ] DEBUG Engine               - actualWidth: 1415.0
08:31:18.760 [FXGL Background Thread 3 ] DEBUG Engine               - actualWidthProperty: ReadOnlyDoubleProperty [value: 1415.0]
08:31:18.760 [FXGL Background Thread 3 ] DEBUG Engine               - appIcon: fxgl_icon.png
08:31:18.760 [FXGL Background Thread 3 ] DEBUG Engine               - applicationMode: DEVELOPER
08:31:18.761 [FXGL Background Thread 3 ] DEBUG Engine               - cSSList: [fxgl_dark.css]
08:31:18.761 [FXGL Background Thread 3 ] DEBUG Engine               - collisionDetectionStrategy: BRUTE_FORCE
08:31:18.761 [FXGL Background Thread 3 ] DEBUG Engine               - configClass: Optional.empty
08:31:18.761 [FXGL Background Thread 3 ] DEBUG Engine               - credits: []
08:31:18.761 [FXGL Background Thread 3 ] DEBUG Engine               - defaultCursor: CursorInfo(imageName=fxgl_default_cursor.png, hotspotX=7.0, hotspotY=6.0)
08:31:18.764 [FXGL Background Thread 3 ] DEBUG Engine               - devBBoxColorProperty: ObjectProperty [value: 0xff0000ff]
08:31:18.764 [FXGL Background Thread 3 ] DEBUG Engine               - devEnableDebugCameraProperty: BooleanProperty [value: false]
08:31:18.765 [FXGL Background Thread 3 ] DEBUG Engine               - devSensorColorProperty: ObjectProperty [value: 0xffff00ff]
08:31:18.765 [FXGL Background Thread 3 ] DEBUG Engine               - devShowBBoxProperty: BooleanProperty [value: false]
08:31:18.765 [FXGL Background Thread 3 ] DEBUG Engine               - devShowPositionProperty: BooleanProperty [value: false]
08:31:18.765 [FXGL Background Thread 3 ] DEBUG Engine               - enabledMenuItems: []
08:31:18.765 [FXGL Background Thread 3 ] DEBUG Engine               - engineServices: [class com.almasb.fxgl.app.services.FXGLAssetLoaderService, class com.almasb.fxgl.app.FXGLApplication$GameApplicationService, class com.almasb.fxgl.app.services.FXGLDialogService, class com.almasb.fxgl.app.services.IOTaskExecutorService, class com.almasb.fxgl.io.FileSystemService, class com.almasb.fxgl.localization.LocalizationService, class com.almasb.fxgl.app.services.SystemBundleService, class com.almasb.fxgl.profile.SaveLoadService, class com.almasb.fxgl.ui.FXGLUIFactoryServiceProvider, class com.almasb.fxgl.ui.FXGLDialogFactoryServiceProvider, class com.almasb.fxgl.audio.AudioPlayer, class com.almasb.fxgl.notification.impl.NotificationServiceProvider, class com.almasb.fxgl.achievement.AchievementService, class com.almasb.fxgl.cutscene.CutsceneService, class com.almasb.fxgl.minigames.MiniGameService, class com.almasb.fxgl.net.NetService, class com.almasb.fxgl.app.services.UpdaterService, class com.almasb.fxgl.dev.DevService]
08:31:18.765 [FXGL Background Thread 3 ] DEBUG Engine               - fontGame: Abel-Regular.ttf
08:31:18.765 [FXGL Background Thread 3 ] DEBUG Engine               - fontMono: TerminalLandMono-Regular.otf
08:31:18.765 [FXGL Background Thread 3 ] DEBUG Engine               - fontText: Courier-Prime.ttf
08:31:18.765 [FXGL Background Thread 3 ] DEBUG Engine               - fontUI: VarelaRound-Regular.ttf
08:31:18.765 [FXGL Background Thread 3 ] DEBUG Engine               - fullScreen: BooleanProperty [value: false]
08:31:18.765 [FXGL Background Thread 3 ] DEBUG Engine               - gameDifficulty: MEDIUM
08:31:18.765 [FXGL Background Thread 3 ] DEBUG Engine               - gameDifficultyProperty: ObjectProperty [value: MEDIUM]
08:31:18.765 [FXGL Background Thread 3 ] DEBUG Engine               - globalMusicVolume: 0.5
08:31:18.765 [FXGL Background Thread 3 ] DEBUG Engine               - globalMusicVolumeProperty: DoubleProperty [value: 0.25]
08:31:18.765 [FXGL Background Thread 3 ] DEBUG Engine               - globalSoundVolume: 0.5
08:31:18.765 [FXGL Background Thread 3 ] DEBUG Engine               - globalSoundVolumeProperty: DoubleProperty [value: 0.5]
08:31:18.766 [FXGL Background Thread 3 ] DEBUG Engine               - height: 720
08:31:18.766 [FXGL Background Thread 3 ] DEBUG Engine               - is3D: false
08:31:18.767 [FXGL Background Thread 3 ] DEBUG Engine               - isAndroid: false
08:31:18.767 [FXGL Background Thread 3 ] DEBUG Engine               - isBrowser: false
08:31:18.767 [FXGL Background Thread 3 ] DEBUG Engine               - isClickFeedbackEnabled: false
08:31:18.767 [FXGL Background Thread 3 ] DEBUG Engine               - isCloseConfirmation: false
08:31:18.767 [FXGL Background Thread 3 ] DEBUG Engine               - isDesktop: true
08:31:18.767 [FXGL Background Thread 3 ] DEBUG Engine               - isDeveloperMenuEnabled: false
08:31:18.767 [FXGL Background Thread 3 ] DEBUG Engine               - isEmbedded: false
08:31:18.767 [FXGL Background Thread 3 ] DEBUG Engine               - isEntityPreloadEnabled: true
08:31:18.767 [FXGL Background Thread 3 ] DEBUG Engine               - isExperimentalTiledLargeMap: false
08:31:18.767 [FXGL Background Thread 3 ] DEBUG Engine               - isFileSystemWriteAllowed: true
08:31:18.767 [FXGL Background Thread 3 ] DEBUG Engine               - isFullScreenAllowed: false
08:31:18.767 [FXGL Background Thread 3 ] DEBUG Engine               - isFullScreenFromStart: false
08:31:18.767 [FXGL Background Thread 3 ] DEBUG Engine               - isGameMenuEnabled: true
08:31:18.767 [FXGL Background Thread 3 ] DEBUG Engine               - isIOS: false
08:31:18.767 [FXGL Background Thread 3 ] DEBUG Engine               - isIntroEnabled: false
08:31:18.767 [FXGL Background Thread 3 ] DEBUG Engine               - isLinux: false
08:31:18.767 [FXGL Background Thread 3 ] DEBUG Engine               - isMac: true
08:31:18.767 [FXGL Background Thread 3 ] DEBUG Engine               - isMainMenuEnabled: false
08:31:18.767 [FXGL Background Thread 3 ] DEBUG Engine               - isManualResizeEnabled: false
08:31:18.768 [FXGL Background Thread 3 ] DEBUG Engine               - isMobile: false
08:31:18.770 [FXGL Background Thread 3 ] DEBUG Engine               - isNative: false
08:31:18.770 [FXGL Background Thread 3 ] DEBUG Engine               - isPauseMusicWhenMinimized: true
08:31:18.770 [FXGL Background Thread 3 ] DEBUG Engine               - isPreserveResizeRatio: false
08:31:18.771 [FXGL Background Thread 3 ] DEBUG Engine               - isProfilingEnabled: false
08:31:18.771 [FXGL Background Thread 3 ] DEBUG Engine               - isScaleAffectedOnResize: true
08:31:18.771 [FXGL Background Thread 3 ] DEBUG Engine               - isSingleStep: false
08:31:18.771 [FXGL Background Thread 3 ] DEBUG Engine               - isUserProfileEnabled: false
08:31:18.771 [FXGL Background Thread 3 ] DEBUG Engine               - isWindows: false
08:31:18.771 [FXGL Background Thread 3 ] DEBUG Engine               - language: ObjectProperty [value: ENGLISH]
08:31:18.771 [FXGL Background Thread 3 ] DEBUG Engine               - menuKey: ESCAPE
08:31:18.771 [FXGL Background Thread 3 ] DEBUG Engine               - mouseSensitivity: 0.2
08:31:18.771 [FXGL Background Thread 3 ] DEBUG Engine               - notificationViewClass: class com.almasb.fxgl.notification.view.XboxNotificationView
08:31:18.771 [FXGL Background Thread 3 ] DEBUG Engine               - pixelsPerMeter: 50.0
08:31:18.771 [FXGL Background Thread 3 ] DEBUG Engine               - platform: MAC
08:31:18.771 [FXGL Background Thread 3 ] DEBUG Engine               - prefHeightProperty: ReadOnlyDoubleProperty [value: 720.0]
08:31:18.772 [FXGL Background Thread 3 ] DEBUG Engine               - prefWidthProperty: ReadOnlyDoubleProperty [value: 1500.0]
08:31:18.772 [FXGL Background Thread 3 ] DEBUG Engine               - profileDir: profiles/
08:31:18.772 [FXGL Background Thread 3 ] DEBUG Engine               - profileName: StringProperty [value: DEFAULT]
08:31:18.772 [FXGL Background Thread 3 ] DEBUG Engine               - randomSeed: -1
08:31:18.776 [FXGL Background Thread 3 ] DEBUG Engine               - runtimeInfo: RuntimeInfo(platform=MAC, version=17, build=31.12.2021 18.16)
08:31:18.776 [FXGL Background Thread 3 ] DEBUG Engine               - saveFileExt: sav
08:31:18.777 [FXGL Background Thread 3 ] DEBUG Engine               - scaledHeightProp$fxgl: DoubleProperty [bound, value: 691.0]
08:31:18.777 [FXGL Background Thread 3 ] DEBUG Engine               - scaledWidthProp$fxgl: DoubleProperty [bound, value: 1415.0]
08:31:18.777 [FXGL Background Thread 3 ] DEBUG Engine               - sceneFactory: game.PlatformerApp$1@555b5f34
08:31:18.777 [FXGL Background Thread 3 ] DEBUG Engine               - secondsIn24h: 60
08:31:18.777 [FXGL Background Thread 3 ] DEBUG Engine               - soundMenuBack: menu/back.wav
08:31:18.777 [FXGL Background Thread 3 ] DEBUG Engine               - soundMenuPress: menu/press.wav
08:31:18.777 [FXGL Background Thread 3 ] DEBUG Engine               - soundMenuSelect: menu/select.wav
08:31:18.777 [FXGL Background Thread 3 ] DEBUG Engine               - soundNotification: core/notification.wav
08:31:18.777 [FXGL Background Thread 3 ] DEBUG Engine               - stageStyle: DECORATED
08:31:18.777 [FXGL Background Thread 3 ] DEBUG Engine               - supportedLanguages: [ENGLISH, FRENCH, GERMAN, HUNGARIAN, RUSSIAN]
08:31:18.777 [FXGL Background Thread 3 ] DEBUG Engine               - ticksPerSecond: -1
08:31:18.778 [FXGL Background Thread 3 ] DEBUG Engine               - title: Untitled
08:31:18.778 [FXGL Background Thread 3 ] DEBUG Engine               - urlGithub: https://github.com/AlmasB/FXGL
08:31:18.778 [FXGL Background Thread 3 ] DEBUG Engine               - urlLeaderboard: http://fxgl-top.herokuapp.com/
08:31:18.778 [FXGL Background Thread 3 ] DEBUG Engine               - urlPOM: https://raw.githubusercontent.com/AlmasB/FXGL/release/README.md
08:31:18.778 [FXGL Background Thread 3 ] DEBUG Engine               - userAppClass: class game.PlatformerApp
08:31:18.778 [FXGL Background Thread 3 ] DEBUG Engine               - version: 0.0
08:31:18.778 [FXGL Background Thread 3 ] DEBUG Engine               - versionCheckDays: 7
08:31:18.778 [FXGL Background Thread 3 ] DEBUG Engine               - width: 1500
08:31:18.778 [FXGL Background Thread 3 ] DEBUG Engine               - Logging services
08:31:18.778 [FXGL Background Thread 3 ] DEBUG Engine               - class com.almasb.fxgl.app.services.FXGLAssetLoaderService
08:31:18.778 [FXGL Background Thread 3 ] DEBUG Engine               - class com.almasb.fxgl.app.FXGLApplication$GameApplicationService
08:31:18.778 [FXGL Background Thread 3 ] DEBUG Engine               - class com.almasb.fxgl.app.services.FXGLDialogService
08:31:18.778 [FXGL Background Thread 3 ] DEBUG Engine               - class com.almasb.fxgl.app.services.IOTaskExecutorService
08:31:18.778 [FXGL Background Thread 3 ] DEBUG Engine               - class com.almasb.fxgl.io.FileSystemService
08:31:18.778 [FXGL Background Thread 3 ] DEBUG Engine               - class com.almasb.fxgl.localization.LocalizationService
08:31:18.778 [FXGL Background Thread 3 ] DEBUG Engine               - class com.almasb.fxgl.app.services.SystemBundleService
08:31:18.778 [FXGL Background Thread 3 ] DEBUG Engine               - class com.almasb.fxgl.profile.SaveLoadService
08:31:18.779 [FXGL Background Thread 3 ] DEBUG Engine               - class com.almasb.fxgl.ui.FXGLUIFactoryServiceProvider
08:31:18.779 [FXGL Background Thread 3 ] DEBUG Engine               - class com.almasb.fxgl.ui.FXGLDialogFactoryServiceProvider
08:31:18.779 [FXGL Background Thread 3 ] DEBUG Engine               - class com.almasb.fxgl.audio.AudioPlayer
08:31:18.779 [FXGL Background Thread 3 ] DEBUG Engine               - class com.almasb.fxgl.notification.impl.NotificationServiceProvider
08:31:18.783 [FXGL Background Thread 3 ] DEBUG Engine               - class com.almasb.fxgl.achievement.AchievementService
08:31:18.784 [FXGL Background Thread 3 ] DEBUG Engine               - class com.almasb.fxgl.cutscene.CutsceneService
08:31:18.784 [FXGL Background Thread 3 ] DEBUG Engine               - class com.almasb.fxgl.minigames.MiniGameService
08:31:18.784 [FXGL Background Thread 3 ] DEBUG Engine               - class com.almasb.fxgl.net.NetService
08:31:18.784 [FXGL Background Thread 3 ] DEBUG Engine               - class com.almasb.fxgl.app.services.UpdaterService
08:31:18.784 [FXGL Background Thread 3 ] DEBUG Engine               - class com.almasb.fxgl.dev.DevService
08:31:38.791 [JavaFX Application Thread] DEBUG LoopRunner           - Stopping loop
08:31:38.807 [JavaFX Application Thread] FATAL FXGLApplication      - Uncaught Exception:
java.lang.ArrayIndexOutOfBoundsException: Index 2 out of bounds for length 2
	at mario.main/game.PlatformerApp$6.onCollision(PlatformerApp.java:232)
	at com.almasb.fxgl.entity@17/com.almasb.fxgl.physics.CollisionPair.collision(CollisionPair.java:41)
	at com.almasb.fxgl.entity@17/com.almasb.fxgl.physics.PhysicsWorld.notifyCollisions(PhysicsWorld.java:486)
	at com.almasb.fxgl.entity@17/com.almasb.fxgl.physics.PhysicsWorld.onUpdate(PhysicsWorld.java:180)
	at com.almasb.fxgl.all@17/com.almasb.fxgl.app.scene.GameScene.step(GameScene.kt:225)
	at com.almasb.fxgl.all@17/com.almasb.fxgl.app.scene.GameScene.onUpdate(GameScene.kt:220)
	at com.almasb.fxgl.scene@17/com.almasb.fxgl.scene.Scene.update(Scene.kt:105)
	at com.almasb.fxgl.all@17/com.almasb.fxgl.app.MainWindow$update$1.invoke(MainWindow.kt:115)
	at com.almasb.fxgl.all@17/com.almasb.fxgl.app.MainWindow$update$1.invoke(MainWindow.kt:115)
	at com.almasb.fxgl.core@17/com.almasb.fxgl.core.fsm.StateMachine.runOnActiveStates(StateMachine.kt:69)
	at com.almasb.fxgl.all@17/com.almasb.fxgl.app.MainWindow.update(MainWindow.kt:115)
	at com.almasb.fxgl.all@17/com.almasb.fxgl.app.FXGLApplication$GameApplicationService.onUpdate(FXGLApplication.kt:426)
	at com.almasb.fxgl.all@17/com.almasb.fxgl.app.Engine.loop(Engine.kt:134)
	at com.almasb.fxgl.all@17/com.almasb.fxgl.app.Engine.access$loop(Engine.kt:24)
	at com.almasb.fxgl.all@17/com.almasb.fxgl.app.Engine$loop$1.invoke(Engine.kt:28)
	at com.almasb.fxgl.all@17/com.almasb.fxgl.app.Engine$loop$1.invoke(Engine.kt:28)
	at com.almasb.fxgl.all@17/com.almasb.fxgl.app.LoopRunner.frame(LoopRunner.kt:103)
	at com.almasb.fxgl.all@17/com.almasb.fxgl.app.LoopRunner.access$frame(LoopRunner.kt:23)
	at com.almasb.fxgl.all@17/com.almasb.fxgl.app.LoopRunner$impl$2$1.onTick(LoopRunner.kt:57)
	at com.almasb.fxgl.all@17/com.almasb.fxgl.app.AnimationTimerLoop$timer$1.handle(LoopRunner.kt:137)
	at javafx.graphics/javafx.animation.AnimationTimer$AnimationTimerReceiver.lambda$handle$0(AnimationTimer.java:58)
	at java.base/java.security.AccessController.doPrivileged(AccessController.java:400)
	at javafx.graphics/javafx.animation.AnimationTimer$AnimationTimerReceiver.handle(AnimationTimer.java:57)
	at javafx.graphics/com.sun.scenario.animation.AbstractPrimaryTimer.timePulseImpl(AbstractPrimaryTimer.java:356)
	at javafx.graphics/com.sun.scenario.animation.AbstractPrimaryTimer$MainLoop.run(AbstractPrimaryTimer.java:266)
	at javafx.graphics/com.sun.javafx.tk.quantum.QuantumToolkit.pulse(QuantumToolkit.java:571)
	at javafx.graphics/com.sun.javafx.tk.quantum.QuantumToolkit.pulse(QuantumToolkit.java:555)
	at javafx.graphics/com.sun.javafx.tk.quantum.QuantumToolkit.pulseFromQueue(QuantumToolkit.java:548)
	at javafx.graphics/com.sun.javafx.tk.quantum.QuantumToolkit.lambda$runToolkit$11(QuantumToolkit.java:353)
	at javafx.graphics/com.sun.glass.ui.InvokeLaterDispatcher$Future.run(InvokeLaterDispatcher.java:96)

08:31:38.808 [JavaFX Application Thread] FATAL FXGLApplication      - Application will now exit
08:31:38.862 [JavaFX Application Thread] DEBUG PrimaryStageWindow   - Push state: ErrorSubScene
08:31:38.863 [JavaFX Application Thread] DEBUG Input                - Clearing active input actions
08:31:38.875 [JavaFX Application Thread] DEBUG GameApplicationServi - Removing overlay from GameScene and adding to ErrorSubScene
08:31:38.877 [JavaFX Application Thread] DEBUG PrimaryStageWindow   - GameScene -> ErrorSubScene
08:31:41.011 [JavaFX Application Thread] DEBUG FXGLApplication      - Exiting FXGL
08:31:41.011 [JavaFX Application Thread] DEBUG Async                - Shutting down background threads
08:31:41.011 [JavaFX Application Thread] DEBUG PrimaryStageWindow   - Closing main window
08:31:41.024 [JavaFX Application Thread] DEBUG Logger               - Closing Logger
