21:53:26.715 [main                     ] DEBUG Logger               - Configured Logger
21:53:26.734 [main                     ] DEBUG GameApplication      - Logging settings
Title: Untitled
Version: 0.0
Width: 1500
Height: 720
Fullscreen: false
Intro: false
Profiling: false
Single step:false
App Mode: DEVELOPER
Menu Key: ESCAPE
Stage Style: DECORATED
Scene Factory: class game.PlatformerApp$1

21:53:27.064 [JavaFX Application Thread] DEBUG FXGLApplication      - Initializing FXGL
21:53:27.067 [JavaFX Application Thread] INFO  Engine               - FXGL-17 (31.12.2021 18.16) on WINDOWS (J:20 FX:17.0.0.1)
21:53:27.068 [JavaFX Application Thread] DEBUG Engine               - JRE Vendor Name: Oracle Corporation
21:53:27.068 [JavaFX Application Thread] DEBUG Engine               - Running on OS: Windows 10 version 10.0
21:53:27.068 [JavaFX Application Thread] DEBUG Engine               - Architecture: amd64
21:53:27.068 [JavaFX Application Thread] INFO  Engine               - Source code and latest versions at: https://github.com/AlmasB/FXGL
21:53:27.068 [JavaFX Application Thread] INFO  Engine               -       Ask questions and discuss at: https://github.com/AlmasB/FXGL/discussions
21:53:27.068 [JavaFX Application Thread] INFO  Engine               -              Join the FXGL chat at: https://gitter.im/AlmasB/FXGL
21:53:27.133 [JavaFX Application Thread] DEBUG PrimaryStageWindow   - Creating a JavaFX scene
21:53:27.169 [JavaFX Application Thread] DEBUG PrimaryStageWindow   - Target settings size: 1500.0 x 720.0
21:53:27.169 [JavaFX Application Thread] DEBUG PrimaryStageWindow   - Scaled scene size:    1500.0 x 720.0
21:53:27.169 [JavaFX Application Thread] DEBUG PrimaryStageWindow   - Scaled ratio: (1.0, 1.0)
21:53:27.170 [JavaFX Application Thread] DEBUG PrimaryStageWindow   - Set initial scene to FXGLStartupScene
21:53:27.175 [JavaFX Application Thread] DEBUG PrimaryStageWindow   - Opening main window
21:53:27.247 [JavaFX Application Thread] DEBUG PrimaryStageWindow   - Window border size: (16.0, 39.0)
21:53:27.247 [JavaFX Application Thread] DEBUG PrimaryStageWindow   - Scaled size: 1500.0 x 720.0
21:53:27.247 [JavaFX Application Thread] DEBUG PrimaryStageWindow   - Scaled ratio: (1.0, 1.0)
21:53:27.247 [JavaFX Application Thread] DEBUG PrimaryStageWindow   - Scene size: 1500.0 x 720.0
21:53:27.247 [JavaFX Application Thread] DEBUG PrimaryStageWindow   - Stage size: 1516.0 x 759.0
21:53:27.253 [FXGL Background Thread 1 ] DEBUG Engine               - Initializing environment variables
21:53:27.289 [FXGL Background Thread 1 ] DEBUG FXGLAssetLoaderServi - User app class for loading assets: class game.PlatformerApp
21:53:27.290 [FXGL Background Thread 1 ] DEBUG GameApplicationServi - Applying CSS: fxgl_dark.css
21:53:27.290 [FXGL Background Thread 1 ] DEBUG FXGLAssetLoaderServi - Loading from file system: jar:file:///C:/Users/Admin/.m2/repository/com/github/almasb/fxgl/17/fxgl-17.jar!/fxglassets/ui/css/fxgl_dark.css
21:53:27.322 [FXGL Background Thread 1 ] DEBUG GameApplicationServi - Initializing application scenes
21:53:27.350 [FXGL Background Thread 1 ] DEBUG FXGLAssetLoaderServi - Loading from file system: file:/X:/Programming/Mario/target/classes/assets/textures/player.png
21:53:27.369 [FXGL Background Thread 1 ] DEBUG GameWorld            - Game world initialized
21:53:27.419 [FXGL Background Thread 1 ] DEBUG PhysicsWorld         - Physics world initialized: appHeight=720, physics.ppm=50,0
21:53:27.419 [FXGL Background Thread 1 ] DEBUG PhysicsWorld         - Using strategy: BRUTE_FORCE
21:53:27.422 [FXGL Background Thread 1 ] DEBUG GameScene            - Game scene initialized: 1500x720
21:53:27.429 [FXGL Background Thread 1 ] DEBUG FXGL.DefaultMenu     - createMenuBodyGameMenu()
21:53:27.440 [FXGL Background Thread 1 ] DEBUG FXGL.DefaultMenu     - createOptionsMenu()
21:53:27.445 [FXGL Background Thread 1 ] DEBUG FXGLAssetLoaderServi - Loading from file system: jar:file:///C:/Users/Admin/.m2/repository/com/github/almasb/fxgl/17/fxgl-17.jar!/fxglassets/textures/particles/smoke.png
21:53:27.517 [FXGL Background Thread 1 ] DEBUG FXGLAssetLoaderServi - Loading from file system: jar:file:///C:/Users/Admin/.m2/repository/com/github/almasb/fxgl/17/fxgl-17.jar!/fxglassets/textures/particles/trace_horizontal.png
21:53:27.572 [FXGL Background Thread 1 ] DEBUG GameApplicationServi - Application scenes initialized
21:53:27.584 [FXGL Background Thread 1 ] DEBUG SystemBundleService  - Loading FXGL system data
21:53:27.587 [FXGL Background Thread 1 ] DEBUG FileSystemAccess     - Reading from: X:\Programming\Mario\system\fxgl.bundle
21:53:27.596 [FXGL Background Thread 1 ] DEBUG SystemBundleService  - Bundle FXGL: {}
21:53:27.596 [FXGL Background Thread 1 ] DEBUG UpdaterService       - Checking for updates
21:53:27.600 [FXGL Background Thread 4 ] DEBUG FXGLApplication      - Loading fonts
21:53:27.600 [FXGL Background Thread 1 ] DEBUG FXGLApplication      - Loading default localization
21:53:27.600 [FXGL Background Thread 4 ] DEBUG FXGLAssetLoaderServi - Loading from file system: jar:file:///C:/Users/Admin/.m2/repository/com/github/almasb/fxgl/17/fxgl-17.jar!/fxglassets/ui/fonts/VarelaRound-Regular.ttf
21:53:27.601 [FXGL Background Thread 1 ] DEBUG FXGLAssetLoaderServi - Loading from file system: jar:file:///C:/Users/Admin/.m2/repository/com/github/almasb/fxgl/17/fxgl-17.jar!/fxglassets/languages/english.lang
21:53:27.615 [FXGL Background Thread 1 ] INFO  FXGLApplication      - FXGL initialization took: 0,362 sec
21:53:27.622 [JavaFX Application Thread] DEBUG Input                - Registered new binding: Left - A
21:53:27.622 [JavaFX Application Thread] DEBUG Input                - Registered new binding: Right - D
21:53:27.623 [JavaFX Application Thread] DEBUG Input                - Registered new binding: Jump - W
21:53:27.623 [JavaFX Application Thread] DEBUG Input                - Registered new binding: Use - E
21:53:27.623 [JavaFX Application Thread] DEBUG FXGLAssetLoaderServi - Loading from file system: jar:file:///C:/Users/Admin/.m2/repository/com/github/almasb/fxgl/17/fxgl-17.jar!/fxglassets/textures/fxgl_icon.png
21:53:27.637 [JavaFX Application Thread] DEBUG FXGLAssetLoaderServi - Loading from file system: jar:file:///C:/Users/Admin/.m2/repository/com/github/almasb/fxgl/17/fxgl-17.jar!/fxglassets/textures/fxgl_default_cursor.png
21:53:27.638 [JavaFX Application Thread] DEBUG Input                - Registered new binding: Screenshot - CTRL+8
21:53:27.638 [JavaFX Application Thread] DEBUG Input                - Registered new binding: System info dump - CTRL+9
21:53:27.638 [JavaFX Application Thread] DEBUG Input                - Registered new binding: Restart - CTRL+R
21:53:27.639 [JavaFX Application Thread] DEBUG Input                - Registered new binding: Toggle Debug Camera - CTRL+7
21:53:27.640 [JavaFX Application Thread] DEBUG LoopRunner           - Starting loop
21:53:27.640 [JavaFX Application Thread] DEBUG LoopRunner           - Initializing JavaFX AnimationTimerLoop
21:53:27.642 [JavaFX Application Thread] DEBUG GameApplicationServi - Starting new game
21:53:27.642 [JavaFX Application Thread] DEBUG Input                - Clearing active input actions
21:53:27.650 [JavaFX Application Thread] DEBUG GameApplicationServi - Removing overlay from FXGLStartupScene and adding to MainLoadingScene
21:53:27.650 [JavaFX Application Thread] DEBUG PrimaryStageWindow   - FXGLStartupScene -> MainLoadingScene
21:53:27.650 [JavaFX Application Thread] DEBUG GameApplicationServi - Clearing previous game
21:53:27.650 [JavaFX Application Thread] DEBUG GameScene            - Clearing game scene
21:53:27.650 [JavaFX Application Thread] DEBUG GameWorld            - Clearing game world
21:53:27.650 [JavaFX Application Thread] DEBUG PhysicsWorld         - Clearing physics world
21:53:27.651 [FXGL Background Thread 1 ] DEBUG FXGLApplication      - Initializing game
21:53:27.668 [FXGL Background Thread 4 ] DEBUG FXGLAssetLoaderServi - Loading from file system: jar:file:///C:/Users/Admin/.m2/repository/com/github/almasb/fxgl/17/fxgl-17.jar!/fxglassets/ui/fonts/Abel-Regular.ttf
21:53:27.678 [FXGL Background Thread 4 ] DEBUG FXGLAssetLoaderServi - Loading from file system: jar:file:///C:/Users/Admin/.m2/repository/com/github/almasb/fxgl/17/fxgl-17.jar!/fxglassets/ui/fonts/TerminalLandMono-Regular.otf
21:53:27.678 [FXGL Background Thread 1 ] WARN  TMXLevelLoader       - TiledMap generated from 1.10.1. Supported version: 1.2.3. Some features may not be parsed fully.
21:53:27.683 [FXGL Background Thread 1 ] DEBUG TMXLevelLoader       - Parsed TiledMap: file:/X:/Programming/Mario/target/classes/assets/levels/tmx/test%20(1).tmx
21:53:27.684 [FXGL Background Thread 1 ] DEBUG TMXLevelLoader       - Creating tile layer entities
21:53:27.685 [FXGL Background Thread 1 ] DEBUG TilesetLoader        - Loading view for layer Tile Layer 1
21:53:27.687 [FXGL Background Thread 1 ] DEBUG TilesetLoader        - Created buffer with size 1050.0x700.0
21:53:27.687 [FXGL Background Thread 4 ] DEBUG FXGLAssetLoaderServi - Loading from file system: jar:file:///C:/Users/Admin/.m2/repository/com/github/almasb/fxgl/17/fxgl-17.jar!/fxglassets/ui/fonts/Courier-Prime.ttf
21:53:27.702 [JavaFX Application Thread] DEBUG FXGLApplication      - Registering font factories with UI factory
21:53:27.712 [FXGL Background Thread 1 ] DEBUG TMXLevelLoader       - Creating object layer entities
21:53:27.732 [FXGL Background Thread 1 ] DEBUG GameWorld            - Clearing removable entities
21:53:27.732 [FXGL Background Thread 1 ] DEBUG GameWorld            - Setting level: com.almasb.fxgl.entity.level.Level@5c19e998
21:53:27.748 [FXGL Background Thread 1 ] DEBUG FXGLAssetLoaderServi - Loading from file system: file:/X:/Programming/Mario/target/classes/assets/textures/background/background.png
21:53:27.774 [FXGL Background Thread 1 ] INFO  FXGLApplication      - Game initialization took: 0,123 sec
21:53:27.775 [JavaFX Application Thread] DEBUG Input                - Clearing active input actions
21:53:27.785 [JavaFX Application Thread] DEBUG GameApplicationServi - Removing overlay from MainLoadingScene and adding to GameScene
21:53:27.785 [JavaFX Application Thread] DEBUG PrimaryStageWindow   - MainLoadingScene -> GameScene
21:53:28.056 [FXGL Background Thread 2 ] INFO  UpdaterService       - Your current version:  17
21:53:28.056 [FXGL Background Thread 2 ] INFO  UpdaterService       - Latest stable version: 17.3
21:53:30.599 [FXGL Background Thread 3 ] DEBUG Engine               - Logging environment variables
21:53:30.599 [FXGL Background Thread 3 ] DEBUG Engine               - achievements: []
21:53:30.599 [FXGL Background Thread 3 ] DEBUG Engine               - actualHeight: 720.0
21:53:30.599 [FXGL Background Thread 3 ] DEBUG Engine               - actualHeightProperty: ReadOnlyDoubleProperty [value: 720.0]
21:53:30.599 [FXGL Background Thread 3 ] DEBUG Engine               - actualWidth: 1500.0
21:53:30.599 [FXGL Background Thread 3 ] DEBUG Engine               - actualWidthProperty: ReadOnlyDoubleProperty [value: 1500.0]
21:53:30.599 [FXGL Background Thread 3 ] DEBUG Engine               - appIcon: fxgl_icon.png
21:53:30.599 [FXGL Background Thread 3 ] DEBUG Engine               - applicationMode: DEVELOPER
21:53:30.599 [FXGL Background Thread 3 ] DEBUG Engine               - cSSList: [fxgl_dark.css]
21:53:30.599 [FXGL Background Thread 3 ] DEBUG Engine               - collisionDetectionStrategy: BRUTE_FORCE
21:53:30.600 [FXGL Background Thread 3 ] DEBUG Engine               - configClass: Optional.empty
21:53:30.600 [FXGL Background Thread 3 ] DEBUG Engine               - credits: []
21:53:30.600 [FXGL Background Thread 3 ] DEBUG Engine               - defaultCursor: CursorInfo(imageName=fxgl_default_cursor.png, hotspotX=7.0, hotspotY=6.0)
21:53:30.600 [FXGL Background Thread 3 ] DEBUG Engine               - devBBoxColorProperty: ObjectProperty [value: 0xff0000ff]
21:53:30.600 [FXGL Background Thread 3 ] DEBUG Engine               - devEnableDebugCameraProperty: BooleanProperty [value: false]
21:53:30.600 [FXGL Background Thread 3 ] DEBUG Engine               - devSensorColorProperty: ObjectProperty [value: 0xffff00ff]
21:53:30.600 [FXGL Background Thread 3 ] DEBUG Engine               - devShowBBoxProperty: BooleanProperty [value: false]
21:53:30.600 [FXGL Background Thread 3 ] DEBUG Engine               - devShowPositionProperty: BooleanProperty [value: false]
21:53:30.600 [FXGL Background Thread 3 ] DEBUG Engine               - enabledMenuItems: []
21:53:30.600 [FXGL Background Thread 3 ] DEBUG Engine               - engineServices: [class com.almasb.fxgl.app.services.FXGLAssetLoaderService, class com.almasb.fxgl.app.FXGLApplication$GameApplicationService, class com.almasb.fxgl.app.services.FXGLDialogService, class com.almasb.fxgl.app.services.IOTaskExecutorService, class com.almasb.fxgl.io.FileSystemService, class com.almasb.fxgl.localization.LocalizationService, class com.almasb.fxgl.app.services.SystemBundleService, class com.almasb.fxgl.profile.SaveLoadService, class com.almasb.fxgl.ui.FXGLUIFactoryServiceProvider, class com.almasb.fxgl.ui.FXGLDialogFactoryServiceProvider, class com.almasb.fxgl.audio.AudioPlayer, class com.almasb.fxgl.notification.impl.NotificationServiceProvider, class com.almasb.fxgl.achievement.AchievementService, class com.almasb.fxgl.cutscene.CutsceneService, class com.almasb.fxgl.minigames.MiniGameService, class com.almasb.fxgl.net.NetService, class com.almasb.fxgl.app.services.UpdaterService, class com.almasb.fxgl.dev.DevService]
21:53:30.600 [FXGL Background Thread 3 ] DEBUG Engine               - fontGame: Abel-Regular.ttf
21:53:30.600 [FXGL Background Thread 3 ] DEBUG Engine               - fontMono: TerminalLandMono-Regular.otf
21:53:30.600 [FXGL Background Thread 3 ] DEBUG Engine               - fontText: Courier-Prime.ttf
21:53:30.600 [FXGL Background Thread 3 ] DEBUG Engine               - fontUI: VarelaRound-Regular.ttf
21:53:30.600 [FXGL Background Thread 3 ] DEBUG Engine               - fullScreen: BooleanProperty [value: false]
21:53:30.600 [FXGL Background Thread 3 ] DEBUG Engine               - gameDifficulty: MEDIUM
21:53:30.600 [FXGL Background Thread 3 ] DEBUG Engine               - gameDifficultyProperty: ObjectProperty [value: MEDIUM]
21:53:30.601 [FXGL Background Thread 3 ] DEBUG Engine               - globalMusicVolume: 0.5
21:53:30.601 [FXGL Background Thread 3 ] DEBUG Engine               - globalMusicVolumeProperty: DoubleProperty [value: 0.25]
21:53:30.601 [FXGL Background Thread 3 ] DEBUG Engine               - globalSoundVolume: 0.5
21:53:30.601 [FXGL Background Thread 3 ] DEBUG Engine               - globalSoundVolumeProperty: DoubleProperty [value: 0.5]
21:53:30.601 [FXGL Background Thread 3 ] DEBUG Engine               - height: 720
21:53:30.601 [FXGL Background Thread 3 ] DEBUG Engine               - is3D: false
21:53:30.601 [FXGL Background Thread 3 ] DEBUG Engine               - isAndroid: false
21:53:30.601 [FXGL Background Thread 3 ] DEBUG Engine               - isBrowser: false
21:53:30.601 [FXGL Background Thread 3 ] DEBUG Engine               - isClickFeedbackEnabled: false
21:53:30.601 [FXGL Background Thread 3 ] DEBUG Engine               - isCloseConfirmation: false
21:53:30.601 [FXGL Background Thread 3 ] DEBUG Engine               - isDesktop: true
21:53:30.601 [FXGL Background Thread 3 ] DEBUG Engine               - isDeveloperMenuEnabled: false
21:53:30.601 [FXGL Background Thread 3 ] DEBUG Engine               - isEmbedded: false
21:53:30.601 [FXGL Background Thread 3 ] DEBUG Engine               - isEntityPreloadEnabled: true
21:53:30.601 [FXGL Background Thread 3 ] DEBUG Engine               - isExperimentalTiledLargeMap: false
21:53:30.601 [FXGL Background Thread 3 ] DEBUG Engine               - isFileSystemWriteAllowed: true
21:53:30.602 [FXGL Background Thread 3 ] DEBUG Engine               - isFullScreenAllowed: false
21:53:30.602 [FXGL Background Thread 3 ] DEBUG Engine               - isFullScreenFromStart: false
21:53:30.602 [FXGL Background Thread 3 ] DEBUG Engine               - isGameMenuEnabled: true
21:53:30.602 [FXGL Background Thread 3 ] DEBUG Engine               - isIOS: false
21:53:30.602 [FXGL Background Thread 3 ] DEBUG Engine               - isIntroEnabled: false
21:53:30.602 [FXGL Background Thread 3 ] DEBUG Engine               - isLinux: false
21:53:30.602 [FXGL Background Thread 3 ] DEBUG Engine               - isMac: false
21:53:30.602 [FXGL Background Thread 3 ] DEBUG Engine               - isMainMenuEnabled: false
21:53:30.602 [FXGL Background Thread 3 ] DEBUG Engine               - isManualResizeEnabled: false
21:53:30.602 [FXGL Background Thread 3 ] DEBUG Engine               - isMobile: false
21:53:30.602 [FXGL Background Thread 3 ] DEBUG Engine               - isNative: false
21:53:30.602 [FXGL Background Thread 3 ] DEBUG Engine               - isPauseMusicWhenMinimized: true
21:53:30.602 [FXGL Background Thread 3 ] DEBUG Engine               - isPreserveResizeRatio: false
21:53:30.602 [FXGL Background Thread 3 ] DEBUG Engine               - isProfilingEnabled: false
21:53:30.602 [FXGL Background Thread 3 ] DEBUG Engine               - isScaleAffectedOnResize: true
21:53:30.602 [FXGL Background Thread 3 ] DEBUG Engine               - isSingleStep: false
21:53:30.602 [FXGL Background Thread 3 ] DEBUG Engine               - isUserProfileEnabled: false
21:53:30.602 [FXGL Background Thread 3 ] DEBUG Engine               - isWindows: true
21:53:30.602 [FXGL Background Thread 3 ] DEBUG Engine               - language: ObjectProperty [value: ENGLISH]
21:53:30.602 [FXGL Background Thread 3 ] DEBUG Engine               - menuKey: ESCAPE
21:53:30.602 [FXGL Background Thread 3 ] DEBUG Engine               - mouseSensitivity: 0.2
21:53:30.602 [FXGL Background Thread 3 ] DEBUG Engine               - notificationViewClass: class com.almasb.fxgl.notification.view.XboxNotificationView
21:53:30.602 [FXGL Background Thread 3 ] DEBUG Engine               - pixelsPerMeter: 50.0
21:53:30.602 [FXGL Background Thread 3 ] DEBUG Engine               - platform: WINDOWS
21:53:30.602 [FXGL Background Thread 3 ] DEBUG Engine               - prefHeightProperty: ReadOnlyDoubleProperty [value: 720.0]
21:53:30.602 [FXGL Background Thread 3 ] DEBUG Engine               - prefWidthProperty: ReadOnlyDoubleProperty [value: 1500.0]
21:53:30.602 [FXGL Background Thread 3 ] DEBUG Engine               - profileDir: profiles/
21:53:30.603 [FXGL Background Thread 3 ] DEBUG Engine               - profileName: StringProperty [value: DEFAULT]
21:53:30.603 [FXGL Background Thread 3 ] DEBUG Engine               - randomSeed: -1
21:53:30.603 [FXGL Background Thread 3 ] DEBUG Engine               - runtimeInfo: RuntimeInfo(platform=WINDOWS, version=17, build=31.12.2021 18.16)
21:53:30.603 [FXGL Background Thread 3 ] DEBUG Engine               - saveFileExt: sav
21:53:30.603 [FXGL Background Thread 3 ] DEBUG Engine               - scaledHeightProp$fxgl: DoubleProperty [bound, value: 720.0]
21:53:30.603 [FXGL Background Thread 3 ] DEBUG Engine               - scaledWidthProp$fxgl: DoubleProperty [bound, value: 1500.0]
21:53:30.603 [FXGL Background Thread 3 ] DEBUG Engine               - sceneFactory: game.PlatformerApp$1@20d89d7
21:53:30.603 [FXGL Background Thread 3 ] DEBUG Engine               - secondsIn24h: 60
21:53:30.603 [FXGL Background Thread 3 ] DEBUG Engine               - soundMenuBack: menu/back.wav
21:53:30.603 [FXGL Background Thread 3 ] DEBUG Engine               - soundMenuPress: menu/press.wav
21:53:30.603 [FXGL Background Thread 3 ] DEBUG Engine               - soundMenuSelect: menu/select.wav
21:53:30.603 [FXGL Background Thread 3 ] DEBUG Engine               - soundNotification: core/notification.wav
21:53:30.603 [FXGL Background Thread 3 ] DEBUG Engine               - stageStyle: DECORATED
21:53:30.603 [FXGL Background Thread 3 ] DEBUG Engine               - supportedLanguages: [ENGLISH, FRENCH, GERMAN, HUNGARIAN, RUSSIAN]
21:53:30.603 [FXGL Background Thread 3 ] DEBUG Engine               - ticksPerSecond: -1
21:53:30.603 [FXGL Background Thread 3 ] DEBUG Engine               - title: Untitled
21:53:30.603 [FXGL Background Thread 3 ] DEBUG Engine               - urlGithub: https://github.com/AlmasB/FXGL
21:53:30.603 [FXGL Background Thread 3 ] DEBUG Engine               - urlLeaderboard: http://fxgl-top.herokuapp.com/
21:53:30.603 [FXGL Background Thread 3 ] DEBUG Engine               - urlPOM: https://raw.githubusercontent.com/AlmasB/FXGL/release/README.md
21:53:30.604 [FXGL Background Thread 3 ] DEBUG Engine               - userAppClass: class game.PlatformerApp
21:53:30.604 [FXGL Background Thread 3 ] DEBUG Engine               - version: 0.0
21:53:30.604 [FXGL Background Thread 3 ] DEBUG Engine               - versionCheckDays: 7
21:53:30.604 [FXGL Background Thread 3 ] DEBUG Engine               - width: 1500
21:53:30.604 [FXGL Background Thread 3 ] DEBUG Engine               - Logging services
21:53:30.604 [FXGL Background Thread 3 ] DEBUG Engine               - class com.almasb.fxgl.app.services.FXGLAssetLoaderService
21:53:30.604 [FXGL Background Thread 3 ] DEBUG Engine               - class com.almasb.fxgl.app.FXGLApplication$GameApplicationService
21:53:30.604 [FXGL Background Thread 3 ] DEBUG Engine               - class com.almasb.fxgl.app.services.FXGLDialogService
21:53:30.604 [FXGL Background Thread 3 ] DEBUG Engine               - class com.almasb.fxgl.app.services.IOTaskExecutorService
21:53:30.604 [FXGL Background Thread 3 ] DEBUG Engine               - class com.almasb.fxgl.io.FileSystemService
21:53:30.604 [FXGL Background Thread 3 ] DEBUG Engine               - class com.almasb.fxgl.localization.LocalizationService
21:53:30.604 [FXGL Background Thread 3 ] DEBUG Engine               - class com.almasb.fxgl.app.services.SystemBundleService
21:53:30.604 [FXGL Background Thread 3 ] DEBUG Engine               - class com.almasb.fxgl.profile.SaveLoadService
21:53:30.604 [FXGL Background Thread 3 ] DEBUG Engine               - class com.almasb.fxgl.ui.FXGLUIFactoryServiceProvider
21:53:30.604 [FXGL Background Thread 3 ] DEBUG Engine               - class com.almasb.fxgl.ui.FXGLDialogFactoryServiceProvider
21:53:30.604 [FXGL Background Thread 3 ] DEBUG Engine               - class com.almasb.fxgl.audio.AudioPlayer
21:53:30.604 [FXGL Background Thread 3 ] DEBUG Engine               - class com.almasb.fxgl.notification.impl.NotificationServiceProvider
21:53:30.604 [FXGL Background Thread 3 ] DEBUG Engine               - class com.almasb.fxgl.achievement.AchievementService
21:53:30.604 [FXGL Background Thread 3 ] DEBUG Engine               - class com.almasb.fxgl.cutscene.CutsceneService
21:53:30.604 [FXGL Background Thread 3 ] DEBUG Engine               - class com.almasb.fxgl.minigames.MiniGameService
21:53:30.604 [FXGL Background Thread 3 ] DEBUG Engine               - class com.almasb.fxgl.net.NetService
21:53:30.604 [FXGL Background Thread 3 ] DEBUG Engine               - class com.almasb.fxgl.app.services.UpdaterService
21:53:30.604 [FXGL Background Thread 3 ] DEBUG Engine               - class com.almasb.fxgl.dev.DevService
21:53:36.369 [JavaFX Application Thread] DEBUG LoopRunner           - Stopping loop
21:53:36.370 [JavaFX Application Thread] FATAL FXGLApplication      - Uncaught Exception:
java.lang.ArrayIndexOutOfBoundsException: Index 5 out of bounds for length 5
	at mario.main/game.PlatformerApp$6.onCollision(PlatformerApp.java:208)
	at com.almasb.fxgl.entity@17/com.almasb.fxgl.physics.CollisionPair.collision(CollisionPair.java:41)
	at com.almasb.fxgl.entity@17/com.almasb.fxgl.physics.PhysicsWorld.notifyCollisions(PhysicsWorld.java:486)
	at com.almasb.fxgl.entity@17/com.almasb.fxgl.physics.PhysicsWorld.onUpdate(PhysicsWorld.java:180)
	at com.almasb.fxgl.all@17/com.almasb.fxgl.app.scene.GameScene.step(GameScene.kt:225)
	at com.almasb.fxgl.all@17/com.almasb.fxgl.app.scene.GameScene.onUpdate(GameScene.kt:220)
	at com.almasb.fxgl.scene@17/com.almasb.fxgl.scene.Scene.update(Scene.kt:105)
	at com.almasb.fxgl.all@17/com.almasb.fxgl.app.MainWindow$update$1.invoke(MainWindow.kt:115)
	at com.almasb.fxgl.all@17/com.almasb.fxgl.app.MainWindow$update$1.invoke(MainWindow.kt:115)
	at com.almasb.fxgl.core@17/com.almasb.fxgl.core.fsm.StateMachine.runOnActiveStates(StateMachine.kt:69)
	at com.almasb.fxgl.all@17/com.almasb.fxgl.app.MainWindow.update(MainWindow.kt:115)
	at com.almasb.fxgl.all@17/com.almasb.fxgl.app.FXGLApplication$GameApplicationService.onUpdate(FXGLApplication.kt:426)
	at com.almasb.fxgl.all@17/com.almasb.fxgl.app.Engine.loop(Engine.kt:134)
	at com.almasb.fxgl.all@17/com.almasb.fxgl.app.Engine.access$loop(Engine.kt:24)
	at com.almasb.fxgl.all@17/com.almasb.fxgl.app.Engine$loop$1.invoke(Engine.kt:28)
	at com.almasb.fxgl.all@17/com.almasb.fxgl.app.Engine$loop$1.invoke(Engine.kt:28)
	at com.almasb.fxgl.all@17/com.almasb.fxgl.app.LoopRunner.frame(LoopRunner.kt:103)
	at com.almasb.fxgl.all@17/com.almasb.fxgl.app.LoopRunner.access$frame(LoopRunner.kt:23)
	at com.almasb.fxgl.all@17/com.almasb.fxgl.app.LoopRunner$impl$2$1.onTick(LoopRunner.kt:57)
	at com.almasb.fxgl.all@17/com.almasb.fxgl.app.AnimationTimerLoop$timer$1.handle(LoopRunner.kt:137)
	at javafx.graphics/javafx.animation.AnimationTimer$AnimationTimerReceiver.lambda$handle$0(AnimationTimer.java:58)
	at java.base/java.security.AccessController.doPrivileged(AccessController.java:400)
	at javafx.graphics/javafx.animation.AnimationTimer$AnimationTimerReceiver.handle(AnimationTimer.java:57)
	at javafx.graphics/com.sun.scenario.animation.AbstractPrimaryTimer.timePulseImpl(AbstractPrimaryTimer.java:356)
	at javafx.graphics/com.sun.scenario.animation.AbstractPrimaryTimer$MainLoop.run(AbstractPrimaryTimer.java:266)
	at javafx.graphics/com.sun.javafx.tk.quantum.QuantumToolkit.pulse(QuantumToolkit.java:571)
	at javafx.graphics/com.sun.javafx.tk.quantum.QuantumToolkit.pulse(QuantumToolkit.java:555)
	at javafx.graphics/com.sun.javafx.tk.quantum.QuantumToolkit.pulseFromQueue(QuantumToolkit.java:548)
	at javafx.graphics/com.sun.javafx.tk.quantum.QuantumToolkit.lambda$runToolkit$11(QuantumToolkit.java:353)
	at javafx.graphics/com.sun.glass.ui.InvokeLaterDispatcher$Future.run(InvokeLaterDispatcher.java:96)
	at javafx.graphics/com.sun.glass.ui.win.WinApplication._runLoop(Native Method)
	at javafx.graphics/com.sun.glass.ui.win.WinApplication.lambda$runLoop$3(WinApplication.java:184)
	at java.base/java.lang.Thread.run(Thread.java:1623)

21:53:36.370 [JavaFX Application Thread] FATAL FXGLApplication      - Application will now exit
21:53:36.383 [JavaFX Application Thread] DEBUG PrimaryStageWindow   - Push state: ErrorSubScene
21:53:36.383 [JavaFX Application Thread] DEBUG Input                - Clearing active input actions
21:53:36.386 [JavaFX Application Thread] DEBUG GameApplicationServi - Removing overlay from GameScene and adding to ErrorSubScene
21:53:36.386 [JavaFX Application Thread] DEBUG PrimaryStageWindow   - GameScene -> ErrorSubScene
21:53:40.386 [JavaFX Application Thread] DEBUG FXGLApplication      - Exiting FXGL
21:53:40.386 [JavaFX Application Thread] DEBUG Async                - Shutting down background threads
21:53:40.386 [JavaFX Application Thread] DEBUG PrimaryStageWindow   - Closing main window
21:53:40.396 [JavaFX Application Thread] DEBUG Logger               - Closing Logger
