21:52:06.378 [main                     ] DEBUG Logger               - Configured Logger
21:52:06.398 [main                     ] DEBUG GameApplication      - Logging settings
Title: Untitled
Version: 0.0
Width: 1500
Height: 720
Fullscreen: false
Intro: false
Profiling: false
Single step:false
App Mode: DEVELOPER
Menu Key: ESCAPE
Stage Style: DECORATED
Scene Factory: class game.PlatformerApp$1

21:52:06.722 [JavaFX Application Thread] DEBUG FXGLApplication      - Initializing FXGL
21:52:06.725 [JavaFX Application Thread] INFO  Engine               - FXGL-17 (31.12.2021 18.16) on WINDOWS (J:20 FX:17.0.0.1)
21:52:06.725 [JavaFX Application Thread] DEBUG Engine               - JRE Vendor Name: Oracle Corporation
21:52:06.726 [JavaFX Application Thread] DEBUG Engine               - Running on OS: Windows 10 version 10.0
21:52:06.726 [JavaFX Application Thread] DEBUG Engine               - Architecture: amd64
21:52:06.726 [JavaFX Application Thread] INFO  Engine               - Source code and latest versions at: https://github.com/AlmasB/FXGL
21:52:06.726 [JavaFX Application Thread] INFO  Engine               -       Ask questions and discuss at: https://github.com/AlmasB/FXGL/discussions
21:52:06.726 [JavaFX Application Thread] INFO  Engine               -              Join the FXGL chat at: https://gitter.im/AlmasB/FXGL
21:52:06.790 [JavaFX Application Thread] DEBUG PrimaryStageWindow   - Creating a JavaFX scene
21:52:06.824 [JavaFX Application Thread] DEBUG PrimaryStageWindow   - Target settings size: 1500.0 x 720.0
21:52:06.824 [JavaFX Application Thread] DEBUG PrimaryStageWindow   - Scaled scene size:    1500.0 x 720.0
21:52:06.824 [JavaFX Application Thread] DEBUG PrimaryStageWindow   - Scaled ratio: (1.0, 1.0)
21:52:06.825 [JavaFX Application Thread] DEBUG PrimaryStageWindow   - Set initial scene to FXGLStartupScene
21:52:06.830 [JavaFX Application Thread] DEBUG PrimaryStageWindow   - Opening main window
21:52:06.900 [JavaFX Application Thread] DEBUG PrimaryStageWindow   - Window border size: (16.0, 39.0)
21:52:06.900 [JavaFX Application Thread] DEBUG PrimaryStageWindow   - Scaled size: 1500.0 x 720.0
21:52:06.900 [JavaFX Application Thread] DEBUG PrimaryStageWindow   - Scaled ratio: (1.0, 1.0)
21:52:06.900 [JavaFX Application Thread] DEBUG PrimaryStageWindow   - Scene size: 1500.0 x 720.0
21:52:06.901 [JavaFX Application Thread] DEBUG PrimaryStageWindow   - Stage size: 1516.0 x 759.0
21:52:06.906 [FXGL Background Thread 1 ] DEBUG Engine               - Initializing environment variables
21:52:06.943 [FXGL Background Thread 1 ] DEBUG FXGLAssetLoaderServi - User app class for loading assets: class game.PlatformerApp
21:52:06.943 [FXGL Background Thread 1 ] DEBUG GameApplicationServi - Applying CSS: fxgl_dark.css
21:52:06.944 [FXGL Background Thread 1 ] DEBUG FXGLAssetLoaderServi - Loading from file system: jar:file:///C:/Users/Admin/.m2/repository/com/github/almasb/fxgl/17/fxgl-17.jar!/fxglassets/ui/css/fxgl_dark.css
21:52:06.977 [FXGL Background Thread 1 ] DEBUG GameApplicationServi - Initializing application scenes
21:52:07.004 [FXGL Background Thread 1 ] DEBUG FXGLAssetLoaderServi - Loading from file system: file:/X:/Programming/Mario/target/classes/assets/textures/player.png
21:52:07.022 [FXGL Background Thread 1 ] DEBUG GameWorld            - Game world initialized
21:52:07.069 [FXGL Background Thread 1 ] DEBUG PhysicsWorld         - Physics world initialized: appHeight=720, physics.ppm=50,0
21:52:07.069 [FXGL Background Thread 1 ] DEBUG PhysicsWorld         - Using strategy: BRUTE_FORCE
21:52:07.072 [FXGL Background Thread 1 ] DEBUG GameScene            - Game scene initialized: 1500x720
21:52:07.078 [FXGL Background Thread 1 ] DEBUG FXGL.DefaultMenu     - createMenuBodyGameMenu()
21:52:07.090 [FXGL Background Thread 1 ] DEBUG FXGL.DefaultMenu     - createOptionsMenu()
21:52:07.095 [FXGL Background Thread 1 ] DEBUG FXGLAssetLoaderServi - Loading from file system: jar:file:///C:/Users/Admin/.m2/repository/com/github/almasb/fxgl/17/fxgl-17.jar!/fxglassets/textures/particles/smoke.png
21:52:07.164 [FXGL Background Thread 1 ] DEBUG FXGLAssetLoaderServi - Loading from file system: jar:file:///C:/Users/Admin/.m2/repository/com/github/almasb/fxgl/17/fxgl-17.jar!/fxglassets/textures/particles/trace_horizontal.png
21:52:07.206 [FXGL Background Thread 1 ] DEBUG GameApplicationServi - Application scenes initialized
21:52:07.214 [FXGL Background Thread 1 ] DEBUG SystemBundleService  - Loading FXGL system data
21:52:07.221 [FXGL Background Thread 1 ] DEBUG FileSystemAccess     - Reading from: X:\Programming\Mario\system\fxgl.bundle
21:52:07.231 [FXGL Background Thread 1 ] DEBUG SystemBundleService  - Bundle FXGL: {}
21:52:07.231 [FXGL Background Thread 1 ] DEBUG UpdaterService       - Checking for updates
21:52:07.235 [FXGL Background Thread 4 ] DEBUG FXGLApplication      - Loading fonts
21:52:07.235 [FXGL Background Thread 1 ] DEBUG FXGLApplication      - Loading default localization
21:52:07.235 [FXGL Background Thread 4 ] DEBUG FXGLAssetLoaderServi - Loading from file system: jar:file:///C:/Users/Admin/.m2/repository/com/github/almasb/fxgl/17/fxgl-17.jar!/fxglassets/ui/fonts/VarelaRound-Regular.ttf
21:52:07.235 [FXGL Background Thread 1 ] DEBUG FXGLAssetLoaderServi - Loading from file system: jar:file:///C:/Users/Admin/.m2/repository/com/github/almasb/fxgl/17/fxgl-17.jar!/fxglassets/languages/english.lang
21:52:07.251 [FXGL Background Thread 1 ] INFO  FXGLApplication      - FXGL initialization took: 0,345 sec
21:52:07.263 [JavaFX Application Thread] DEBUG Input                - Registered new binding: Left - A
21:52:07.263 [JavaFX Application Thread] DEBUG Input                - Registered new binding: Right - D
21:52:07.263 [JavaFX Application Thread] DEBUG Input                - Registered new binding: Jump - W
21:52:07.264 [JavaFX Application Thread] DEBUG Input                - Registered new binding: Use - E
21:52:07.264 [JavaFX Application Thread] DEBUG FXGLAssetLoaderServi - Loading from file system: jar:file:///C:/Users/Admin/.m2/repository/com/github/almasb/fxgl/17/fxgl-17.jar!/fxglassets/textures/fxgl_icon.png
21:52:07.281 [JavaFX Application Thread] DEBUG FXGLAssetLoaderServi - Loading from file system: jar:file:///C:/Users/Admin/.m2/repository/com/github/almasb/fxgl/17/fxgl-17.jar!/fxglassets/textures/fxgl_default_cursor.png
21:52:07.283 [JavaFX Application Thread] DEBUG Input                - Registered new binding: Screenshot - CTRL+8
21:52:07.283 [JavaFX Application Thread] DEBUG Input                - Registered new binding: System info dump - CTRL+9
21:52:07.283 [JavaFX Application Thread] DEBUG Input                - Registered new binding: Restart - CTRL+R
21:52:07.284 [JavaFX Application Thread] DEBUG Input                - Registered new binding: Toggle Debug Camera - CTRL+7
21:52:07.285 [JavaFX Application Thread] DEBUG LoopRunner           - Starting loop
21:52:07.285 [JavaFX Application Thread] DEBUG LoopRunner           - Initializing JavaFX AnimationTimerLoop
21:52:07.286 [JavaFX Application Thread] DEBUG GameApplicationServi - Starting new game
21:52:07.286 [JavaFX Application Thread] DEBUG Input                - Clearing active input actions
21:52:07.294 [JavaFX Application Thread] DEBUG GameApplicationServi - Removing overlay from FXGLStartupScene and adding to MainLoadingScene
21:52:07.294 [JavaFX Application Thread] DEBUG PrimaryStageWindow   - FXGLStartupScene -> MainLoadingScene
21:52:07.294 [JavaFX Application Thread] DEBUG GameApplicationServi - Clearing previous game
21:52:07.294 [JavaFX Application Thread] DEBUG GameScene            - Clearing game scene
21:52:07.295 [JavaFX Application Thread] DEBUG GameWorld            - Clearing game world
21:52:07.295 [JavaFX Application Thread] DEBUG PhysicsWorld         - Clearing physics world
21:52:07.296 [FXGL Background Thread 1 ] DEBUG FXGLApplication      - Initializing game
21:52:07.312 [FXGL Background Thread 4 ] DEBUG FXGLAssetLoaderServi - Loading from file system: jar:file:///C:/Users/Admin/.m2/repository/com/github/almasb/fxgl/17/fxgl-17.jar!/fxglassets/ui/fonts/Abel-Regular.ttf
21:52:07.322 [FXGL Background Thread 4 ] DEBUG FXGLAssetLoaderServi - Loading from file system: jar:file:///C:/Users/Admin/.m2/repository/com/github/almasb/fxgl/17/fxgl-17.jar!/fxglassets/ui/fonts/TerminalLandMono-Regular.otf
21:52:07.325 [FXGL Background Thread 1 ] WARN  TMXLevelLoader       - TiledMap generated from 1.10.1. Supported version: 1.2.3. Some features may not be parsed fully.
21:52:07.330 [FXGL Background Thread 1 ] DEBUG TMXLevelLoader       - Parsed TiledMap: file:/X:/Programming/Mario/target/classes/assets/levels/tmx/test%20(1).tmx
21:52:07.331 [FXGL Background Thread 4 ] DEBUG FXGLAssetLoaderServi - Loading from file system: jar:file:///C:/Users/Admin/.m2/repository/com/github/almasb/fxgl/17/fxgl-17.jar!/fxglassets/ui/fonts/Courier-Prime.ttf
21:52:07.331 [FXGL Background Thread 1 ] DEBUG TMXLevelLoader       - Creating tile layer entities
21:52:07.333 [FXGL Background Thread 1 ] DEBUG TilesetLoader        - Loading view for layer Tile Layer 1
21:52:07.334 [FXGL Background Thread 1 ] DEBUG TilesetLoader        - Created buffer with size 1050.0x700.0
21:52:07.348 [JavaFX Application Thread] DEBUG FXGLApplication      - Registering font factories with UI factory
21:52:07.359 [FXGL Background Thread 1 ] DEBUG TMXLevelLoader       - Creating object layer entities
21:52:07.377 [FXGL Background Thread 1 ] WARN  TMXLevelLoader       - Parse error
java.lang.IllegalArgumentException: No EntityFactory has a method annotated @Spawns()
	at com.almasb.fxgl.entity@17/com.almasb.fxgl.entity.GameWorld.create(GameWorld.kt:413)
	at com.almasb.fxgl.entity@17/com.almasb.fxgl.entity.level.tiled.TMXLevelLoader.createObjectLayerEntities(TMXLevelLoader.kt:149)
	at com.almasb.fxgl.entity@17/com.almasb.fxgl.entity.level.tiled.TMXLevelLoader.load(TMXLevelLoader.kt:59)
	at com.almasb.fxgl.all@17/com.almasb.fxgl.app.services.FXGLAssetLoaderService.loadLevel(FXGLAssetLoaderService.kt:446)
	at com.almasb.fxgl.all@17/com.almasb.fxgl.dsl.FXGL$Companion.setLevelFromMap(FXGL.kt:530)
	at com.almasb.fxgl.all@17/com.almasb.fxgl.dsl.FXGL.setLevelFromMap(FXGL.kt)
	at mario.main/game.PlatformerApp.setLevel(PlatformerApp.java:271)
	at mario.main/game.PlatformerApp.nextLevel(PlatformerApp.java:236)
	at mario.main/game.PlatformerApp.initGame(PlatformerApp.java:132)
	at com.almasb.fxgl.all@17/com.almasb.fxgl.app.FXGLApplication$InitAppTask.initGame(FXGLApplication.kt:339)
	at com.almasb.fxgl.all@17/com.almasb.fxgl.app.FXGLApplication$InitAppTask.call(FXGLApplication.kt:319)
	at com.almasb.fxgl.all@17/com.almasb.fxgl.app.FXGLApplication$InitAppTask.call(FXGLApplication.kt:311)
	at javafx.graphics/javafx.concurrent.Task$TaskCallable.call(Task.java:1426)
	at java.base/java.util.concurrent.FutureTask.run(FutureTask.java:317)
	at java.base/java.util.concurrent.Executors$RunnableAdapter.call(Executors.java:577)
	at java.base/java.util.concurrent.FutureTask.run(FutureTask.java:317)
	at java.base/java.util.concurrent.ThreadPoolExecutor.runWorker(ThreadPoolExecutor.java:1144)
	at java.base/java.util.concurrent.ThreadPoolExecutor$Worker.run(ThreadPoolExecutor.java:642)
	at java.base/java.lang.Thread.run(Thread.java:1623)

21:52:07.379 [JavaFX Application Thread] DEBUG LoopRunner           - Stopping loop
21:52:07.379 [JavaFX Application Thread] FATAL FXGLApplication      - Uncaught Exception:
java.lang.RuntimeException: Initialization failed
	at com.almasb.fxgl.all@17/com.almasb.fxgl.app.FXGLApplication$InitAppTask.failed(FXGLApplication.kt:343)
	at javafx.graphics/javafx.concurrent.Task.setState(Task.java:710)
	at javafx.graphics/javafx.concurrent.Task$TaskCallable.lambda$call$2(Task.java:1456)
	at javafx.graphics/com.sun.javafx.application.PlatformImpl.lambda$runLater$10(PlatformImpl.java:457)
	at java.base/java.security.AccessController.doPrivileged(AccessController.java:400)
	at javafx.graphics/com.sun.javafx.application.PlatformImpl.lambda$runLater$11(PlatformImpl.java:456)
	at javafx.graphics/com.sun.glass.ui.InvokeLaterDispatcher$Future.run(InvokeLaterDispatcher.java:96)
	at javafx.graphics/com.sun.glass.ui.win.WinApplication._runLoop(Native Method)
	at javafx.graphics/com.sun.glass.ui.win.WinApplication.lambda$runLoop$3(WinApplication.java:184)
	at java.base/java.lang.Thread.run(Thread.java:1623)
Caused by: com.almasb.fxgl.entity.level.LevelLoadingException: No EntityFactory has a method annotated @Spawns()
	at com.almasb.fxgl.entity@17/com.almasb.fxgl.entity.level.tiled.TMXLevelLoader.load(TMXLevelLoader.kt:77)
	at com.almasb.fxgl.all@17/com.almasb.fxgl.app.services.FXGLAssetLoaderService.loadLevel(FXGLAssetLoaderService.kt:446)
	at com.almasb.fxgl.all@17/com.almasb.fxgl.dsl.FXGL$Companion.setLevelFromMap(FXGL.kt:530)
	at com.almasb.fxgl.all@17/com.almasb.fxgl.dsl.FXGL.setLevelFromMap(FXGL.kt)
	at mario.main/game.PlatformerApp.setLevel(PlatformerApp.java:271)
	at mario.main/game.PlatformerApp.nextLevel(PlatformerApp.java:236)
	at mario.main/game.PlatformerApp.initGame(PlatformerApp.java:132)
	at com.almasb.fxgl.all@17/com.almasb.fxgl.app.FXGLApplication$InitAppTask.initGame(FXGLApplication.kt:339)
	at com.almasb.fxgl.all@17/com.almasb.fxgl.app.FXGLApplication$InitAppTask.call(FXGLApplication.kt:319)
	at com.almasb.fxgl.all@17/com.almasb.fxgl.app.FXGLApplication$InitAppTask.call(FXGLApplication.kt:311)
	at javafx.graphics/javafx.concurrent.Task$TaskCallable.call(Task.java:1426)
	at java.base/java.util.concurrent.FutureTask.run(FutureTask.java:317)
	at java.base/java.util.concurrent.Executors$RunnableAdapter.call(Executors.java:577)
	at java.base/java.util.concurrent.FutureTask.run(FutureTask.java:317)
	at java.base/java.util.concurrent.ThreadPoolExecutor.runWorker(ThreadPoolExecutor.java:1144)
	at java.base/java.util.concurrent.ThreadPoolExecutor$Worker.run(ThreadPoolExecutor.java:642)
	... 1 more
Caused by: java.lang.IllegalArgumentException: No EntityFactory has a method annotated @Spawns()
	at com.almasb.fxgl.entity@17/com.almasb.fxgl.entity.GameWorld.create(GameWorld.kt:413)
	at com.almasb.fxgl.entity@17/com.almasb.fxgl.entity.level.tiled.TMXLevelLoader.createObjectLayerEntities(TMXLevelLoader.kt:149)
	at com.almasb.fxgl.entity@17/com.almasb.fxgl.entity.level.tiled.TMXLevelLoader.load(TMXLevelLoader.kt:59)
	... 16 more

21:52:07.379 [JavaFX Application Thread] FATAL FXGLApplication      - Application will now exit
21:52:07.395 [JavaFX Application Thread] DEBUG PrimaryStageWindow   - Push state: ErrorSubScene
21:52:07.395 [JavaFX Application Thread] DEBUG Input                - Clearing active input actions
21:52:07.399 [JavaFX Application Thread] DEBUG GameApplicationServi - Removing overlay from MainLoadingScene and adding to ErrorSubScene
21:52:07.400 [JavaFX Application Thread] DEBUG PrimaryStageWindow   - MainLoadingScene -> ErrorSubScene
21:52:07.624 [FXGL Background Thread 2 ] INFO  UpdaterService       - Your current version:  17
21:52:07.625 [FXGL Background Thread 2 ] INFO  UpdaterService       - Latest stable version: 17.3
21:52:10.236 [FXGL Background Thread 3 ] DEBUG Engine               - Logging environment variables
21:52:10.236 [FXGL Background Thread 3 ] DEBUG Engine               - achievements: []
21:52:10.236 [FXGL Background Thread 3 ] DEBUG Engine               - actualHeight: 720.0
21:52:10.236 [FXGL Background Thread 3 ] DEBUG Engine               - actualHeightProperty: ReadOnlyDoubleProperty [value: 720.0]
21:52:10.236 [FXGL Background Thread 3 ] DEBUG Engine               - actualWidth: 1500.0
21:52:10.236 [FXGL Background Thread 3 ] DEBUG Engine               - actualWidthProperty: ReadOnlyDoubleProperty [value: 1500.0]
21:52:10.237 [FXGL Background Thread 3 ] DEBUG Engine               - appIcon: fxgl_icon.png
21:52:10.237 [FXGL Background Thread 3 ] DEBUG Engine               - applicationMode: DEVELOPER
21:52:10.237 [FXGL Background Thread 3 ] DEBUG Engine               - cSSList: [fxgl_dark.css]
21:52:10.237 [FXGL Background Thread 3 ] DEBUG Engine               - collisionDetectionStrategy: BRUTE_FORCE
21:52:10.237 [FXGL Background Thread 3 ] DEBUG Engine               - configClass: Optional.empty
21:52:10.237 [FXGL Background Thread 3 ] DEBUG Engine               - credits: []
21:52:10.237 [FXGL Background Thread 3 ] DEBUG Engine               - defaultCursor: CursorInfo(imageName=fxgl_default_cursor.png, hotspotX=7.0, hotspotY=6.0)
21:52:10.237 [FXGL Background Thread 3 ] DEBUG Engine               - devBBoxColorProperty: ObjectProperty [value: 0xff0000ff]
21:52:10.237 [FXGL Background Thread 3 ] DEBUG Engine               - devEnableDebugCameraProperty: BooleanProperty [value: false]
21:52:10.237 [FXGL Background Thread 3 ] DEBUG Engine               - devSensorColorProperty: ObjectProperty [value: 0xffff00ff]
21:52:10.237 [FXGL Background Thread 3 ] DEBUG Engine               - devShowBBoxProperty: BooleanProperty [value: false]
21:52:10.237 [FXGL Background Thread 3 ] DEBUG Engine               - devShowPositionProperty: BooleanProperty [value: false]
21:52:10.237 [FXGL Background Thread 3 ] DEBUG Engine               - enabledMenuItems: []
21:52:10.237 [FXGL Background Thread 3 ] DEBUG Engine               - engineServices: [class com.almasb.fxgl.app.services.FXGLAssetLoaderService, class com.almasb.fxgl.app.FXGLApplication$GameApplicationService, class com.almasb.fxgl.app.services.FXGLDialogService, class com.almasb.fxgl.app.services.IOTaskExecutorService, class com.almasb.fxgl.io.FileSystemService, class com.almasb.fxgl.localization.LocalizationService, class com.almasb.fxgl.app.services.SystemBundleService, class com.almasb.fxgl.profile.SaveLoadService, class com.almasb.fxgl.ui.FXGLUIFactoryServiceProvider, class com.almasb.fxgl.ui.FXGLDialogFactoryServiceProvider, class com.almasb.fxgl.audio.AudioPlayer, class com.almasb.fxgl.notification.impl.NotificationServiceProvider, class com.almasb.fxgl.achievement.AchievementService, class com.almasb.fxgl.cutscene.CutsceneService, class com.almasb.fxgl.minigames.MiniGameService, class com.almasb.fxgl.net.NetService, class com.almasb.fxgl.app.services.UpdaterService, class com.almasb.fxgl.dev.DevService]
21:52:10.237 [FXGL Background Thread 3 ] DEBUG Engine               - fontGame: Abel-Regular.ttf
21:52:10.237 [FXGL Background Thread 3 ] DEBUG Engine               - fontMono: TerminalLandMono-Regular.otf
21:52:10.238 [FXGL Background Thread 3 ] DEBUG Engine               - fontText: Courier-Prime.ttf
21:52:10.238 [FXGL Background Thread 3 ] DEBUG Engine               - fontUI: VarelaRound-Regular.ttf
21:52:10.238 [FXGL Background Thread 3 ] DEBUG Engine               - fullScreen: BooleanProperty [value: false]
21:52:10.238 [FXGL Background Thread 3 ] DEBUG Engine               - gameDifficulty: MEDIUM
21:52:10.238 [FXGL Background Thread 3 ] DEBUG Engine               - gameDifficultyProperty: ObjectProperty [value: MEDIUM]
21:52:10.238 [FXGL Background Thread 3 ] DEBUG Engine               - globalMusicVolume: 0.5
21:52:10.238 [FXGL Background Thread 3 ] DEBUG Engine               - globalMusicVolumeProperty: DoubleProperty [value: 0.25]
21:52:10.238 [FXGL Background Thread 3 ] DEBUG Engine               - globalSoundVolume: 0.5
21:52:10.238 [FXGL Background Thread 3 ] DEBUG Engine               - globalSoundVolumeProperty: DoubleProperty [value: 0.5]
21:52:10.238 [FXGL Background Thread 3 ] DEBUG Engine               - height: 720
21:52:10.238 [FXGL Background Thread 3 ] DEBUG Engine               - is3D: false
21:52:10.238 [FXGL Background Thread 3 ] DEBUG Engine               - isAndroid: false
21:52:10.238 [FXGL Background Thread 3 ] DEBUG Engine               - isBrowser: false
21:52:10.238 [FXGL Background Thread 3 ] DEBUG Engine               - isClickFeedbackEnabled: false
21:52:10.238 [FXGL Background Thread 3 ] DEBUG Engine               - isCloseConfirmation: false
21:52:10.239 [FXGL Background Thread 3 ] DEBUG Engine               - isDesktop: true
21:52:10.239 [FXGL Background Thread 3 ] DEBUG Engine               - isDeveloperMenuEnabled: false
21:52:10.239 [FXGL Background Thread 3 ] DEBUG Engine               - isEmbedded: false
21:52:10.239 [FXGL Background Thread 3 ] DEBUG Engine               - isEntityPreloadEnabled: true
21:52:10.239 [FXGL Background Thread 3 ] DEBUG Engine               - isExperimentalTiledLargeMap: false
21:52:10.239 [FXGL Background Thread 3 ] DEBUG Engine               - isFileSystemWriteAllowed: true
21:52:10.239 [FXGL Background Thread 3 ] DEBUG Engine               - isFullScreenAllowed: false
21:52:10.239 [FXGL Background Thread 3 ] DEBUG Engine               - isFullScreenFromStart: false
21:52:10.239 [FXGL Background Thread 3 ] DEBUG Engine               - isGameMenuEnabled: true
21:52:10.239 [FXGL Background Thread 3 ] DEBUG Engine               - isIOS: false
21:52:10.239 [FXGL Background Thread 3 ] DEBUG Engine               - isIntroEnabled: false
21:52:10.239 [FXGL Background Thread 3 ] DEBUG Engine               - isLinux: false
21:52:10.239 [FXGL Background Thread 3 ] DEBUG Engine               - isMac: false
21:52:10.239 [FXGL Background Thread 3 ] DEBUG Engine               - isMainMenuEnabled: false
21:52:10.239 [FXGL Background Thread 3 ] DEBUG Engine               - isManualResizeEnabled: false
21:52:10.239 [FXGL Background Thread 3 ] DEBUG Engine               - isMobile: false
21:52:10.239 [FXGL Background Thread 3 ] DEBUG Engine               - isNative: false
21:52:10.239 [FXGL Background Thread 3 ] DEBUG Engine               - isPauseMusicWhenMinimized: true
21:52:10.239 [FXGL Background Thread 3 ] DEBUG Engine               - isPreserveResizeRatio: false
21:52:10.239 [FXGL Background Thread 3 ] DEBUG Engine               - isProfilingEnabled: false
21:52:10.240 [FXGL Background Thread 3 ] DEBUG Engine               - isScaleAffectedOnResize: true
21:52:10.240 [FXGL Background Thread 3 ] DEBUG Engine               - isSingleStep: false
21:52:10.240 [FXGL Background Thread 3 ] DEBUG Engine               - isUserProfileEnabled: false
21:52:10.240 [FXGL Background Thread 3 ] DEBUG Engine               - isWindows: true
21:52:10.240 [FXGL Background Thread 3 ] DEBUG Engine               - language: ObjectProperty [value: ENGLISH]
21:52:10.240 [FXGL Background Thread 3 ] DEBUG Engine               - menuKey: ESCAPE
21:52:10.240 [FXGL Background Thread 3 ] DEBUG Engine               - mouseSensitivity: 0.2
21:52:10.240 [FXGL Background Thread 3 ] DEBUG Engine               - notificationViewClass: class com.almasb.fxgl.notification.view.XboxNotificationView
21:52:10.240 [FXGL Background Thread 3 ] DEBUG Engine               - pixelsPerMeter: 50.0
21:52:10.240 [FXGL Background Thread 3 ] DEBUG Engine               - platform: WINDOWS
21:52:10.240 [FXGL Background Thread 3 ] DEBUG Engine               - prefHeightProperty: ReadOnlyDoubleProperty [value: 720.0]
21:52:10.240 [FXGL Background Thread 3 ] DEBUG Engine               - prefWidthProperty: ReadOnlyDoubleProperty [value: 1500.0]
21:52:10.240 [FXGL Background Thread 3 ] DEBUG Engine               - profileDir: profiles/
21:52:10.240 [FXGL Background Thread 3 ] DEBUG Engine               - profileName: StringProperty [value: DEFAULT]
21:52:10.240 [FXGL Background Thread 3 ] DEBUG Engine               - randomSeed: -1
21:52:10.240 [FXGL Background Thread 3 ] DEBUG Engine               - runtimeInfo: RuntimeInfo(platform=WINDOWS, version=17, build=31.12.2021 18.16)
21:52:10.240 [FXGL Background Thread 3 ] DEBUG Engine               - saveFileExt: sav
21:52:10.240 [FXGL Background Thread 3 ] DEBUG Engine               - scaledHeightProp$fxgl: DoubleProperty [bound, value: 720.0]
21:52:10.240 [FXGL Background Thread 3 ] DEBUG Engine               - scaledWidthProp$fxgl: DoubleProperty [bound, value: 1500.0]
21:52:10.240 [FXGL Background Thread 3 ] DEBUG Engine               - sceneFactory: game.PlatformerApp$1@355ff87e
21:52:10.240 [FXGL Background Thread 3 ] DEBUG Engine               - secondsIn24h: 60
21:52:10.241 [FXGL Background Thread 3 ] DEBUG Engine               - soundMenuBack: menu/back.wav
21:52:10.241 [FXGL Background Thread 3 ] DEBUG Engine               - soundMenuPress: menu/press.wav
21:52:10.241 [FXGL Background Thread 3 ] DEBUG Engine               - soundMenuSelect: menu/select.wav
21:52:10.241 [FXGL Background Thread 3 ] DEBUG Engine               - soundNotification: core/notification.wav
21:52:10.241 [FXGL Background Thread 3 ] DEBUG Engine               - stageStyle: DECORATED
21:52:10.241 [FXGL Background Thread 3 ] DEBUG Engine               - supportedLanguages: [ENGLISH, FRENCH, GERMAN, HUNGARIAN, RUSSIAN]
21:52:10.241 [FXGL Background Thread 3 ] DEBUG Engine               - ticksPerSecond: -1
21:52:10.241 [FXGL Background Thread 3 ] DEBUG Engine               - title: Untitled
21:52:10.241 [FXGL Background Thread 3 ] DEBUG Engine               - urlGithub: https://github.com/AlmasB/FXGL
21:52:10.241 [FXGL Background Thread 3 ] DEBUG Engine               - urlLeaderboard: http://fxgl-top.herokuapp.com/
21:52:10.241 [FXGL Background Thread 3 ] DEBUG Engine               - urlPOM: https://raw.githubusercontent.com/AlmasB/FXGL/release/README.md
21:52:10.241 [FXGL Background Thread 3 ] DEBUG Engine               - userAppClass: class game.PlatformerApp
21:52:10.241 [FXGL Background Thread 3 ] DEBUG Engine               - version: 0.0
21:52:10.241 [FXGL Background Thread 3 ] DEBUG Engine               - versionCheckDays: 7
21:52:10.241 [FXGL Background Thread 3 ] DEBUG Engine               - width: 1500
21:52:10.241 [FXGL Background Thread 3 ] DEBUG Engine               - Logging services
21:52:10.241 [FXGL Background Thread 3 ] DEBUG Engine               - class com.almasb.fxgl.app.services.FXGLAssetLoaderService
21:52:10.241 [FXGL Background Thread 3 ] DEBUG Engine               - class com.almasb.fxgl.app.FXGLApplication$GameApplicationService
21:52:10.241 [FXGL Background Thread 3 ] DEBUG Engine               - class com.almasb.fxgl.app.services.FXGLDialogService
21:52:10.241 [FXGL Background Thread 3 ] DEBUG Engine               - class com.almasb.fxgl.app.services.IOTaskExecutorService
21:52:10.241 [FXGL Background Thread 3 ] DEBUG Engine               - class com.almasb.fxgl.io.FileSystemService
21:52:10.241 [FXGL Background Thread 3 ] DEBUG Engine               - class com.almasb.fxgl.localization.LocalizationService
21:52:10.241 [FXGL Background Thread 3 ] DEBUG Engine               - class com.almasb.fxgl.app.services.SystemBundleService
21:52:10.241 [FXGL Background Thread 3 ] DEBUG Engine               - class com.almasb.fxgl.profile.SaveLoadService
21:52:10.241 [FXGL Background Thread 3 ] DEBUG Engine               - class com.almasb.fxgl.ui.FXGLUIFactoryServiceProvider
21:52:10.241 [FXGL Background Thread 3 ] DEBUG Engine               - class com.almasb.fxgl.ui.FXGLDialogFactoryServiceProvider
21:52:10.241 [FXGL Background Thread 3 ] DEBUG Engine               - class com.almasb.fxgl.audio.AudioPlayer
21:52:10.241 [FXGL Background Thread 3 ] DEBUG Engine               - class com.almasb.fxgl.notification.impl.NotificationServiceProvider
21:52:10.241 [FXGL Background Thread 3 ] DEBUG Engine               - class com.almasb.fxgl.achievement.AchievementService
21:52:10.241 [FXGL Background Thread 3 ] DEBUG Engine               - class com.almasb.fxgl.cutscene.CutsceneService
21:52:10.241 [FXGL Background Thread 3 ] DEBUG Engine               - class com.almasb.fxgl.minigames.MiniGameService
21:52:10.242 [FXGL Background Thread 3 ] DEBUG Engine               - class com.almasb.fxgl.net.NetService
21:52:10.242 [FXGL Background Thread 3 ] DEBUG Engine               - class com.almasb.fxgl.app.services.UpdaterService
21:52:10.242 [FXGL Background Thread 3 ] DEBUG Engine               - class com.almasb.fxgl.dev.DevService
21:52:39.181 [JavaFX Application Thread] DEBUG FXGLApplication      - Exiting FXGL
21:52:39.181 [JavaFX Application Thread] DEBUG Async                - Shutting down background threads
21:52:39.181 [JavaFX Application Thread] DEBUG PrimaryStageWindow   - Closing main window
21:52:39.191 [JavaFX Application Thread] DEBUG Logger               - Closing Logger
