22:07:37.407 [main                     ] DEBUG Logger               - Configured Logger
22:07:37.427 [main                     ] DEBUG GameApplication      - Logging settings
Title: Untitled
Version: 0.0
Width: 1500
Height: 720
Fullscreen: false
Intro: false
Profiling: false
Single step:false
App Mode: DEVELOPER
Menu Key: ESCAPE
Stage Style: DECORATED
Scene Factory: class game.PlatformerApp$1

22:07:37.761 [JavaFX Application Thread] DEBUG FXGLApplication      - Initializing FXGL
22:07:37.764 [JavaFX Application Thread] INFO  Engine               - FXGL-17 (31.12.2021 18.16) on WINDOWS (J:20 FX:17.0.0.1)
22:07:37.764 [JavaFX Application Thread] DEBUG Engine               - JRE Vendor Name: Oracle Corporation
22:07:37.765 [JavaFX Application Thread] DEBUG Engine               - Running on OS: Windows 10 version 10.0
22:07:37.765 [JavaFX Application Thread] DEBUG Engine               - Architecture: amd64
22:07:37.765 [JavaFX Application Thread] INFO  Engine               - Source code and latest versions at: https://github.com/AlmasB/FXGL
22:07:37.765 [JavaFX Application Thread] INFO  Engine               -       Ask questions and discuss at: https://github.com/AlmasB/FXGL/discussions
22:07:37.765 [JavaFX Application Thread] INFO  Engine               -              Join the FXGL chat at: https://gitter.im/AlmasB/FXGL
22:07:37.834 [JavaFX Application Thread] DEBUG PrimaryStageWindow   - Creating a JavaFX scene
22:07:37.869 [JavaFX Application Thread] DEBUG PrimaryStageWindow   - Target settings size: 1500.0 x 720.0
22:07:37.870 [JavaFX Application Thread] DEBUG PrimaryStageWindow   - Scaled scene size:    1500.0 x 720.0
22:07:37.870 [JavaFX Application Thread] DEBUG PrimaryStageWindow   - Scaled ratio: (1.0, 1.0)
22:07:37.870 [JavaFX Application Thread] DEBUG PrimaryStageWindow   - Set initial scene to FXGLStartupScene
22:07:37.875 [JavaFX Application Thread] DEBUG PrimaryStageWindow   - Opening main window
22:07:37.954 [JavaFX Application Thread] DEBUG PrimaryStageWindow   - Window border size: (16.0, 39.0)
22:07:37.954 [JavaFX Application Thread] DEBUG PrimaryStageWindow   - Scaled size: 1500.0 x 720.0
22:07:37.954 [JavaFX Application Thread] DEBUG PrimaryStageWindow   - Scaled ratio: (1.0, 1.0)
22:07:37.954 [JavaFX Application Thread] DEBUG PrimaryStageWindow   - Scene size: 1500.0 x 720.0
22:07:37.955 [JavaFX Application Thread] DEBUG PrimaryStageWindow   - Stage size: 1516.0 x 759.0
22:07:37.960 [FXGL Background Thread 1 ] DEBUG Engine               - Initializing environment variables
22:07:38.000 [FXGL Background Thread 1 ] DEBUG FXGLAssetLoaderServi - User app class for loading assets: class game.PlatformerApp
22:07:38.000 [FXGL Background Thread 1 ] DEBUG GameApplicationServi - Applying CSS: fxgl_dark.css
22:07:38.001 [FXGL Background Thread 1 ] DEBUG FXGLAssetLoaderServi - Loading from file system: jar:file:///C:/Users/Admin/.m2/repository/com/github/almasb/fxgl/17/fxgl-17.jar!/fxglassets/ui/css/fxgl_dark.css
22:07:38.034 [FXGL Background Thread 1 ] DEBUG GameApplicationServi - Initializing application scenes
22:07:38.061 [FXGL Background Thread 1 ] DEBUG FXGLAssetLoaderServi - Loading from file system: file:/X:/Programming/Mario/target/classes/assets/textures/player.png
22:07:38.078 [FXGL Background Thread 1 ] DEBUG GameWorld            - Game world initialized
22:07:38.126 [FXGL Background Thread 1 ] DEBUG PhysicsWorld         - Physics world initialized: appHeight=720, physics.ppm=50,0
22:07:38.126 [FXGL Background Thread 1 ] DEBUG PhysicsWorld         - Using strategy: BRUTE_FORCE
22:07:38.129 [FXGL Background Thread 1 ] DEBUG GameScene            - Game scene initialized: 1500x720
22:07:38.135 [FXGL Background Thread 1 ] DEBUG FXGL.DefaultMenu     - createMenuBodyGameMenu()
22:07:38.148 [FXGL Background Thread 1 ] DEBUG FXGL.DefaultMenu     - createOptionsMenu()
22:07:38.153 [FXGL Background Thread 1 ] DEBUG FXGLAssetLoaderServi - Loading from file system: jar:file:///C:/Users/Admin/.m2/repository/com/github/almasb/fxgl/17/fxgl-17.jar!/fxglassets/textures/particles/smoke.png
22:07:38.226 [FXGL Background Thread 1 ] DEBUG FXGLAssetLoaderServi - Loading from file system: jar:file:///C:/Users/Admin/.m2/repository/com/github/almasb/fxgl/17/fxgl-17.jar!/fxglassets/textures/particles/trace_horizontal.png
22:07:38.251 [FXGL Background Thread 1 ] DEBUG GameApplicationServi - Application scenes initialized
22:07:38.259 [FXGL Background Thread 1 ] DEBUG SystemBundleService  - Loading FXGL system data
22:07:38.262 [FXGL Background Thread 1 ] DEBUG FileSystemAccess     - Reading from: X:\Programming\Mario\system\fxgl.bundle
22:07:38.271 [FXGL Background Thread 1 ] DEBUG SystemBundleService  - Bundle FXGL: {}
22:07:38.271 [FXGL Background Thread 1 ] DEBUG UpdaterService       - Checking for updates
22:07:38.275 [FXGL Background Thread 4 ] DEBUG FXGLApplication      - Loading fonts
22:07:38.275 [FXGL Background Thread 1 ] DEBUG FXGLApplication      - Loading default localization
22:07:38.275 [FXGL Background Thread 4 ] DEBUG FXGLAssetLoaderServi - Loading from file system: jar:file:///C:/Users/Admin/.m2/repository/com/github/almasb/fxgl/17/fxgl-17.jar!/fxglassets/ui/fonts/VarelaRound-Regular.ttf
22:07:38.276 [FXGL Background Thread 1 ] DEBUG FXGLAssetLoaderServi - Loading from file system: jar:file:///C:/Users/Admin/.m2/repository/com/github/almasb/fxgl/17/fxgl-17.jar!/fxglassets/languages/english.lang
22:07:38.299 [FXGL Background Thread 1 ] INFO  FXGLApplication      - FXGL initialization took: 0,340 sec
22:07:38.310 [JavaFX Application Thread] DEBUG Input                - Registered new binding: Left - A
22:07:38.310 [JavaFX Application Thread] DEBUG Input                - Registered new binding: Right - D
22:07:38.310 [JavaFX Application Thread] DEBUG Input                - Registered new binding: Jump - W
22:07:38.310 [JavaFX Application Thread] DEBUG Input                - Registered new binding: Use - E
22:07:38.310 [JavaFX Application Thread] DEBUG FXGLAssetLoaderServi - Loading from file system: jar:file:///C:/Users/Admin/.m2/repository/com/github/almasb/fxgl/17/fxgl-17.jar!/fxglassets/textures/fxgl_icon.png
22:07:38.326 [JavaFX Application Thread] DEBUG FXGLAssetLoaderServi - Loading from file system: jar:file:///C:/Users/Admin/.m2/repository/com/github/almasb/fxgl/17/fxgl-17.jar!/fxglassets/textures/fxgl_default_cursor.png
22:07:38.328 [JavaFX Application Thread] DEBUG Input                - Registered new binding: Screenshot - CTRL+8
22:07:38.328 [JavaFX Application Thread] DEBUG Input                - Registered new binding: System info dump - CTRL+9
22:07:38.329 [JavaFX Application Thread] DEBUG Input                - Registered new binding: Restart - CTRL+R
22:07:38.329 [JavaFX Application Thread] DEBUG Input                - Registered new binding: Toggle Debug Camera - CTRL+7
22:07:38.331 [JavaFX Application Thread] DEBUG LoopRunner           - Starting loop
22:07:38.331 [JavaFX Application Thread] DEBUG LoopRunner           - Initializing JavaFX AnimationTimerLoop
22:07:38.331 [JavaFX Application Thread] DEBUG GameApplicationServi - Starting new game
22:07:38.332 [JavaFX Application Thread] DEBUG Input                - Clearing active input actions
22:07:38.341 [JavaFX Application Thread] DEBUG GameApplicationServi - Removing overlay from FXGLStartupScene and adding to MainLoadingScene
22:07:38.341 [JavaFX Application Thread] DEBUG PrimaryStageWindow   - FXGLStartupScene -> MainLoadingScene
22:07:38.341 [JavaFX Application Thread] DEBUG GameApplicationServi - Clearing previous game
22:07:38.341 [JavaFX Application Thread] DEBUG GameScene            - Clearing game scene
22:07:38.342 [JavaFX Application Thread] DEBUG GameWorld            - Clearing game world
22:07:38.342 [JavaFX Application Thread] DEBUG PhysicsWorld         - Clearing physics world
22:07:38.343 [FXGL Background Thread 1 ] DEBUG FXGLApplication      - Initializing game
22:07:38.359 [FXGL Background Thread 4 ] DEBUG FXGLAssetLoaderServi - Loading from file system: jar:file:///C:/Users/Admin/.m2/repository/com/github/almasb/fxgl/17/fxgl-17.jar!/fxglassets/ui/fonts/Abel-Regular.ttf
22:07:38.368 [FXGL Background Thread 4 ] DEBUG FXGLAssetLoaderServi - Loading from file system: jar:file:///C:/Users/Admin/.m2/repository/com/github/almasb/fxgl/17/fxgl-17.jar!/fxglassets/ui/fonts/TerminalLandMono-Regular.otf
22:07:38.374 [FXGL Background Thread 1 ] WARN  TMXLevelLoader       - TiledMap generated from 1.10.1. Supported version: 1.2.3. Some features may not be parsed fully.
22:07:38.377 [FXGL Background Thread 4 ] DEBUG FXGLAssetLoaderServi - Loading from file system: jar:file:///C:/Users/Admin/.m2/repository/com/github/almasb/fxgl/17/fxgl-17.jar!/fxglassets/ui/fonts/Courier-Prime.ttf
22:07:38.380 [FXGL Background Thread 1 ] DEBUG TMXLevelLoader       - Parsed TiledMap: file:/X:/Programming/Mario/target/classes/assets/levels/tmx/test%20(1).tmx
22:07:38.381 [FXGL Background Thread 1 ] DEBUG TMXLevelLoader       - Creating tile layer entities
22:07:38.388 [FXGL Background Thread 1 ] DEBUG TilesetLoader        - Loading view for layer Tile Layer 1
22:07:38.390 [FXGL Background Thread 1 ] DEBUG TilesetLoader        - Created buffer with size 1050.0x700.0
22:07:38.393 [JavaFX Application Thread] DEBUG FXGLApplication      - Registering font factories with UI factory
22:07:38.410 [FXGL Background Thread 1 ] DEBUG TMXLevelLoader       - Creating object layer entities
22:07:38.426 [FXGL Background Thread 1 ] DEBUG GameWorld            - Clearing removable entities
22:07:38.427 [FXGL Background Thread 1 ] DEBUG GameWorld            - Setting level: com.almasb.fxgl.entity.level.Level@5aceadfe
22:07:38.449 [FXGL Background Thread 1 ] DEBUG FXGLAssetLoaderServi - Loading from file system: file:/X:/Programming/Mario/target/classes/assets/textures/background/background.png
22:07:38.466 [FXGL Background Thread 1 ] INFO  FXGLApplication      - Game initialization took: 0,123 sec
22:07:38.466 [JavaFX Application Thread] DEBUG Input                - Clearing active input actions
22:07:38.471 [JavaFX Application Thread] DEBUG GameApplicationServi - Removing overlay from MainLoadingScene and adding to GameScene
22:07:38.471 [JavaFX Application Thread] DEBUG PrimaryStageWindow   - MainLoadingScene -> GameScene
22:07:38.648 [FXGL Background Thread 2 ] INFO  UpdaterService       - Your current version:  17
22:07:38.648 [FXGL Background Thread 2 ] INFO  UpdaterService       - Latest stable version: 17.3
22:07:41.275 [FXGL Background Thread 3 ] DEBUG Engine               - Logging environment variables
22:07:41.275 [FXGL Background Thread 3 ] DEBUG Engine               - achievements: []
22:07:41.275 [FXGL Background Thread 3 ] DEBUG Engine               - actualHeight: 720.0
22:07:41.275 [FXGL Background Thread 3 ] DEBUG Engine               - actualHeightProperty: ReadOnlyDoubleProperty [value: 720.0]
22:07:41.275 [FXGL Background Thread 3 ] DEBUG Engine               - actualWidth: 1500.0
22:07:41.275 [FXGL Background Thread 3 ] DEBUG Engine               - actualWidthProperty: ReadOnlyDoubleProperty [value: 1500.0]
22:07:41.276 [FXGL Background Thread 3 ] DEBUG Engine               - appIcon: fxgl_icon.png
22:07:41.276 [FXGL Background Thread 3 ] DEBUG Engine               - applicationMode: DEVELOPER
22:07:41.276 [FXGL Background Thread 3 ] DEBUG Engine               - cSSList: [fxgl_dark.css]
22:07:41.276 [FXGL Background Thread 3 ] DEBUG Engine               - collisionDetectionStrategy: BRUTE_FORCE
22:07:41.276 [FXGL Background Thread 3 ] DEBUG Engine               - configClass: Optional.empty
22:07:41.276 [FXGL Background Thread 3 ] DEBUG Engine               - credits: []
22:07:41.276 [FXGL Background Thread 3 ] DEBUG Engine               - defaultCursor: CursorInfo(imageName=fxgl_default_cursor.png, hotspotX=7.0, hotspotY=6.0)
22:07:41.276 [FXGL Background Thread 3 ] DEBUG Engine               - devBBoxColorProperty: ObjectProperty [value: 0xff0000ff]
22:07:41.276 [FXGL Background Thread 3 ] DEBUG Engine               - devEnableDebugCameraProperty: BooleanProperty [value: false]
22:07:41.276 [FXGL Background Thread 3 ] DEBUG Engine               - devSensorColorProperty: ObjectProperty [value: 0xffff00ff]
22:07:41.276 [FXGL Background Thread 3 ] DEBUG Engine               - devShowBBoxProperty: BooleanProperty [value: false]
22:07:41.276 [FXGL Background Thread 3 ] DEBUG Engine               - devShowPositionProperty: BooleanProperty [value: false]
22:07:41.277 [FXGL Background Thread 3 ] DEBUG Engine               - enabledMenuItems: []
22:07:41.277 [FXGL Background Thread 3 ] DEBUG Engine               - engineServices: [class com.almasb.fxgl.app.services.FXGLAssetLoaderService, class com.almasb.fxgl.app.FXGLApplication$GameApplicationService, class com.almasb.fxgl.app.services.FXGLDialogService, class com.almasb.fxgl.app.services.IOTaskExecutorService, class com.almasb.fxgl.io.FileSystemService, class com.almasb.fxgl.localization.LocalizationService, class com.almasb.fxgl.app.services.SystemBundleService, class com.almasb.fxgl.profile.SaveLoadService, class com.almasb.fxgl.ui.FXGLUIFactoryServiceProvider, class com.almasb.fxgl.ui.FXGLDialogFactoryServiceProvider, class com.almasb.fxgl.audio.AudioPlayer, class com.almasb.fxgl.notification.impl.NotificationServiceProvider, class com.almasb.fxgl.achievement.AchievementService, class com.almasb.fxgl.cutscene.CutsceneService, class com.almasb.fxgl.minigames.MiniGameService, class com.almasb.fxgl.net.NetService, class com.almasb.fxgl.app.services.UpdaterService, class com.almasb.fxgl.dev.DevService]
22:07:41.277 [FXGL Background Thread 3 ] DEBUG Engine               - fontGame: Abel-Regular.ttf
22:07:41.277 [FXGL Background Thread 3 ] DEBUG Engine               - fontMono: TerminalLandMono-Regular.otf
22:07:41.277 [FXGL Background Thread 3 ] DEBUG Engine               - fontText: Courier-Prime.ttf
22:07:41.277 [FXGL Background Thread 3 ] DEBUG Engine               - fontUI: VarelaRound-Regular.ttf
22:07:41.277 [FXGL Background Thread 3 ] DEBUG Engine               - fullScreen: BooleanProperty [value: false]
22:07:41.277 [FXGL Background Thread 3 ] DEBUG Engine               - gameDifficulty: MEDIUM
22:07:41.277 [FXGL Background Thread 3 ] DEBUG Engine               - gameDifficultyProperty: ObjectProperty [value: MEDIUM]
22:07:41.277 [FXGL Background Thread 3 ] DEBUG Engine               - globalMusicVolume: 0.5
22:07:41.277 [FXGL Background Thread 3 ] DEBUG Engine               - globalMusicVolumeProperty: DoubleProperty [value: 0.25]
22:07:41.277 [FXGL Background Thread 3 ] DEBUG Engine               - globalSoundVolume: 0.5
22:07:41.277 [FXGL Background Thread 3 ] DEBUG Engine               - globalSoundVolumeProperty: DoubleProperty [value: 0.5]
22:07:41.277 [FXGL Background Thread 3 ] DEBUG Engine               - height: 720
22:07:41.277 [FXGL Background Thread 3 ] DEBUG Engine               - is3D: false
22:07:41.277 [FXGL Background Thread 3 ] DEBUG Engine               - isAndroid: false
22:07:41.277 [FXGL Background Thread 3 ] DEBUG Engine               - isBrowser: false
22:07:41.277 [FXGL Background Thread 3 ] DEBUG Engine               - isClickFeedbackEnabled: false
22:07:41.278 [FXGL Background Thread 3 ] DEBUG Engine               - isCloseConfirmation: false
22:07:41.278 [FXGL Background Thread 3 ] DEBUG Engine               - isDesktop: true
22:07:41.278 [FXGL Background Thread 3 ] DEBUG Engine               - isDeveloperMenuEnabled: false
22:07:41.278 [FXGL Background Thread 3 ] DEBUG Engine               - isEmbedded: false
22:07:41.278 [FXGL Background Thread 3 ] DEBUG Engine               - isEntityPreloadEnabled: true
22:07:41.278 [FXGL Background Thread 3 ] DEBUG Engine               - isExperimentalTiledLargeMap: false
22:07:41.278 [FXGL Background Thread 3 ] DEBUG Engine               - isFileSystemWriteAllowed: true
22:07:41.278 [FXGL Background Thread 3 ] DEBUG Engine               - isFullScreenAllowed: false
22:07:41.278 [FXGL Background Thread 3 ] DEBUG Engine               - isFullScreenFromStart: false
22:07:41.278 [FXGL Background Thread 3 ] DEBUG Engine               - isGameMenuEnabled: true
22:07:41.278 [FXGL Background Thread 3 ] DEBUG Engine               - isIOS: false
22:07:41.278 [FXGL Background Thread 3 ] DEBUG Engine               - isIntroEnabled: false
22:07:41.278 [FXGL Background Thread 3 ] DEBUG Engine               - isLinux: false
22:07:41.278 [FXGL Background Thread 3 ] DEBUG Engine               - isMac: false
22:07:41.278 [FXGL Background Thread 3 ] DEBUG Engine               - isMainMenuEnabled: false
22:07:41.278 [FXGL Background Thread 3 ] DEBUG Engine               - isManualResizeEnabled: false
22:07:41.278 [FXGL Background Thread 3 ] DEBUG Engine               - isMobile: false
22:07:41.278 [FXGL Background Thread 3 ] DEBUG Engine               - isNative: false
22:07:41.278 [FXGL Background Thread 3 ] DEBUG Engine               - isPauseMusicWhenMinimized: true
22:07:41.278 [FXGL Background Thread 3 ] DEBUG Engine               - isPreserveResizeRatio: false
22:07:41.278 [FXGL Background Thread 3 ] DEBUG Engine               - isProfilingEnabled: false
22:07:41.278 [FXGL Background Thread 3 ] DEBUG Engine               - isScaleAffectedOnResize: true
22:07:41.278 [FXGL Background Thread 3 ] DEBUG Engine               - isSingleStep: false
22:07:41.278 [FXGL Background Thread 3 ] DEBUG Engine               - isUserProfileEnabled: false
22:07:41.279 [FXGL Background Thread 3 ] DEBUG Engine               - isWindows: true
22:07:41.279 [FXGL Background Thread 3 ] DEBUG Engine               - language: ObjectProperty [value: ENGLISH]
22:07:41.279 [FXGL Background Thread 3 ] DEBUG Engine               - menuKey: ESCAPE
22:07:41.279 [FXGL Background Thread 3 ] DEBUG Engine               - mouseSensitivity: 0.2
22:07:41.279 [FXGL Background Thread 3 ] DEBUG Engine               - notificationViewClass: class com.almasb.fxgl.notification.view.XboxNotificationView
22:07:41.279 [FXGL Background Thread 3 ] DEBUG Engine               - pixelsPerMeter: 50.0
22:07:41.279 [FXGL Background Thread 3 ] DEBUG Engine               - platform: WINDOWS
22:07:41.279 [FXGL Background Thread 3 ] DEBUG Engine               - prefHeightProperty: ReadOnlyDoubleProperty [value: 720.0]
22:07:41.279 [FXGL Background Thread 3 ] DEBUG Engine               - prefWidthProperty: ReadOnlyDoubleProperty [value: 1500.0]
22:07:41.279 [FXGL Background Thread 3 ] DEBUG Engine               - profileDir: profiles/
22:07:41.279 [FXGL Background Thread 3 ] DEBUG Engine               - profileName: StringProperty [value: DEFAULT]
22:07:41.279 [FXGL Background Thread 3 ] DEBUG Engine               - randomSeed: -1
22:07:41.279 [FXGL Background Thread 3 ] DEBUG Engine               - runtimeInfo: RuntimeInfo(platform=WINDOWS, version=17, build=31.12.2021 18.16)
22:07:41.279 [FXGL Background Thread 3 ] DEBUG Engine               - saveFileExt: sav
22:07:41.279 [FXGL Background Thread 3 ] DEBUG Engine               - scaledHeightProp$fxgl: DoubleProperty [bound, value: 720.0]
22:07:41.279 [FXGL Background Thread 3 ] DEBUG Engine               - scaledWidthProp$fxgl: DoubleProperty [bound, value: 1500.0]
22:07:41.279 [FXGL Background Thread 3 ] DEBUG Engine               - sceneFactory: game.PlatformerApp$1@2a9a76dc
22:07:41.279 [FXGL Background Thread 3 ] DEBUG Engine               - secondsIn24h: 60
22:07:41.279 [FXGL Background Thread 3 ] DEBUG Engine               - soundMenuBack: menu/back.wav
22:07:41.279 [FXGL Background Thread 3 ] DEBUG Engine               - soundMenuPress: menu/press.wav
22:07:41.279 [FXGL Background Thread 3 ] DEBUG Engine               - soundMenuSelect: menu/select.wav
22:07:41.280 [FXGL Background Thread 3 ] DEBUG Engine               - soundNotification: core/notification.wav
22:07:41.280 [FXGL Background Thread 3 ] DEBUG Engine               - stageStyle: DECORATED
22:07:41.280 [FXGL Background Thread 3 ] DEBUG Engine               - supportedLanguages: [ENGLISH, FRENCH, GERMAN, HUNGARIAN, RUSSIAN]
22:07:41.280 [FXGL Background Thread 3 ] DEBUG Engine               - ticksPerSecond: -1
22:07:41.280 [FXGL Background Thread 3 ] DEBUG Engine               - title: Untitled
22:07:41.280 [FXGL Background Thread 3 ] DEBUG Engine               - urlGithub: https://github.com/AlmasB/FXGL
22:07:41.280 [FXGL Background Thread 3 ] DEBUG Engine               - urlLeaderboard: http://fxgl-top.herokuapp.com/
22:07:41.280 [FXGL Background Thread 3 ] DEBUG Engine               - urlPOM: https://raw.githubusercontent.com/AlmasB/FXGL/release/README.md
22:07:41.280 [FXGL Background Thread 3 ] DEBUG Engine               - userAppClass: class game.PlatformerApp
22:07:41.280 [FXGL Background Thread 3 ] DEBUG Engine               - version: 0.0
22:07:41.280 [FXGL Background Thread 3 ] DEBUG Engine               - versionCheckDays: 7
22:07:41.280 [FXGL Background Thread 3 ] DEBUG Engine               - width: 1500
22:07:41.280 [FXGL Background Thread 3 ] DEBUG Engine               - Logging services
22:07:41.280 [FXGL Background Thread 3 ] DEBUG Engine               - class com.almasb.fxgl.app.services.FXGLAssetLoaderService
22:07:41.280 [FXGL Background Thread 3 ] DEBUG Engine               - class com.almasb.fxgl.app.FXGLApplication$GameApplicationService
22:07:41.280 [FXGL Background Thread 3 ] DEBUG Engine               - class com.almasb.fxgl.app.services.FXGLDialogService
22:07:41.280 [FXGL Background Thread 3 ] DEBUG Engine               - class com.almasb.fxgl.app.services.IOTaskExecutorService
22:07:41.280 [FXGL Background Thread 3 ] DEBUG Engine               - class com.almasb.fxgl.io.FileSystemService
22:07:41.280 [FXGL Background Thread 3 ] DEBUG Engine               - class com.almasb.fxgl.localization.LocalizationService
22:07:41.280 [FXGL Background Thread 3 ] DEBUG Engine               - class com.almasb.fxgl.app.services.SystemBundleService
22:07:41.280 [FXGL Background Thread 3 ] DEBUG Engine               - class com.almasb.fxgl.profile.SaveLoadService
22:07:41.280 [FXGL Background Thread 3 ] DEBUG Engine               - class com.almasb.fxgl.ui.FXGLUIFactoryServiceProvider
22:07:41.280 [FXGL Background Thread 3 ] DEBUG Engine               - class com.almasb.fxgl.ui.FXGLDialogFactoryServiceProvider
22:07:41.280 [FXGL Background Thread 3 ] DEBUG Engine               - class com.almasb.fxgl.audio.AudioPlayer
22:07:41.280 [FXGL Background Thread 3 ] DEBUG Engine               - class com.almasb.fxgl.notification.impl.NotificationServiceProvider
22:07:41.280 [FXGL Background Thread 3 ] DEBUG Engine               - class com.almasb.fxgl.achievement.AchievementService
22:07:41.280 [FXGL Background Thread 3 ] DEBUG Engine               - class com.almasb.fxgl.cutscene.CutsceneService
22:07:41.280 [FXGL Background Thread 3 ] DEBUG Engine               - class com.almasb.fxgl.minigames.MiniGameService
22:07:41.281 [FXGL Background Thread 3 ] DEBUG Engine               - class com.almasb.fxgl.net.NetService
22:07:41.281 [FXGL Background Thread 3 ] DEBUG Engine               - class com.almasb.fxgl.app.services.UpdaterService
22:07:41.281 [FXGL Background Thread 3 ] DEBUG Engine               - class com.almasb.fxgl.dev.DevService
22:08:01.663 [JavaFX Application Thread] DEBUG FXGLApplication      - Exiting FXGL
22:08:01.663 [JavaFX Application Thread] DEBUG LoopRunner           - Stopping loop
22:08:01.663 [JavaFX Application Thread] DEBUG SystemBundleService  - Saving FXGL system data
22:08:01.664 [JavaFX Application Thread] DEBUG FileSystemAccess     - Writing to: X:\Programming\Mario\system\fxgl.bundle
22:08:01.666 [JavaFX Application Thread] DEBUG Async                - Shutting down background threads
22:08:01.666 [JavaFX Application Thread] DEBUG PrimaryStageWindow   - Closing main window
22:08:01.678 [JavaFX Application Thread] DEBUG Logger               - Closing Logger
