11:01:57.172 [main                     ] DEBUG Logger               - Configured Logger
11:01:57.237 [main                     ] DEBUG GameApplication      - Logging settings
Title: Untitled
Version: 0.0
Width: 1500
Height: 720
Fullscreen: false
Intro: false
Profiling: false
Single step:false
App Mode: DEVELOPER
Menu Key: ESCAPE
Stage Style: DECORATED
Scene Factory: class game.PlatformerApp$1

11:01:58.216 [JavaFX Application Thread] DEBUG FXGLApplication      - Initializing FXGL
11:01:58.229 [JavaFX Application Thread] INFO  Engine               - FXGL-17 (31.12.2021 18.16) on MAC (J:20 FX:17.0.0.1)
11:01:58.231 [JavaFX Application Thread] DEBUG Engine               - JRE Vendor Name: Oracle Corporation
11:01:58.231 [JavaFX Application Thread] DEBUG Engine               - Running on OS: Mac OS X version 13.1
11:01:58.231 [JavaFX Application Thread] DEBUG Engine               - Architecture: x86_64
11:01:58.231 [JavaFX Application Thread] INFO  Engine               - Source code and latest versions at: https://github.com/AlmasB/FXGL
11:01:58.231 [JavaFX Application Thread] INFO  Engine               -       Ask questions and discuss at: https://github.com/AlmasB/FXGL/discussions
11:01:58.232 [JavaFX Application Thread] INFO  Engine               -              Join the FXGL chat at: https://gitter.im/AlmasB/FXGL
11:01:58.306 [JavaFX Application Thread] DEBUG PrimaryStageWindow   - Creating a JavaFX scene
11:01:58.307 [JavaFX Application Thread] DEBUG PrimaryStageWindow   - Target size > screen size
11:01:58.360 [JavaFX Application Thread] DEBUG PrimaryStageWindow   - Target settings size: 1500.0 x 720.0
11:01:58.360 [JavaFX Application Thread] DEBUG PrimaryStageWindow   - Scaled scene size:    1415.0 x 691.0
11:01:58.361 [JavaFX Application Thread] DEBUG PrimaryStageWindow   - Scaled ratio: (0.9433333333333334, 0.9597222222222223)
11:01:58.363 [JavaFX Application Thread] DEBUG PrimaryStageWindow   - Set initial scene to FXGLStartupScene
11:01:58.371 [JavaFX Application Thread] DEBUG PrimaryStageWindow   - Opening main window
11:01:58.514 [JavaFX Application Thread] DEBUG PrimaryStageWindow   - Window border size: (0.0, 28.0)
11:01:58.515 [JavaFX Application Thread] DEBUG PrimaryStageWindow   - Scaled size: 1415.0 x 691.0
11:01:58.515 [JavaFX Application Thread] DEBUG PrimaryStageWindow   - Scaled ratio: (0.9433333333333334, 0.9597222222222223)
11:01:58.516 [JavaFX Application Thread] DEBUG PrimaryStageWindow   - Scene size: 1415.0 x 691.0
11:01:58.516 [JavaFX Application Thread] DEBUG PrimaryStageWindow   - Stage size: 1415.0 x 719.0
11:01:58.524 [FXGL Background Thread 1 ] DEBUG Engine               - Initializing environment variables
11:01:58.640 [FXGL Background Thread 1 ] DEBUG FXGLAssetLoaderServi - User app class for loading assets: class game.PlatformerApp
11:01:58.641 [FXGL Background Thread 1 ] DEBUG GameApplicationServi - Applying CSS: fxgl_dark.css
11:01:58.643 [FXGL Background Thread 1 ] DEBUG FXGLAssetLoaderServi - Loading from file system: jar:file:///Users/admin/.m2/repository/com/github/almasb/fxgl/17/fxgl-17.jar!/fxglassets/ui/css/fxgl_dark.css
11:01:58.721 [FXGL Background Thread 1 ] DEBUG GameApplicationServi - Initializing application scenes
11:01:58.881 [FXGL Background Thread 1 ] DEBUG FXGLAssetLoaderServi - Loading from file system: file:/Users/admin/Downloads/Mario/target/classes/assets/textures/player.png
11:01:58.904 [FXGL Background Thread 1 ] DEBUG GameWorld            - Game world initialized
11:01:58.957 [FXGL Background Thread 1 ] DEBUG PhysicsWorld         - Physics world initialized: appHeight=720, physics.ppm=50,0
11:01:58.958 [FXGL Background Thread 1 ] DEBUG PhysicsWorld         - Using strategy: BRUTE_FORCE
11:01:58.968 [FXGL Background Thread 1 ] DEBUG GameScene            - Game scene initialized: 1500x720
11:01:58.982 [FXGL Background Thread 1 ] DEBUG FXGL.DefaultMenu     - createMenuBodyGameMenu()
11:01:59.000 [FXGL Background Thread 1 ] DEBUG FXGL.DefaultMenu     - createOptionsMenu()
11:01:59.035 [FXGL Background Thread 1 ] DEBUG FXGLAssetLoaderServi - Loading from file system: jar:file:///Users/admin/.m2/repository/com/github/almasb/fxgl/17/fxgl-17.jar!/fxglassets/textures/particles/smoke.png
11:01:59.153 [FXGL Background Thread 1 ] DEBUG FXGLAssetLoaderServi - Loading from file system: jar:file:///Users/admin/.m2/repository/com/github/almasb/fxgl/17/fxgl-17.jar!/fxglassets/textures/particles/trace_horizontal.png
11:01:59.185 [FXGL Background Thread 1 ] DEBUG GameApplicationServi - Application scenes initialized
11:01:59.204 [FXGL Background Thread 1 ] DEBUG SystemBundleService  - Loading FXGL system data
11:01:59.209 [FXGL Background Thread 1 ] DEBUG FileSystemAccess     - Reading from: /Users/admin/Downloads/Mario/system/fxgl.bundle
11:01:59.225 [FXGL Background Thread 1 ] DEBUG SystemBundleService  - Bundle FXGL: {}
11:01:59.225 [FXGL Background Thread 1 ] DEBUG UpdaterService       - Checking for updates
11:01:59.230 [FXGL Background Thread 4 ] DEBUG FXGLApplication      - Loading fonts
11:01:59.231 [FXGL Background Thread 1 ] DEBUG FXGLApplication      - Loading default localization
11:01:59.232 [FXGL Background Thread 4 ] DEBUG FXGLAssetLoaderServi - Loading from file system: jar:file:///Users/admin/.m2/repository/com/github/almasb/fxgl/17/fxgl-17.jar!/fxglassets/ui/fonts/VarelaRound-Regular.ttf
11:01:59.234 [FXGL Background Thread 1 ] DEBUG FXGLAssetLoaderServi - Loading from file system: jar:file:///Users/admin/.m2/repository/com/github/almasb/fxgl/17/fxgl-17.jar!/fxglassets/languages/english.lang
11:01:59.260 [FXGL Background Thread 1 ] INFO  FXGLApplication      - FXGL initialization took: 0,734 sec
11:01:59.266 [FXGL Background Thread 4 ] DEBUG FXGLAssetLoaderServi - Loading from file system: jar:file:///Users/admin/.m2/repository/com/github/almasb/fxgl/17/fxgl-17.jar!/fxglassets/ui/fonts/Abel-Regular.ttf
11:01:59.269 [JavaFX Application Thread] DEBUG Input                - Registered new binding: Left - A
11:01:59.270 [JavaFX Application Thread] DEBUG Input                - Registered new binding: Right - D
11:01:59.271 [JavaFX Application Thread] DEBUG Input                - Registered new binding: Jump - W
11:01:59.271 [JavaFX Application Thread] DEBUG Input                - Registered new binding: Use - E
11:01:59.271 [FXGL Background Thread 4 ] DEBUG FXGLAssetLoaderServi - Loading from file system: jar:file:///Users/admin/.m2/repository/com/github/almasb/fxgl/17/fxgl-17.jar!/fxglassets/ui/fonts/TerminalLandMono-Regular.otf
11:01:59.272 [JavaFX Application Thread] DEBUG FXGLAssetLoaderServi - Loading from file system: jar:file:///Users/admin/.m2/repository/com/github/almasb/fxgl/17/fxgl-17.jar!/fxglassets/textures/fxgl_icon.png
11:01:59.278 [FXGL Background Thread 4 ] DEBUG FXGLAssetLoaderServi - Loading from file system: jar:file:///Users/admin/.m2/repository/com/github/almasb/fxgl/17/fxgl-17.jar!/fxglassets/ui/fonts/Courier-Prime.ttf
11:01:59.318 [JavaFX Application Thread] DEBUG FXGLAssetLoaderServi - Loading from file system: jar:file:///Users/admin/.m2/repository/com/github/almasb/fxgl/17/fxgl-17.jar!/fxglassets/textures/fxgl_default_cursor.png
11:01:59.325 [JavaFX Application Thread] DEBUG Input                - Registered new binding: Screenshot - CTRL+8
11:01:59.327 [JavaFX Application Thread] DEBUG Input                - Registered new binding: System info dump - CTRL+9
11:01:59.327 [JavaFX Application Thread] DEBUG Input                - Registered new binding: Restart - CTRL+R
11:01:59.327 [JavaFX Application Thread] DEBUG Input                - Registered new binding: Toggle Debug Camera - CTRL+7
11:01:59.330 [JavaFX Application Thread] DEBUG LoopRunner           - Starting loop
11:01:59.330 [JavaFX Application Thread] DEBUG LoopRunner           - Initializing JavaFX AnimationTimerLoop
11:01:59.330 [JavaFX Application Thread] DEBUG GameApplicationServi - Starting new game
11:01:59.331 [JavaFX Application Thread] DEBUG Input                - Clearing active input actions
11:01:59.373 [JavaFX Application Thread] DEBUG GameApplicationServi - Removing overlay from FXGLStartupScene and adding to MainLoadingScene
11:01:59.376 [JavaFX Application Thread] DEBUG PrimaryStageWindow   - FXGLStartupScene -> MainLoadingScene
11:01:59.376 [JavaFX Application Thread] DEBUG GameApplicationServi - Clearing previous game
11:01:59.376 [JavaFX Application Thread] DEBUG GameScene            - Clearing game scene
11:01:59.376 [JavaFX Application Thread] DEBUG GameWorld            - Clearing game world
11:01:59.376 [JavaFX Application Thread] DEBUG PhysicsWorld         - Clearing physics world
11:01:59.378 [FXGL Background Thread 4 ] DEBUG FXGLApplication      - Initializing game
11:01:59.429 [FXGL Background Thread 4 ] WARN  TMXLevelLoader       - TiledMap generated from 1.10.1. Supported version: 1.2.3. Some features may not be parsed fully.
11:01:59.451 [FXGL Background Thread 4 ] DEBUG TMXLevelLoader       - Parsed TiledMap: file:/Users/admin/Downloads/Mario/target/classes/assets/levels/tmx/level1.tmx
11:01:59.454 [FXGL Background Thread 4 ] DEBUG TMXLevelLoader       - Creating tile layer entities
11:01:59.459 [FXGL Background Thread 4 ] DEBUG TilesetLoader        - Loading view for layer Tile Layer 1
11:01:59.460 [FXGL Background Thread 4 ] DEBUG TilesetLoader        - Created buffer with size 1050.0x700.0
11:01:59.488 [FXGL Background Thread 4 ] DEBUG TMXLevelLoader       - Creating object layer entities
11:01:59.514 [JavaFX Application Thread] DEBUG FXGLApplication      - Registering font factories with UI factory
11:01:59.762 [FXGL Background Thread 4 ] DEBUG GameWorld            - Clearing removable entities
11:01:59.780 [FXGL Background Thread 4 ] DEBUG GameWorld            - Setting level: com.almasb.fxgl.entity.level.Level@679144db
11:01:59.838 [FXGL Background Thread 4 ] DEBUG FXGLAssetLoaderServi - Loading from file system: file:/Users/admin/Downloads/Mario/target/classes/assets/textures/background/background.png
11:01:59.882 [FXGL Background Thread 4 ] INFO  FXGLApplication      - Game initialization took: 0,503 sec
11:01:59.886 [JavaFX Application Thread] DEBUG Input                - Clearing active input actions
11:01:59.948 [JavaFX Application Thread] DEBUG GameApplicationServi - Removing overlay from MainLoadingScene and adding to GameScene
11:01:59.950 [JavaFX Application Thread] DEBUG PrimaryStageWindow   - MainLoadingScene -> GameScene
11:02:00.244 [FXGL Background Thread 2 ] INFO  UpdaterService       - Your current version:  17
11:02:00.245 [FXGL Background Thread 2 ] INFO  UpdaterService       - Latest stable version: 17.3
11:02:02.229 [FXGL Background Thread 3 ] DEBUG Engine               - Logging environment variables
11:02:02.237 [FXGL Background Thread 3 ] DEBUG Engine               - achievements: []
11:02:02.237 [FXGL Background Thread 3 ] DEBUG Engine               - actualHeight: 691.0
11:02:02.237 [FXGL Background Thread 3 ] DEBUG Engine               - actualHeightProperty: ReadOnlyDoubleProperty [value: 691.0]
11:02:02.237 [FXGL Background Thread 3 ] DEBUG Engine               - actualWidth: 1415.0
11:02:02.238 [FXGL Background Thread 3 ] DEBUG Engine               - actualWidthProperty: ReadOnlyDoubleProperty [value: 1415.0]
11:02:02.238 [FXGL Background Thread 3 ] DEBUG Engine               - appIcon: fxgl_icon.png
11:02:02.238 [FXGL Background Thread 3 ] DEBUG Engine               - applicationMode: DEVELOPER
11:02:02.238 [FXGL Background Thread 3 ] DEBUG Engine               - cSSList: [fxgl_dark.css]
11:02:02.238 [FXGL Background Thread 3 ] DEBUG Engine               - collisionDetectionStrategy: BRUTE_FORCE
11:02:02.238 [FXGL Background Thread 3 ] DEBUG Engine               - configClass: Optional.empty
11:02:02.238 [FXGL Background Thread 3 ] DEBUG Engine               - credits: []
11:02:02.239 [FXGL Background Thread 3 ] DEBUG Engine               - defaultCursor: CursorInfo(imageName=fxgl_default_cursor.png, hotspotX=7.0, hotspotY=6.0)
11:02:02.242 [FXGL Background Thread 3 ] DEBUG Engine               - devBBoxColorProperty: ObjectProperty [value: 0xff0000ff]
11:02:02.243 [FXGL Background Thread 3 ] DEBUG Engine               - devEnableDebugCameraProperty: BooleanProperty [value: false]
11:02:02.243 [FXGL Background Thread 3 ] DEBUG Engine               - devSensorColorProperty: ObjectProperty [value: 0xffff00ff]
11:02:02.243 [FXGL Background Thread 3 ] DEBUG Engine               - devShowBBoxProperty: BooleanProperty [value: false]
11:02:02.243 [FXGL Background Thread 3 ] DEBUG Engine               - devShowPositionProperty: BooleanProperty [value: false]
11:02:02.243 [FXGL Background Thread 3 ] DEBUG Engine               - enabledMenuItems: []
11:02:02.243 [FXGL Background Thread 3 ] DEBUG Engine               - engineServices: [class com.almasb.fxgl.app.services.FXGLAssetLoaderService, class com.almasb.fxgl.app.FXGLApplication$GameApplicationService, class com.almasb.fxgl.app.services.FXGLDialogService, class com.almasb.fxgl.app.services.IOTaskExecutorService, class com.almasb.fxgl.io.FileSystemService, class com.almasb.fxgl.localization.LocalizationService, class com.almasb.fxgl.app.services.SystemBundleService, class com.almasb.fxgl.profile.SaveLoadService, class com.almasb.fxgl.ui.FXGLUIFactoryServiceProvider, class com.almasb.fxgl.ui.FXGLDialogFactoryServiceProvider, class com.almasb.fxgl.audio.AudioPlayer, class com.almasb.fxgl.notification.impl.NotificationServiceProvider, class com.almasb.fxgl.achievement.AchievementService, class com.almasb.fxgl.cutscene.CutsceneService, class com.almasb.fxgl.minigames.MiniGameService, class com.almasb.fxgl.net.NetService, class com.almasb.fxgl.app.services.UpdaterService, class com.almasb.fxgl.dev.DevService]
11:02:02.244 [FXGL Background Thread 3 ] DEBUG Engine               - fontGame: Abel-Regular.ttf
11:02:02.244 [FXGL Background Thread 3 ] DEBUG Engine               - fontMono: TerminalLandMono-Regular.otf
11:02:02.244 [FXGL Background Thread 3 ] DEBUG Engine               - fontText: Courier-Prime.ttf
11:02:02.244 [FXGL Background Thread 3 ] DEBUG Engine               - fontUI: VarelaRound-Regular.ttf
11:02:02.244 [FXGL Background Thread 3 ] DEBUG Engine               - fullScreen: BooleanProperty [value: false]
11:02:02.244 [FXGL Background Thread 3 ] DEBUG Engine               - gameDifficulty: MEDIUM
11:02:02.244 [FXGL Background Thread 3 ] DEBUG Engine               - gameDifficultyProperty: ObjectProperty [value: MEDIUM]
11:02:02.244 [FXGL Background Thread 3 ] DEBUG Engine               - globalMusicVolume: 0.5
11:02:02.245 [FXGL Background Thread 3 ] DEBUG Engine               - globalMusicVolumeProperty: DoubleProperty [value: 0.25]
11:02:02.245 [FXGL Background Thread 3 ] DEBUG Engine               - globalSoundVolume: 0.5
11:02:02.245 [FXGL Background Thread 3 ] DEBUG Engine               - globalSoundVolumeProperty: DoubleProperty [value: 0.5]
11:02:02.245 [FXGL Background Thread 3 ] DEBUG Engine               - height: 720
11:02:02.246 [FXGL Background Thread 3 ] DEBUG Engine               - is3D: false
11:02:02.246 [FXGL Background Thread 3 ] DEBUG Engine               - isAndroid: false
11:02:02.246 [FXGL Background Thread 3 ] DEBUG Engine               - isBrowser: false
11:02:02.246 [FXGL Background Thread 3 ] DEBUG Engine               - isClickFeedbackEnabled: false
11:02:02.246 [FXGL Background Thread 3 ] DEBUG Engine               - isCloseConfirmation: false
11:02:02.246 [FXGL Background Thread 3 ] DEBUG Engine               - isDesktop: true
11:02:02.247 [FXGL Background Thread 3 ] DEBUG Engine               - isDeveloperMenuEnabled: false
11:02:02.247 [FXGL Background Thread 3 ] DEBUG Engine               - isEmbedded: false
11:02:02.247 [FXGL Background Thread 3 ] DEBUG Engine               - isEntityPreloadEnabled: true
11:02:02.247 [FXGL Background Thread 3 ] DEBUG Engine               - isExperimentalTiledLargeMap: false
11:02:02.247 [FXGL Background Thread 3 ] DEBUG Engine               - isFileSystemWriteAllowed: true
11:02:02.247 [FXGL Background Thread 3 ] DEBUG Engine               - isFullScreenAllowed: false
11:02:02.247 [FXGL Background Thread 3 ] DEBUG Engine               - isFullScreenFromStart: false
11:02:02.248 [FXGL Background Thread 3 ] DEBUG Engine               - isGameMenuEnabled: true
11:02:02.248 [FXGL Background Thread 3 ] DEBUG Engine               - isIOS: false
11:02:02.248 [FXGL Background Thread 3 ] DEBUG Engine               - isIntroEnabled: false
11:02:02.248 [FXGL Background Thread 3 ] DEBUG Engine               - isLinux: false
11:02:02.248 [FXGL Background Thread 3 ] DEBUG Engine               - isMac: true
11:02:02.248 [FXGL Background Thread 3 ] DEBUG Engine               - isMainMenuEnabled: false
11:02:02.248 [FXGL Background Thread 3 ] DEBUG Engine               - isManualResizeEnabled: false
11:02:02.248 [FXGL Background Thread 3 ] DEBUG Engine               - isMobile: false
11:02:02.248 [FXGL Background Thread 3 ] DEBUG Engine               - isNative: false
11:02:02.248 [FXGL Background Thread 3 ] DEBUG Engine               - isPauseMusicWhenMinimized: true
11:02:02.250 [FXGL Background Thread 3 ] DEBUG Engine               - isPreserveResizeRatio: false
11:02:02.252 [FXGL Background Thread 3 ] DEBUG Engine               - isProfilingEnabled: false
11:02:02.253 [FXGL Background Thread 3 ] DEBUG Engine               - isScaleAffectedOnResize: true
11:02:02.253 [FXGL Background Thread 3 ] DEBUG Engine               - isSingleStep: false
11:02:02.253 [FXGL Background Thread 3 ] DEBUG Engine               - isUserProfileEnabled: false
11:02:02.253 [FXGL Background Thread 3 ] DEBUG Engine               - isWindows: false
11:02:02.253 [FXGL Background Thread 3 ] DEBUG Engine               - language: ObjectProperty [value: ENGLISH]
11:02:02.253 [FXGL Background Thread 3 ] DEBUG Engine               - menuKey: ESCAPE
11:02:02.253 [FXGL Background Thread 3 ] DEBUG Engine               - mouseSensitivity: 0.2
11:02:02.253 [FXGL Background Thread 3 ] DEBUG Engine               - notificationViewClass: class com.almasb.fxgl.notification.view.XboxNotificationView
11:02:02.253 [FXGL Background Thread 3 ] DEBUG Engine               - pixelsPerMeter: 50.0
11:02:02.253 [FXGL Background Thread 3 ] DEBUG Engine               - platform: MAC
11:02:02.254 [FXGL Background Thread 3 ] DEBUG Engine               - prefHeightProperty: ReadOnlyDoubleProperty [value: 720.0]
11:02:02.255 [FXGL Background Thread 3 ] DEBUG Engine               - prefWidthProperty: ReadOnlyDoubleProperty [value: 1500.0]
11:02:02.255 [FXGL Background Thread 3 ] DEBUG Engine               - profileDir: profiles/
11:02:02.255 [FXGL Background Thread 3 ] DEBUG Engine               - profileName: StringProperty [value: DEFAULT]
11:02:02.255 [FXGL Background Thread 3 ] DEBUG Engine               - randomSeed: -1
11:02:02.256 [FXGL Background Thread 3 ] DEBUG Engine               - runtimeInfo: RuntimeInfo(platform=MAC, version=17, build=31.12.2021 18.16)
11:02:02.256 [FXGL Background Thread 3 ] DEBUG Engine               - saveFileExt: sav
11:02:02.256 [FXGL Background Thread 3 ] DEBUG Engine               - scaledHeightProp$fxgl: DoubleProperty [bound, value: 691.0]
11:02:02.256 [FXGL Background Thread 3 ] DEBUG Engine               - scaledWidthProp$fxgl: DoubleProperty [bound, value: 1415.0]
11:02:02.256 [FXGL Background Thread 3 ] DEBUG Engine               - sceneFactory: game.PlatformerApp$1@718ae85e
11:02:02.256 [FXGL Background Thread 3 ] DEBUG Engine               - secondsIn24h: 60
11:02:02.256 [FXGL Background Thread 3 ] DEBUG Engine               - soundMenuBack: menu/back.wav
11:02:02.256 [FXGL Background Thread 3 ] DEBUG Engine               - soundMenuPress: menu/press.wav
11:02:02.256 [FXGL Background Thread 3 ] DEBUG Engine               - soundMenuSelect: menu/select.wav
11:02:02.256 [FXGL Background Thread 3 ] DEBUG Engine               - soundNotification: core/notification.wav
11:02:02.256 [FXGL Background Thread 3 ] DEBUG Engine               - stageStyle: DECORATED
11:02:02.256 [FXGL Background Thread 3 ] DEBUG Engine               - supportedLanguages: [ENGLISH, FRENCH, GERMAN, HUNGARIAN, RUSSIAN]
11:02:02.256 [FXGL Background Thread 3 ] DEBUG Engine               - ticksPerSecond: -1
11:02:02.257 [FXGL Background Thread 3 ] DEBUG Engine               - title: Untitled
11:02:02.257 [FXGL Background Thread 3 ] DEBUG Engine               - urlGithub: https://github.com/AlmasB/FXGL
11:02:02.257 [FXGL Background Thread 3 ] DEBUG Engine               - urlLeaderboard: http://fxgl-top.herokuapp.com/
11:02:02.257 [FXGL Background Thread 3 ] DEBUG Engine               - urlPOM: https://raw.githubusercontent.com/AlmasB/FXGL/release/README.md
11:02:02.257 [FXGL Background Thread 3 ] DEBUG Engine               - userAppClass: class game.PlatformerApp
11:02:02.258 [FXGL Background Thread 3 ] DEBUG Engine               - version: 0.0
11:02:02.258 [FXGL Background Thread 3 ] DEBUG Engine               - versionCheckDays: 7
11:02:02.258 [FXGL Background Thread 3 ] DEBUG Engine               - width: 1500
11:02:02.258 [FXGL Background Thread 3 ] DEBUG Engine               - Logging services
11:02:02.258 [FXGL Background Thread 3 ] DEBUG Engine               - class com.almasb.fxgl.app.services.FXGLAssetLoaderService
11:02:02.258 [FXGL Background Thread 3 ] DEBUG Engine               - class com.almasb.fxgl.app.FXGLApplication$GameApplicationService
11:02:02.260 [FXGL Background Thread 3 ] DEBUG Engine               - class com.almasb.fxgl.app.services.FXGLDialogService
11:02:02.262 [FXGL Background Thread 3 ] DEBUG Engine               - class com.almasb.fxgl.app.services.IOTaskExecutorService
11:02:02.262 [FXGL Background Thread 3 ] DEBUG Engine               - class com.almasb.fxgl.io.FileSystemService
11:02:02.262 [FXGL Background Thread 3 ] DEBUG Engine               - class com.almasb.fxgl.localization.LocalizationService
11:02:02.262 [FXGL Background Thread 3 ] DEBUG Engine               - class com.almasb.fxgl.app.services.SystemBundleService
11:02:02.262 [FXGL Background Thread 3 ] DEBUG Engine               - class com.almasb.fxgl.profile.SaveLoadService
11:02:02.262 [FXGL Background Thread 3 ] DEBUG Engine               - class com.almasb.fxgl.ui.FXGLUIFactoryServiceProvider
11:02:02.262 [FXGL Background Thread 3 ] DEBUG Engine               - class com.almasb.fxgl.ui.FXGLDialogFactoryServiceProvider
11:02:02.263 [FXGL Background Thread 3 ] DEBUG Engine               - class com.almasb.fxgl.audio.AudioPlayer
11:02:02.263 [FXGL Background Thread 3 ] DEBUG Engine               - class com.almasb.fxgl.notification.impl.NotificationServiceProvider
11:02:02.263 [FXGL Background Thread 3 ] DEBUG Engine               - class com.almasb.fxgl.achievement.AchievementService
11:02:02.263 [FXGL Background Thread 3 ] DEBUG Engine               - class com.almasb.fxgl.cutscene.CutsceneService
11:02:02.263 [FXGL Background Thread 3 ] DEBUG Engine               - class com.almasb.fxgl.minigames.MiniGameService
11:02:02.263 [FXGL Background Thread 3 ] DEBUG Engine               - class com.almasb.fxgl.net.NetService
11:02:02.264 [FXGL Background Thread 3 ] DEBUG Engine               - class com.almasb.fxgl.app.services.UpdaterService
11:02:02.265 [FXGL Background Thread 3 ] DEBUG Engine               - class com.almasb.fxgl.dev.DevService
11:02:10.930 [JavaFX Application Thread] WARN  TMXLevelLoader       - TiledMap generated from 1.10.0. Supported version: 1.2.3. Some features may not be parsed fully.
11:02:10.941 [JavaFX Application Thread] DEBUG TMXLevelLoader       - Parsed TiledMap: file:/Users/admin/Downloads/Mario/target/classes/assets/levels/tmx/level2.tmx
11:02:10.941 [JavaFX Application Thread] DEBUG TMXLevelLoader       - Creating tile layer entities
11:02:10.949 [JavaFX Application Thread] DEBUG TilesetLoader        - Loading view for layer Tile Layer 1
11:02:10.951 [JavaFX Application Thread] DEBUG TilesetLoader        - Created buffer with size 1050.0x700.0
11:02:10.977 [JavaFX Application Thread] DEBUG TMXLevelLoader       - Creating object layer entities
11:02:10.988 [JavaFX Application Thread] DEBUG GameWorld            - Clearing removable entities
11:02:10.997 [JavaFX Application Thread] DEBUG GameWorld            - Setting level: com.almasb.fxgl.entity.level.Level@3954d3de
11:02:11.006 [JavaFX Application Thread] WARN  TMXLevelLoader       - TiledMap generated from 1.10.0. Supported version: 1.2.3. Some features may not be parsed fully.
11:02:11.013 [JavaFX Application Thread] DEBUG TMXLevelLoader       - Parsed TiledMap: file:/Users/admin/Downloads/Mario/target/classes/assets/levels/tmx/level2.tmx
11:02:11.013 [JavaFX Application Thread] DEBUG TMXLevelLoader       - Creating tile layer entities
11:02:11.014 [JavaFX Application Thread] DEBUG TilesetLoader        - Loading view for layer Tile Layer 1
11:02:11.015 [JavaFX Application Thread] DEBUG TilesetLoader        - Created buffer with size 1050.0x700.0
11:02:11.023 [JavaFX Application Thread] DEBUG TMXLevelLoader       - Creating object layer entities
11:02:11.032 [JavaFX Application Thread] DEBUG GameWorld            - Clearing removable entities
11:02:11.035 [JavaFX Application Thread] DEBUG GameWorld            - Setting level: com.almasb.fxgl.entity.level.Level@4c073e0b
11:02:23.856 [JavaFX Application Thread] WARN  TMXLevelLoader       - TiledMap generated from 1.10.0. Supported version: 1.2.3. Some features may not be parsed fully.
11:02:23.869 [JavaFX Application Thread] DEBUG TMXLevelLoader       - Parsed TiledMap: file:/Users/admin/Downloads/Mario/target/classes/assets/levels/tmx/level3.tmx
11:02:23.869 [JavaFX Application Thread] DEBUG TMXLevelLoader       - Creating tile layer entities
11:02:23.872 [JavaFX Application Thread] DEBUG TilesetLoader        - Loading view for layer Tile Layer 1
11:02:23.874 [JavaFX Application Thread] DEBUG TilesetLoader        - Created buffer with size 1050.0x700.0
11:02:23.893 [JavaFX Application Thread] DEBUG TMXLevelLoader       - Creating object layer entities
11:02:23.948 [JavaFX Application Thread] DEBUG GameWorld            - Clearing removable entities
11:02:23.955 [JavaFX Application Thread] DEBUG GameWorld            - Setting level: com.almasb.fxgl.entity.level.Level@5dff309f
11:02:23.970 [JavaFX Application Thread] WARN  TMXLevelLoader       - TiledMap generated from 1.10.0. Supported version: 1.2.3. Some features may not be parsed fully.
11:02:23.976 [JavaFX Application Thread] DEBUG TMXLevelLoader       - Parsed TiledMap: file:/Users/admin/Downloads/Mario/target/classes/assets/levels/tmx/level3.tmx
11:02:23.976 [JavaFX Application Thread] DEBUG TMXLevelLoader       - Creating tile layer entities
11:02:23.977 [JavaFX Application Thread] DEBUG TilesetLoader        - Loading view for layer Tile Layer 1
11:02:23.978 [JavaFX Application Thread] DEBUG TilesetLoader        - Created buffer with size 1050.0x700.0
11:02:23.987 [JavaFX Application Thread] DEBUG TMXLevelLoader       - Creating object layer entities
11:02:23.996 [JavaFX Application Thread] DEBUG GameWorld            - Clearing removable entities
11:02:24.000 [JavaFX Application Thread] DEBUG GameWorld            - Setting level: com.almasb.fxgl.entity.level.Level@3b795c2c
11:02:36.222 [JavaFX Application Thread] DEBUG PrimaryStageWindow   - Push state: FXGLDefaultMenu
11:02:36.235 [JavaFX Application Thread] DEBUG Input                - Clearing active input actions
11:02:36.270 [JavaFX Application Thread] DEBUG GameApplicationServi - Removing overlay from GameScene and adding to FXGLDefaultMenu
11:02:36.273 [JavaFX Application Thread] DEBUG PrimaryStageWindow   - GameScene -> FXGLDefaultMenu
11:02:36.972 [JavaFX Application Thread] DEBUG PrimaryStageWindow   - Pop state: FXGLDefaultMenu
11:02:36.972 [JavaFX Application Thread] DEBUG Input                - Clearing active input actions
11:02:36.978 [JavaFX Application Thread] DEBUG GameApplicationServi - Removing overlay from FXGLDefaultMenu and adding to GameScene
11:02:36.980 [JavaFX Application Thread] DEBUG PrimaryStageWindow   - GameScene <- FXGLDefaultMenu
11:02:50.295 [JavaFX Application Thread] DEBUG PrimaryStageWindow   - Push state: FXGLDefaultMenu
11:02:50.296 [JavaFX Application Thread] DEBUG Input                - Clearing active input actions
11:02:50.311 [JavaFX Application Thread] DEBUG GameApplicationServi - Removing overlay from GameScene and adding to FXGLDefaultMenu
11:02:50.314 [JavaFX Application Thread] DEBUG PrimaryStageWindow   - GameScene -> FXGLDefaultMenu
11:02:51.297 [JavaFX Application Thread] DEBUG Menu                 - fireExit()
11:02:51.310 [JavaFX Application Thread] DEBUG PrimaryStageWindow   - Push state: DialogSubScene
11:02:51.310 [JavaFX Application Thread] DEBUG Input                - Clearing active input actions
11:02:51.319 [JavaFX Application Thread] DEBUG GameApplicationServi - Removing overlay from FXGLDefaultMenu and adding to DialogSubScene
11:02:51.320 [JavaFX Application Thread] DEBUG PrimaryStageWindow   - FXGLDefaultMenu -> DialogSubScene
11:02:52.115 [JavaFX Application Thread] DEBUG PrimaryStageWindow   - Pop state: DialogSubScene
11:02:52.115 [JavaFX Application Thread] DEBUG Input                - Clearing active input actions
11:02:52.119 [JavaFX Application Thread] DEBUG GameApplicationServi - Removing overlay from DialogSubScene and adding to FXGLDefaultMenu
11:02:52.122 [JavaFX Application Thread] DEBUG PrimaryStageWindow   - FXGLDefaultMenu <- DialogSubScene
11:02:52.122 [JavaFX Application Thread] DEBUG FXGLApplication      - Exiting FXGL
11:02:52.122 [JavaFX Application Thread] DEBUG LoopRunner           - Stopping loop
11:02:52.122 [JavaFX Application Thread] DEBUG SystemBundleService  - Saving FXGL system data
11:02:52.126 [JavaFX Application Thread] DEBUG FileSystemAccess     - Writing to: /Users/admin/Downloads/Mario/system/fxgl.bundle
11:02:52.135 [JavaFX Application Thread] DEBUG Async                - Shutting down background threads
11:02:52.136 [JavaFX Application Thread] DEBUG PrimaryStageWindow   - Closing main window
11:02:52.153 [JavaFX Application Thread] DEBUG Logger               - Closing Logger
