10:56:24.969 [main                     ] DEBUG Logger               - Configured Logger
10:56:25.039 [main                     ] DEBUG GameApplication      - Logging settings
Title: Untitled
Version: 0.0
Width: 1500
Height: 720
Fullscreen: false
Intro: false
Profiling: false
Single step:false
App Mode: DEVELOPER
Menu Key: ESCAPE
Stage Style: DECORATED
Scene Factory: class game.PlatformerApp$1

10:56:25.521 [JavaFX Application Thread] DEBUG FXGLApplication      - Initializing FXGL
10:56:25.530 [JavaFX Application Thread] INFO  Engine               - FXGL-17 (31.12.2021 18.16) on MAC (J:20 FX:17.0.0.1)
10:56:25.532 [JavaFX Application Thread] DEBUG Engine               - JRE Vendor Name: Oracle Corporation
10:56:25.532 [JavaFX Application Thread] DEBUG Engine               - Running on OS: Mac OS X version 13.1
10:56:25.532 [JavaFX Application Thread] DEBUG Engine               - Architecture: x86_64
10:56:25.532 [JavaFX Application Thread] INFO  Engine               - Source code and latest versions at: https://github.com/AlmasB/FXGL
10:56:25.532 [JavaFX Application Thread] INFO  Engine               -       Ask questions and discuss at: https://github.com/AlmasB/FXGL/discussions
10:56:25.533 [JavaFX Application Thread] INFO  Engine               -              Join the FXGL chat at: https://gitter.im/AlmasB/FXGL
10:56:25.601 [JavaFX Application Thread] DEBUG PrimaryStageWindow   - Creating a JavaFX scene
10:56:25.601 [JavaFX Application Thread] DEBUG PrimaryStageWindow   - Target size > screen size
10:56:25.653 [JavaFX Application Thread] DEBUG PrimaryStageWindow   - Target settings size: 1500.0 x 720.0
10:56:25.653 [JavaFX Application Thread] DEBUG PrimaryStageWindow   - Scaled scene size:    1415.0 x 691.0
10:56:25.653 [JavaFX Application Thread] DEBUG PrimaryStageWindow   - Scaled ratio: (0.9433333333333334, 0.9597222222222223)
10:56:25.654 [JavaFX Application Thread] DEBUG PrimaryStageWindow   - Set initial scene to FXGLStartupScene
10:56:25.665 [JavaFX Application Thread] DEBUG PrimaryStageWindow   - Opening main window
10:56:25.761 [JavaFX Application Thread] DEBUG PrimaryStageWindow   - Window border size: (0.0, 28.0)
10:56:25.762 [JavaFX Application Thread] DEBUG PrimaryStageWindow   - Scaled size: 1415.0 x 691.0
10:56:25.762 [JavaFX Application Thread] DEBUG PrimaryStageWindow   - Scaled ratio: (0.9433333333333334, 0.9597222222222223)
10:56:25.763 [JavaFX Application Thread] DEBUG PrimaryStageWindow   - Scene size: 1415.0 x 691.0
10:56:25.764 [JavaFX Application Thread] DEBUG PrimaryStageWindow   - Stage size: 1415.0 x 719.0
10:56:25.775 [FXGL Background Thread 1 ] DEBUG Engine               - Initializing environment variables
10:56:25.925 [FXGL Background Thread 1 ] DEBUG FXGLAssetLoaderServi - User app class for loading assets: class game.PlatformerApp
10:56:25.926 [FXGL Background Thread 1 ] DEBUG GameApplicationServi - Applying CSS: fxgl_dark.css
10:56:25.927 [FXGL Background Thread 1 ] DEBUG FXGLAssetLoaderServi - Loading from file system: jar:file:///Users/admin/.m2/repository/com/github/almasb/fxgl/17/fxgl-17.jar!/fxglassets/ui/css/fxgl_dark.css
10:56:26.024 [FXGL Background Thread 1 ] DEBUG GameApplicationServi - Initializing application scenes
10:56:26.129 [FXGL Background Thread 1 ] DEBUG FXGLAssetLoaderServi - Loading from file system: file:/Users/admin/Downloads/Mario/target/classes/assets/textures/player.png
10:56:26.149 [FXGL Background Thread 1 ] DEBUG GameWorld            - Game world initialized
10:56:26.193 [FXGL Background Thread 1 ] DEBUG PhysicsWorld         - Physics world initialized: appHeight=720, physics.ppm=50,0
10:56:26.194 [FXGL Background Thread 1 ] DEBUG PhysicsWorld         - Using strategy: BRUTE_FORCE
10:56:26.204 [FXGL Background Thread 1 ] DEBUG GameScene            - Game scene initialized: 1500x720
10:56:26.220 [FXGL Background Thread 1 ] DEBUG FXGL.DefaultMenu     - createMenuBodyGameMenu()
10:56:26.244 [FXGL Background Thread 1 ] DEBUG FXGL.DefaultMenu     - createOptionsMenu()
10:56:26.257 [FXGL Background Thread 1 ] DEBUG FXGLAssetLoaderServi - Loading from file system: jar:file:///Users/admin/.m2/repository/com/github/almasb/fxgl/17/fxgl-17.jar!/fxglassets/textures/particles/smoke.png
10:56:26.421 [FXGL Background Thread 1 ] DEBUG FXGLAssetLoaderServi - Loading from file system: jar:file:///Users/admin/.m2/repository/com/github/almasb/fxgl/17/fxgl-17.jar!/fxglassets/textures/particles/trace_horizontal.png
10:56:26.457 [FXGL Background Thread 1 ] DEBUG GameApplicationServi - Application scenes initialized
10:56:26.476 [FXGL Background Thread 1 ] DEBUG SystemBundleService  - Loading FXGL system data
10:56:26.482 [FXGL Background Thread 1 ] DEBUG FileSystemAccess     - Reading from: /Users/admin/Downloads/Mario/system/fxgl.bundle
10:56:26.502 [FXGL Background Thread 1 ] DEBUG SystemBundleService  - Bundle FXGL: {}
10:56:26.502 [FXGL Background Thread 1 ] DEBUG UpdaterService       - Checking for updates
10:56:26.509 [FXGL Background Thread 4 ] DEBUG FXGLApplication      - Loading fonts
10:56:26.510 [FXGL Background Thread 1 ] DEBUG FXGLApplication      - Loading default localization
10:56:26.524 [FXGL Background Thread 1 ] DEBUG FXGLAssetLoaderServi - Loading from file system: jar:file:///Users/admin/.m2/repository/com/github/almasb/fxgl/17/fxgl-17.jar!/fxglassets/languages/english.lang
10:56:26.586 [FXGL Background Thread 1 ] INFO  FXGLApplication      - FXGL initialization took: 0,808 sec
10:56:26.587 [FXGL Background Thread 4 ] DEBUG FXGLAssetLoaderServi - Loading from file system: jar:file:///Users/admin/.m2/repository/com/github/almasb/fxgl/17/fxgl-17.jar!/fxglassets/ui/fonts/Abel-Regular.ttf
10:56:26.594 [FXGL Background Thread 4 ] DEBUG FXGLAssetLoaderServi - Loading from file system: jar:file:///Users/admin/.m2/repository/com/github/almasb/fxgl/17/fxgl-17.jar!/fxglassets/ui/fonts/TerminalLandMono-Regular.otf
10:56:26.600 [JavaFX Application Thread] DEBUG Input                - Registered new binding: Left - A
10:56:26.600 [JavaFX Application Thread] DEBUG Input                - Registered new binding: Right - D
10:56:26.601 [JavaFX Application Thread] DEBUG Input                - Registered new binding: Jump - W
10:56:26.601 [JavaFX Application Thread] DEBUG Input                - Registered new binding: Use - E
10:56:26.602 [JavaFX Application Thread] DEBUG FXGLAssetLoaderServi - Loading from file system: jar:file:///Users/admin/.m2/repository/com/github/almasb/fxgl/17/fxgl-17.jar!/fxglassets/textures/fxgl_icon.png
10:56:26.606 [FXGL Background Thread 4 ] DEBUG FXGLAssetLoaderServi - Loading from file system: jar:file:///Users/admin/.m2/repository/com/github/almasb/fxgl/17/fxgl-17.jar!/fxglassets/ui/fonts/Courier-Prime.ttf
10:56:26.645 [JavaFX Application Thread] DEBUG FXGLAssetLoaderServi - Loading from file system: jar:file:///Users/admin/.m2/repository/com/github/almasb/fxgl/17/fxgl-17.jar!/fxglassets/textures/fxgl_default_cursor.png
10:56:26.652 [JavaFX Application Thread] DEBUG Input                - Registered new binding: Screenshot - CTRL+8
10:56:26.652 [JavaFX Application Thread] DEBUG Input                - Registered new binding: System info dump - CTRL+9
10:56:26.653 [JavaFX Application Thread] DEBUG Input                - Registered new binding: Restart - CTRL+R
10:56:26.654 [JavaFX Application Thread] DEBUG Input                - Registered new binding: Toggle Debug Camera - CTRL+7
10:56:26.656 [JavaFX Application Thread] DEBUG LoopRunner           - Starting loop
10:56:26.656 [JavaFX Application Thread] DEBUG LoopRunner           - Initializing JavaFX AnimationTimerLoop
10:56:26.657 [JavaFX Application Thread] DEBUG GameApplicationServi - Starting new game
10:56:26.658 [JavaFX Application Thread] DEBUG Input                - Clearing active input actions
10:56:26.709 [JavaFX Application Thread] DEBUG GameApplicationServi - Removing overlay from FXGLStartupScene and adding to MainLoadingScene
10:56:26.712 [JavaFX Application Thread] DEBUG PrimaryStageWindow   - FXGLStartupScene -> MainLoadingScene
10:56:26.713 [JavaFX Application Thread] DEBUG GameApplicationServi - Clearing previous game
10:56:26.713 [JavaFX Application Thread] DEBUG GameScene            - Clearing game scene
10:56:26.713 [JavaFX Application Thread] DEBUG GameWorld            - Clearing game world
10:56:26.713 [JavaFX Application Thread] DEBUG PhysicsWorld         - Clearing physics world
10:56:26.715 [FXGL Background Thread 4 ] DEBUG FXGLApplication      - Initializing game
10:56:26.762 [JavaFX Application Thread] DEBUG FXGLApplication      - Registering font factories with UI factory
10:56:26.766 [FXGL Background Thread 4 ] WARN  TMXLevelLoader       - TiledMap generated from 1.10.1. Supported version: 1.2.3. Some features may not be parsed fully.
10:56:26.780 [FXGL Background Thread 4 ] DEBUG TMXLevelLoader       - Parsed TiledMap: file:/Users/admin/Downloads/Mario/target/classes/assets/levels/tmx/level1.tmx
10:56:26.782 [FXGL Background Thread 4 ] DEBUG TMXLevelLoader       - Creating tile layer entities
10:56:26.801 [FXGL Background Thread 4 ] DEBUG TilesetLoader        - Loading view for layer Tile Layer 1
10:56:26.803 [FXGL Background Thread 4 ] DEBUG TilesetLoader        - Created buffer with size 1050.0x700.0
10:56:26.828 [FXGL Background Thread 4 ] DEBUG TMXLevelLoader       - Creating object layer entities
10:56:27.103 [FXGL Background Thread 4 ] DEBUG GameWorld            - Clearing removable entities
10:56:27.110 [FXGL Background Thread 4 ] DEBUG GameWorld            - Setting level: com.almasb.fxgl.entity.level.Level@288a01de
10:56:27.165 [FXGL Background Thread 4 ] DEBUG FXGLAssetLoaderServi - Loading from file system: file:/Users/admin/Downloads/Mario/target/classes/assets/textures/background/background.png
10:56:27.211 [FXGL Background Thread 4 ] INFO  FXGLApplication      - Game initialization took: 0,494 sec
10:56:27.214 [JavaFX Application Thread] DEBUG Input                - Clearing active input actions
10:56:27.271 [JavaFX Application Thread] DEBUG GameApplicationServi - Removing overlay from MainLoadingScene and adding to GameScene
10:56:27.273 [JavaFX Application Thread] DEBUG PrimaryStageWindow   - MainLoadingScene -> GameScene
10:56:27.510 [FXGL Background Thread 2 ] INFO  UpdaterService       - Your current version:  17
10:56:27.510 [FXGL Background Thread 2 ] INFO  UpdaterService       - Latest stable version: 17.3
10:56:29.509 [FXGL Background Thread 3 ] DEBUG Engine               - Logging environment variables
10:56:29.517 [FXGL Background Thread 3 ] DEBUG Engine               - achievements: []
10:56:29.518 [FXGL Background Thread 3 ] DEBUG Engine               - actualHeight: 691.0
10:56:29.518 [FXGL Background Thread 3 ] DEBUG Engine               - actualHeightProperty: ReadOnlyDoubleProperty [value: 691.0]
10:56:29.519 [FXGL Background Thread 3 ] DEBUG Engine               - actualWidth: 1415.0
10:56:29.519 [FXGL Background Thread 3 ] DEBUG Engine               - actualWidthProperty: ReadOnlyDoubleProperty [value: 1415.0]
10:56:29.519 [FXGL Background Thread 3 ] DEBUG Engine               - appIcon: fxgl_icon.png
10:56:29.519 [FXGL Background Thread 3 ] DEBUG Engine               - applicationMode: DEVELOPER
10:56:29.519 [FXGL Background Thread 3 ] DEBUG Engine               - cSSList: [fxgl_dark.css]
10:56:29.521 [FXGL Background Thread 3 ] DEBUG Engine               - collisionDetectionStrategy: BRUTE_FORCE
10:56:29.521 [FXGL Background Thread 3 ] DEBUG Engine               - configClass: Optional.empty
10:56:29.521 [FXGL Background Thread 3 ] DEBUG Engine               - credits: []
10:56:29.525 [FXGL Background Thread 3 ] DEBUG Engine               - defaultCursor: CursorInfo(imageName=fxgl_default_cursor.png, hotspotX=7.0, hotspotY=6.0)
10:56:29.527 [FXGL Background Thread 3 ] DEBUG Engine               - devBBoxColorProperty: ObjectProperty [value: 0xff0000ff]
10:56:29.528 [FXGL Background Thread 3 ] DEBUG Engine               - devEnableDebugCameraProperty: BooleanProperty [value: false]
10:56:29.528 [FXGL Background Thread 3 ] DEBUG Engine               - devSensorColorProperty: ObjectProperty [value: 0xffff00ff]
10:56:29.528 [FXGL Background Thread 3 ] DEBUG Engine               - devShowBBoxProperty: BooleanProperty [value: false]
10:56:29.528 [FXGL Background Thread 3 ] DEBUG Engine               - devShowPositionProperty: BooleanProperty [value: false]
10:56:29.528 [FXGL Background Thread 3 ] DEBUG Engine               - enabledMenuItems: []
10:56:29.529 [FXGL Background Thread 3 ] DEBUG Engine               - engineServices: [class com.almasb.fxgl.app.services.FXGLAssetLoaderService, class com.almasb.fxgl.app.FXGLApplication$GameApplicationService, class com.almasb.fxgl.app.services.FXGLDialogService, class com.almasb.fxgl.app.services.IOTaskExecutorService, class com.almasb.fxgl.io.FileSystemService, class com.almasb.fxgl.localization.LocalizationService, class com.almasb.fxgl.app.services.SystemBundleService, class com.almasb.fxgl.profile.SaveLoadService, class com.almasb.fxgl.ui.FXGLUIFactoryServiceProvider, class com.almasb.fxgl.ui.FXGLDialogFactoryServiceProvider, class com.almasb.fxgl.audio.AudioPlayer, class com.almasb.fxgl.notification.impl.NotificationServiceProvider, class com.almasb.fxgl.achievement.AchievementService, class com.almasb.fxgl.cutscene.CutsceneService, class com.almasb.fxgl.minigames.MiniGameService, class com.almasb.fxgl.net.NetService, class com.almasb.fxgl.app.services.UpdaterService, class com.almasb.fxgl.dev.DevService]
10:56:29.529 [FXGL Background Thread 3 ] DEBUG Engine               - fontGame: Abel-Regular.ttf
10:56:29.529 [FXGL Background Thread 3 ] DEBUG Engine               - fontMono: TerminalLandMono-Regular.otf
10:56:29.529 [FXGL Background Thread 3 ] DEBUG Engine               - fontText: Courier-Prime.ttf
10:56:29.529 [FXGL Background Thread 3 ] DEBUG Engine               - fontUI: VarelaRound-Regular.ttf
10:56:29.529 [FXGL Background Thread 3 ] DEBUG Engine               - fullScreen: BooleanProperty [value: false]
10:56:29.529 [FXGL Background Thread 3 ] DEBUG Engine               - gameDifficulty: MEDIUM
10:56:29.529 [FXGL Background Thread 3 ] DEBUG Engine               - gameDifficultyProperty: ObjectProperty [value: MEDIUM]
10:56:29.529 [FXGL Background Thread 3 ] DEBUG Engine               - globalMusicVolume: 0.5
10:56:29.529 [FXGL Background Thread 3 ] DEBUG Engine               - globalMusicVolumeProperty: DoubleProperty [value: 0.25]
10:56:29.529 [FXGL Background Thread 3 ] DEBUG Engine               - globalSoundVolume: 0.5
10:56:29.529 [FXGL Background Thread 3 ] DEBUG Engine               - globalSoundVolumeProperty: DoubleProperty [value: 0.5]
10:56:29.530 [FXGL Background Thread 3 ] DEBUG Engine               - height: 720
10:56:29.530 [FXGL Background Thread 3 ] DEBUG Engine               - is3D: false
10:56:29.530 [FXGL Background Thread 3 ] DEBUG Engine               - isAndroid: false
10:56:29.530 [FXGL Background Thread 3 ] DEBUG Engine               - isBrowser: false
10:56:29.530 [FXGL Background Thread 3 ] DEBUG Engine               - isClickFeedbackEnabled: false
10:56:29.530 [FXGL Background Thread 3 ] DEBUG Engine               - isCloseConfirmation: false
10:56:29.530 [FXGL Background Thread 3 ] DEBUG Engine               - isDesktop: true
10:56:29.530 [FXGL Background Thread 3 ] DEBUG Engine               - isDeveloperMenuEnabled: false
10:56:29.530 [FXGL Background Thread 3 ] DEBUG Engine               - isEmbedded: false
10:56:29.530 [FXGL Background Thread 3 ] DEBUG Engine               - isEntityPreloadEnabled: true
10:56:29.530 [FXGL Background Thread 3 ] DEBUG Engine               - isExperimentalTiledLargeMap: false
10:56:29.530 [FXGL Background Thread 3 ] DEBUG Engine               - isFileSystemWriteAllowed: true
10:56:29.530 [FXGL Background Thread 3 ] DEBUG Engine               - isFullScreenAllowed: false
10:56:29.530 [FXGL Background Thread 3 ] DEBUG Engine               - isFullScreenFromStart: false
10:56:29.530 [FXGL Background Thread 3 ] DEBUG Engine               - isGameMenuEnabled: true
10:56:29.530 [FXGL Background Thread 3 ] DEBUG Engine               - isIOS: false
10:56:29.530 [FXGL Background Thread 3 ] DEBUG Engine               - isIntroEnabled: false
10:56:29.531 [FXGL Background Thread 3 ] DEBUG Engine               - isLinux: false
10:56:29.531 [FXGL Background Thread 3 ] DEBUG Engine               - isMac: true
10:56:29.531 [FXGL Background Thread 3 ] DEBUG Engine               - isMainMenuEnabled: false
10:56:29.531 [FXGL Background Thread 3 ] DEBUG Engine               - isManualResizeEnabled: false
10:56:29.531 [FXGL Background Thread 3 ] DEBUG Engine               - isMobile: false
10:56:29.531 [FXGL Background Thread 3 ] DEBUG Engine               - isNative: false
10:56:29.531 [FXGL Background Thread 3 ] DEBUG Engine               - isPauseMusicWhenMinimized: true
10:56:29.531 [FXGL Background Thread 3 ] DEBUG Engine               - isPreserveResizeRatio: false
10:56:29.531 [FXGL Background Thread 3 ] DEBUG Engine               - isProfilingEnabled: false
10:56:29.531 [FXGL Background Thread 3 ] DEBUG Engine               - isScaleAffectedOnResize: true
10:56:29.531 [FXGL Background Thread 3 ] DEBUG Engine               - isSingleStep: false
10:56:29.532 [FXGL Background Thread 3 ] DEBUG Engine               - isUserProfileEnabled: false
10:56:29.532 [FXGL Background Thread 3 ] DEBUG Engine               - isWindows: false
10:56:29.532 [FXGL Background Thread 3 ] DEBUG Engine               - language: ObjectProperty [value: ENGLISH]
10:56:29.532 [FXGL Background Thread 3 ] DEBUG Engine               - menuKey: ESCAPE
10:56:29.532 [FXGL Background Thread 3 ] DEBUG Engine               - mouseSensitivity: 0.2
10:56:29.532 [FXGL Background Thread 3 ] DEBUG Engine               - notificationViewClass: class com.almasb.fxgl.notification.view.XboxNotificationView
10:56:29.532 [FXGL Background Thread 3 ] DEBUG Engine               - pixelsPerMeter: 50.0
10:56:29.532 [FXGL Background Thread 3 ] DEBUG Engine               - platform: MAC
10:56:29.532 [FXGL Background Thread 3 ] DEBUG Engine               - prefHeightProperty: ReadOnlyDoubleProperty [value: 720.0]
10:56:29.532 [FXGL Background Thread 3 ] DEBUG Engine               - prefWidthProperty: ReadOnlyDoubleProperty [value: 1500.0]
10:56:29.532 [FXGL Background Thread 3 ] DEBUG Engine               - profileDir: profiles/
10:56:29.532 [FXGL Background Thread 3 ] DEBUG Engine               - profileName: StringProperty [value: DEFAULT]
10:56:29.532 [FXGL Background Thread 3 ] DEBUG Engine               - randomSeed: -1
10:56:29.533 [FXGL Background Thread 3 ] DEBUG Engine               - runtimeInfo: RuntimeInfo(platform=MAC, version=17, build=31.12.2021 18.16)
10:56:29.538 [FXGL Background Thread 3 ] DEBUG Engine               - saveFileExt: sav
10:56:29.540 [FXGL Background Thread 3 ] DEBUG Engine               - scaledHeightProp$fxgl: DoubleProperty [bound, value: 691.0]
10:56:29.540 [FXGL Background Thread 3 ] DEBUG Engine               - scaledWidthProp$fxgl: DoubleProperty [bound, value: 1415.0]
10:56:29.540 [FXGL Background Thread 3 ] DEBUG Engine               - sceneFactory: game.PlatformerApp$1@3efa94d7
10:56:29.540 [FXGL Background Thread 3 ] DEBUG Engine               - secondsIn24h: 60
10:56:29.540 [FXGL Background Thread 3 ] DEBUG Engine               - soundMenuBack: menu/back.wav
10:56:29.540 [FXGL Background Thread 3 ] DEBUG Engine               - soundMenuPress: menu/press.wav
10:56:29.540 [FXGL Background Thread 3 ] DEBUG Engine               - soundMenuSelect: menu/select.wav
10:56:29.540 [FXGL Background Thread 3 ] DEBUG Engine               - soundNotification: core/notification.wav
10:56:29.540 [FXGL Background Thread 3 ] DEBUG Engine               - stageStyle: DECORATED
10:56:29.541 [FXGL Background Thread 3 ] DEBUG Engine               - supportedLanguages: [ENGLISH, FRENCH, GERMAN, HUNGARIAN, RUSSIAN]
10:56:29.541 [FXGL Background Thread 3 ] DEBUG Engine               - ticksPerSecond: -1
10:56:29.541 [FXGL Background Thread 3 ] DEBUG Engine               - title: Untitled
10:56:29.541 [FXGL Background Thread 3 ] DEBUG Engine               - urlGithub: https://github.com/AlmasB/FXGL
10:56:29.541 [FXGL Background Thread 3 ] DEBUG Engine               - urlLeaderboard: http://fxgl-top.herokuapp.com/
10:56:29.541 [FXGL Background Thread 3 ] DEBUG Engine               - urlPOM: https://raw.githubusercontent.com/AlmasB/FXGL/release/README.md
10:56:29.541 [FXGL Background Thread 3 ] DEBUG Engine               - userAppClass: class game.PlatformerApp
10:56:29.541 [FXGL Background Thread 3 ] DEBUG Engine               - version: 0.0
10:56:29.541 [FXGL Background Thread 3 ] DEBUG Engine               - versionCheckDays: 7
10:56:29.541 [FXGL Background Thread 3 ] DEBUG Engine               - width: 1500
10:56:29.541 [FXGL Background Thread 3 ] DEBUG Engine               - Logging services
10:56:29.541 [FXGL Background Thread 3 ] DEBUG Engine               - class com.almasb.fxgl.app.services.FXGLAssetLoaderService
10:56:29.541 [FXGL Background Thread 3 ] DEBUG Engine               - class com.almasb.fxgl.app.FXGLApplication$GameApplicationService
10:56:29.541 [FXGL Background Thread 3 ] DEBUG Engine               - class com.almasb.fxgl.app.services.FXGLDialogService
10:56:29.541 [FXGL Background Thread 3 ] DEBUG Engine               - class com.almasb.fxgl.app.services.IOTaskExecutorService
10:56:29.541 [FXGL Background Thread 3 ] DEBUG Engine               - class com.almasb.fxgl.io.FileSystemService
10:56:29.545 [FXGL Background Thread 3 ] DEBUG Engine               - class com.almasb.fxgl.localization.LocalizationService
10:56:29.546 [FXGL Background Thread 3 ] DEBUG Engine               - class com.almasb.fxgl.app.services.SystemBundleService
10:56:29.546 [FXGL Background Thread 3 ] DEBUG Engine               - class com.almasb.fxgl.profile.SaveLoadService
10:56:29.546 [FXGL Background Thread 3 ] DEBUG Engine               - class com.almasb.fxgl.ui.FXGLUIFactoryServiceProvider
10:56:29.546 [FXGL Background Thread 3 ] DEBUG Engine               - class com.almasb.fxgl.ui.FXGLDialogFactoryServiceProvider
10:56:29.546 [FXGL Background Thread 3 ] DEBUG Engine               - class com.almasb.fxgl.audio.AudioPlayer
10:56:29.546 [FXGL Background Thread 3 ] DEBUG Engine               - class com.almasb.fxgl.notification.impl.NotificationServiceProvider
10:56:29.546 [FXGL Background Thread 3 ] DEBUG Engine               - class com.almasb.fxgl.achievement.AchievementService
10:56:29.546 [FXGL Background Thread 3 ] DEBUG Engine               - class com.almasb.fxgl.cutscene.CutsceneService
10:56:29.546 [FXGL Background Thread 3 ] DEBUG Engine               - class com.almasb.fxgl.minigames.MiniGameService
10:56:29.546 [FXGL Background Thread 3 ] DEBUG Engine               - class com.almasb.fxgl.net.NetService
10:56:29.546 [FXGL Background Thread 3 ] DEBUG Engine               - class com.almasb.fxgl.app.services.UpdaterService
10:56:29.547 [FXGL Background Thread 3 ] DEBUG Engine               - class com.almasb.fxgl.dev.DevService
10:56:40.567 [JavaFX Application Thread] WARN  TMXLevelLoader       - TiledMap generated from 1.10.0. Supported version: 1.2.3. Some features may not be parsed fully.
10:56:40.585 [JavaFX Application Thread] DEBUG TMXLevelLoader       - Parsed TiledMap: file:/Users/admin/Downloads/Mario/target/classes/assets/levels/tmx/level2.tmx
10:56:40.585 [JavaFX Application Thread] DEBUG TMXLevelLoader       - Creating tile layer entities
10:56:40.592 [JavaFX Application Thread] DEBUG TilesetLoader        - Loading view for layer Tile Layer 1
10:56:40.593 [JavaFX Application Thread] DEBUG TilesetLoader        - Created buffer with size 1050.0x700.0
10:56:40.617 [JavaFX Application Thread] DEBUG TMXLevelLoader       - Creating object layer entities
10:56:40.635 [JavaFX Application Thread] DEBUG GameWorld            - Clearing removable entities
10:56:40.643 [JavaFX Application Thread] DEBUG GameWorld            - Setting level: com.almasb.fxgl.entity.level.Level@1ba08ce8
10:56:40.652 [JavaFX Application Thread] WARN  TMXLevelLoader       - TiledMap generated from 1.10.0. Supported version: 1.2.3. Some features may not be parsed fully.
10:56:40.658 [JavaFX Application Thread] DEBUG TMXLevelLoader       - Parsed TiledMap: file:/Users/admin/Downloads/Mario/target/classes/assets/levels/tmx/level2.tmx
10:56:40.658 [JavaFX Application Thread] DEBUG TMXLevelLoader       - Creating tile layer entities
10:56:40.660 [JavaFX Application Thread] DEBUG TilesetLoader        - Loading view for layer Tile Layer 1
10:56:40.661 [JavaFX Application Thread] DEBUG TilesetLoader        - Created buffer with size 1050.0x700.0
10:56:40.669 [JavaFX Application Thread] DEBUG TMXLevelLoader       - Creating object layer entities
10:56:40.678 [JavaFX Application Thread] DEBUG GameWorld            - Clearing removable entities
10:56:40.681 [JavaFX Application Thread] DEBUG GameWorld            - Setting level: com.almasb.fxgl.entity.level.Level@3e0ae25d
10:56:54.328 [JavaFX Application Thread] WARN  TMXLevelLoader       - TiledMap generated from 1.10.0. Supported version: 1.2.3. Some features may not be parsed fully.
10:56:54.338 [JavaFX Application Thread] DEBUG TMXLevelLoader       - Parsed TiledMap: file:/Users/admin/Downloads/Mario/target/classes/assets/levels/tmx/level3.tmx
10:56:54.338 [JavaFX Application Thread] DEBUG TMXLevelLoader       - Creating tile layer entities
10:56:54.344 [JavaFX Application Thread] DEBUG TilesetLoader        - Loading view for layer Tile Layer 1
10:56:54.381 [JavaFX Application Thread] DEBUG TilesetLoader        - Created buffer with size 1050.0x700.0
10:56:54.425 [JavaFX Application Thread] DEBUG TMXLevelLoader       - Creating object layer entities
10:56:54.455 [JavaFX Application Thread] DEBUG GameWorld            - Clearing removable entities
10:56:54.466 [JavaFX Application Thread] DEBUG GameWorld            - Setting level: com.almasb.fxgl.entity.level.Level@61f3b872
10:56:54.499 [JavaFX Application Thread] WARN  TMXLevelLoader       - TiledMap generated from 1.10.0. Supported version: 1.2.3. Some features may not be parsed fully.
10:56:54.510 [JavaFX Application Thread] DEBUG TMXLevelLoader       - Parsed TiledMap: file:/Users/admin/Downloads/Mario/target/classes/assets/levels/tmx/level3.tmx
10:56:54.510 [JavaFX Application Thread] DEBUG TMXLevelLoader       - Creating tile layer entities
10:56:54.512 [JavaFX Application Thread] DEBUG TilesetLoader        - Loading view for layer Tile Layer 1
10:56:54.513 [JavaFX Application Thread] DEBUG TilesetLoader        - Created buffer with size 1050.0x700.0
10:56:54.522 [JavaFX Application Thread] DEBUG TMXLevelLoader       - Creating object layer entities
10:56:54.531 [JavaFX Application Thread] DEBUG GameWorld            - Clearing removable entities
10:56:54.537 [JavaFX Application Thread] DEBUG GameWorld            - Setting level: com.almasb.fxgl.entity.level.Level@122f60da
10:57:03.770 [JavaFX Application Thread] WARN  TMXLevelLoader       - TiledMap generated from 1.10.0. Supported version: 1.2.3. Some features may not be parsed fully.
10:57:03.775 [JavaFX Application Thread] DEBUG TMXLevelLoader       - Parsed TiledMap: file:/Users/admin/Downloads/Mario/target/classes/assets/levels/tmx/level4.tmx
10:57:03.775 [JavaFX Application Thread] DEBUG TMXLevelLoader       - Creating tile layer entities
10:57:03.778 [JavaFX Application Thread] DEBUG TilesetLoader        - Loading view for layer Tile Layer 1
10:57:03.780 [JavaFX Application Thread] DEBUG TilesetLoader        - Created buffer with size 1050.0x700.0
10:57:03.814 [JavaFX Application Thread] DEBUG TMXLevelLoader       - Creating object layer entities
10:57:03.827 [JavaFX Application Thread] DEBUG GameWorld            - Clearing removable entities
10:57:03.833 [JavaFX Application Thread] DEBUG GameWorld            - Setting level: com.almasb.fxgl.entity.level.Level@46884c46
10:57:03.842 [JavaFX Application Thread] WARN  TMXLevelLoader       - TiledMap generated from 1.10.0. Supported version: 1.2.3. Some features may not be parsed fully.
10:57:03.846 [JavaFX Application Thread] DEBUG TMXLevelLoader       - Parsed TiledMap: file:/Users/admin/Downloads/Mario/target/classes/assets/levels/tmx/level4.tmx
10:57:03.846 [JavaFX Application Thread] DEBUG TMXLevelLoader       - Creating tile layer entities
10:57:03.847 [JavaFX Application Thread] DEBUG TilesetLoader        - Loading view for layer Tile Layer 1
10:57:03.847 [JavaFX Application Thread] DEBUG TilesetLoader        - Created buffer with size 1050.0x700.0
10:57:03.856 [JavaFX Application Thread] DEBUG TMXLevelLoader       - Creating object layer entities
10:57:03.863 [JavaFX Application Thread] DEBUG GameWorld            - Clearing removable entities
10:57:03.868 [JavaFX Application Thread] DEBUG GameWorld            - Setting level: com.almasb.fxgl.entity.level.Level@15527f2a
10:57:07.473 [JavaFX Application Thread] WARN  TMXLevelLoader       - TiledMap generated from 1.10.0. Supported version: 1.2.3. Some features may not be parsed fully.
10:57:07.475 [JavaFX Application Thread] DEBUG TMXLevelLoader       - Parsed TiledMap: file:/Users/admin/Downloads/Mario/target/classes/assets/levels/tmx/level4.tmx
10:57:07.475 [JavaFX Application Thread] DEBUG TMXLevelLoader       - Creating tile layer entities
10:57:07.479 [JavaFX Application Thread] DEBUG TilesetLoader        - Loading view for layer Tile Layer 1
10:57:07.486 [JavaFX Application Thread] DEBUG TilesetLoader        - Created buffer with size 1050.0x700.0
10:57:07.500 [JavaFX Application Thread] DEBUG TMXLevelLoader       - Creating object layer entities
10:57:07.513 [JavaFX Application Thread] DEBUG GameWorld            - Clearing removable entities
10:57:07.519 [JavaFX Application Thread] DEBUG GameWorld            - Setting level: com.almasb.fxgl.entity.level.Level@276d15e
10:57:21.570 [JavaFX Application Thread] DEBUG LoopRunner           - Stopping loop
10:57:21.614 [JavaFX Application Thread] FATAL FXGLApplication      - Uncaught Exception:
java.lang.ArrayIndexOutOfBoundsException: Index 4 out of bounds for length 4
	at mario.main/game.PlatformerApp.nextLevel(PlatformerApp.java:288)
	at mario.main/game.PlatformerApp$6.onCollision(PlatformerApp.java:255)
	at com.almasb.fxgl.entity@17/com.almasb.fxgl.physics.CollisionPair.collision(CollisionPair.java:41)
	at com.almasb.fxgl.entity@17/com.almasb.fxgl.physics.PhysicsWorld.notifyCollisions(PhysicsWorld.java:486)
	at com.almasb.fxgl.entity@17/com.almasb.fxgl.physics.PhysicsWorld.onUpdate(PhysicsWorld.java:180)
	at com.almasb.fxgl.all@17/com.almasb.fxgl.app.scene.GameScene.step(GameScene.kt:225)
	at com.almasb.fxgl.all@17/com.almasb.fxgl.app.scene.GameScene.onUpdate(GameScene.kt:220)
	at com.almasb.fxgl.scene@17/com.almasb.fxgl.scene.Scene.update(Scene.kt:105)
	at com.almasb.fxgl.all@17/com.almasb.fxgl.app.MainWindow$update$1.invoke(MainWindow.kt:115)
	at com.almasb.fxgl.all@17/com.almasb.fxgl.app.MainWindow$update$1.invoke(MainWindow.kt:115)
	at com.almasb.fxgl.core@17/com.almasb.fxgl.core.fsm.StateMachine.runOnActiveStates(StateMachine.kt:69)
	at com.almasb.fxgl.all@17/com.almasb.fxgl.app.MainWindow.update(MainWindow.kt:115)
	at com.almasb.fxgl.all@17/com.almasb.fxgl.app.FXGLApplication$GameApplicationService.onUpdate(FXGLApplication.kt:426)
	at com.almasb.fxgl.all@17/com.almasb.fxgl.app.Engine.loop(Engine.kt:134)
	at com.almasb.fxgl.all@17/com.almasb.fxgl.app.Engine.access$loop(Engine.kt:24)
	at com.almasb.fxgl.all@17/com.almasb.fxgl.app.Engine$loop$1.invoke(Engine.kt:28)
	at com.almasb.fxgl.all@17/com.almasb.fxgl.app.Engine$loop$1.invoke(Engine.kt:28)
	at com.almasb.fxgl.all@17/com.almasb.fxgl.app.LoopRunner.frame(LoopRunner.kt:103)
	at com.almasb.fxgl.all@17/com.almasb.fxgl.app.LoopRunner.access$frame(LoopRunner.kt:23)
	at com.almasb.fxgl.all@17/com.almasb.fxgl.app.LoopRunner$impl$2$1.onTick(LoopRunner.kt:57)
	at com.almasb.fxgl.all@17/com.almasb.fxgl.app.AnimationTimerLoop$timer$1.handle(LoopRunner.kt:137)
	at javafx.graphics/javafx.animation.AnimationTimer$AnimationTimerReceiver.lambda$handle$0(AnimationTimer.java:58)
	at java.base/java.security.AccessController.doPrivileged(AccessController.java:400)
	at javafx.graphics/javafx.animation.AnimationTimer$AnimationTimerReceiver.handle(AnimationTimer.java:57)
	at javafx.graphics/com.sun.scenario.animation.AbstractPrimaryTimer.timePulseImpl(AbstractPrimaryTimer.java:356)
	at javafx.graphics/com.sun.scenario.animation.AbstractPrimaryTimer$MainLoop.run(AbstractPrimaryTimer.java:266)
	at javafx.graphics/com.sun.javafx.tk.quantum.QuantumToolkit.pulse(QuantumToolkit.java:571)
	at javafx.graphics/com.sun.javafx.tk.quantum.QuantumToolkit.pulse(QuantumToolkit.java:555)
	at javafx.graphics/com.sun.javafx.tk.quantum.QuantumToolkit.pulseFromQueue(QuantumToolkit.java:548)
	at javafx.graphics/com.sun.javafx.tk.quantum.QuantumToolkit.lambda$runToolkit$11(QuantumToolkit.java:353)
	at javafx.graphics/com.sun.glass.ui.InvokeLaterDispatcher$Future.run(InvokeLaterDispatcher.java:96)

10:57:21.615 [JavaFX Application Thread] FATAL FXGLApplication      - Application will now exit
10:57:21.693 [JavaFX Application Thread] DEBUG PrimaryStageWindow   - Push state: ErrorSubScene
10:57:21.694 [JavaFX Application Thread] DEBUG Input                - Clearing active input actions
10:57:21.706 [JavaFX Application Thread] DEBUG GameApplicationServi - Removing overlay from GameScene and adding to ErrorSubScene
10:57:21.708 [JavaFX Application Thread] DEBUG PrimaryStageWindow   - GameScene -> ErrorSubScene
10:57:25.577 [JavaFX Application Thread] DEBUG FXGLApplication      - Exiting FXGL
10:57:25.578 [JavaFX Application Thread] DEBUG Async                - Shutting down background threads
10:57:25.581 [JavaFX Application Thread] DEBUG PrimaryStageWindow   - Closing main window
10:57:25.611 [JavaFX Application Thread] DEBUG Logger               - Closing Logger
