10:18:14.873 [main                     ] DEBUG Logger               - Configured Logger
10:18:14.943 [main                     ] DEBUG GameApplication      - Logging settings
Title: Untitled
Version: 0.0
Width: 1500
Height: 720
Fullscreen: false
Intro: false
Profiling: false
Single step:false
App Mode: DEVELOPER
Menu Key: ESCAPE
Stage Style: DECORATED
Scene Factory: class game.PlatformerApp$1

10:18:15.405 [JavaFX Application Thread] DEBUG FXGLApplication      - Initializing FXGL
10:18:15.418 [JavaFX Application Thread] INFO  Engine               - FXGL-17 (31.12.2021 18.16) on MAC (J:20 FX:17.0.0.1)
10:18:15.420 [JavaFX Application Thread] DEBUG Engine               - JRE Vendor Name: Oracle Corporation
10:18:15.421 [JavaFX Application Thread] DEBUG Engine               - Running on OS: Mac OS X version 13.1
10:18:15.421 [JavaFX Application Thread] DEBUG Engine               - Architecture: x86_64
10:18:15.421 [JavaFX Application Thread] INFO  Engine               - Source code and latest versions at: https://github.com/AlmasB/FXGL
10:18:15.421 [JavaFX Application Thread] INFO  Engine               -       Ask questions and discuss at: https://github.com/AlmasB/FXGL/discussions
10:18:15.421 [JavaFX Application Thread] INFO  Engine               -              Join the FXGL chat at: https://gitter.im/AlmasB/FXGL
10:18:15.495 [JavaFX Application Thread] DEBUG PrimaryStageWindow   - Creating a JavaFX scene
10:18:15.495 [JavaFX Application Thread] DEBUG PrimaryStageWindow   - Target size > screen size
10:18:15.551 [JavaFX Application Thread] DEBUG PrimaryStageWindow   - Target settings size: 1500.0 x 720.0
10:18:15.552 [JavaFX Application Thread] DEBUG PrimaryStageWindow   - Scaled scene size:    1415.0 x 691.0
10:18:15.552 [JavaFX Application Thread] DEBUG PrimaryStageWindow   - Scaled ratio: (0.9433333333333334, 0.9597222222222223)
10:18:15.554 [JavaFX Application Thread] DEBUG PrimaryStageWindow   - Set initial scene to FXGLStartupScene
10:18:15.560 [JavaFX Application Thread] DEBUG PrimaryStageWindow   - Opening main window
10:18:15.644 [JavaFX Application Thread] DEBUG PrimaryStageWindow   - Window border size: (0.0, 28.0)
10:18:15.644 [JavaFX Application Thread] DEBUG PrimaryStageWindow   - Scaled size: 1415.0 x 691.0
10:18:15.645 [JavaFX Application Thread] DEBUG PrimaryStageWindow   - Scaled ratio: (0.9433333333333334, 0.9597222222222223)
10:18:15.646 [JavaFX Application Thread] DEBUG PrimaryStageWindow   - Scene size: 1415.0 x 691.0
10:18:15.646 [JavaFX Application Thread] DEBUG PrimaryStageWindow   - Stage size: 1415.0 x 719.0
10:18:15.656 [FXGL Background Thread 1 ] DEBUG Engine               - Initializing environment variables
10:18:15.806 [FXGL Background Thread 1 ] DEBUG FXGLAssetLoaderServi - User app class for loading assets: class game.PlatformerApp
10:18:15.807 [FXGL Background Thread 1 ] DEBUG GameApplicationServi - Applying CSS: fxgl_dark.css
10:18:15.809 [FXGL Background Thread 1 ] DEBUG FXGLAssetLoaderServi - Loading from file system: jar:file:///Users/admin/.m2/repository/com/github/almasb/fxgl/17/fxgl-17.jar!/fxglassets/ui/css/fxgl_dark.css
10:18:15.911 [FXGL Background Thread 1 ] DEBUG GameApplicationServi - Initializing application scenes
10:18:16.009 [FXGL Background Thread 1 ] DEBUG FXGLAssetLoaderServi - Loading from file system: file:/Users/admin/Downloads/Mario/target/classes/assets/textures/player.png
10:18:16.028 [FXGL Background Thread 1 ] DEBUG GameWorld            - Game world initialized
10:18:16.074 [FXGL Background Thread 1 ] DEBUG PhysicsWorld         - Physics world initialized: appHeight=720, physics.ppm=50,0
10:18:16.075 [FXGL Background Thread 1 ] DEBUG PhysicsWorld         - Using strategy: BRUTE_FORCE
10:18:16.084 [FXGL Background Thread 1 ] DEBUG GameScene            - Game scene initialized: 1500x720
10:18:16.098 [FXGL Background Thread 1 ] DEBUG FXGL.DefaultMenu     - createMenuBodyGameMenu()
10:18:16.123 [FXGL Background Thread 1 ] DEBUG FXGL.DefaultMenu     - createOptionsMenu()
10:18:16.140 [FXGL Background Thread 1 ] DEBUG FXGLAssetLoaderServi - Loading from file system: jar:file:///Users/admin/.m2/repository/com/github/almasb/fxgl/17/fxgl-17.jar!/fxglassets/textures/particles/smoke.png
10:18:16.287 [FXGL Background Thread 1 ] DEBUG FXGLAssetLoaderServi - Loading from file system: jar:file:///Users/admin/.m2/repository/com/github/almasb/fxgl/17/fxgl-17.jar!/fxglassets/textures/particles/trace_horizontal.png
10:18:16.352 [FXGL Background Thread 1 ] DEBUG GameApplicationServi - Application scenes initialized
10:18:16.374 [FXGL Background Thread 1 ] DEBUG SystemBundleService  - Loading FXGL system data
10:18:16.378 [FXGL Background Thread 1 ] DEBUG FileSystemAccess     - Reading from: /Users/admin/Downloads/Mario/system/fxgl.bundle
10:18:16.390 [FXGL Background Thread 1 ] DEBUG SystemBundleService  - Bundle FXGL: {}
10:18:16.390 [FXGL Background Thread 1 ] DEBUG UpdaterService       - Checking for updates
10:18:16.393 [FXGL Background Thread 4 ] DEBUG FXGLApplication      - Loading fonts
10:18:16.399 [FXGL Background Thread 4 ] DEBUG FXGLAssetLoaderServi - Loading from file system: jar:file:///Users/admin/.m2/repository/com/github/almasb/fxgl/17/fxgl-17.jar!/fxglassets/ui/fonts/VarelaRound-Regular.ttf
10:18:16.394 [FXGL Background Thread 1 ] DEBUG FXGLApplication      - Loading default localization
10:18:16.400 [FXGL Background Thread 1 ] DEBUG FXGLAssetLoaderServi - Loading from file system: jar:file:///Users/admin/.m2/repository/com/github/almasb/fxgl/17/fxgl-17.jar!/fxglassets/languages/english.lang
10:18:16.424 [FXGL Background Thread 4 ] DEBUG FXGLAssetLoaderServi - Loading from file system: jar:file:///Users/admin/.m2/repository/com/github/almasb/fxgl/17/fxgl-17.jar!/fxglassets/ui/fonts/Abel-Regular.ttf
10:18:16.426 [FXGL Background Thread 1 ] INFO  FXGLApplication      - FXGL initialization took: 0,769 sec
10:18:16.431 [FXGL Background Thread 4 ] DEBUG FXGLAssetLoaderServi - Loading from file system: jar:file:///Users/admin/.m2/repository/com/github/almasb/fxgl/17/fxgl-17.jar!/fxglassets/ui/fonts/TerminalLandMono-Regular.otf
10:18:16.436 [JavaFX Application Thread] DEBUG Input                - Registered new binding: Left - A
10:18:16.436 [FXGL Background Thread 4 ] DEBUG FXGLAssetLoaderServi - Loading from file system: jar:file:///Users/admin/.m2/repository/com/github/almasb/fxgl/17/fxgl-17.jar!/fxglassets/ui/fonts/Courier-Prime.ttf
10:18:16.437 [JavaFX Application Thread] DEBUG Input                - Registered new binding: Right - D
10:18:16.437 [JavaFX Application Thread] DEBUG Input                - Registered new binding: Jump - W
10:18:16.437 [JavaFX Application Thread] DEBUG Input                - Registered new binding: Use - E
10:18:16.438 [JavaFX Application Thread] DEBUG FXGLAssetLoaderServi - Loading from file system: jar:file:///Users/admin/.m2/repository/com/github/almasb/fxgl/17/fxgl-17.jar!/fxglassets/textures/fxgl_icon.png
10:18:16.472 [JavaFX Application Thread] DEBUG FXGLAssetLoaderServi - Loading from file system: jar:file:///Users/admin/.m2/repository/com/github/almasb/fxgl/17/fxgl-17.jar!/fxglassets/textures/fxgl_default_cursor.png
10:18:16.478 [JavaFX Application Thread] DEBUG Input                - Registered new binding: Screenshot - CTRL+8
10:18:16.479 [JavaFX Application Thread] DEBUG Input                - Registered new binding: System info dump - CTRL+9
10:18:16.481 [JavaFX Application Thread] DEBUG Input                - Registered new binding: Restart - CTRL+R
10:18:16.481 [JavaFX Application Thread] DEBUG Input                - Registered new binding: Toggle Debug Camera - CTRL+7
10:18:16.484 [JavaFX Application Thread] DEBUG LoopRunner           - Starting loop
10:18:16.485 [JavaFX Application Thread] DEBUG LoopRunner           - Initializing JavaFX AnimationTimerLoop
10:18:16.486 [JavaFX Application Thread] DEBUG GameApplicationServi - Starting new game
10:18:16.487 [JavaFX Application Thread] DEBUG Input                - Clearing active input actions
10:18:16.537 [JavaFX Application Thread] DEBUG GameApplicationServi - Removing overlay from FXGLStartupScene and adding to MainLoadingScene
10:18:16.539 [JavaFX Application Thread] DEBUG PrimaryStageWindow   - FXGLStartupScene -> MainLoadingScene
10:18:16.540 [JavaFX Application Thread] DEBUG GameApplicationServi - Clearing previous game
10:18:16.540 [JavaFX Application Thread] DEBUG GameScene            - Clearing game scene
10:18:16.540 [JavaFX Application Thread] DEBUG GameWorld            - Clearing game world
10:18:16.540 [JavaFX Application Thread] DEBUG PhysicsWorld         - Clearing physics world
10:18:16.542 [FXGL Background Thread 4 ] DEBUG FXGLApplication      - Initializing game
10:18:16.585 [FXGL Background Thread 4 ] WARN  TMXLevelLoader       - TiledMap generated from 1.10.0. Supported version: 1.2.3. Some features may not be parsed fully.
10:18:16.600 [JavaFX Application Thread] DEBUG FXGLApplication      - Registering font factories with UI factory
10:18:16.600 [FXGL Background Thread 4 ] DEBUG TMXLevelLoader       - Parsed TiledMap: file:/Users/admin/Downloads/Mario/target/classes/assets/levels/tmx/level3.tmx
10:18:16.601 [FXGL Background Thread 4 ] DEBUG TMXLevelLoader       - Creating tile layer entities
10:18:16.604 [FXGL Background Thread 4 ] DEBUG TilesetLoader        - Loading view for layer Tile Layer 1
10:18:16.606 [FXGL Background Thread 4 ] DEBUG TilesetLoader        - Created buffer with size 1050.0x700.0
10:18:16.633 [FXGL Background Thread 4 ] DEBUG TMXLevelLoader       - Creating object layer entities
10:18:16.923 [FXGL Background Thread 4 ] DEBUG GameWorld            - Clearing removable entities
10:18:16.937 [FXGL Background Thread 4 ] DEBUG GameWorld            - Setting level: com.almasb.fxgl.entity.level.Level@75b001a4
10:18:16.999 [FXGL Background Thread 4 ] DEBUG FXGLAssetLoaderServi - Loading from file system: file:/Users/admin/Downloads/Mario/target/classes/assets/textures/background/background.png
10:18:17.044 [FXGL Background Thread 4 ] INFO  FXGLApplication      - Game initialization took: 0,500 sec
10:18:17.047 [JavaFX Application Thread] DEBUG Input                - Clearing active input actions
10:18:17.094 [JavaFX Application Thread] DEBUG GameApplicationServi - Removing overlay from MainLoadingScene and adding to GameScene
10:18:17.096 [JavaFX Application Thread] DEBUG PrimaryStageWindow   - MainLoadingScene -> GameScene
10:18:17.312 [FXGL Background Thread 2 ] INFO  UpdaterService       - Your current version:  17
10:18:17.312 [FXGL Background Thread 2 ] INFO  UpdaterService       - Latest stable version: 17.3
10:18:19.398 [FXGL Background Thread 3 ] DEBUG Engine               - Logging environment variables
10:18:19.406 [FXGL Background Thread 3 ] DEBUG Engine               - achievements: []
10:18:19.406 [FXGL Background Thread 3 ] DEBUG Engine               - actualHeight: 691.0
10:18:19.406 [FXGL Background Thread 3 ] DEBUG Engine               - actualHeightProperty: ReadOnlyDoubleProperty [value: 691.0]
10:18:19.406 [FXGL Background Thread 3 ] DEBUG Engine               - actualWidth: 1415.0
10:18:19.407 [FXGL Background Thread 3 ] DEBUG Engine               - actualWidthProperty: ReadOnlyDoubleProperty [value: 1415.0]
10:18:19.407 [FXGL Background Thread 3 ] DEBUG Engine               - appIcon: fxgl_icon.png
10:18:19.407 [FXGL Background Thread 3 ] DEBUG Engine               - applicationMode: DEVELOPER
10:18:19.407 [FXGL Background Thread 3 ] DEBUG Engine               - cSSList: [fxgl_dark.css]
10:18:19.407 [FXGL Background Thread 3 ] DEBUG Engine               - collisionDetectionStrategy: BRUTE_FORCE
10:18:19.407 [FXGL Background Thread 3 ] DEBUG Engine               - configClass: Optional.empty
10:18:19.407 [FXGL Background Thread 3 ] DEBUG Engine               - credits: []
10:18:19.409 [FXGL Background Thread 3 ] DEBUG Engine               - defaultCursor: CursorInfo(imageName=fxgl_default_cursor.png, hotspotX=7.0, hotspotY=6.0)
10:18:19.412 [FXGL Background Thread 3 ] DEBUG Engine               - devBBoxColorProperty: ObjectProperty [value: 0xff0000ff]
10:18:19.413 [FXGL Background Thread 3 ] DEBUG Engine               - devEnableDebugCameraProperty: BooleanProperty [value: false]
10:18:19.413 [FXGL Background Thread 3 ] DEBUG Engine               - devSensorColorProperty: ObjectProperty [value: 0xffff00ff]
10:18:19.413 [FXGL Background Thread 3 ] DEBUG Engine               - devShowBBoxProperty: BooleanProperty [value: false]
10:18:19.413 [FXGL Background Thread 3 ] DEBUG Engine               - devShowPositionProperty: BooleanProperty [value: false]
10:18:19.413 [FXGL Background Thread 3 ] DEBUG Engine               - enabledMenuItems: []
10:18:19.413 [FXGL Background Thread 3 ] DEBUG Engine               - engineServices: [class com.almasb.fxgl.app.services.FXGLAssetLoaderService, class com.almasb.fxgl.app.FXGLApplication$GameApplicationService, class com.almasb.fxgl.app.services.FXGLDialogService, class com.almasb.fxgl.app.services.IOTaskExecutorService, class com.almasb.fxgl.io.FileSystemService, class com.almasb.fxgl.localization.LocalizationService, class com.almasb.fxgl.app.services.SystemBundleService, class com.almasb.fxgl.profile.SaveLoadService, class com.almasb.fxgl.ui.FXGLUIFactoryServiceProvider, class com.almasb.fxgl.ui.FXGLDialogFactoryServiceProvider, class com.almasb.fxgl.audio.AudioPlayer, class com.almasb.fxgl.notification.impl.NotificationServiceProvider, class com.almasb.fxgl.achievement.AchievementService, class com.almasb.fxgl.cutscene.CutsceneService, class com.almasb.fxgl.minigames.MiniGameService, class com.almasb.fxgl.net.NetService, class com.almasb.fxgl.app.services.UpdaterService, class com.almasb.fxgl.dev.DevService]
10:18:19.413 [FXGL Background Thread 3 ] DEBUG Engine               - fontGame: Abel-Regular.ttf
10:18:19.413 [FXGL Background Thread 3 ] DEBUG Engine               - fontMono: TerminalLandMono-Regular.otf
10:18:19.414 [FXGL Background Thread 3 ] DEBUG Engine               - fontText: Courier-Prime.ttf
10:18:19.414 [FXGL Background Thread 3 ] DEBUG Engine               - fontUI: VarelaRound-Regular.ttf
10:18:19.414 [FXGL Background Thread 3 ] DEBUG Engine               - fullScreen: BooleanProperty [value: false]
10:18:19.414 [FXGL Background Thread 3 ] DEBUG Engine               - gameDifficulty: MEDIUM
10:18:19.414 [FXGL Background Thread 3 ] DEBUG Engine               - gameDifficultyProperty: ObjectProperty [value: MEDIUM]
10:18:19.414 [FXGL Background Thread 3 ] DEBUG Engine               - globalMusicVolume: 0.5
10:18:19.414 [FXGL Background Thread 3 ] DEBUG Engine               - globalMusicVolumeProperty: DoubleProperty [value: 0.25]
10:18:19.414 [FXGL Background Thread 3 ] DEBUG Engine               - globalSoundVolume: 0.5
10:18:19.414 [FXGL Background Thread 3 ] DEBUG Engine               - globalSoundVolumeProperty: DoubleProperty [value: 0.5]
10:18:19.414 [FXGL Background Thread 3 ] DEBUG Engine               - height: 720
10:18:19.415 [FXGL Background Thread 3 ] DEBUG Engine               - is3D: false
10:18:19.415 [FXGL Background Thread 3 ] DEBUG Engine               - isAndroid: false
10:18:19.415 [FXGL Background Thread 3 ] DEBUG Engine               - isBrowser: false
10:18:19.415 [FXGL Background Thread 3 ] DEBUG Engine               - isClickFeedbackEnabled: false
10:18:19.415 [FXGL Background Thread 3 ] DEBUG Engine               - isCloseConfirmation: false
10:18:19.415 [FXGL Background Thread 3 ] DEBUG Engine               - isDesktop: true
10:18:19.415 [FXGL Background Thread 3 ] DEBUG Engine               - isDeveloperMenuEnabled: false
10:18:19.415 [FXGL Background Thread 3 ] DEBUG Engine               - isEmbedded: false
10:18:19.415 [FXGL Background Thread 3 ] DEBUG Engine               - isEntityPreloadEnabled: true
10:18:19.415 [FXGL Background Thread 3 ] DEBUG Engine               - isExperimentalTiledLargeMap: false
10:18:19.415 [FXGL Background Thread 3 ] DEBUG Engine               - isFileSystemWriteAllowed: true
10:18:19.415 [FXGL Background Thread 3 ] DEBUG Engine               - isFullScreenAllowed: false
10:18:19.415 [FXGL Background Thread 3 ] DEBUG Engine               - isFullScreenFromStart: false
10:18:19.415 [FXGL Background Thread 3 ] DEBUG Engine               - isGameMenuEnabled: true
10:18:19.415 [FXGL Background Thread 3 ] DEBUG Engine               - isIOS: false
10:18:19.415 [FXGL Background Thread 3 ] DEBUG Engine               - isIntroEnabled: false
10:18:19.415 [FXGL Background Thread 3 ] DEBUG Engine               - isLinux: false
10:18:19.415 [FXGL Background Thread 3 ] DEBUG Engine               - isMac: true
10:18:19.416 [FXGL Background Thread 3 ] DEBUG Engine               - isMainMenuEnabled: false
10:18:19.416 [FXGL Background Thread 3 ] DEBUG Engine               - isManualResizeEnabled: false
10:18:19.416 [FXGL Background Thread 3 ] DEBUG Engine               - isMobile: false
10:18:19.416 [FXGL Background Thread 3 ] DEBUG Engine               - isNative: false
10:18:19.416 [FXGL Background Thread 3 ] DEBUG Engine               - isPauseMusicWhenMinimized: true
10:18:19.416 [FXGL Background Thread 3 ] DEBUG Engine               - isPreserveResizeRatio: false
10:18:19.416 [FXGL Background Thread 3 ] DEBUG Engine               - isProfilingEnabled: false
10:18:19.416 [FXGL Background Thread 3 ] DEBUG Engine               - isScaleAffectedOnResize: true
10:18:19.418 [FXGL Background Thread 3 ] DEBUG Engine               - isSingleStep: false
10:18:19.420 [FXGL Background Thread 3 ] DEBUG Engine               - isUserProfileEnabled: false
10:18:19.420 [FXGL Background Thread 3 ] DEBUG Engine               - isWindows: false
10:18:19.420 [FXGL Background Thread 3 ] DEBUG Engine               - language: ObjectProperty [value: ENGLISH]
10:18:19.420 [FXGL Background Thread 3 ] DEBUG Engine               - menuKey: ESCAPE
10:18:19.420 [FXGL Background Thread 3 ] DEBUG Engine               - mouseSensitivity: 0.2
10:18:19.420 [FXGL Background Thread 3 ] DEBUG Engine               - notificationViewClass: class com.almasb.fxgl.notification.view.XboxNotificationView
10:18:19.421 [FXGL Background Thread 3 ] DEBUG Engine               - pixelsPerMeter: 50.0
10:18:19.421 [FXGL Background Thread 3 ] DEBUG Engine               - platform: MAC
10:18:19.422 [FXGL Background Thread 3 ] DEBUG Engine               - prefHeightProperty: ReadOnlyDoubleProperty [value: 720.0]
10:18:19.423 [FXGL Background Thread 3 ] DEBUG Engine               - prefWidthProperty: ReadOnlyDoubleProperty [value: 1500.0]
10:18:19.423 [FXGL Background Thread 3 ] DEBUG Engine               - profileDir: profiles/
10:18:19.423 [FXGL Background Thread 3 ] DEBUG Engine               - profileName: StringProperty [value: DEFAULT]
10:18:19.423 [FXGL Background Thread 3 ] DEBUG Engine               - randomSeed: -1
10:18:19.425 [FXGL Background Thread 3 ] DEBUG Engine               - runtimeInfo: RuntimeInfo(platform=MAC, version=17, build=31.12.2021 18.16)
10:18:19.425 [FXGL Background Thread 3 ] DEBUG Engine               - saveFileExt: sav
10:18:19.425 [FXGL Background Thread 3 ] DEBUG Engine               - scaledHeightProp$fxgl: DoubleProperty [bound, value: 691.0]
10:18:19.425 [FXGL Background Thread 3 ] DEBUG Engine               - scaledWidthProp$fxgl: DoubleProperty [bound, value: 1415.0]
10:18:19.425 [FXGL Background Thread 3 ] DEBUG Engine               - sceneFactory: game.PlatformerApp$1@5fe7200b
10:18:19.425 [FXGL Background Thread 3 ] DEBUG Engine               - secondsIn24h: 60
10:18:19.425 [FXGL Background Thread 3 ] DEBUG Engine               - soundMenuBack: menu/back.wav
10:18:19.425 [FXGL Background Thread 3 ] DEBUG Engine               - soundMenuPress: menu/press.wav
10:18:19.425 [FXGL Background Thread 3 ] DEBUG Engine               - soundMenuSelect: menu/select.wav
10:18:19.425 [FXGL Background Thread 3 ] DEBUG Engine               - soundNotification: core/notification.wav
10:18:19.425 [FXGL Background Thread 3 ] DEBUG Engine               - stageStyle: DECORATED
10:18:19.425 [FXGL Background Thread 3 ] DEBUG Engine               - supportedLanguages: [ENGLISH, FRENCH, GERMAN, HUNGARIAN, RUSSIAN]
10:18:19.425 [FXGL Background Thread 3 ] DEBUG Engine               - ticksPerSecond: -1
10:18:19.425 [FXGL Background Thread 3 ] DEBUG Engine               - title: Untitled
10:18:19.426 [FXGL Background Thread 3 ] DEBUG Engine               - urlGithub: https://github.com/AlmasB/FXGL
10:18:19.426 [FXGL Background Thread 3 ] DEBUG Engine               - urlLeaderboard: http://fxgl-top.herokuapp.com/
10:18:19.426 [FXGL Background Thread 3 ] DEBUG Engine               - urlPOM: https://raw.githubusercontent.com/AlmasB/FXGL/release/README.md
10:18:19.426 [FXGL Background Thread 3 ] DEBUG Engine               - userAppClass: class game.PlatformerApp
10:18:19.426 [FXGL Background Thread 3 ] DEBUG Engine               - version: 0.0
10:18:19.426 [FXGL Background Thread 3 ] DEBUG Engine               - versionCheckDays: 7
10:18:19.432 [FXGL Background Thread 3 ] DEBUG Engine               - width: 1500
10:18:19.433 [FXGL Background Thread 3 ] DEBUG Engine               - Logging services
10:18:19.433 [FXGL Background Thread 3 ] DEBUG Engine               - class com.almasb.fxgl.app.services.FXGLAssetLoaderService
10:18:19.433 [FXGL Background Thread 3 ] DEBUG Engine               - class com.almasb.fxgl.app.FXGLApplication$GameApplicationService
10:18:19.433 [FXGL Background Thread 3 ] DEBUG Engine               - class com.almasb.fxgl.app.services.FXGLDialogService
10:18:19.433 [FXGL Background Thread 3 ] DEBUG Engine               - class com.almasb.fxgl.app.services.IOTaskExecutorService
10:18:19.433 [FXGL Background Thread 3 ] DEBUG Engine               - class com.almasb.fxgl.io.FileSystemService
10:18:19.433 [FXGL Background Thread 3 ] DEBUG Engine               - class com.almasb.fxgl.localization.LocalizationService
10:18:19.433 [FXGL Background Thread 3 ] DEBUG Engine               - class com.almasb.fxgl.app.services.SystemBundleService
10:18:19.433 [FXGL Background Thread 3 ] DEBUG Engine               - class com.almasb.fxgl.profile.SaveLoadService
10:18:19.433 [FXGL Background Thread 3 ] DEBUG Engine               - class com.almasb.fxgl.ui.FXGLUIFactoryServiceProvider
10:18:19.433 [FXGL Background Thread 3 ] DEBUG Engine               - class com.almasb.fxgl.ui.FXGLDialogFactoryServiceProvider
10:18:19.434 [FXGL Background Thread 3 ] DEBUG Engine               - class com.almasb.fxgl.audio.AudioPlayer
10:18:19.434 [FXGL Background Thread 3 ] DEBUG Engine               - class com.almasb.fxgl.notification.impl.NotificationServiceProvider
10:18:19.434 [FXGL Background Thread 3 ] DEBUG Engine               - class com.almasb.fxgl.achievement.AchievementService
10:18:19.434 [FXGL Background Thread 3 ] DEBUG Engine               - class com.almasb.fxgl.cutscene.CutsceneService
10:18:19.434 [FXGL Background Thread 3 ] DEBUG Engine               - class com.almasb.fxgl.minigames.MiniGameService
10:18:19.435 [FXGL Background Thread 3 ] DEBUG Engine               - class com.almasb.fxgl.net.NetService
10:18:19.436 [FXGL Background Thread 3 ] DEBUG Engine               - class com.almasb.fxgl.app.services.UpdaterService
10:18:19.436 [FXGL Background Thread 3 ] DEBUG Engine               - class com.almasb.fxgl.dev.DevService
10:18:22.562 [JavaFX Application Thread] WARN  TMXLevelLoader       - TiledMap generated from 1.10.0. Supported version: 1.2.3. Some features may not be parsed fully.
10:18:22.572 [JavaFX Application Thread] DEBUG TMXLevelLoader       - Parsed TiledMap: file:/Users/admin/Downloads/Mario/target/classes/assets/levels/tmx/level3.tmx
10:18:22.572 [JavaFX Application Thread] DEBUG TMXLevelLoader       - Creating tile layer entities
10:18:22.576 [JavaFX Application Thread] DEBUG TilesetLoader        - Loading view for layer Tile Layer 1
10:18:22.578 [JavaFX Application Thread] DEBUG TilesetLoader        - Created buffer with size 1050.0x700.0
10:18:22.601 [JavaFX Application Thread] DEBUG TMXLevelLoader       - Creating object layer entities
10:18:22.618 [JavaFX Application Thread] DEBUG GameWorld            - Clearing removable entities
10:18:22.624 [JavaFX Application Thread] DEBUG GameWorld            - Setting level: com.almasb.fxgl.entity.level.Level@58dc66ca
10:18:32.570 [JavaFX Application Thread] DEBUG FXGLApplication      - Exiting FXGL
10:18:32.570 [JavaFX Application Thread] DEBUG LoopRunner           - Stopping loop
10:18:32.571 [JavaFX Application Thread] DEBUG SystemBundleService  - Saving FXGL system data
10:18:32.577 [JavaFX Application Thread] DEBUG FileSystemAccess     - Writing to: /Users/admin/Downloads/Mario/system/fxgl.bundle
10:18:32.589 [JavaFX Application Thread] DEBUG Async                - Shutting down background threads
10:18:32.589 [JavaFX Application Thread] DEBUG PrimaryStageWindow   - Closing main window
10:18:32.610 [JavaFX Application Thread] DEBUG Logger               - Closing Logger
