10:19:36.957 [main                     ] DEBUG Logger               - Configured Logger
10:19:37.024 [main                     ] DEBUG GameApplication      - Logging settings
Title: Untitled
Version: 0.0
Width: 1500
Height: 720
Fullscreen: false
Intro: false
Profiling: false
Single step:false
App Mode: DEVELOPER
Menu Key: ESCAPE
Stage Style: DECORATED
Scene Factory: class game.PlatformerApp$1

10:19:37.492 [JavaFX Application Thread] DEBUG FXGLApplication      - Initializing FXGL
10:19:37.504 [JavaFX Application Thread] INFO  Engine               - FXGL-17 (31.12.2021 18.16) on MAC (J:20 FX:17.0.0.1)
10:19:37.506 [JavaFX Application Thread] DEBUG Engine               - JRE Vendor Name: Oracle Corporation
10:19:37.506 [JavaFX Application Thread] DEBUG Engine               - Running on OS: Mac OS X version 13.1
10:19:37.506 [JavaFX Application Thread] DEBUG Engine               - Architecture: x86_64
10:19:37.506 [JavaFX Application Thread] INFO  Engine               - Source code and latest versions at: https://github.com/AlmasB/FXGL
10:19:37.506 [JavaFX Application Thread] INFO  Engine               -       Ask questions and discuss at: https://github.com/AlmasB/FXGL/discussions
10:19:37.507 [JavaFX Application Thread] INFO  Engine               -              Join the FXGL chat at: https://gitter.im/AlmasB/FXGL
10:19:37.578 [JavaFX Application Thread] DEBUG PrimaryStageWindow   - Creating a JavaFX scene
10:19:37.579 [JavaFX Application Thread] DEBUG PrimaryStageWindow   - Target size > screen size
10:19:37.640 [JavaFX Application Thread] DEBUG PrimaryStageWindow   - Target settings size: 1500.0 x 720.0
10:19:37.641 [JavaFX Application Thread] DEBUG PrimaryStageWindow   - Scaled scene size:    1415.0 x 691.0
10:19:37.641 [JavaFX Application Thread] DEBUG PrimaryStageWindow   - Scaled ratio: (0.9433333333333334, 0.9597222222222223)
10:19:37.644 [JavaFX Application Thread] DEBUG PrimaryStageWindow   - Set initial scene to FXGLStartupScene
10:19:37.652 [JavaFX Application Thread] DEBUG PrimaryStageWindow   - Opening main window
10:19:37.741 [JavaFX Application Thread] DEBUG PrimaryStageWindow   - Window border size: (0.0, 28.0)
10:19:37.741 [JavaFX Application Thread] DEBUG PrimaryStageWindow   - Scaled size: 1415.0 x 691.0
10:19:37.742 [JavaFX Application Thread] DEBUG PrimaryStageWindow   - Scaled ratio: (0.9433333333333334, 0.9597222222222223)
10:19:37.742 [JavaFX Application Thread] DEBUG PrimaryStageWindow   - Scene size: 1415.0 x 691.0
10:19:37.742 [JavaFX Application Thread] DEBUG PrimaryStageWindow   - Stage size: 1415.0 x 719.0
10:19:37.751 [FXGL Background Thread 1 ] DEBUG Engine               - Initializing environment variables
10:19:37.880 [FXGL Background Thread 1 ] DEBUG FXGLAssetLoaderServi - User app class for loading assets: class game.PlatformerApp
10:19:37.881 [FXGL Background Thread 1 ] DEBUG GameApplicationServi - Applying CSS: fxgl_dark.css
10:19:37.888 [FXGL Background Thread 1 ] DEBUG FXGLAssetLoaderServi - Loading from file system: jar:file:///Users/admin/.m2/repository/com/github/almasb/fxgl/17/fxgl-17.jar!/fxglassets/ui/css/fxgl_dark.css
10:19:37.998 [FXGL Background Thread 1 ] DEBUG GameApplicationServi - Initializing application scenes
10:19:38.102 [FXGL Background Thread 1 ] DEBUG FXGLAssetLoaderServi - Loading from file system: file:/Users/admin/Downloads/Mario/target/classes/assets/textures/player.png
10:19:38.121 [FXGL Background Thread 1 ] DEBUG GameWorld            - Game world initialized
10:19:38.166 [FXGL Background Thread 1 ] DEBUG PhysicsWorld         - Physics world initialized: appHeight=720, physics.ppm=50,0
10:19:38.167 [FXGL Background Thread 1 ] DEBUG PhysicsWorld         - Using strategy: BRUTE_FORCE
10:19:38.178 [FXGL Background Thread 1 ] DEBUG GameScene            - Game scene initialized: 1500x720
10:19:38.192 [FXGL Background Thread 1 ] DEBUG FXGL.DefaultMenu     - createMenuBodyGameMenu()
10:19:38.215 [FXGL Background Thread 1 ] DEBUG FXGL.DefaultMenu     - createOptionsMenu()
10:19:38.240 [FXGL Background Thread 1 ] DEBUG FXGLAssetLoaderServi - Loading from file system: jar:file:///Users/admin/.m2/repository/com/github/almasb/fxgl/17/fxgl-17.jar!/fxglassets/textures/particles/smoke.png
10:19:38.376 [FXGL Background Thread 1 ] DEBUG FXGLAssetLoaderServi - Loading from file system: jar:file:///Users/admin/.m2/repository/com/github/almasb/fxgl/17/fxgl-17.jar!/fxglassets/textures/particles/trace_horizontal.png
10:19:38.413 [FXGL Background Thread 1 ] DEBUG GameApplicationServi - Application scenes initialized
10:19:38.432 [FXGL Background Thread 1 ] DEBUG SystemBundleService  - Loading FXGL system data
10:19:38.435 [FXGL Background Thread 1 ] DEBUG FileSystemAccess     - Reading from: /Users/admin/Downloads/Mario/system/fxgl.bundle
10:19:38.448 [FXGL Background Thread 1 ] DEBUG SystemBundleService  - Bundle FXGL: {}
10:19:38.448 [FXGL Background Thread 1 ] DEBUG UpdaterService       - Checking for updates
10:19:38.452 [FXGL Background Thread 4 ] DEBUG FXGLApplication      - Loading fonts
10:19:38.455 [FXGL Background Thread 4 ] DEBUG FXGLAssetLoaderServi - Loading from file system: jar:file:///Users/admin/.m2/repository/com/github/almasb/fxgl/17/fxgl-17.jar!/fxglassets/ui/fonts/VarelaRound-Regular.ttf
10:19:38.454 [FXGL Background Thread 1 ] DEBUG FXGLApplication      - Loading default localization
10:19:38.460 [FXGL Background Thread 1 ] DEBUG FXGLAssetLoaderServi - Loading from file system: jar:file:///Users/admin/.m2/repository/com/github/almasb/fxgl/17/fxgl-17.jar!/fxglassets/languages/english.lang
10:19:38.485 [FXGL Background Thread 1 ] INFO  FXGLApplication      - FXGL initialization took: 0,733 sec
10:19:38.486 [FXGL Background Thread 4 ] DEBUG FXGLAssetLoaderServi - Loading from file system: jar:file:///Users/admin/.m2/repository/com/github/almasb/fxgl/17/fxgl-17.jar!/fxglassets/ui/fonts/Abel-Regular.ttf
10:19:38.491 [FXGL Background Thread 4 ] DEBUG FXGLAssetLoaderServi - Loading from file system: jar:file:///Users/admin/.m2/repository/com/github/almasb/fxgl/17/fxgl-17.jar!/fxglassets/ui/fonts/TerminalLandMono-Regular.otf
10:19:38.493 [FXGL Background Thread 4 ] DEBUG FXGLAssetLoaderServi - Loading from file system: jar:file:///Users/admin/.m2/repository/com/github/almasb/fxgl/17/fxgl-17.jar!/fxglassets/ui/fonts/Courier-Prime.ttf
10:19:38.495 [JavaFX Application Thread] DEBUG Input                - Registered new binding: Left - A
10:19:38.495 [JavaFX Application Thread] DEBUG Input                - Registered new binding: Right - D
10:19:38.496 [JavaFX Application Thread] DEBUG Input                - Registered new binding: Jump - W
10:19:38.498 [JavaFX Application Thread] DEBUG Input                - Registered new binding: Use - E
10:19:38.498 [JavaFX Application Thread] DEBUG FXGLAssetLoaderServi - Loading from file system: jar:file:///Users/admin/.m2/repository/com/github/almasb/fxgl/17/fxgl-17.jar!/fxglassets/textures/fxgl_icon.png
10:19:38.544 [JavaFX Application Thread] DEBUG FXGLAssetLoaderServi - Loading from file system: jar:file:///Users/admin/.m2/repository/com/github/almasb/fxgl/17/fxgl-17.jar!/fxglassets/textures/fxgl_default_cursor.png
10:19:38.550 [JavaFX Application Thread] DEBUG Input                - Registered new binding: Screenshot - CTRL+8
10:19:38.552 [JavaFX Application Thread] DEBUG Input                - Registered new binding: System info dump - CTRL+9
10:19:38.552 [JavaFX Application Thread] DEBUG Input                - Registered new binding: Restart - CTRL+R
10:19:38.552 [JavaFX Application Thread] DEBUG Input                - Registered new binding: Toggle Debug Camera - CTRL+7
10:19:38.554 [JavaFX Application Thread] DEBUG LoopRunner           - Starting loop
10:19:38.554 [JavaFX Application Thread] DEBUG LoopRunner           - Initializing JavaFX AnimationTimerLoop
10:19:38.555 [JavaFX Application Thread] DEBUG GameApplicationServi - Starting new game
10:19:38.556 [JavaFX Application Thread] DEBUG Input                - Clearing active input actions
10:19:38.617 [JavaFX Application Thread] DEBUG GameApplicationServi - Removing overlay from FXGLStartupScene and adding to MainLoadingScene
10:19:38.618 [JavaFX Application Thread] DEBUG PrimaryStageWindow   - FXGLStartupScene -> MainLoadingScene
10:19:38.619 [JavaFX Application Thread] DEBUG GameApplicationServi - Clearing previous game
10:19:38.619 [JavaFX Application Thread] DEBUG GameScene            - Clearing game scene
10:19:38.619 [JavaFX Application Thread] DEBUG GameWorld            - Clearing game world
10:19:38.619 [JavaFX Application Thread] DEBUG PhysicsWorld         - Clearing physics world
10:19:38.620 [FXGL Background Thread 4 ] DEBUG FXGLApplication      - Initializing game
10:19:38.667 [FXGL Background Thread 4 ] WARN  TMXLevelLoader       - TiledMap generated from 1.10.0. Supported version: 1.2.3. Some features may not be parsed fully.
10:19:38.675 [JavaFX Application Thread] DEBUG FXGLApplication      - Registering font factories with UI factory
10:19:38.682 [FXGL Background Thread 4 ] DEBUG TMXLevelLoader       - Parsed TiledMap: file:/Users/admin/Downloads/Mario/target/classes/assets/levels/tmx/level3.tmx
10:19:38.682 [FXGL Background Thread 4 ] DEBUG TMXLevelLoader       - Creating tile layer entities
10:19:38.687 [FXGL Background Thread 4 ] DEBUG TilesetLoader        - Loading view for layer Tile Layer 1
10:19:38.689 [FXGL Background Thread 4 ] DEBUG TilesetLoader        - Created buffer with size 1050.0x700.0
10:19:38.794 [FXGL Background Thread 4 ] DEBUG TMXLevelLoader       - Creating object layer entities
10:19:39.011 [FXGL Background Thread 4 ] DEBUG GameWorld            - Clearing removable entities
10:19:39.013 [FXGL Background Thread 4 ] DEBUG GameWorld            - Setting level: com.almasb.fxgl.entity.level.Level@7b6c49e0
10:19:39.049 [FXGL Background Thread 4 ] DEBUG FXGLAssetLoaderServi - Loading from file system: file:/Users/admin/Downloads/Mario/target/classes/assets/textures/background/background.png
10:19:39.090 [FXGL Background Thread 4 ] INFO  FXGLApplication      - Game initialization took: 0,469 sec
10:19:39.095 [JavaFX Application Thread] DEBUG Input                - Clearing active input actions
10:19:39.145 [JavaFX Application Thread] DEBUG GameApplicationServi - Removing overlay from MainLoadingScene and adding to GameScene
10:19:39.149 [JavaFX Application Thread] DEBUG PrimaryStageWindow   - MainLoadingScene -> GameScene
10:19:39.390 [FXGL Background Thread 2 ] INFO  UpdaterService       - Your current version:  17
10:19:39.390 [FXGL Background Thread 2 ] INFO  UpdaterService       - Latest stable version: 17.3
10:19:41.454 [FXGL Background Thread 3 ] DEBUG Engine               - Logging environment variables
10:19:41.457 [FXGL Background Thread 3 ] DEBUG Engine               - achievements: []
10:19:41.458 [FXGL Background Thread 3 ] DEBUG Engine               - actualHeight: 691.0
10:19:41.458 [FXGL Background Thread 3 ] DEBUG Engine               - actualHeightProperty: ReadOnlyDoubleProperty [value: 691.0]
10:19:41.458 [FXGL Background Thread 3 ] DEBUG Engine               - actualWidth: 1415.0
10:19:41.458 [FXGL Background Thread 3 ] DEBUG Engine               - actualWidthProperty: ReadOnlyDoubleProperty [value: 1415.0]
10:19:41.458 [FXGL Background Thread 3 ] DEBUG Engine               - appIcon: fxgl_icon.png
10:19:41.458 [FXGL Background Thread 3 ] DEBUG Engine               - applicationMode: DEVELOPER
10:19:41.458 [FXGL Background Thread 3 ] DEBUG Engine               - cSSList: [fxgl_dark.css]
10:19:41.458 [FXGL Background Thread 3 ] DEBUG Engine               - collisionDetectionStrategy: BRUTE_FORCE
10:19:41.458 [FXGL Background Thread 3 ] DEBUG Engine               - configClass: Optional.empty
10:19:41.458 [FXGL Background Thread 3 ] DEBUG Engine               - credits: []
10:19:41.460 [FXGL Background Thread 3 ] DEBUG Engine               - defaultCursor: CursorInfo(imageName=fxgl_default_cursor.png, hotspotX=7.0, hotspotY=6.0)
10:19:41.462 [FXGL Background Thread 3 ] DEBUG Engine               - devBBoxColorProperty: ObjectProperty [value: 0xff0000ff]
10:19:41.462 [FXGL Background Thread 3 ] DEBUG Engine               - devEnableDebugCameraProperty: BooleanProperty [value: false]
10:19:41.462 [FXGL Background Thread 3 ] DEBUG Engine               - devSensorColorProperty: ObjectProperty [value: 0xffff00ff]
10:19:41.462 [FXGL Background Thread 3 ] DEBUG Engine               - devShowBBoxProperty: BooleanProperty [value: false]
10:19:41.462 [FXGL Background Thread 3 ] DEBUG Engine               - devShowPositionProperty: BooleanProperty [value: false]
10:19:41.462 [FXGL Background Thread 3 ] DEBUG Engine               - enabledMenuItems: []
10:19:41.463 [FXGL Background Thread 3 ] DEBUG Engine               - engineServices: [class com.almasb.fxgl.app.services.FXGLAssetLoaderService, class com.almasb.fxgl.app.FXGLApplication$GameApplicationService, class com.almasb.fxgl.app.services.FXGLDialogService, class com.almasb.fxgl.app.services.IOTaskExecutorService, class com.almasb.fxgl.io.FileSystemService, class com.almasb.fxgl.localization.LocalizationService, class com.almasb.fxgl.app.services.SystemBundleService, class com.almasb.fxgl.profile.SaveLoadService, class com.almasb.fxgl.ui.FXGLUIFactoryServiceProvider, class com.almasb.fxgl.ui.FXGLDialogFactoryServiceProvider, class com.almasb.fxgl.audio.AudioPlayer, class com.almasb.fxgl.notification.impl.NotificationServiceProvider, class com.almasb.fxgl.achievement.AchievementService, class com.almasb.fxgl.cutscene.CutsceneService, class com.almasb.fxgl.minigames.MiniGameService, class com.almasb.fxgl.net.NetService, class com.almasb.fxgl.app.services.UpdaterService, class com.almasb.fxgl.dev.DevService]
10:19:41.463 [FXGL Background Thread 3 ] DEBUG Engine               - fontGame: Abel-Regular.ttf
10:19:41.463 [FXGL Background Thread 3 ] DEBUG Engine               - fontMono: TerminalLandMono-Regular.otf
10:19:41.463 [FXGL Background Thread 3 ] DEBUG Engine               - fontText: Courier-Prime.ttf
10:19:41.463 [FXGL Background Thread 3 ] DEBUG Engine               - fontUI: VarelaRound-Regular.ttf
10:19:41.463 [FXGL Background Thread 3 ] DEBUG Engine               - fullScreen: BooleanProperty [value: false]
10:19:41.463 [FXGL Background Thread 3 ] DEBUG Engine               - gameDifficulty: MEDIUM
10:19:41.463 [FXGL Background Thread 3 ] DEBUG Engine               - gameDifficultyProperty: ObjectProperty [value: MEDIUM]
10:19:41.463 [FXGL Background Thread 3 ] DEBUG Engine               - globalMusicVolume: 0.5
10:19:41.464 [FXGL Background Thread 3 ] DEBUG Engine               - globalMusicVolumeProperty: DoubleProperty [value: 0.25]
10:19:41.464 [FXGL Background Thread 3 ] DEBUG Engine               - globalSoundVolume: 0.5
10:19:41.464 [FXGL Background Thread 3 ] DEBUG Engine               - globalSoundVolumeProperty: DoubleProperty [value: 0.5]
10:19:41.464 [FXGL Background Thread 3 ] DEBUG Engine               - height: 720
10:19:41.464 [FXGL Background Thread 3 ] DEBUG Engine               - is3D: false
10:19:41.464 [FXGL Background Thread 3 ] DEBUG Engine               - isAndroid: false
10:19:41.464 [FXGL Background Thread 3 ] DEBUG Engine               - isBrowser: false
10:19:41.464 [FXGL Background Thread 3 ] DEBUG Engine               - isClickFeedbackEnabled: false
10:19:41.464 [FXGL Background Thread 3 ] DEBUG Engine               - isCloseConfirmation: false
10:19:41.464 [FXGL Background Thread 3 ] DEBUG Engine               - isDesktop: true
10:19:41.464 [FXGL Background Thread 3 ] DEBUG Engine               - isDeveloperMenuEnabled: false
10:19:41.464 [FXGL Background Thread 3 ] DEBUG Engine               - isEmbedded: false
10:19:41.464 [FXGL Background Thread 3 ] DEBUG Engine               - isEntityPreloadEnabled: true
10:19:41.464 [FXGL Background Thread 3 ] DEBUG Engine               - isExperimentalTiledLargeMap: false
10:19:41.465 [FXGL Background Thread 3 ] DEBUG Engine               - isFileSystemWriteAllowed: true
10:19:41.465 [FXGL Background Thread 3 ] DEBUG Engine               - isFullScreenAllowed: false
10:19:41.465 [FXGL Background Thread 3 ] DEBUG Engine               - isFullScreenFromStart: false
10:19:41.465 [FXGL Background Thread 3 ] DEBUG Engine               - isGameMenuEnabled: true
10:19:41.465 [FXGL Background Thread 3 ] DEBUG Engine               - isIOS: false
10:19:41.465 [FXGL Background Thread 3 ] DEBUG Engine               - isIntroEnabled: false
10:19:41.465 [FXGL Background Thread 3 ] DEBUG Engine               - isLinux: false
10:19:41.466 [FXGL Background Thread 3 ] DEBUG Engine               - isMac: true
10:19:41.466 [FXGL Background Thread 3 ] DEBUG Engine               - isMainMenuEnabled: false
10:19:41.466 [FXGL Background Thread 3 ] DEBUG Engine               - isManualResizeEnabled: false
10:19:41.466 [FXGL Background Thread 3 ] DEBUG Engine               - isMobile: false
10:19:41.466 [FXGL Background Thread 3 ] DEBUG Engine               - isNative: false
10:19:41.466 [FXGL Background Thread 3 ] DEBUG Engine               - isPauseMusicWhenMinimized: true
10:19:41.466 [FXGL Background Thread 3 ] DEBUG Engine               - isPreserveResizeRatio: false
10:19:41.466 [FXGL Background Thread 3 ] DEBUG Engine               - isProfilingEnabled: false
10:19:41.466 [FXGL Background Thread 3 ] DEBUG Engine               - isScaleAffectedOnResize: true
10:19:41.466 [FXGL Background Thread 3 ] DEBUG Engine               - isSingleStep: false
10:19:41.466 [FXGL Background Thread 3 ] DEBUG Engine               - isUserProfileEnabled: false
10:19:41.466 [FXGL Background Thread 3 ] DEBUG Engine               - isWindows: false
10:19:41.466 [FXGL Background Thread 3 ] DEBUG Engine               - language: ObjectProperty [value: ENGLISH]
10:19:41.466 [FXGL Background Thread 3 ] DEBUG Engine               - menuKey: ESCAPE
10:19:41.466 [FXGL Background Thread 3 ] DEBUG Engine               - mouseSensitivity: 0.2
10:19:41.466 [FXGL Background Thread 3 ] DEBUG Engine               - notificationViewClass: class com.almasb.fxgl.notification.view.XboxNotificationView
10:19:41.466 [FXGL Background Thread 3 ] DEBUG Engine               - pixelsPerMeter: 50.0
10:19:41.466 [FXGL Background Thread 3 ] DEBUG Engine               - platform: MAC
10:19:41.466 [FXGL Background Thread 3 ] DEBUG Engine               - prefHeightProperty: ReadOnlyDoubleProperty [value: 720.0]
10:19:41.466 [FXGL Background Thread 3 ] DEBUG Engine               - prefWidthProperty: ReadOnlyDoubleProperty [value: 1500.0]
10:19:41.466 [FXGL Background Thread 3 ] DEBUG Engine               - profileDir: profiles/
10:19:41.466 [FXGL Background Thread 3 ] DEBUG Engine               - profileName: StringProperty [value: DEFAULT]
10:19:41.466 [FXGL Background Thread 3 ] DEBUG Engine               - randomSeed: -1
10:19:41.470 [FXGL Background Thread 3 ] DEBUG Engine               - runtimeInfo: RuntimeInfo(platform=MAC, version=17, build=31.12.2021 18.16)
10:19:41.473 [FXGL Background Thread 3 ] DEBUG Engine               - saveFileExt: sav
10:19:41.474 [FXGL Background Thread 3 ] DEBUG Engine               - scaledHeightProp$fxgl: DoubleProperty [bound, value: 691.0]
10:19:41.474 [FXGL Background Thread 3 ] DEBUG Engine               - scaledWidthProp$fxgl: DoubleProperty [bound, value: 1415.0]
10:19:41.475 [FXGL Background Thread 3 ] DEBUG Engine               - sceneFactory: game.PlatformerApp$1@1006a3ab
10:19:41.475 [FXGL Background Thread 3 ] DEBUG Engine               - secondsIn24h: 60
10:19:41.475 [FXGL Background Thread 3 ] DEBUG Engine               - soundMenuBack: menu/back.wav
10:19:41.475 [FXGL Background Thread 3 ] DEBUG Engine               - soundMenuPress: menu/press.wav
10:19:41.475 [FXGL Background Thread 3 ] DEBUG Engine               - soundMenuSelect: menu/select.wav
10:19:41.475 [FXGL Background Thread 3 ] DEBUG Engine               - soundNotification: core/notification.wav
10:19:41.475 [FXGL Background Thread 3 ] DEBUG Engine               - stageStyle: DECORATED
10:19:41.475 [FXGL Background Thread 3 ] DEBUG Engine               - supportedLanguages: [ENGLISH, FRENCH, GERMAN, HUNGARIAN, RUSSIAN]
10:19:41.475 [FXGL Background Thread 3 ] DEBUG Engine               - ticksPerSecond: -1
10:19:41.475 [FXGL Background Thread 3 ] DEBUG Engine               - title: Untitled
10:19:41.475 [FXGL Background Thread 3 ] DEBUG Engine               - urlGithub: https://github.com/AlmasB/FXGL
10:19:41.475 [FXGL Background Thread 3 ] DEBUG Engine               - urlLeaderboard: http://fxgl-top.herokuapp.com/
10:19:41.476 [FXGL Background Thread 3 ] DEBUG Engine               - urlPOM: https://raw.githubusercontent.com/AlmasB/FXGL/release/README.md
10:19:41.476 [FXGL Background Thread 3 ] DEBUG Engine               - userAppClass: class game.PlatformerApp
10:19:41.476 [FXGL Background Thread 3 ] DEBUG Engine               - version: 0.0
10:19:41.476 [FXGL Background Thread 3 ] DEBUG Engine               - versionCheckDays: 7
10:19:41.476 [FXGL Background Thread 3 ] DEBUG Engine               - width: 1500
10:19:41.476 [FXGL Background Thread 3 ] DEBUG Engine               - Logging services
10:19:41.476 [FXGL Background Thread 3 ] DEBUG Engine               - class com.almasb.fxgl.app.services.FXGLAssetLoaderService
10:19:41.476 [FXGL Background Thread 3 ] DEBUG Engine               - class com.almasb.fxgl.app.FXGLApplication$GameApplicationService
10:19:41.476 [FXGL Background Thread 3 ] DEBUG Engine               - class com.almasb.fxgl.app.services.FXGLDialogService
10:19:41.476 [FXGL Background Thread 3 ] DEBUG Engine               - class com.almasb.fxgl.app.services.IOTaskExecutorService
10:19:41.477 [FXGL Background Thread 3 ] DEBUG Engine               - class com.almasb.fxgl.io.FileSystemService
10:19:41.477 [FXGL Background Thread 3 ] DEBUG Engine               - class com.almasb.fxgl.localization.LocalizationService
10:19:41.477 [FXGL Background Thread 3 ] DEBUG Engine               - class com.almasb.fxgl.app.services.SystemBundleService
10:19:41.477 [FXGL Background Thread 3 ] DEBUG Engine               - class com.almasb.fxgl.profile.SaveLoadService
10:19:41.477 [FXGL Background Thread 3 ] DEBUG Engine               - class com.almasb.fxgl.ui.FXGLUIFactoryServiceProvider
10:19:41.477 [FXGL Background Thread 3 ] DEBUG Engine               - class com.almasb.fxgl.ui.FXGLDialogFactoryServiceProvider
10:19:41.477 [FXGL Background Thread 3 ] DEBUG Engine               - class com.almasb.fxgl.audio.AudioPlayer
10:19:41.477 [FXGL Background Thread 3 ] DEBUG Engine               - class com.almasb.fxgl.notification.impl.NotificationServiceProvider
10:19:41.477 [FXGL Background Thread 3 ] DEBUG Engine               - class com.almasb.fxgl.achievement.AchievementService
10:19:41.477 [FXGL Background Thread 3 ] DEBUG Engine               - class com.almasb.fxgl.cutscene.CutsceneService
10:19:41.477 [FXGL Background Thread 3 ] DEBUG Engine               - class com.almasb.fxgl.minigames.MiniGameService
10:19:41.482 [FXGL Background Thread 3 ] DEBUG Engine               - class com.almasb.fxgl.net.NetService
10:19:41.482 [FXGL Background Thread 3 ] DEBUG Engine               - class com.almasb.fxgl.app.services.UpdaterService
10:19:41.482 [FXGL Background Thread 3 ] DEBUG Engine               - class com.almasb.fxgl.dev.DevService
10:19:50.662 [JavaFX Application Thread] WARN  TMXLevelLoader       - TiledMap generated from 1.10.0. Supported version: 1.2.3. Some features may not be parsed fully.
10:19:50.673 [JavaFX Application Thread] DEBUG TMXLevelLoader       - Parsed TiledMap: file:/Users/admin/Downloads/Mario/target/classes/assets/levels/tmx/level3.tmx
10:19:50.673 [JavaFX Application Thread] DEBUG TMXLevelLoader       - Creating tile layer entities
10:19:50.677 [JavaFX Application Thread] DEBUG TilesetLoader        - Loading view for layer Tile Layer 1
10:19:50.679 [JavaFX Application Thread] DEBUG TilesetLoader        - Created buffer with size 1050.0x700.0
10:19:50.697 [JavaFX Application Thread] DEBUG TMXLevelLoader       - Creating object layer entities
10:19:50.714 [JavaFX Application Thread] DEBUG GameWorld            - Clearing removable entities
10:19:50.719 [JavaFX Application Thread] DEBUG GameWorld            - Setting level: com.almasb.fxgl.entity.level.Level@58dc66ca
10:19:59.201 [JavaFX Application Thread] DEBUG FXGLApplication      - Exiting FXGL
10:19:59.202 [JavaFX Application Thread] DEBUG LoopRunner           - Stopping loop
10:19:59.202 [JavaFX Application Thread] DEBUG SystemBundleService  - Saving FXGL system data
10:19:59.207 [JavaFX Application Thread] DEBUG FileSystemAccess     - Writing to: /Users/admin/Downloads/Mario/system/fxgl.bundle
10:19:59.213 [JavaFX Application Thread] DEBUG Async                - Shutting down background threads
10:19:59.213 [JavaFX Application Thread] DEBUG PrimaryStageWindow   - Closing main window
10:19:59.237 [JavaFX Application Thread] DEBUG Logger               - Closing Logger
