22:12:46.228 [main                     ] DEBUG Logger               - Configured Logger
22:12:46.247 [main                     ] DEBUG GameApplication      - Logging settings
Title: Escape HSLEIDEN
Version: 1
Width: 1500
Height: 720
Fullscreen: false
Intro: false
Profiling: false
Single step:false
App Mode: DEVELOPER
Menu Key: ESCAPE
Stage Style: DECORATED
Scene Factory: class game.MySceneFactory

22:12:46.495 [JavaFX Application Thread] DEBUG FXGLApplication      - Initializing FXGL
22:12:46.499 [JavaFX Application Thread] INFO  Engine               - FXGL-17 (31.12.2021 18.16) on WINDOWS (J:19.0.1 FX:17.0.0.1)
22:12:46.499 [JavaFX Application Thread] DEBUG Engine               - JRE Vendor Name: Oracle Corporation
22:12:46.500 [JavaFX Application Thread] DEBUG Engine               - Running on OS: Windows 11 version 10.0
22:12:46.500 [JavaFX Application Thread] DEBUG Engine               - Architecture: amd64
22:12:46.500 [JavaFX Application Thread] INFO  Engine               - Source code and latest versions at: https://github.com/AlmasB/FXGL
22:12:46.500 [JavaFX Application Thread] INFO  Engine               -       Ask questions and discuss at: https://github.com/AlmasB/FXGL/discussions
22:12:46.500 [JavaFX Application Thread] INFO  Engine               -              Join the FXGL chat at: https://gitter.im/AlmasB/FXGL
22:12:46.562 [JavaFX Application Thread] DEBUG PrimaryStageWindow   - Creating a JavaFX scene
22:12:46.594 [JavaFX Application Thread] DEBUG PrimaryStageWindow   - Target settings size: 1500.0 x 720.0
22:12:46.594 [JavaFX Application Thread] DEBUG PrimaryStageWindow   - Scaled scene size:    1500.0 x 720.0
22:12:46.595 [JavaFX Application Thread] DEBUG PrimaryStageWindow   - Scaled ratio: (1.0, 1.0)
22:12:46.595 [JavaFX Application Thread] DEBUG PrimaryStageWindow   - Set initial scene to FXGLStartupScene
22:12:46.600 [JavaFX Application Thread] DEBUG PrimaryStageWindow   - Opening main window
22:12:46.666 [JavaFX Application Thread] DEBUG PrimaryStageWindow   - Window border size: (14.4000244140625, 37.5999755859375)
22:12:46.666 [JavaFX Application Thread] DEBUG PrimaryStageWindow   - Scaled size: 1500.0 x 720.0
22:12:46.667 [JavaFX Application Thread] DEBUG PrimaryStageWindow   - Scaled ratio: (1.0, 1.0)
22:12:46.667 [JavaFX Application Thread] DEBUG PrimaryStageWindow   - Scene size: 1500.0 x 720.0
22:12:46.667 [JavaFX Application Thread] DEBUG PrimaryStageWindow   - Stage size: 1514.4000244140625 x 757.5999755859375
22:12:46.675 [FXGL Background Thread 1 ] DEBUG Engine               - Initializing environment variables
22:12:46.732 [FXGL Background Thread 1 ] DEBUG FXGLAssetLoaderServi - User app class for loading assets: class game.PlatformerApp
22:12:46.732 [FXGL Background Thread 1 ] DEBUG GameApplicationServi - Applying CSS: fxgl_dark.css
22:12:46.733 [FXGL Background Thread 1 ] DEBUG FXGLAssetLoaderServi - Loading from file system: jar:file:///C:/Users/04amb/.m2/repository/com/github/almasb/fxgl/17/fxgl-17.jar!/fxglassets/ui/css/fxgl_dark.css
22:12:46.777 [FXGL Background Thread 1 ] DEBUG GameApplicationServi - Initializing application scenes
22:12:46.810 [FXGL Background Thread 1 ] DEBUG GameWorld            - Game world initialized
22:12:46.884 [FXGL Background Thread 1 ] DEBUG PhysicsWorld         - Physics world initialized: appHeight=720, physics.ppm=50.0
22:12:46.884 [FXGL Background Thread 1 ] DEBUG PhysicsWorld         - Using strategy: BRUTE_FORCE
22:12:46.888 [FXGL Background Thread 1 ] DEBUG GameScene            - Game scene initialized: 1500x720
22:12:46.936 [FXGL Background Thread 1 ] DEBUG FXGL.DefaultMenu     - createMenuBodyGameMenu()
22:12:46.942 [FXGL Background Thread 1 ] DEBUG FXGL.DefaultMenu     - createOptionsMenu()
22:12:46.948 [FXGL Background Thread 1 ] DEBUG FXGLAssetLoaderServi - Loading from file system: jar:file:///C:/Users/04amb/.m2/repository/com/github/almasb/fxgl/17/fxgl-17.jar!/fxglassets/textures/particles/smoke.png
22:12:47.028 [FXGL Background Thread 1 ] DEBUG FXGLAssetLoaderServi - Loading from file system: jar:file:///C:/Users/04amb/.m2/repository/com/github/almasb/fxgl/17/fxgl-17.jar!/fxglassets/textures/particles/trace_horizontal.png
22:12:47.061 [FXGL Background Thread 1 ] DEBUG GameApplicationServi - Application scenes initialized
22:12:47.072 [FXGL Background Thread 1 ] DEBUG SystemBundleService  - Loading FXGL system data
22:12:47.075 [FXGL Background Thread 1 ] DEBUG FileSystemAccess     - Reading from: C:\Users\04amb\OneDrive - Hogeschool Leiden\Periode 3\SE challengeweek\IntelliJ Projects\game 2\game\system\fxgl.bundle
22:12:47.083 [FXGL Background Thread 1 ] DEBUG SystemBundleService  - Bundle FXGL: {}
22:12:47.083 [FXGL Background Thread 1 ] DEBUG UpdaterService       - Checking for updates
22:12:47.087 [FXGL Background Thread 4 ] DEBUG FXGLApplication      - Loading fonts
22:12:47.089 [FXGL Background Thread 1 ] DEBUG FXGLApplication      - Loading default localization
22:12:47.089 [FXGL Background Thread 4 ] DEBUG FXGLAssetLoaderServi - Loading from file system: jar:file:///C:/Users/04amb/.m2/repository/com/github/almasb/fxgl/17/fxgl-17.jar!/fxglassets/ui/fonts/VarelaRound-Regular.ttf
22:12:47.089 [FXGL Background Thread 1 ] DEBUG FXGLAssetLoaderServi - Loading from file system: jar:file:///C:/Users/04amb/.m2/repository/com/github/almasb/fxgl/17/fxgl-17.jar!/fxglassets/languages/english.lang
22:12:47.106 [FXGL Background Thread 1 ] INFO  FXGLApplication      - FXGL initialization took: 0.431 sec
22:12:47.118 [JavaFX Application Thread] DEBUG Input                - Registered new binding: Left - A
22:12:47.118 [JavaFX Application Thread] DEBUG Input                - Registered new binding: Right - D
22:12:47.118 [JavaFX Application Thread] DEBUG Input                - Registered new binding: Jump - Space
22:12:47.118 [JavaFX Application Thread] DEBUG FXGLAssetLoaderServi - Loading from file system: file:/C:/Users/04amb/OneDrive%20-%20Hogeschool%20Leiden/Periode%203/SE%20challengeweek/IntelliJ%20Projects/game%202/game/target/classes/assets/music/bob2v2.wav
22:12:47.159 [FXGL Background Thread 4 ] DEBUG FXGLAssetLoaderServi - Loading from file system: jar:file:///C:/Users/04amb/.m2/repository/com/github/almasb/fxgl/17/fxgl-17.jar!/fxglassets/ui/fonts/Abel-Regular.ttf
22:12:47.162 [FXGL Background Thread 4 ] DEBUG FXGLAssetLoaderServi - Loading from file system: jar:file:///C:/Users/04amb/.m2/repository/com/github/almasb/fxgl/17/fxgl-17.jar!/fxglassets/ui/fonts/TerminalLandMono-Regular.otf
22:12:47.165 [FXGL Background Thread 4 ] DEBUG FXGLAssetLoaderServi - Loading from file system: jar:file:///C:/Users/04amb/.m2/repository/com/github/almasb/fxgl/17/fxgl-17.jar!/fxglassets/ui/fonts/Courier-Prime.ttf
22:12:47.248 [JavaFX Application Thread] DEBUG AudioPlayer          - Playing music com.almasb.fxgl.audio.Music@2ef29c66
22:12:47.249 [JavaFX Application Thread] DEBUG FXGLAssetLoaderServi - Loading from file system: jar:file:///C:/Users/04amb/.m2/repository/com/github/almasb/fxgl/17/fxgl-17.jar!/fxglassets/textures/fxgl_icon.png
22:12:47.295 [JavaFX Application Thread] DEBUG FXGLAssetLoaderServi - Loading from file system: jar:file:///C:/Users/04amb/.m2/repository/com/github/almasb/fxgl/17/fxgl-17.jar!/fxglassets/textures/fxgl_default_cursor.png
22:12:47.297 [JavaFX Application Thread] DEBUG Input                - Registered new binding: Screenshot - CTRL+8
22:12:47.298 [JavaFX Application Thread] DEBUG Input                - Registered new binding: System info dump - CTRL+9
22:12:47.298 [JavaFX Application Thread] DEBUG Input                - Registered new binding: Restart - CTRL+R
22:12:47.299 [JavaFX Application Thread] DEBUG Input                - Registered new binding: Toggle Debug Camera - CTRL+7
22:12:47.301 [JavaFX Application Thread] DEBUG LoopRunner           - Starting loop
22:12:47.301 [JavaFX Application Thread] DEBUG LoopRunner           - Initializing JavaFX AnimationTimerLoop
22:12:47.303 [JavaFX Application Thread] DEBUG Input                - Clearing active input actions
22:12:47.314 [JavaFX Application Thread] DEBUG GameApplicationServi - Removing overlay from FXGLStartupScene and adding to FXGLMainMenuDummyScene
22:12:47.315 [JavaFX Application Thread] DEBUG PrimaryStageWindow   - FXGLStartupScene -> FXGLMainMenuDummyScene
22:12:47.315 [JavaFX Application Thread] DEBUG PrimaryStageWindow   - Push state: MyMenu
22:12:47.315 [JavaFX Application Thread] DEBUG Input                - Clearing active input actions
22:12:47.319 [JavaFX Application Thread] DEBUG GameApplicationServi - Removing overlay from FXGLMainMenuDummyScene and adding to MyMenu
22:12:47.319 [JavaFX Application Thread] DEBUG PrimaryStageWindow   - FXGLMainMenuDummyScene -> MyMenu
22:12:47.321 [JavaFX Application Thread] DEBUG FXGLApplication      - Registering font factories with UI factory
22:12:47.545 [FXGL Background Thread 2 ] INFO  UpdaterService       - Your current version:  17
22:12:47.545 [FXGL Background Thread 2 ] INFO  UpdaterService       - Latest stable version: 17.3
22:12:48.740 [JavaFX Application Thread] DEBUG PrimaryStageWindow   - Push state: DialogSubScene
22:12:48.740 [JavaFX Application Thread] DEBUG Input                - Clearing active input actions
22:12:48.740 [JavaFX Application Thread] DEBUG GameApplicationServi - Removing overlay from MyMenu and adding to DialogSubScene
22:12:48.741 [JavaFX Application Thread] DEBUG PrimaryStageWindow   - MyMenu -> DialogSubScene
22:12:49.822 [JavaFX Application Thread] DEBUG PrimaryStageWindow   - Pop state: DialogSubScene
22:12:49.823 [JavaFX Application Thread] DEBUG Input                - Clearing active input actions
22:12:49.823 [JavaFX Application Thread] DEBUG GameApplicationServi - Removing overlay from DialogSubScene and adding to MyMenu
22:12:49.823 [JavaFX Application Thread] DEBUG PrimaryStageWindow   - MyMenu <- DialogSubScene
22:12:50.087 [FXGL Background Thread 3 ] DEBUG Engine               - Logging environment variables
22:12:50.087 [FXGL Background Thread 3 ] DEBUG Engine               - achievements: []
22:12:50.087 [FXGL Background Thread 3 ] DEBUG Engine               - actualHeight: 720.0
22:12:50.087 [FXGL Background Thread 3 ] DEBUG Engine               - actualHeightProperty: ReadOnlyDoubleProperty [value: 720.0]
22:12:50.087 [FXGL Background Thread 3 ] DEBUG Engine               - actualWidth: 1500.0
22:12:50.087 [FXGL Background Thread 3 ] DEBUG Engine               - actualWidthProperty: ReadOnlyDoubleProperty [value: 1500.0]
22:12:50.087 [FXGL Background Thread 3 ] DEBUG Engine               - appIcon: fxgl_icon.png
22:12:50.087 [FXGL Background Thread 3 ] DEBUG Engine               - applicationMode: DEVELOPER
22:12:50.087 [FXGL Background Thread 3 ] DEBUG Engine               - cSSList: [fxgl_dark.css]
22:12:50.087 [FXGL Background Thread 3 ] DEBUG Engine               - collisionDetectionStrategy: BRUTE_FORCE
22:12:50.087 [FXGL Background Thread 3 ] DEBUG Engine               - configClass: Optional.empty
22:12:50.087 [FXGL Background Thread 3 ] DEBUG Engine               - credits: []
22:12:50.087 [FXGL Background Thread 3 ] DEBUG Engine               - defaultCursor: CursorInfo(imageName=fxgl_default_cursor.png, hotspotX=7.0, hotspotY=6.0)
22:12:50.087 [FXGL Background Thread 3 ] DEBUG Engine               - devBBoxColorProperty: ObjectProperty [value: 0xff0000ff]
22:12:50.088 [FXGL Background Thread 3 ] DEBUG Engine               - devEnableDebugCameraProperty: BooleanProperty [value: false]
22:12:50.088 [FXGL Background Thread 3 ] DEBUG Engine               - devSensorColorProperty: ObjectProperty [value: 0xffff00ff]
22:12:50.088 [FXGL Background Thread 3 ] DEBUG Engine               - devShowBBoxProperty: BooleanProperty [value: false]
22:12:50.088 [FXGL Background Thread 3 ] DEBUG Engine               - devShowPositionProperty: BooleanProperty [value: false]
22:12:50.088 [FXGL Background Thread 3 ] DEBUG Engine               - enabledMenuItems: []
22:12:50.088 [FXGL Background Thread 3 ] DEBUG Engine               - engineServices: [class com.almasb.fxgl.app.services.FXGLAssetLoaderService, class com.almasb.fxgl.app.FXGLApplication$GameApplicationService, class com.almasb.fxgl.app.services.FXGLDialogService, class com.almasb.fxgl.app.services.IOTaskExecutorService, class com.almasb.fxgl.io.FileSystemService, class com.almasb.fxgl.localization.LocalizationService, class com.almasb.fxgl.app.services.SystemBundleService, class com.almasb.fxgl.profile.SaveLoadService, class com.almasb.fxgl.ui.FXGLUIFactoryServiceProvider, class com.almasb.fxgl.ui.FXGLDialogFactoryServiceProvider, class com.almasb.fxgl.audio.AudioPlayer, class com.almasb.fxgl.notification.impl.NotificationServiceProvider, class com.almasb.fxgl.achievement.AchievementService, class com.almasb.fxgl.cutscene.CutsceneService, class com.almasb.fxgl.minigames.MiniGameService, class com.almasb.fxgl.net.NetService, class com.almasb.fxgl.app.services.UpdaterService, class com.almasb.fxgl.dev.DevService]
22:12:50.088 [FXGL Background Thread 3 ] DEBUG Engine               - fontGame: Abel-Regular.ttf
22:12:50.088 [FXGL Background Thread 3 ] DEBUG Engine               - fontMono: TerminalLandMono-Regular.otf
22:12:50.088 [FXGL Background Thread 3 ] DEBUG Engine               - fontText: Courier-Prime.ttf
22:12:50.088 [FXGL Background Thread 3 ] DEBUG Engine               - fontUI: VarelaRound-Regular.ttf
22:12:50.088 [FXGL Background Thread 3 ] DEBUG Engine               - fullScreen: BooleanProperty [value: false]
22:12:50.088 [FXGL Background Thread 3 ] DEBUG Engine               - gameDifficulty: MEDIUM
22:12:50.088 [FXGL Background Thread 3 ] DEBUG Engine               - gameDifficultyProperty: ObjectProperty [value: MEDIUM]
22:12:50.088 [FXGL Background Thread 3 ] DEBUG Engine               - globalMusicVolume: 0.5
22:12:50.088 [FXGL Background Thread 3 ] DEBUG Engine               - globalMusicVolumeProperty: DoubleProperty [value: 0.25]
22:12:50.088 [FXGL Background Thread 3 ] DEBUG Engine               - globalSoundVolume: 0.5
22:12:50.088 [FXGL Background Thread 3 ] DEBUG Engine               - globalSoundVolumeProperty: DoubleProperty [value: 0.5]
22:12:50.088 [FXGL Background Thread 3 ] DEBUG Engine               - height: 720
22:12:50.088 [FXGL Background Thread 3 ] DEBUG Engine               - is3D: false
22:12:50.088 [FXGL Background Thread 3 ] DEBUG Engine               - isAndroid: false
22:12:50.088 [FXGL Background Thread 3 ] DEBUG Engine               - isBrowser: false
22:12:50.088 [FXGL Background Thread 3 ] DEBUG Engine               - isClickFeedbackEnabled: false
22:12:50.088 [FXGL Background Thread 3 ] DEBUG Engine               - isCloseConfirmation: false
22:12:50.088 [FXGL Background Thread 3 ] DEBUG Engine               - isDesktop: true
22:12:50.088 [FXGL Background Thread 3 ] DEBUG Engine               - isDeveloperMenuEnabled: false
22:12:50.089 [FXGL Background Thread 3 ] DEBUG Engine               - isEmbedded: false
22:12:50.089 [FXGL Background Thread 3 ] DEBUG Engine               - isEntityPreloadEnabled: true
22:12:50.089 [FXGL Background Thread 3 ] DEBUG Engine               - isExperimentalTiledLargeMap: false
22:12:50.089 [FXGL Background Thread 3 ] DEBUG Engine               - isFileSystemWriteAllowed: true
22:12:50.089 [FXGL Background Thread 3 ] DEBUG Engine               - isFullScreenAllowed: false
22:12:50.089 [FXGL Background Thread 3 ] DEBUG Engine               - isFullScreenFromStart: false
22:12:50.089 [FXGL Background Thread 3 ] DEBUG Engine               - isGameMenuEnabled: true
22:12:50.089 [FXGL Background Thread 3 ] DEBUG Engine               - isIOS: false
22:12:50.089 [FXGL Background Thread 3 ] DEBUG Engine               - isIntroEnabled: false
22:12:50.089 [FXGL Background Thread 3 ] DEBUG Engine               - isLinux: false
22:12:50.089 [FXGL Background Thread 3 ] DEBUG Engine               - isMac: false
22:12:50.089 [FXGL Background Thread 3 ] DEBUG Engine               - isMainMenuEnabled: true
22:12:50.089 [FXGL Background Thread 3 ] DEBUG Engine               - isManualResizeEnabled: false
22:12:50.089 [FXGL Background Thread 3 ] DEBUG Engine               - isMobile: false
22:12:50.089 [FXGL Background Thread 3 ] DEBUG Engine               - isNative: false
22:12:50.089 [FXGL Background Thread 3 ] DEBUG Engine               - isPauseMusicWhenMinimized: true
22:12:50.089 [FXGL Background Thread 3 ] DEBUG Engine               - isPreserveResizeRatio: false
22:12:50.089 [FXGL Background Thread 3 ] DEBUG Engine               - isProfilingEnabled: false
22:12:50.089 [FXGL Background Thread 3 ] DEBUG Engine               - isScaleAffectedOnResize: true
22:12:50.089 [FXGL Background Thread 3 ] DEBUG Engine               - isSingleStep: false
22:12:50.089 [FXGL Background Thread 3 ] DEBUG Engine               - isUserProfileEnabled: false
22:12:50.089 [FXGL Background Thread 3 ] DEBUG Engine               - isWindows: true
22:12:50.089 [FXGL Background Thread 3 ] DEBUG Engine               - language: ObjectProperty [value: ENGLISH]
22:12:50.089 [FXGL Background Thread 3 ] DEBUG Engine               - menuKey: ESCAPE
22:12:50.089 [FXGL Background Thread 3 ] DEBUG Engine               - mouseSensitivity: 0.2
22:12:50.089 [FXGL Background Thread 3 ] DEBUG Engine               - notificationViewClass: class com.almasb.fxgl.notification.view.XboxNotificationView
22:12:50.089 [FXGL Background Thread 3 ] DEBUG Engine               - pixelsPerMeter: 50.0
22:12:50.090 [FXGL Background Thread 3 ] DEBUG Engine               - platform: WINDOWS
22:12:50.090 [FXGL Background Thread 3 ] DEBUG Engine               - prefHeightProperty: ReadOnlyDoubleProperty [value: 720.0]
22:12:50.090 [FXGL Background Thread 3 ] DEBUG Engine               - prefWidthProperty: ReadOnlyDoubleProperty [value: 1500.0]
22:12:50.090 [FXGL Background Thread 3 ] DEBUG Engine               - profileDir: profiles/
22:12:50.090 [FXGL Background Thread 3 ] DEBUG Engine               - profileName: StringProperty [value: DEFAULT]
22:12:50.090 [FXGL Background Thread 3 ] DEBUG Engine               - randomSeed: -1
22:12:50.090 [FXGL Background Thread 3 ] DEBUG Engine               - runtimeInfo: RuntimeInfo(platform=WINDOWS, version=17, build=31.12.2021 18.16)
22:12:50.090 [FXGL Background Thread 3 ] DEBUG Engine               - saveFileExt: sav
22:12:50.090 [FXGL Background Thread 3 ] DEBUG Engine               - scaledHeightProp$fxgl: DoubleProperty [bound, value: 720.0]
22:12:50.090 [FXGL Background Thread 3 ] DEBUG Engine               - scaledWidthProp$fxgl: DoubleProperty [bound, value: 1500.0]
22:12:50.090 [FXGL Background Thread 3 ] DEBUG Engine               - sceneFactory: game.MySceneFactory@3e1cfaf0
22:12:50.090 [FXGL Background Thread 3 ] DEBUG Engine               - secondsIn24h: 60
22:12:50.090 [FXGL Background Thread 3 ] DEBUG Engine               - soundMenuBack: menu/back.wav
22:12:50.090 [FXGL Background Thread 3 ] DEBUG Engine               - soundMenuPress: menu/press.wav
22:12:50.091 [FXGL Background Thread 3 ] DEBUG Engine               - soundMenuSelect: menu/select.wav
22:12:50.091 [FXGL Background Thread 3 ] DEBUG Engine               - soundNotification: core/notification.wav
22:12:50.091 [FXGL Background Thread 3 ] DEBUG Engine               - stageStyle: DECORATED
22:12:50.091 [FXGL Background Thread 3 ] DEBUG Engine               - supportedLanguages: [ENGLISH, FRENCH, GERMAN, HUNGARIAN, RUSSIAN]
22:12:50.091 [FXGL Background Thread 3 ] DEBUG Engine               - ticksPerSecond: -1
22:12:50.091 [FXGL Background Thread 3 ] DEBUG Engine               - title: Escape HSLEIDEN
22:12:50.091 [FXGL Background Thread 3 ] DEBUG Engine               - urlGithub: https://github.com/AlmasB/FXGL
22:12:50.091 [FXGL Background Thread 3 ] DEBUG Engine               - urlLeaderboard: http://fxgl-top.herokuapp.com/
22:12:50.091 [FXGL Background Thread 3 ] DEBUG Engine               - urlPOM: https://raw.githubusercontent.com/AlmasB/FXGL/release/README.md
22:12:50.091 [FXGL Background Thread 3 ] DEBUG Engine               - userAppClass: class game.PlatformerApp
22:12:50.091 [FXGL Background Thread 3 ] DEBUG Engine               - version: 1
22:12:50.091 [FXGL Background Thread 3 ] DEBUG Engine               - versionCheckDays: 7
22:12:50.091 [FXGL Background Thread 3 ] DEBUG Engine               - width: 1500
22:12:50.091 [FXGL Background Thread 3 ] DEBUG Engine               - Logging services
22:12:50.091 [FXGL Background Thread 3 ] DEBUG Engine               - class com.almasb.fxgl.app.services.FXGLAssetLoaderService
22:12:50.091 [FXGL Background Thread 3 ] DEBUG Engine               - class com.almasb.fxgl.app.FXGLApplication$GameApplicationService
22:12:50.091 [FXGL Background Thread 3 ] DEBUG Engine               - class com.almasb.fxgl.app.services.FXGLDialogService
22:12:50.091 [FXGL Background Thread 3 ] DEBUG Engine               - class com.almasb.fxgl.app.services.IOTaskExecutorService
22:12:50.091 [FXGL Background Thread 3 ] DEBUG Engine               - class com.almasb.fxgl.io.FileSystemService
22:12:50.092 [FXGL Background Thread 3 ] DEBUG Engine               - class com.almasb.fxgl.localization.LocalizationService
22:12:50.092 [FXGL Background Thread 3 ] DEBUG Engine               - class com.almasb.fxgl.app.services.SystemBundleService
22:12:50.092 [FXGL Background Thread 3 ] DEBUG Engine               - class com.almasb.fxgl.profile.SaveLoadService
22:12:50.092 [FXGL Background Thread 3 ] DEBUG Engine               - class com.almasb.fxgl.ui.FXGLUIFactoryServiceProvider
22:12:50.092 [FXGL Background Thread 3 ] DEBUG Engine               - class com.almasb.fxgl.ui.FXGLDialogFactoryServiceProvider
22:12:50.092 [FXGL Background Thread 3 ] DEBUG Engine               - class com.almasb.fxgl.audio.AudioPlayer
22:12:50.092 [FXGL Background Thread 3 ] DEBUG Engine               - class com.almasb.fxgl.notification.impl.NotificationServiceProvider
22:12:50.092 [FXGL Background Thread 3 ] DEBUG Engine               - class com.almasb.fxgl.achievement.AchievementService
22:12:50.092 [FXGL Background Thread 3 ] DEBUG Engine               - class com.almasb.fxgl.cutscene.CutsceneService
22:12:50.092 [FXGL Background Thread 3 ] DEBUG Engine               - class com.almasb.fxgl.minigames.MiniGameService
22:12:50.092 [FXGL Background Thread 3 ] DEBUG Engine               - class com.almasb.fxgl.net.NetService
22:12:50.092 [FXGL Background Thread 3 ] DEBUG Engine               - class com.almasb.fxgl.app.services.UpdaterService
22:12:50.092 [FXGL Background Thread 3 ] DEBUG Engine               - class com.almasb.fxgl.dev.DevService
22:12:50.661 [JavaFX Application Thread] DEBUG Menu                 - fireNewGame()
22:12:50.661 [JavaFX Application Thread] DEBUG GameApplicationServi - Starting new game
22:12:50.661 [JavaFX Application Thread] DEBUG PrimaryStageWindow   - Pop state: MyMenu
22:12:50.661 [JavaFX Application Thread] DEBUG Input                - Clearing active input actions
22:12:50.661 [JavaFX Application Thread] DEBUG GameApplicationServi - Removing overlay from MyMenu and adding to FXGLMainMenuDummyScene
22:12:50.662 [JavaFX Application Thread] DEBUG PrimaryStageWindow   - FXGLMainMenuDummyScene <- MyMenu
22:12:50.662 [JavaFX Application Thread] DEBUG Input                - Clearing active input actions
22:12:50.673 [JavaFX Application Thread] DEBUG GameApplicationServi - Removing overlay from FXGLMainMenuDummyScene and adding to FXGLLoadingScene
22:12:50.673 [JavaFX Application Thread] DEBUG PrimaryStageWindow   - FXGLMainMenuDummyScene -> FXGLLoadingScene
22:12:50.673 [JavaFX Application Thread] DEBUG GameApplicationServi - Clearing previous game
22:12:50.673 [JavaFX Application Thread] DEBUG GameScene            - Clearing game scene
22:12:50.673 [JavaFX Application Thread] DEBUG GameWorld            - Clearing game world
22:12:50.673 [JavaFX Application Thread] DEBUG PhysicsWorld         - Clearing physics world
22:12:50.674 [FXGL Background Thread 2 ] DEBUG FXGLApplication      - Initializing game
22:12:50.698 [FXGL Background Thread 2 ] DEBUG FXGLAssetLoaderServi - Loading from file system: file:/C:/Users/04amb/OneDrive%20-%20Hogeschool%20Leiden/Periode%203/SE%20challengeweek/IntelliJ%20Projects/game%202/game/target/classes/assets/textures/player.png
22:12:50.732 [FXGL Background Thread 2 ] WARN  TMXLevelLoader       - TiledMap generated from 1.10.1. Supported version: 1.2.3. Some features may not be parsed fully.
22:12:50.738 [FXGL Background Thread 2 ] DEBUG TMXLevelLoader       - Parsed TiledMap: file:/C:/Users/04amb/OneDrive%20-%20Hogeschool%20Leiden/Periode%203/SE%20challengeweek/IntelliJ%20Projects/game%202/game/target/classes/assets/levels/tmx/level1.tmx
22:12:50.739 [FXGL Background Thread 2 ] DEBUG TMXLevelLoader       - Creating tile layer entities
22:12:50.740 [FXGL Background Thread 2 ] DEBUG TilesetLoader        - Loading view for layer Tile Layer 1
22:12:50.741 [FXGL Background Thread 2 ] DEBUG TilesetLoader        - Created buffer with size 1050.0x700.0
22:12:50.755 [FXGL Background Thread 2 ] DEBUG TMXLevelLoader       - Creating object layer entities
22:12:50.760 [FXGL Background Thread 2 ] DEBUG GameWorld            - Clearing removable entities
22:12:50.761 [FXGL Background Thread 2 ] DEBUG GameWorld            - Setting level: com.almasb.fxgl.entity.level.Level@119372b5
22:12:50.762 [FXGL Background Thread 2 ] DEBUG FXGLAssetLoaderServi - Loading from file system: file:/C:/Users/04amb/OneDrive%20-%20Hogeschool%20Leiden/Periode%203/SE%20challengeweek/IntelliJ%20Projects/game%202/game/target/classes/assets/textures/background/background.png
22:12:50.779 [FXGL Background Thread 2 ] DEBUG FXGLAssetLoaderServi - Loading from file system: file:/C:/Users/04amb/OneDrive%20-%20Hogeschool%20Leiden/Periode%203/SE%20challengeweek/IntelliJ%20Projects/game%202/game/target/classes/assets/textures/key.png
22:12:50.781 [FXGL Background Thread 2 ] INFO  FXGLApplication      - Game initialization took: 0.107 sec
22:12:50.787 [JavaFX Application Thread] DEBUG Input                - Clearing active input actions
22:12:50.793 [JavaFX Application Thread] DEBUG GameApplicationServi - Removing overlay from FXGLLoadingScene and adding to GameScene
22:12:50.793 [JavaFX Application Thread] DEBUG PrimaryStageWindow   - FXGLLoadingScene -> GameScene
22:12:55.110 [JavaFX Application Thread] DEBUG FXGLAssetLoaderServi - Loading from file system: file:/C:/Users/04amb/OneDrive%20-%20Hogeschool%20Leiden/Periode%203/SE%20challengeweek/IntelliJ%20Projects/game%202/game/target/classes/assets/sounds/jump.wav
22:12:55.367 [JavaFX Application Thread] DEBUG FXGLAssetLoaderServi - Loading from file system: file:/C:/Users/04amb/OneDrive%20-%20Hogeschool%20Leiden/Periode%203/SE%20challengeweek/IntelliJ%20Projects/game%202/game/target/classes/assets/sounds/Item_Get.wav
22:13:01.958 [JavaFX Application Thread] DEBUG FXGLAssetLoaderServi - Loading from file system: file:/C:/Users/04amb/OneDrive%20-%20Hogeschool%20Leiden/Periode%203/SE%20challengeweek/IntelliJ%20Projects/game%202/game/target/classes/assets/sounds/level_complete.wav
22:13:01.963 [JavaFX Application Thread] WARN  TMXLevelLoader       - TiledMap generated from 1.10.0. Supported version: 1.2.3. Some features may not be parsed fully.
22:13:01.965 [JavaFX Application Thread] DEBUG TMXLevelLoader       - Parsed TiledMap: file:/C:/Users/04amb/OneDrive%20-%20Hogeschool%20Leiden/Periode%203/SE%20challengeweek/IntelliJ%20Projects/game%202/game/target/classes/assets/levels/tmx/level2.tmx
22:13:01.965 [JavaFX Application Thread] DEBUG TMXLevelLoader       - Creating tile layer entities
22:13:01.966 [JavaFX Application Thread] DEBUG TilesetLoader        - Loading view for layer Tile Layer 1
22:13:01.968 [JavaFX Application Thread] DEBUG TilesetLoader        - Created buffer with size 1050.0x700.0
22:13:01.979 [JavaFX Application Thread] DEBUG TMXLevelLoader       - Creating object layer entities
22:13:01.982 [JavaFX Application Thread] DEBUG GameWorld            - Clearing removable entities
22:13:01.984 [JavaFX Application Thread] DEBUG GameWorld            - Setting level: com.almasb.fxgl.entity.level.Level@4fdee8f4
22:13:09.368 [JavaFX Application Thread] WARN  TMXLevelLoader       - TiledMap generated from 1.10.0. Supported version: 1.2.3. Some features may not be parsed fully.
22:13:09.369 [JavaFX Application Thread] DEBUG TMXLevelLoader       - Parsed TiledMap: file:/C:/Users/04amb/OneDrive%20-%20Hogeschool%20Leiden/Periode%203/SE%20challengeweek/IntelliJ%20Projects/game%202/game/target/classes/assets/levels/tmx/level2.tmx
22:13:09.369 [JavaFX Application Thread] DEBUG TMXLevelLoader       - Creating tile layer entities
22:13:09.370 [JavaFX Application Thread] DEBUG TilesetLoader        - Loading view for layer Tile Layer 1
22:13:09.370 [JavaFX Application Thread] DEBUG TilesetLoader        - Created buffer with size 1050.0x700.0
22:13:09.381 [JavaFX Application Thread] DEBUG TMXLevelLoader       - Creating object layer entities
22:13:09.384 [JavaFX Application Thread] DEBUG GameWorld            - Clearing removable entities
22:13:09.385 [JavaFX Application Thread] DEBUG GameWorld            - Setting level: com.almasb.fxgl.entity.level.Level@157f4548
22:13:26.871 [JavaFX Application Thread] WARN  TMXLevelLoader       - TiledMap generated from 1.10.0. Supported version: 1.2.3. Some features may not be parsed fully.
22:13:26.872 [JavaFX Application Thread] DEBUG TMXLevelLoader       - Parsed TiledMap: file:/C:/Users/04amb/OneDrive%20-%20Hogeschool%20Leiden/Periode%203/SE%20challengeweek/IntelliJ%20Projects/game%202/game/target/classes/assets/levels/tmx/level2.tmx
22:13:26.872 [JavaFX Application Thread] DEBUG TMXLevelLoader       - Creating tile layer entities
22:13:26.873 [JavaFX Application Thread] DEBUG TilesetLoader        - Loading view for layer Tile Layer 1
22:13:26.873 [JavaFX Application Thread] DEBUG TilesetLoader        - Created buffer with size 1050.0x700.0
22:13:26.885 [JavaFX Application Thread] DEBUG TMXLevelLoader       - Creating object layer entities
22:13:26.887 [JavaFX Application Thread] DEBUG GameWorld            - Clearing removable entities
22:13:26.889 [JavaFX Application Thread] DEBUG GameWorld            - Setting level: com.almasb.fxgl.entity.level.Level@69e1e925
22:13:42.104 [JavaFX Application Thread] WARN  TMXLevelLoader       - TiledMap generated from 1.0.1. Supported version: 1.2.3. Some features may not be parsed fully.
22:13:42.107 [JavaFX Application Thread] DEBUG TMXLevelLoader       - Parsed TiledMap: file:/C:/Users/04amb/OneDrive%20-%20Hogeschool%20Leiden/Periode%203/SE%20challengeweek/IntelliJ%20Projects/game%202/game/target/classes/assets/levels/tmx/level3.tmx
22:13:42.107 [JavaFX Application Thread] DEBUG TMXLevelLoader       - Creating tile layer entities
22:13:42.108 [JavaFX Application Thread] DEBUG TilesetLoader        - Loading view for layer Tile Layer 1
22:13:42.108 [JavaFX Application Thread] DEBUG TilesetLoader        - Created buffer with size 1050.0x700.0
22:13:42.119 [JavaFX Application Thread] DEBUG TMXLevelLoader       - Creating object layer entities
22:13:42.122 [JavaFX Application Thread] DEBUG GameWorld            - Clearing removable entities
22:13:42.123 [JavaFX Application Thread] DEBUG GameWorld            - Setting level: com.almasb.fxgl.entity.level.Level@62b9696d
22:13:52.039 [JavaFX Application Thread] WARN  TMXLevelLoader       - TiledMap generated from 1.0.1. Supported version: 1.2.3. Some features may not be parsed fully.
22:13:52.041 [JavaFX Application Thread] DEBUG TMXLevelLoader       - Parsed TiledMap: file:/C:/Users/04amb/OneDrive%20-%20Hogeschool%20Leiden/Periode%203/SE%20challengeweek/IntelliJ%20Projects/game%202/game/target/classes/assets/levels/tmx/level4.tmx
22:13:52.041 [JavaFX Application Thread] DEBUG TMXLevelLoader       - Creating tile layer entities
22:13:52.041 [JavaFX Application Thread] DEBUG TilesetLoader        - Loading view for layer Tile Layer 1
22:13:52.041 [JavaFX Application Thread] DEBUG TilesetLoader        - Created buffer with size 1050.0x700.0
22:13:52.053 [JavaFX Application Thread] DEBUG TMXLevelLoader       - Creating object layer entities
22:13:52.055 [JavaFX Application Thread] DEBUG GameWorld            - Clearing removable entities
22:13:52.057 [JavaFX Application Thread] DEBUG GameWorld            - Setting level: com.almasb.fxgl.entity.level.Level@9b41e87
22:13:59.335 [JavaFX Application Thread] WARN  TMXLevelLoader       - TiledMap generated from 1.0.1. Supported version: 1.2.3. Some features may not be parsed fully.
22:13:59.336 [JavaFX Application Thread] DEBUG TMXLevelLoader       - Parsed TiledMap: file:/C:/Users/04amb/OneDrive%20-%20Hogeschool%20Leiden/Periode%203/SE%20challengeweek/IntelliJ%20Projects/game%202/game/target/classes/assets/levels/tmx/level4.tmx
22:13:59.336 [JavaFX Application Thread] DEBUG TMXLevelLoader       - Creating tile layer entities
22:13:59.337 [JavaFX Application Thread] DEBUG TilesetLoader        - Loading view for layer Tile Layer 1
22:13:59.337 [JavaFX Application Thread] DEBUG TilesetLoader        - Created buffer with size 1050.0x700.0
22:13:59.348 [JavaFX Application Thread] DEBUG TMXLevelLoader       - Creating object layer entities
22:13:59.350 [JavaFX Application Thread] DEBUG GameWorld            - Clearing removable entities
22:13:59.351 [JavaFX Application Thread] DEBUG GameWorld            - Setting level: com.almasb.fxgl.entity.level.Level@118d4aca
22:14:13.063 [JavaFX Application Thread] WARN  TMXLevelLoader       - TiledMap generated from 1.0.1. Supported version: 1.2.3. Some features may not be parsed fully.
22:14:13.064 [JavaFX Application Thread] DEBUG TMXLevelLoader       - Parsed TiledMap: file:/C:/Users/04amb/OneDrive%20-%20Hogeschool%20Leiden/Periode%203/SE%20challengeweek/IntelliJ%20Projects/game%202/game/target/classes/assets/levels/tmx/level4.tmx
22:14:13.064 [JavaFX Application Thread] DEBUG TMXLevelLoader       - Creating tile layer entities
22:14:13.064 [JavaFX Application Thread] DEBUG TilesetLoader        - Loading view for layer Tile Layer 1
22:14:13.065 [JavaFX Application Thread] DEBUG TilesetLoader        - Created buffer with size 1050.0x700.0
22:14:13.075 [JavaFX Application Thread] DEBUG TMXLevelLoader       - Creating object layer entities
22:14:13.077 [JavaFX Application Thread] DEBUG GameWorld            - Clearing removable entities
22:14:13.077 [JavaFX Application Thread] DEBUG GameWorld            - Setting level: com.almasb.fxgl.entity.level.Level@488c7c2a
22:14:22.135 [JavaFX Application Thread] WARN  TMXLevelLoader       - TiledMap generated from 1.0.1. Supported version: 1.2.3. Some features may not be parsed fully.
22:14:22.137 [JavaFX Application Thread] DEBUG TMXLevelLoader       - Parsed TiledMap: file:/C:/Users/04amb/OneDrive%20-%20Hogeschool%20Leiden/Periode%203/SE%20challengeweek/IntelliJ%20Projects/game%202/game/target/classes/assets/levels/tmx/level4.tmx
22:14:22.137 [JavaFX Application Thread] DEBUG TMXLevelLoader       - Creating tile layer entities
22:14:22.137 [JavaFX Application Thread] DEBUG TilesetLoader        - Loading view for layer Tile Layer 1
22:14:22.137 [JavaFX Application Thread] DEBUG TilesetLoader        - Created buffer with size 1050.0x700.0
22:14:22.148 [JavaFX Application Thread] DEBUG TMXLevelLoader       - Creating object layer entities
22:14:22.150 [JavaFX Application Thread] DEBUG GameWorld            - Clearing removable entities
22:14:22.151 [JavaFX Application Thread] DEBUG GameWorld            - Setting level: com.almasb.fxgl.entity.level.Level@16f0266f
22:14:35.425 [JavaFX Application Thread] DEBUG PrimaryStageWindow   - Push state: DialogSubScene
22:14:35.425 [JavaFX Application Thread] DEBUG Input                - Clearing active input actions
22:14:35.428 [JavaFX Application Thread] DEBUG GameApplicationServi - Removing overlay from GameScene and adding to DialogSubScene
22:14:35.428 [JavaFX Application Thread] DEBUG PrimaryStageWindow   - GameScene -> DialogSubScene
22:14:48.318 [JavaFX Application Thread] DEBUG PrimaryStageWindow   - Pop state: DialogSubScene
22:14:48.319 [JavaFX Application Thread] DEBUG Input                - Clearing active input actions
22:14:48.319 [JavaFX Application Thread] DEBUG GameApplicationServi - Removing overlay from DialogSubScene and adding to GameScene
22:14:48.319 [JavaFX Application Thread] DEBUG PrimaryStageWindow   - GameScene <- DialogSubScene
22:14:48.321 [JavaFX Application Thread] DEBUG Input                - Clearing active input actions
22:14:48.324 [JavaFX Application Thread] DEBUG GameApplicationServi - Removing overlay from GameScene and adding to FXGLMainMenuDummyScene
22:14:48.324 [JavaFX Application Thread] DEBUG PrimaryStageWindow   - GameScene -> FXGLMainMenuDummyScene
22:14:48.324 [JavaFX Application Thread] DEBUG PrimaryStageWindow   - Push state: MyMenu
22:14:48.324 [JavaFX Application Thread] DEBUG Input                - Clearing active input actions
22:14:48.325 [JavaFX Application Thread] DEBUG GameApplicationServi - Removing overlay from FXGLMainMenuDummyScene and adding to MyMenu
22:14:48.325 [JavaFX Application Thread] DEBUG PrimaryStageWindow   - FXGLMainMenuDummyScene -> MyMenu
22:14:50.471 [JavaFX Application Thread] DEBUG PrimaryStageWindow   - Push state: DialogSubScene
22:14:50.471 [JavaFX Application Thread] DEBUG Input                - Clearing active input actions
22:14:50.471 [JavaFX Application Thread] DEBUG GameApplicationServi - Removing overlay from MyMenu and adding to DialogSubScene
22:14:50.471 [JavaFX Application Thread] DEBUG PrimaryStageWindow   - MyMenu -> DialogSubScene
22:14:51.479 [JavaFX Application Thread] DEBUG PrimaryStageWindow   - Pop state: DialogSubScene
22:14:51.479 [JavaFX Application Thread] DEBUG Input                - Clearing active input actions
22:14:51.479 [JavaFX Application Thread] DEBUG GameApplicationServi - Removing overlay from DialogSubScene and adding to MyMenu
22:14:51.479 [JavaFX Application Thread] DEBUG PrimaryStageWindow   - MyMenu <- DialogSubScene
22:14:52.443 [JavaFX Application Thread] DEBUG Menu                 - fireExit()
22:14:52.444 [JavaFX Application Thread] DEBUG PrimaryStageWindow   - Push state: DialogSubScene
22:14:52.444 [JavaFX Application Thread] DEBUG Input                - Clearing active input actions
22:14:52.444 [JavaFX Application Thread] DEBUG GameApplicationServi - Removing overlay from MyMenu and adding to DialogSubScene
22:14:52.444 [JavaFX Application Thread] DEBUG PrimaryStageWindow   - MyMenu -> DialogSubScene
22:14:53.114 [JavaFX Application Thread] DEBUG PrimaryStageWindow   - Pop state: DialogSubScene
22:14:53.114 [JavaFX Application Thread] DEBUG Input                - Clearing active input actions
22:14:53.115 [JavaFX Application Thread] DEBUG GameApplicationServi - Removing overlay from DialogSubScene and adding to MyMenu
22:14:53.115 [JavaFX Application Thread] DEBUG PrimaryStageWindow   - MyMenu <- DialogSubScene
22:14:53.115 [JavaFX Application Thread] DEBUG FXGLApplication      - Exiting FXGL
22:14:53.115 [JavaFX Application Thread] DEBUG LoopRunner           - Stopping loop
22:14:53.115 [JavaFX Application Thread] DEBUG SystemBundleService  - Saving FXGL system data
22:14:53.117 [JavaFX Application Thread] DEBUG FileSystemAccess     - Writing to: C:\Users\04amb\OneDrive - Hogeschool Leiden\Periode 3\SE challengeweek\IntelliJ Projects\game 2\game\system\fxgl.bundle
22:14:53.118 [JavaFX Application Thread] DEBUG Async                - Shutting down background threads
22:14:53.119 [JavaFX Application Thread] DEBUG PrimaryStageWindow   - Closing main window
22:14:53.135 [JavaFX Application Thread] DEBUG Logger               - Closing Logger
