11:49:30.854 [main                     ] DEBUG Logger               - Configured Logger
11:49:30.876 [main                     ] DEBUG GameApplication      - Logging settings
Title: TEST
Version: 0.0
Width: 800
Height: 600
Fullscreen: false
Intro: false
Profiling: false
Single step:false
App Mode: DEVELOPER
Menu Key: ESCAPE
Stage Style: DECORATED
Scene Factory: class com.almasb.fxgl.app.scene.SceneFactory

11:49:31.704 [JavaFX Application Thread] DEBUG FXGLApplication      - Initializing FXGL
11:49:31.707 [JavaFX Application Thread] INFO  Engine               - FXGL-11.17 (16.07.2021 15.46) on MAC (J:15.0.2 FX:17.0.2-ea)
11:49:31.708 [JavaFX Application Thread] DEBUG Engine               - JRE Vendor Name: Amazon.com Inc.
11:49:31.708 [JavaFX Application Thread] DEBUG Engine               - Running on OS: Mac OS X version 13.1
11:49:31.708 [JavaFX Application Thread] DEBUG Engine               - Architecture: x86_64
11:49:31.708 [JavaFX Application Thread] INFO  Engine               - Source code and latest versions at: https://github.com/AlmasB/FXGL
11:49:31.708 [JavaFX Application Thread] INFO  Engine               -              Join the FXGL chat at: https://gitter.im/AlmasB/FXGL
11:49:31.852 [JavaFX Application Thread] DEBUG PrimaryStageWindow   - Creating a JavaFX scene
11:49:31.996 [JavaFX Application Thread] DEBUG PrimaryStageWindow   - Target settings size: 800.0 x 600.0
11:49:31.999 [JavaFX Application Thread] DEBUG PrimaryStageWindow   - Scaled scene size:    800.0 x 600.0
11:49:32.000 [JavaFX Application Thread] DEBUG PrimaryStageWindow   - Scaled ratio: (1.0, 1.0)
11:49:32.002 [JavaFX Application Thread] DEBUG PrimaryStageWindow   - Set initial scene to FXGLStartupScene
11:49:32.034 [JavaFX Application Thread] DEBUG PrimaryStageWindow   - Opening main window
11:49:32.219 [JavaFX Application Thread] DEBUG PrimaryStageWindow   - Window border size: (0.0, 28.0)
11:49:32.220 [JavaFX Application Thread] DEBUG PrimaryStageWindow   - Scaled size: 800.0 x 600.0
11:49:32.220 [JavaFX Application Thread] DEBUG PrimaryStageWindow   - Scaled ratio: (1.0, 1.0)
11:49:32.220 [JavaFX Application Thread] DEBUG PrimaryStageWindow   - Scene size: 800.0 x 600.0
11:49:32.220 [JavaFX Application Thread] DEBUG PrimaryStageWindow   - Stage size: 800.0 x 628.0
11:49:32.230 [FXGL Background Thread 1 ] DEBUG Engine               - Initializing environment variables
11:49:32.452 [FXGL Background Thread 1 ] DEBUG FXGLAssetLoaderServi - User app class for loading assets: class com.example.demo.HelloApplication
11:49:32.453 [FXGL Background Thread 1 ] DEBUG GameApplicationServi - Applying CSS: fxgl_dark.css
11:49:32.461 [FXGL Background Thread 1 ] DEBUG FXGLAssetLoaderServi - Loading from file system: jar:file:///Users/admin/.m2/repository/com/github/almasb/fxgl/11.17/fxgl-11.17.jar!/fxglassets/ui/css/fxgl_dark.css
11:49:32.849 [FXGL Background Thread 1 ] DEBUG GameApplicationServi - Initializing application scenes
11:49:33.131 [FXGL Background Thread 1 ] DEBUG GameWorld            - Game world initialized
11:49:33.186 [FXGL Background Thread 1 ] DEBUG PhysicsWorld         - Physics world initialized: appHeight=600, physics.ppm=50,0
11:49:33.188 [FXGL Background Thread 1 ] DEBUG PhysicsWorld         - Using strategy: BRUTE_FORCE
11:49:33.198 [FXGL Background Thread 1 ] DEBUG GameScene            - Game scene initialized: 800x600
11:49:33.216 [FXGL Background Thread 1 ] DEBUG FXGL.DefaultMenu     - createMenuBodyGameMenu()
11:49:33.239 [FXGL Background Thread 1 ] DEBUG FXGL.DefaultMenu     - createOptionsMenu()
11:49:33.258 [FXGL Background Thread 1 ] DEBUG FXGLAssetLoaderServi - Loading from file system: jar:file:///Users/admin/.m2/repository/com/github/almasb/fxgl/11.17/fxgl-11.17.jar!/fxglassets/textures/particles/smoke.png
11:49:33.448 [FXGL Background Thread 1 ] DEBUG FXGLAssetLoaderServi - Loading from file system: jar:file:///Users/admin/.m2/repository/com/github/almasb/fxgl/11.17/fxgl-11.17.jar!/fxglassets/textures/particles/trace_horizontal.png
11:49:33.500 [FXGL Background Thread 1 ] DEBUG GameApplicationServi - Application scenes initialized
11:49:33.527 [FXGL Background Thread 1 ] DEBUG SystemBundleService  - Loading FXGL system data
11:49:33.539 [FXGL Background Thread 1 ] WARN  SystemBundleService  - Failed to load: java.io.FileNotFoundException: /Users/admin/Desktop/CHALLENGEWEEK/TEST/demo/system/fxgl.bundle (No such file or directory)
11:49:33.541 [FXGL Background Thread 1 ] DEBUG SystemBundleService  - Loading default FXGL system data
11:49:33.544 [FXGL Background Thread 1 ] DEBUG UpdaterService       - Checking for updates
11:49:33.553 [FXGL Background Thread 4 ] DEBUG FXGLApplication      - Loading fonts
11:49:33.554 [FXGL Background Thread 1 ] DEBUG FXGLApplication      - Loading default localization
11:49:33.560 [FXGL Background Thread 4 ] DEBUG FXGLAssetLoaderServi - Loading from file system: jar:file:///Users/admin/.m2/repository/com/github/almasb/fxgl/11.17/fxgl-11.17.jar!/fxglassets/ui/fonts/VarelaRound-Regular.ttf
11:49:33.561 [FXGL Background Thread 1 ] DEBUG FXGLAssetLoaderServi - Loading from file system: jar:file:///Users/admin/.m2/repository/com/github/almasb/fxgl/11.17/fxgl-11.17.jar!/fxglassets/languages/english.lang
11:49:33.644 [FXGL Background Thread 1 ] INFO  FXGLApplication      - FXGL initialization took: 1,395 sec
11:49:33.654 [FXGL Background Thread 4 ] DEBUG FXGLAssetLoaderServi - Loading from file system: jar:file:///Users/admin/.m2/repository/com/github/almasb/fxgl/11.17/fxgl-11.17.jar!/fxglassets/ui/fonts/Abel-Regular.ttf
11:49:33.668 [JavaFX Application Thread] DEBUG Input                - Registered new binding: action0 - D
11:49:33.678 [JavaFX Application Thread] DEBUG FXGLAssetLoaderServi - Loading from file system: jar:file:///Users/admin/.m2/repository/com/github/almasb/fxgl/11.17/fxgl-11.17.jar!/fxglassets/textures/fxgl_icon.png
11:49:33.673 [FXGL Background Thread 4 ] DEBUG FXGLAssetLoaderServi - Loading from file system: jar:file:///Users/admin/.m2/repository/com/github/almasb/fxgl/11.17/fxgl-11.17.jar!/fxglassets/ui/fonts/lucida_console.ttf
11:49:33.696 [FXGL Background Thread 4 ] DEBUG FXGLAssetLoaderServi - Loading from file system: jar:file:///Users/admin/.m2/repository/com/github/almasb/fxgl/11.17/fxgl-11.17.jar!/fxglassets/ui/fonts/Courier-Prime.ttf
11:49:33.739 [JavaFX Application Thread] DEBUG FXGLAssetLoaderServi - Loading from file system: jar:file:///Users/admin/.m2/repository/com/github/almasb/fxgl/11.17/fxgl-11.17.jar!/fxglassets/textures/fxgl_default_cursor.png
11:49:33.757 [JavaFX Application Thread] DEBUG Input                - Registered new binding: Screenshot - CTRL+8
11:49:33.763 [JavaFX Application Thread] DEBUG Input                - Registered new binding: System info dump - CTRL+9
11:49:33.770 [JavaFX Application Thread] DEBUG Input                - Registered new binding: Restart - CTRL+R
11:49:33.782 [JavaFX Application Thread] DEBUG Input                - Registered new binding: Toggle Debug Camera - CTRL+C
11:49:33.791 [JavaFX Application Thread] DEBUG LoopRunner           - Starting loop
11:49:33.795 [JavaFX Application Thread] DEBUG LoopRunner           - Initializing JavaFX AnimationTimerLoop
11:49:33.799 [JavaFX Application Thread] DEBUG GameApplicationServi - Starting new game
11:49:33.805 [JavaFX Application Thread] DEBUG Input                - Clearing active input actions
11:49:33.934 [JavaFX Application Thread] DEBUG GameApplicationServi - Removing overlay from FXGLStartupScene and adding to FXGLLoadingScene
11:49:33.940 [JavaFX Application Thread] DEBUG PrimaryStageWindow   - FXGLStartupScene -> FXGLLoadingScene
11:49:33.944 [JavaFX Application Thread] DEBUG GameApplicationServi - Clearing previous game
11:49:33.947 [JavaFX Application Thread] DEBUG GameScene            - Clearing game scene
11:49:33.952 [JavaFX Application Thread] DEBUG GameWorld            - Clearing game world
11:49:33.957 [JavaFX Application Thread] DEBUG PhysicsWorld         - Clearing physics world
11:49:33.965 [FXGL Background Thread 4 ] DEBUG FXGLApplication      - Initializing game
11:49:33.999 [FXGL Background Thread 4 ] INFO  FXGLApplication      - Game initialization took: 0,029 sec
11:49:34.088 [JavaFX Application Thread] DEBUG FXGLApplication      - Registering font factories with UI factory
11:49:34.177 [JavaFX Application Thread] DEBUG Input                - Clearing active input actions
11:49:34.260 [JavaFX Application Thread] DEBUG GameApplicationServi - Removing overlay from FXGLLoadingScene and adding to GameScene
11:49:34.276 [JavaFX Application Thread] DEBUG PrimaryStageWindow   - FXGLLoadingScene -> GameScene
11:49:35.199 [FXGL Background Thread 2 ] INFO  UpdaterService       - Your current version:  11.17
11:49:35.211 [FXGL Background Thread 2 ] INFO  UpdaterService       - Latest stable version: 17.3
11:49:36.554 [FXGL Background Thread 3 ] DEBUG Engine               - Logging environment variables
11:49:36.558 [FXGL Background Thread 3 ] DEBUG Engine               - achievements: []
11:49:36.562 [FXGL Background Thread 3 ] DEBUG Engine               - actualHeight: 600.0
11:49:36.564 [FXGL Background Thread 3 ] DEBUG Engine               - actualHeightProperty: ReadOnlyDoubleProperty [value: 600.0]
11:49:36.566 [FXGL Background Thread 3 ] DEBUG Engine               - actualWidth: 800.0
11:49:36.567 [FXGL Background Thread 3 ] DEBUG Engine               - actualWidthProperty: ReadOnlyDoubleProperty [value: 800.0]
11:49:36.572 [FXGL Background Thread 3 ] DEBUG Engine               - appIcon: fxgl_icon.png
11:49:36.576 [FXGL Background Thread 3 ] DEBUG Engine               - applicationMode: DEVELOPER
11:49:36.587 [FXGL Background Thread 3 ] DEBUG Engine               - cSSList: [fxgl_dark.css]
11:49:36.597 [FXGL Background Thread 3 ] DEBUG Engine               - collisionDetectionStrategy: BRUTE_FORCE
11:49:36.607 [FXGL Background Thread 3 ] DEBUG Engine               - configClass: Optional.empty
11:49:36.614 [FXGL Background Thread 3 ] DEBUG Engine               - credits: []
11:49:36.619 [FXGL Background Thread 3 ] DEBUG Engine               - defaultCursor: CursorInfo(imageName=fxgl_default_cursor.png, hotspotX=7.0, hotspotY=6.0)
11:49:36.624 [FXGL Background Thread 3 ] DEBUG Engine               - devBBoxColorProperty: ObjectProperty [value: 0xff0000ff]
11:49:36.632 [FXGL Background Thread 3 ] DEBUG Engine               - devEnableDebugCameraProperty: BooleanProperty [value: false]
11:49:36.639 [FXGL Background Thread 3 ] DEBUG Engine               - devSensorColorProperty: ObjectProperty [value: 0xffff00ff]
11:49:36.643 [FXGL Background Thread 3 ] DEBUG Engine               - devShowBBoxProperty: BooleanProperty [value: false]
11:49:36.646 [FXGL Background Thread 3 ] DEBUG Engine               - devShowPositionProperty: BooleanProperty [value: false]
11:49:36.648 [FXGL Background Thread 3 ] DEBUG Engine               - enabledMenuItems: []
11:49:36.651 [FXGL Background Thread 3 ] DEBUG Engine               - engineServices: [class com.almasb.fxgl.app.services.FXGLAssetLoaderService, class com.almasb.fxgl.app.FXGLApplication$GameApplicationService, class com.almasb.fxgl.app.services.FXGLDialogService, class com.almasb.fxgl.app.services.IOTaskExecutorService, class com.almasb.fxgl.io.FileSystemService, class com.almasb.fxgl.localization.LocalizationService, class com.almasb.fxgl.app.services.SystemBundleService, class com.almasb.fxgl.profile.SaveLoadService, class com.almasb.fxgl.ui.FXGLUIFactoryServiceProvider, class com.almasb.fxgl.ui.FXGLDialogFactoryServiceProvider, class com.almasb.fxgl.audio.AudioPlayer, class com.almasb.fxgl.notification.impl.NotificationServiceProvider, class com.almasb.fxgl.achievement.AchievementService, class com.almasb.fxgl.cutscene.CutsceneService, class com.almasb.fxgl.minigames.MiniGameService, class com.almasb.fxgl.net.NetService, class com.almasb.fxgl.app.services.UpdaterService, class com.almasb.fxgl.dev.DevService]
11:49:36.653 [FXGL Background Thread 3 ] DEBUG Engine               - fontGame: Abel-Regular.ttf
11:49:36.655 [FXGL Background Thread 3 ] DEBUG Engine               - fontMono: lucida_console.ttf
11:49:36.657 [FXGL Background Thread 3 ] DEBUG Engine               - fontText: Courier-Prime.ttf
11:49:36.661 [FXGL Background Thread 3 ] DEBUG Engine               - fontUI: VarelaRound-Regular.ttf
11:49:36.663 [FXGL Background Thread 3 ] DEBUG Engine               - fullScreen: BooleanProperty [value: false]
11:49:36.666 [FXGL Background Thread 3 ] DEBUG Engine               - gameDifficulty: MEDIUM
11:49:36.669 [FXGL Background Thread 3 ] DEBUG Engine               - gameDifficultyProperty: ObjectProperty [value: MEDIUM]
11:49:36.671 [FXGL Background Thread 3 ] DEBUG Engine               - globalMusicVolume: 0.5
11:49:36.674 [FXGL Background Thread 3 ] DEBUG Engine               - globalMusicVolumeProperty: DoubleProperty [value: 0.5]
11:49:36.678 [FXGL Background Thread 3 ] DEBUG Engine               - globalSoundVolume: 0.5
11:49:36.684 [FXGL Background Thread 3 ] DEBUG Engine               - globalSoundVolumeProperty: DoubleProperty [value: 0.5]
11:49:36.686 [FXGL Background Thread 3 ] DEBUG Engine               - height: 600
11:49:36.688 [FXGL Background Thread 3 ] DEBUG Engine               - is3D: false
11:49:36.690 [FXGL Background Thread 3 ] DEBUG Engine               - isAndroid: false
11:49:36.691 [FXGL Background Thread 3 ] DEBUG Engine               - isBrowser: false
11:49:36.695 [FXGL Background Thread 3 ] DEBUG Engine               - isClickFeedbackEnabled: false
11:49:36.696 [FXGL Background Thread 3 ] DEBUG Engine               - isCloseConfirmation: false
11:49:36.697 [FXGL Background Thread 3 ] DEBUG Engine               - isDesktop: true
11:49:36.700 [FXGL Background Thread 3 ] DEBUG Engine               - isDeveloperMenuEnabled: false
11:49:36.701 [FXGL Background Thread 3 ] DEBUG Engine               - isEntityPreloadEnabled: true
11:49:36.703 [FXGL Background Thread 3 ] DEBUG Engine               - isExperimentalTiledLargeMap: false
11:49:36.704 [FXGL Background Thread 3 ] DEBUG Engine               - isFileSystemWriteAllowed: true
11:49:36.705 [FXGL Background Thread 3 ] DEBUG Engine               - isFullScreenAllowed: false
11:49:36.707 [FXGL Background Thread 3 ] DEBUG Engine               - isFullScreenFromStart: false
11:49:36.713 [FXGL Background Thread 3 ] DEBUG Engine               - isGameMenuEnabled: true
11:49:36.716 [FXGL Background Thread 3 ] DEBUG Engine               - isIOS: false
11:49:36.719 [FXGL Background Thread 3 ] DEBUG Engine               - isIntroEnabled: false
11:49:36.722 [FXGL Background Thread 3 ] DEBUG Engine               - isLinux: false
11:49:36.728 [FXGL Background Thread 3 ] DEBUG Engine               - isMac: true
11:49:36.733 [FXGL Background Thread 3 ] DEBUG Engine               - isMainMenuEnabled: false
11:49:36.737 [FXGL Background Thread 3 ] DEBUG Engine               - isManualResizeEnabled: false
11:49:36.739 [FXGL Background Thread 3 ] DEBUG Engine               - isMobile: false
11:49:36.742 [FXGL Background Thread 3 ] DEBUG Engine               - isNative: false
11:49:36.744 [FXGL Background Thread 3 ] DEBUG Engine               - isPauseMusicWhenMinimized: true
11:49:36.746 [FXGL Background Thread 3 ] DEBUG Engine               - isPreserveResizeRatio: false
11:49:36.748 [FXGL Background Thread 3 ] DEBUG Engine               - isProfilingEnabled: false
11:49:36.750 [FXGL Background Thread 3 ] DEBUG Engine               - isScaleAffectedOnResize: true
11:49:36.752 [FXGL Background Thread 3 ] DEBUG Engine               - isSingleStep: false
11:49:36.754 [FXGL Background Thread 3 ] DEBUG Engine               - isUserProfileEnabled: false
11:49:36.757 [FXGL Background Thread 3 ] DEBUG Engine               - isWindows: false
11:49:36.762 [FXGL Background Thread 3 ] DEBUG Engine               - language: ObjectProperty [value: ENGLISH]
11:49:36.764 [FXGL Background Thread 3 ] DEBUG Engine               - menuKey: ESCAPE
11:49:36.766 [FXGL Background Thread 3 ] DEBUG Engine               - mouseSensitivity: 0.2
11:49:36.767 [FXGL Background Thread 3 ] DEBUG Engine               - notificationViewClass: class com.almasb.fxgl.notification.view.XboxNotificationView
11:49:36.769 [FXGL Background Thread 3 ] DEBUG Engine               - pixelsPerMeter: 50.0
11:49:36.770 [FXGL Background Thread 3 ] DEBUG Engine               - platform: MAC
11:49:36.771 [FXGL Background Thread 3 ] DEBUG Engine               - prefHeightProperty: ReadOnlyDoubleProperty [value: 600.0]
11:49:36.772 [FXGL Background Thread 3 ] DEBUG Engine               - prefWidthProperty: ReadOnlyDoubleProperty [value: 800.0]
11:49:36.773 [FXGL Background Thread 3 ] DEBUG Engine               - profileDir: profiles/
11:49:36.776 [FXGL Background Thread 3 ] DEBUG Engine               - profileName: StringProperty [value: DEFAULT]
11:49:36.778 [FXGL Background Thread 3 ] DEBUG Engine               - randomSeed: -1
11:49:36.779 [FXGL Background Thread 3 ] DEBUG Engine               - runtimeInfo: RuntimeInfo(platform=MAC, version=11.17, build=16.07.2021 15.46)
11:49:36.781 [FXGL Background Thread 3 ] DEBUG Engine               - saveFileExt: sav
11:49:36.782 [FXGL Background Thread 3 ] DEBUG Engine               - scaledHeightProp$fxgl: DoubleProperty [bound, value: 600.0]
11:49:36.784 [FXGL Background Thread 3 ] DEBUG Engine               - scaledWidthProp$fxgl: DoubleProperty [bound, value: 800.0]
11:49:36.785 [FXGL Background Thread 3 ] DEBUG Engine               - sceneFactory: com.almasb.fxgl.app.scene.SceneFactory@659f4246
11:49:36.786 [FXGL Background Thread 3 ] DEBUG Engine               - secondsIn24h: 60
11:49:36.787 [FXGL Background Thread 3 ] DEBUG Engine               - soundMenuBack: menu/back.wav
11:49:36.788 [FXGL Background Thread 3 ] DEBUG Engine               - soundMenuPress: menu/press.wav
11:49:36.789 [FXGL Background Thread 3 ] DEBUG Engine               - soundMenuSelect: menu/select.wav
11:49:36.790 [FXGL Background Thread 3 ] DEBUG Engine               - soundNotification: core/notification.wav
11:49:36.791 [FXGL Background Thread 3 ] DEBUG Engine               - stageStyle: DECORATED
11:49:36.792 [FXGL Background Thread 3 ] DEBUG Engine               - supportedLanguages: [ENGLISH, FRENCH, GERMAN, HUNGARIAN, RUSSIAN]
11:49:36.794 [FXGL Background Thread 3 ] DEBUG Engine               - ticksPerSecond: -1
11:49:36.795 [FXGL Background Thread 3 ] DEBUG Engine               - title: TEST
11:49:36.796 [FXGL Background Thread 3 ] DEBUG Engine               - urlGithub: https://github.com/AlmasB/FXGL
11:49:36.797 [FXGL Background Thread 3 ] DEBUG Engine               - urlLeaderboard: http://fxgl-top.herokuapp.com/
11:49:36.798 [FXGL Background Thread 3 ] DEBUG Engine               - urlPOM: https://raw.githubusercontent.com/AlmasB/FXGL/release/README.md
11:49:36.799 [FXGL Background Thread 3 ] DEBUG Engine               - userAppClass: class com.example.demo.HelloApplication
11:49:36.800 [FXGL Background Thread 3 ] DEBUG Engine               - version: 0.0
11:49:36.802 [FXGL Background Thread 3 ] DEBUG Engine               - versionCheckDays: 7
11:49:36.803 [FXGL Background Thread 3 ] DEBUG Engine               - width: 800
11:49:36.804 [FXGL Background Thread 3 ] DEBUG Engine               - Logging services
11:49:36.806 [FXGL Background Thread 3 ] DEBUG Engine               - class com.almasb.fxgl.app.services.FXGLAssetLoaderService
11:49:36.808 [FXGL Background Thread 3 ] DEBUG Engine               - class com.almasb.fxgl.app.FXGLApplication$GameApplicationService
11:49:36.809 [FXGL Background Thread 3 ] DEBUG Engine               - class com.almasb.fxgl.app.services.FXGLDialogService
11:49:36.811 [FXGL Background Thread 3 ] DEBUG Engine               - class com.almasb.fxgl.app.services.IOTaskExecutorService
11:49:36.813 [FXGL Background Thread 3 ] DEBUG Engine               - class com.almasb.fxgl.io.FileSystemService
11:49:36.814 [FXGL Background Thread 3 ] DEBUG Engine               - class com.almasb.fxgl.localization.LocalizationService
11:49:36.815 [FXGL Background Thread 3 ] DEBUG Engine               - class com.almasb.fxgl.app.services.SystemBundleService
11:49:36.816 [FXGL Background Thread 3 ] DEBUG Engine               - class com.almasb.fxgl.profile.SaveLoadService
11:49:36.817 [FXGL Background Thread 3 ] DEBUG Engine               - class com.almasb.fxgl.ui.FXGLUIFactoryServiceProvider
11:49:36.819 [FXGL Background Thread 3 ] DEBUG Engine               - class com.almasb.fxgl.ui.FXGLDialogFactoryServiceProvider
11:49:36.820 [FXGL Background Thread 3 ] DEBUG Engine               - class com.almasb.fxgl.audio.AudioPlayer
11:49:36.821 [FXGL Background Thread 3 ] DEBUG Engine               - class com.almasb.fxgl.notification.impl.NotificationServiceProvider
11:49:36.823 [FXGL Background Thread 3 ] DEBUG Engine               - class com.almasb.fxgl.achievement.AchievementService
11:49:36.829 [FXGL Background Thread 3 ] DEBUG Engine               - class com.almasb.fxgl.cutscene.CutsceneService
11:49:36.837 [FXGL Background Thread 3 ] DEBUG Engine               - class com.almasb.fxgl.minigames.MiniGameService
11:49:36.839 [FXGL Background Thread 3 ] DEBUG Engine               - class com.almasb.fxgl.net.NetService
11:49:36.840 [FXGL Background Thread 3 ] DEBUG Engine               - class com.almasb.fxgl.app.services.UpdaterService
11:49:36.842 [FXGL Background Thread 3 ] DEBUG Engine               - class com.almasb.fxgl.dev.DevService
11:49:38.931 [JavaFX Application Thread] DEBUG FXGLApplication      - Exiting FXGL
11:49:38.933 [JavaFX Application Thread] DEBUG LoopRunner           - Stopping loop
11:49:38.934 [JavaFX Application Thread] DEBUG SystemBundleService  - Saving FXGL system data
11:49:38.953 [JavaFX Application Thread] DEBUG FileSystemAccess     - Writing to: /Users/admin/Desktop/CHALLENGEWEEK/TEST/demo/system/fxgl.bundle
11:49:38.971 [JavaFX Application Thread] DEBUG Async                - Shutting down background threads
11:49:38.973 [JavaFX Application Thread] DEBUG PrimaryStageWindow   - Closing main window
11:49:38.996 [JavaFX Application Thread] DEBUG Logger               - Closing Logger
