22:14:44.857 [main                     ] DEBUG Logger               - Configured Logger
22:14:44.869 [main                     ] DEBUG GameApplication      - Logging settings
Title: Escape HSLEIDEN
Version: 0.0
Width: 900
Height: 900
Fullscreen: false
Intro: false
Profiling: false
Single step:false
App Mode: DEVELOPER
Menu Key: ESCAPE
Stage Style: DECORATED
Scene Factory: class com.almasb.fxgl.app.scene.SceneFactory

22:14:45.202 [JavaFX Application Thread] DEBUG FXGLApplication      - Initializing FXGL
22:14:45.204 [JavaFX Application Thread] INFO  Engine               - FXGL-11.17 (16.07.2021 15.46) on WINDOWS (J:15.0.2 FX:17.0.2-ea)
22:14:45.204 [JavaFX Application Thread] DEBUG Engine               - JRE Vendor Name: Amazon.com Inc.
22:14:45.204 [JavaFX Application Thread] DEBUG Engine               - Running on OS: Windows 10 version 10.0
22:14:45.204 [JavaFX Application Thread] DEBUG Engine               - Architecture: amd64
22:14:45.204 [JavaFX Application Thread] INFO  Engine               - Source code and latest versions at: https://github.com/AlmasB/FXGL
22:14:45.204 [JavaFX Application Thread] INFO  Engine               -              Join the FXGL chat at: https://gitter.im/AlmasB/FXGL
22:14:45.266 [JavaFX Application Thread] DEBUG PrimaryStageWindow   - Creating a JavaFX scene
22:14:45.295 [JavaFX Application Thread] DEBUG PrimaryStageWindow   - Target settings size: 900.0 x 900.0
22:14:45.295 [JavaFX Application Thread] DEBUG PrimaryStageWindow   - Scaled scene size:    900.0 x 900.0
22:14:45.295 [JavaFX Application Thread] DEBUG PrimaryStageWindow   - Scaled ratio: (1.0, 1.0)
22:14:45.296 [JavaFX Application Thread] DEBUG PrimaryStageWindow   - Set initial scene to FXGLStartupScene
22:14:45.300 [JavaFX Application Thread] DEBUG PrimaryStageWindow   - Opening main window
22:14:45.370 [JavaFX Application Thread] DEBUG PrimaryStageWindow   - Window border size: (16.0, 39.0)
22:14:45.370 [JavaFX Application Thread] DEBUG PrimaryStageWindow   - Scaled size: 900.0 x 900.0
22:14:45.370 [JavaFX Application Thread] DEBUG PrimaryStageWindow   - Scaled ratio: (1.0, 1.0)
22:14:45.370 [JavaFX Application Thread] DEBUG PrimaryStageWindow   - Scene size: 900.0 x 900.0
22:14:45.371 [JavaFX Application Thread] DEBUG PrimaryStageWindow   - Stage size: 916.0 x 939.0
22:14:45.375 [FXGL Background Thread 1 ] DEBUG Engine               - Initializing environment variables
22:14:45.404 [FXGL Background Thread 1 ] DEBUG FXGLAssetLoaderServi - User app class for loading assets: class com.example.demo.EscapeHSL
22:14:45.404 [FXGL Background Thread 1 ] DEBUG GameApplicationServi - Applying CSS: fxgl_dark.css
22:14:45.405 [FXGL Background Thread 1 ] DEBUG FXGLAssetLoaderServi - Loading from file system: jar:file:///C:/Users/Admin/.m2/repository/com/github/almasb/fxgl/11.17/fxgl-11.17.jar!/fxglassets/ui/css/fxgl_dark.css
22:14:45.435 [FXGL Background Thread 1 ] DEBUG GameApplicationServi - Initializing application scenes
22:14:45.455 [FXGL Background Thread 1 ] DEBUG GameWorld            - Game world initialized
22:14:45.497 [FXGL Background Thread 1 ] DEBUG PhysicsWorld         - Physics world initialized: appHeight=900, physics.ppm=50,0
22:14:45.498 [FXGL Background Thread 1 ] DEBUG PhysicsWorld         - Using strategy: BRUTE_FORCE
22:14:45.499 [FXGL Background Thread 1 ] DEBUG GameScene            - Game scene initialized: 900x900
22:14:45.507 [FXGL Background Thread 1 ] DEBUG FXGL.DefaultMenu     - createMenuBodyMainMenu()
22:14:45.516 [FXGL Background Thread 1 ] DEBUG FXGL.DefaultMenu     - createOptionsMenu()
22:14:45.523 [FXGL Background Thread 1 ] DEBUG FXGLAssetLoaderServi - Loading from file system: jar:file:///C:/Users/Admin/.m2/repository/com/github/almasb/fxgl/11.17/fxgl-11.17.jar!/fxglassets/textures/particles/smoke.png
22:14:45.586 [FXGL Background Thread 1 ] DEBUG FXGLAssetLoaderServi - Loading from file system: jar:file:///C:/Users/Admin/.m2/repository/com/github/almasb/fxgl/11.17/fxgl-11.17.jar!/fxglassets/textures/particles/trace_horizontal.png
22:14:45.610 [FXGL Background Thread 1 ] DEBUG FXGL.DefaultMenu     - createMenuBodyGameMenu()
22:14:45.611 [FXGL Background Thread 1 ] DEBUG FXGL.DefaultMenu     - createOptionsMenu()
22:14:45.624 [FXGL Background Thread 1 ] DEBUG GameApplicationServi - Application scenes initialized
22:14:45.632 [FXGL Background Thread 1 ] DEBUG SystemBundleService  - Loading FXGL system data
22:14:45.635 [FXGL Background Thread 1 ] DEBUG FileSystemAccess     - Reading from: X:\Programming\CHALLENGEWEEK\system\fxgl.bundle
22:14:45.639 [FXGL Background Thread 1 ] DEBUG SystemBundleService  - Bundle FXGL: {}
22:14:45.639 [FXGL Background Thread 1 ] DEBUG UpdaterService       - Checking for updates
22:14:45.642 [FXGL Background Thread 4 ] DEBUG FXGLApplication      - Loading fonts
22:14:45.642 [FXGL Background Thread 1 ] DEBUG FXGLApplication      - Loading default localization
22:14:45.642 [FXGL Background Thread 4 ] DEBUG FXGLAssetLoaderServi - Loading from file system: jar:file:///C:/Users/Admin/.m2/repository/com/github/almasb/fxgl/11.17/fxgl-11.17.jar!/fxglassets/ui/fonts/VarelaRound-Regular.ttf
22:14:45.642 [FXGL Background Thread 1 ] DEBUG FXGLAssetLoaderServi - Loading from file system: jar:file:///C:/Users/Admin/.m2/repository/com/github/almasb/fxgl/11.17/fxgl-11.17.jar!/fxglassets/languages/english.lang
22:14:45.652 [FXGL Background Thread 1 ] INFO  FXGLApplication      - FXGL initialization took: 0,277 sec
22:14:45.660 [JavaFX Application Thread] DEBUG Input                - Registered new binding: action0 - W
22:14:45.660 [JavaFX Application Thread] DEBUG Input                - Registered new binding: action1 - A
22:14:45.661 [JavaFX Application Thread] DEBUG Input                - Registered new binding: action2 - S
22:14:45.661 [JavaFX Application Thread] DEBUG Input                - Registered new binding: action3 - D
22:14:45.661 [JavaFX Application Thread] DEBUG FXGLAssetLoaderServi - Loading from file system: jar:file:///C:/Users/Admin/.m2/repository/com/github/almasb/fxgl/11.17/fxgl-11.17.jar!/fxglassets/textures/fxgl_icon.png
22:14:45.677 [JavaFX Application Thread] DEBUG FXGLAssetLoaderServi - Loading from file system: jar:file:///C:/Users/Admin/.m2/repository/com/github/almasb/fxgl/11.17/fxgl-11.17.jar!/fxglassets/textures/fxgl_default_cursor.png
22:14:45.678 [JavaFX Application Thread] DEBUG Input                - Registered new binding: Screenshot - CTRL+8
22:14:45.679 [JavaFX Application Thread] DEBUG Input                - Registered new binding: System info dump - CTRL+9
22:14:45.679 [JavaFX Application Thread] DEBUG Input                - Registered new binding: Restart - CTRL+R
22:14:45.680 [JavaFX Application Thread] DEBUG Input                - Registered new binding: Toggle Debug Camera - CTRL+C
22:14:45.681 [JavaFX Application Thread] DEBUG LoopRunner           - Starting loop
22:14:45.682 [JavaFX Application Thread] DEBUG LoopRunner           - Initializing JavaFX AnimationTimerLoop
22:14:45.683 [JavaFX Application Thread] DEBUG Input                - Clearing active input actions
22:14:45.690 [JavaFX Application Thread] DEBUG GameApplicationServi - Removing overlay from FXGLStartupScene and adding to FXGLMainMenuDummyScene
22:14:45.691 [JavaFX Application Thread] DEBUG PrimaryStageWindow   - FXGLStartupScene -> FXGLMainMenuDummyScene
22:14:45.691 [JavaFX Application Thread] DEBUG PrimaryStageWindow   - Push state: FXGLDefaultMenu
22:14:45.694 [JavaFX Application Thread] DEBUG Input                - Clearing active input actions
22:14:45.701 [JavaFX Application Thread] DEBUG GameApplicationServi - Removing overlay from FXGLMainMenuDummyScene and adding to FXGLDefaultMenu
22:14:45.701 [JavaFX Application Thread] DEBUG PrimaryStageWindow   - FXGLMainMenuDummyScene -> FXGLDefaultMenu
22:14:45.711 [FXGL Background Thread 4 ] DEBUG FXGLAssetLoaderServi - Loading from file system: jar:file:///C:/Users/Admin/.m2/repository/com/github/almasb/fxgl/11.17/fxgl-11.17.jar!/fxglassets/ui/fonts/Abel-Regular.ttf
22:14:45.722 [FXGL Background Thread 4 ] DEBUG FXGLAssetLoaderServi - Loading from file system: jar:file:///C:/Users/Admin/.m2/repository/com/github/almasb/fxgl/11.17/fxgl-11.17.jar!/fxglassets/ui/fonts/lucida_console.ttf
22:14:45.733 [FXGL Background Thread 4 ] DEBUG FXGLAssetLoaderServi - Loading from file system: jar:file:///C:/Users/Admin/.m2/repository/com/github/almasb/fxgl/11.17/fxgl-11.17.jar!/fxglassets/ui/fonts/Courier-Prime.ttf
22:14:45.753 [JavaFX Application Thread] DEBUG FXGLApplication      - Registering font factories with UI factory
22:14:45.998 [FXGL Background Thread 2 ] INFO  UpdaterService       - Your current version:  11.17
22:14:45.998 [FXGL Background Thread 2 ] INFO  UpdaterService       - Latest stable version: 17.3
22:14:46.383 [JavaFX Application Thread] DEBUG Menu                 - fireNewGame()
22:14:46.383 [JavaFX Application Thread] DEBUG GameApplicationServi - Starting new game
22:14:46.384 [JavaFX Application Thread] DEBUG PrimaryStageWindow   - Pop state: FXGLDefaultMenu
22:14:46.384 [JavaFX Application Thread] DEBUG Input                - Clearing active input actions
22:14:46.385 [JavaFX Application Thread] DEBUG GameApplicationServi - Removing overlay from FXGLDefaultMenu and adding to FXGLMainMenuDummyScene
22:14:46.386 [JavaFX Application Thread] DEBUG PrimaryStageWindow   - FXGLMainMenuDummyScene <- FXGLDefaultMenu
22:14:46.386 [JavaFX Application Thread] DEBUG Input                - Clearing active input actions
22:14:46.392 [JavaFX Application Thread] DEBUG GameApplicationServi - Removing overlay from FXGLMainMenuDummyScene and adding to FXGLLoadingScene
22:14:46.392 [JavaFX Application Thread] DEBUG PrimaryStageWindow   - FXGLMainMenuDummyScene -> FXGLLoadingScene
22:14:46.392 [JavaFX Application Thread] DEBUG GameApplicationServi - Clearing previous game
22:14:46.392 [JavaFX Application Thread] DEBUG GameScene            - Clearing game scene
22:14:46.392 [JavaFX Application Thread] DEBUG GameWorld            - Clearing game world
22:14:46.392 [JavaFX Application Thread] DEBUG PhysicsWorld         - Clearing physics world
22:14:46.393 [FXGL Background Thread 2 ] DEBUG FXGLApplication      - Initializing game
22:14:46.395 [FXGL Background Thread 2 ] DEBUG FXGLAssetLoaderServi - Loading from file system: file:/X:/Programming/CHALLENGEWEEK/target/classes/assets/textures/test2.png
22:14:46.413 [FXGL Background Thread 2 ] DEBUG FXGLAssetLoaderServi - Loading from file system: file:/X:/Programming/CHALLENGEWEEK/target/classes/assets/textures/key.png
22:14:46.417 [FXGL Background Thread 2 ] INFO  FXGLApplication      - Game initialization took: 0,023 sec
22:14:46.417 [JavaFX Application Thread] DEBUG Input                - Clearing active input actions
22:14:46.422 [JavaFX Application Thread] DEBUG GameApplicationServi - Removing overlay from FXGLLoadingScene and adding to GameScene
22:14:46.423 [JavaFX Application Thread] DEBUG PrimaryStageWindow   - FXGLLoadingScene -> GameScene
22:14:48.644 [FXGL Background Thread 3 ] DEBUG Engine               - Logging environment variables
22:14:48.644 [FXGL Background Thread 3 ] DEBUG Engine               - achievements: []
22:14:48.644 [FXGL Background Thread 3 ] DEBUG Engine               - actualHeight: 900.0
22:14:48.644 [FXGL Background Thread 3 ] DEBUG Engine               - actualHeightProperty: ReadOnlyDoubleProperty [value: 900.0]
22:14:48.644 [FXGL Background Thread 3 ] DEBUG Engine               - actualWidth: 900.0
22:14:48.644 [FXGL Background Thread 3 ] DEBUG Engine               - actualWidthProperty: ReadOnlyDoubleProperty [value: 900.0]
22:14:48.645 [FXGL Background Thread 3 ] DEBUG Engine               - appIcon: fxgl_icon.png
22:14:48.645 [FXGL Background Thread 3 ] DEBUG Engine               - applicationMode: DEVELOPER
22:14:48.645 [FXGL Background Thread 3 ] DEBUG Engine               - cSSList: [fxgl_dark.css]
22:14:48.645 [FXGL Background Thread 3 ] DEBUG Engine               - collisionDetectionStrategy: BRUTE_FORCE
22:14:48.645 [FXGL Background Thread 3 ] DEBUG Engine               - configClass: Optional.empty
22:14:48.645 [FXGL Background Thread 3 ] DEBUG Engine               - credits: []
22:14:48.645 [FXGL Background Thread 3 ] DEBUG Engine               - defaultCursor: CursorInfo(imageName=fxgl_default_cursor.png, hotspotX=7.0, hotspotY=6.0)
22:14:48.645 [FXGL Background Thread 3 ] DEBUG Engine               - devBBoxColorProperty: ObjectProperty [value: 0xff0000ff]
22:14:48.646 [FXGL Background Thread 3 ] DEBUG Engine               - devEnableDebugCameraProperty: BooleanProperty [value: false]
22:14:48.646 [FXGL Background Thread 3 ] DEBUG Engine               - devSensorColorProperty: ObjectProperty [value: 0xffff00ff]
22:14:48.646 [FXGL Background Thread 3 ] DEBUG Engine               - devShowBBoxProperty: BooleanProperty [value: false]
22:14:48.646 [FXGL Background Thread 3 ] DEBUG Engine               - devShowPositionProperty: BooleanProperty [value: false]
22:14:48.646 [FXGL Background Thread 3 ] DEBUG Engine               - enabledMenuItems: []
22:14:48.646 [FXGL Background Thread 3 ] DEBUG Engine               - engineServices: [class com.almasb.fxgl.app.services.FXGLAssetLoaderService, class com.almasb.fxgl.app.FXGLApplication$GameApplicationService, class com.almasb.fxgl.app.services.FXGLDialogService, class com.almasb.fxgl.app.services.IOTaskExecutorService, class com.almasb.fxgl.io.FileSystemService, class com.almasb.fxgl.localization.LocalizationService, class com.almasb.fxgl.app.services.SystemBundleService, class com.almasb.fxgl.profile.SaveLoadService, class com.almasb.fxgl.ui.FXGLUIFactoryServiceProvider, class com.almasb.fxgl.ui.FXGLDialogFactoryServiceProvider, class com.almasb.fxgl.audio.AudioPlayer, class com.almasb.fxgl.notification.impl.NotificationServiceProvider, class com.almasb.fxgl.achievement.AchievementService, class com.almasb.fxgl.cutscene.CutsceneService, class com.almasb.fxgl.minigames.MiniGameService, class com.almasb.fxgl.net.NetService, class com.almasb.fxgl.app.services.UpdaterService, class com.almasb.fxgl.dev.DevService]
22:14:48.647 [FXGL Background Thread 3 ] DEBUG Engine               - fontGame: Abel-Regular.ttf
22:14:48.647 [FXGL Background Thread 3 ] DEBUG Engine               - fontMono: lucida_console.ttf
22:14:48.647 [FXGL Background Thread 3 ] DEBUG Engine               - fontText: Courier-Prime.ttf
22:14:48.647 [FXGL Background Thread 3 ] DEBUG Engine               - fontUI: VarelaRound-Regular.ttf
22:14:48.647 [FXGL Background Thread 3 ] DEBUG Engine               - fullScreen: BooleanProperty [value: false]
22:14:48.647 [FXGL Background Thread 3 ] DEBUG Engine               - gameDifficulty: MEDIUM
22:14:48.647 [FXGL Background Thread 3 ] DEBUG Engine               - gameDifficultyProperty: ObjectProperty [value: MEDIUM]
22:14:48.647 [FXGL Background Thread 3 ] DEBUG Engine               - globalMusicVolume: 0.5
22:14:48.647 [FXGL Background Thread 3 ] DEBUG Engine               - globalMusicVolumeProperty: DoubleProperty [value: 0.5]
22:14:48.647 [FXGL Background Thread 3 ] DEBUG Engine               - globalSoundVolume: 0.5
22:14:48.648 [FXGL Background Thread 3 ] DEBUG Engine               - globalSoundVolumeProperty: DoubleProperty [value: 0.5]
22:14:48.648 [FXGL Background Thread 3 ] DEBUG Engine               - height: 900
22:14:48.648 [FXGL Background Thread 3 ] DEBUG Engine               - is3D: false
22:14:48.648 [FXGL Background Thread 3 ] DEBUG Engine               - isAndroid: false
22:14:48.648 [FXGL Background Thread 3 ] DEBUG Engine               - isBrowser: false
22:14:48.648 [FXGL Background Thread 3 ] DEBUG Engine               - isClickFeedbackEnabled: false
22:14:48.648 [FXGL Background Thread 3 ] DEBUG Engine               - isCloseConfirmation: false
22:14:48.648 [FXGL Background Thread 3 ] DEBUG Engine               - isDesktop: true
22:14:48.649 [FXGL Background Thread 3 ] DEBUG Engine               - isDeveloperMenuEnabled: false
22:14:48.649 [FXGL Background Thread 3 ] DEBUG Engine               - isEntityPreloadEnabled: true
22:14:48.649 [FXGL Background Thread 3 ] DEBUG Engine               - isExperimentalTiledLargeMap: false
22:14:48.649 [FXGL Background Thread 3 ] DEBUG Engine               - isFileSystemWriteAllowed: true
22:14:48.649 [FXGL Background Thread 3 ] DEBUG Engine               - isFullScreenAllowed: false
22:14:48.649 [FXGL Background Thread 3 ] DEBUG Engine               - isFullScreenFromStart: false
22:14:48.649 [FXGL Background Thread 3 ] DEBUG Engine               - isGameMenuEnabled: true
22:14:48.649 [FXGL Background Thread 3 ] DEBUG Engine               - isIOS: false
22:14:48.649 [FXGL Background Thread 3 ] DEBUG Engine               - isIntroEnabled: false
22:14:48.649 [FXGL Background Thread 3 ] DEBUG Engine               - isLinux: false
22:14:48.650 [FXGL Background Thread 3 ] DEBUG Engine               - isMac: false
22:14:48.650 [FXGL Background Thread 3 ] DEBUG Engine               - isMainMenuEnabled: true
22:14:48.650 [FXGL Background Thread 3 ] DEBUG Engine               - isManualResizeEnabled: true
22:14:48.650 [FXGL Background Thread 3 ] DEBUG Engine               - isMobile: false
22:14:48.650 [FXGL Background Thread 3 ] DEBUG Engine               - isNative: false
22:14:48.650 [FXGL Background Thread 3 ] DEBUG Engine               - isPauseMusicWhenMinimized: true
22:14:48.650 [FXGL Background Thread 3 ] DEBUG Engine               - isPreserveResizeRatio: false
22:14:48.650 [FXGL Background Thread 3 ] DEBUG Engine               - isProfilingEnabled: false
22:14:48.650 [FXGL Background Thread 3 ] DEBUG Engine               - isScaleAffectedOnResize: true
22:14:48.650 [FXGL Background Thread 3 ] DEBUG Engine               - isSingleStep: false
22:14:48.650 [FXGL Background Thread 3 ] DEBUG Engine               - isUserProfileEnabled: false
22:14:48.650 [FXGL Background Thread 3 ] DEBUG Engine               - isWindows: true
22:14:48.651 [FXGL Background Thread 3 ] DEBUG Engine               - language: ObjectProperty [value: ENGLISH]
22:14:48.651 [FXGL Background Thread 3 ] DEBUG Engine               - menuKey: ESCAPE
22:14:48.651 [FXGL Background Thread 3 ] DEBUG Engine               - mouseSensitivity: 0.2
22:14:48.651 [FXGL Background Thread 3 ] DEBUG Engine               - notificationViewClass: class com.almasb.fxgl.notification.view.XboxNotificationView
22:14:48.651 [FXGL Background Thread 3 ] DEBUG Engine               - pixelsPerMeter: 50.0
22:14:48.651 [FXGL Background Thread 3 ] DEBUG Engine               - platform: WINDOWS
22:14:48.651 [FXGL Background Thread 3 ] DEBUG Engine               - prefHeightProperty: ReadOnlyDoubleProperty [value: 900.0]
22:14:48.651 [FXGL Background Thread 3 ] DEBUG Engine               - prefWidthProperty: ReadOnlyDoubleProperty [value: 900.0]
22:14:48.651 [FXGL Background Thread 3 ] DEBUG Engine               - profileDir: profiles/
22:14:48.652 [FXGL Background Thread 3 ] DEBUG Engine               - profileName: StringProperty [value: DEFAULT]
22:14:48.652 [FXGL Background Thread 3 ] DEBUG Engine               - randomSeed: -1
22:14:48.652 [FXGL Background Thread 3 ] DEBUG Engine               - runtimeInfo: RuntimeInfo(platform=WINDOWS, version=11.17, build=16.07.2021 15.46)
22:14:48.652 [FXGL Background Thread 3 ] DEBUG Engine               - saveFileExt: sav
22:14:48.652 [FXGL Background Thread 3 ] DEBUG Engine               - scaledHeightProp$fxgl: DoubleProperty [bound, value: 900.0]
22:14:48.652 [FXGL Background Thread 3 ] DEBUG Engine               - scaledWidthProp$fxgl: DoubleProperty [bound, value: 900.0]
22:14:48.652 [FXGL Background Thread 3 ] DEBUG Engine               - sceneFactory: com.almasb.fxgl.app.scene.SceneFactory@7e1cb014
22:14:48.652 [FXGL Background Thread 3 ] DEBUG Engine               - secondsIn24h: 60
22:14:48.652 [FXGL Background Thread 3 ] DEBUG Engine               - soundMenuBack: menu/back.wav
22:14:48.653 [FXGL Background Thread 3 ] DEBUG Engine               - soundMenuPress: menu/press.wav
22:14:48.653 [FXGL Background Thread 3 ] DEBUG Engine               - soundMenuSelect: menu/select.wav
22:14:48.653 [FXGL Background Thread 3 ] DEBUG Engine               - soundNotification: core/notification.wav
22:14:48.653 [FXGL Background Thread 3 ] DEBUG Engine               - stageStyle: DECORATED
22:14:48.653 [FXGL Background Thread 3 ] DEBUG Engine               - supportedLanguages: [ENGLISH, FRENCH, GERMAN, HUNGARIAN, RUSSIAN]
22:14:48.653 [FXGL Background Thread 3 ] DEBUG Engine               - ticksPerSecond: -1
22:14:48.653 [FXGL Background Thread 3 ] DEBUG Engine               - title: Escape HSLEIDEN
22:14:48.653 [FXGL Background Thread 3 ] DEBUG Engine               - urlGithub: https://github.com/AlmasB/FXGL
22:14:48.653 [FXGL Background Thread 3 ] DEBUG Engine               - urlLeaderboard: http://fxgl-top.herokuapp.com/
22:14:48.653 [FXGL Background Thread 3 ] DEBUG Engine               - urlPOM: https://raw.githubusercontent.com/AlmasB/FXGL/release/README.md
22:14:48.653 [FXGL Background Thread 3 ] DEBUG Engine               - userAppClass: class com.example.demo.EscapeHSL
22:14:48.654 [FXGL Background Thread 3 ] DEBUG Engine               - version: 0.0
22:14:48.654 [FXGL Background Thread 3 ] DEBUG Engine               - versionCheckDays: 7
22:14:48.654 [FXGL Background Thread 3 ] DEBUG Engine               - width: 900
22:14:48.654 [FXGL Background Thread 3 ] DEBUG Engine               - Logging services
22:14:48.654 [FXGL Background Thread 3 ] DEBUG Engine               - class com.almasb.fxgl.app.services.FXGLAssetLoaderService
22:14:48.654 [FXGL Background Thread 3 ] DEBUG Engine               - class com.almasb.fxgl.app.FXGLApplication$GameApplicationService
22:14:48.654 [FXGL Background Thread 3 ] DEBUG Engine               - class com.almasb.fxgl.app.services.FXGLDialogService
22:14:48.654 [FXGL Background Thread 3 ] DEBUG Engine               - class com.almasb.fxgl.app.services.IOTaskExecutorService
22:14:48.654 [FXGL Background Thread 3 ] DEBUG Engine               - class com.almasb.fxgl.io.FileSystemService
22:14:48.654 [FXGL Background Thread 3 ] DEBUG Engine               - class com.almasb.fxgl.localization.LocalizationService
22:14:48.654 [FXGL Background Thread 3 ] DEBUG Engine               - class com.almasb.fxgl.app.services.SystemBundleService
22:14:48.654 [FXGL Background Thread 3 ] DEBUG Engine               - class com.almasb.fxgl.profile.SaveLoadService
22:14:48.655 [FXGL Background Thread 3 ] DEBUG Engine               - class com.almasb.fxgl.ui.FXGLUIFactoryServiceProvider
22:14:48.655 [FXGL Background Thread 3 ] DEBUG Engine               - class com.almasb.fxgl.ui.FXGLDialogFactoryServiceProvider
22:14:48.655 [FXGL Background Thread 3 ] DEBUG Engine               - class com.almasb.fxgl.audio.AudioPlayer
22:14:48.655 [FXGL Background Thread 3 ] DEBUG Engine               - class com.almasb.fxgl.notification.impl.NotificationServiceProvider
22:14:48.655 [FXGL Background Thread 3 ] DEBUG Engine               - class com.almasb.fxgl.achievement.AchievementService
22:14:48.655 [FXGL Background Thread 3 ] DEBUG Engine               - class com.almasb.fxgl.cutscene.CutsceneService
22:14:48.655 [FXGL Background Thread 3 ] DEBUG Engine               - class com.almasb.fxgl.minigames.MiniGameService
22:14:48.655 [FXGL Background Thread 3 ] DEBUG Engine               - class com.almasb.fxgl.net.NetService
22:14:48.655 [FXGL Background Thread 3 ] DEBUG Engine               - class com.almasb.fxgl.app.services.UpdaterService
22:14:48.655 [FXGL Background Thread 3 ] DEBUG Engine               - class com.almasb.fxgl.dev.DevService
22:15:00.090 [JavaFX Application Thread] DEBUG FXGLApplication      - Exiting FXGL
22:15:00.090 [JavaFX Application Thread] DEBUG LoopRunner           - Stopping loop
22:15:00.090 [JavaFX Application Thread] DEBUG SystemBundleService  - Saving FXGL system data
22:15:00.092 [JavaFX Application Thread] DEBUG FileSystemAccess     - Writing to: X:\Programming\CHALLENGEWEEK\system\fxgl.bundle
22:15:00.093 [JavaFX Application Thread] DEBUG Async                - Shutting down background threads
22:15:00.093 [JavaFX Application Thread] DEBUG PrimaryStageWindow   - Closing main window
22:15:00.105 [JavaFX Application Thread] DEBUG Logger               - Closing Logger
