22:14:20.818 [main                     ] DEBUG Logger               - Configured Logger
22:14:20.831 [main                     ] DEBUG GameApplication      - Logging settings
Title: Escape HSLEIDEN
Version: 0.0
Width: 900
Height: 900
Fullscreen: false
Intro: false
Profiling: false
Single step:false
App Mode: DEVELOPER
Menu Key: ESCAPE
Stage Style: DECORATED
Scene Factory: class com.almasb.fxgl.app.scene.SceneFactory

22:14:21.392 [JavaFX Application Thread] DEBUG FXGLApplication      - Initializing FXGL
22:14:21.393 [JavaFX Application Thread] INFO  Engine               - FXGL-11.17 (16.07.2021 15.46) on WINDOWS (J:15.0.2 FX:17.0.2-ea)
22:14:21.393 [JavaFX Application Thread] DEBUG Engine               - JRE Vendor Name: Amazon.com Inc.
22:14:21.394 [JavaFX Application Thread] DEBUG Engine               - Running on OS: Windows 10 version 10.0
22:14:21.394 [JavaFX Application Thread] DEBUG Engine               - Architecture: amd64
22:14:21.394 [JavaFX Application Thread] INFO  Engine               - Source code and latest versions at: https://github.com/AlmasB/FXGL
22:14:21.394 [JavaFX Application Thread] INFO  Engine               -              Join the FXGL chat at: https://gitter.im/AlmasB/FXGL
22:14:21.473 [JavaFX Application Thread] DEBUG PrimaryStageWindow   - Creating a JavaFX scene
22:14:21.508 [JavaFX Application Thread] DEBUG PrimaryStageWindow   - Target settings size: 900.0 x 900.0
22:14:21.508 [JavaFX Application Thread] DEBUG PrimaryStageWindow   - Scaled scene size:    900.0 x 900.0
22:14:21.509 [JavaFX Application Thread] DEBUG PrimaryStageWindow   - Scaled ratio: (1.0, 1.0)
22:14:21.509 [JavaFX Application Thread] DEBUG PrimaryStageWindow   - Set initial scene to FXGLStartupScene
22:14:21.513 [JavaFX Application Thread] DEBUG PrimaryStageWindow   - Opening main window
22:14:21.593 [JavaFX Application Thread] DEBUG PrimaryStageWindow   - Window border size: (16.0, 39.0)
22:14:21.593 [JavaFX Application Thread] DEBUG PrimaryStageWindow   - Scaled size: 900.0 x 900.0
22:14:21.593 [JavaFX Application Thread] DEBUG PrimaryStageWindow   - Scaled ratio: (1.0, 1.0)
22:14:21.593 [JavaFX Application Thread] DEBUG PrimaryStageWindow   - Scene size: 900.0 x 900.0
22:14:21.593 [JavaFX Application Thread] DEBUG PrimaryStageWindow   - Stage size: 916.0 x 939.0
22:14:21.598 [FXGL Background Thread 1 ] DEBUG Engine               - Initializing environment variables
22:14:21.629 [FXGL Background Thread 1 ] DEBUG FXGLAssetLoaderServi - User app class for loading assets: class com.example.demo.EscapeHSL
22:14:21.629 [FXGL Background Thread 1 ] DEBUG GameApplicationServi - Applying CSS: fxgl_dark.css
22:14:21.630 [FXGL Background Thread 1 ] DEBUG FXGLAssetLoaderServi - Loading from file system: jar:file:///C:/Users/Admin/.m2/repository/com/github/almasb/fxgl/11.17/fxgl-11.17.jar!/fxglassets/ui/css/fxgl_dark.css
22:14:21.661 [FXGL Background Thread 1 ] DEBUG GameApplicationServi - Initializing application scenes
22:14:21.689 [FXGL Background Thread 1 ] DEBUG GameWorld            - Game world initialized
22:14:21.729 [FXGL Background Thread 1 ] DEBUG PhysicsWorld         - Physics world initialized: appHeight=900, physics.ppm=50,0
22:14:21.730 [FXGL Background Thread 1 ] DEBUG PhysicsWorld         - Using strategy: BRUTE_FORCE
22:14:21.731 [FXGL Background Thread 1 ] DEBUG GameScene            - Game scene initialized: 900x900
22:14:21.738 [FXGL Background Thread 1 ] DEBUG FXGL.DefaultMenu     - createMenuBodyMainMenu()
22:14:21.749 [FXGL Background Thread 1 ] DEBUG FXGL.DefaultMenu     - createOptionsMenu()
22:14:21.756 [FXGL Background Thread 1 ] DEBUG FXGLAssetLoaderServi - Loading from file system: jar:file:///C:/Users/Admin/.m2/repository/com/github/almasb/fxgl/11.17/fxgl-11.17.jar!/fxglassets/textures/particles/smoke.png
22:14:21.822 [FXGL Background Thread 1 ] DEBUG FXGLAssetLoaderServi - Loading from file system: jar:file:///C:/Users/Admin/.m2/repository/com/github/almasb/fxgl/11.17/fxgl-11.17.jar!/fxglassets/textures/particles/trace_horizontal.png
22:14:21.849 [FXGL Background Thread 1 ] DEBUG FXGL.DefaultMenu     - createMenuBodyGameMenu()
22:14:21.850 [FXGL Background Thread 1 ] DEBUG FXGL.DefaultMenu     - createOptionsMenu()
22:14:21.863 [FXGL Background Thread 1 ] DEBUG GameApplicationServi - Application scenes initialized
22:14:21.869 [FXGL Background Thread 1 ] DEBUG SystemBundleService  - Loading FXGL system data
22:14:21.872 [FXGL Background Thread 1 ] DEBUG FileSystemAccess     - Reading from: X:\Programming\CHALLENGEWEEK\system\fxgl.bundle
22:14:21.876 [FXGL Background Thread 1 ] DEBUG SystemBundleService  - Bundle FXGL: {}
22:14:21.876 [FXGL Background Thread 1 ] DEBUG UpdaterService       - Checking for updates
22:14:21.879 [FXGL Background Thread 4 ] DEBUG FXGLApplication      - Loading fonts
22:14:21.879 [FXGL Background Thread 1 ] DEBUG FXGLApplication      - Loading default localization
22:14:21.879 [FXGL Background Thread 4 ] DEBUG FXGLAssetLoaderServi - Loading from file system: jar:file:///C:/Users/Admin/.m2/repository/com/github/almasb/fxgl/11.17/fxgl-11.17.jar!/fxglassets/ui/fonts/VarelaRound-Regular.ttf
22:14:21.880 [FXGL Background Thread 1 ] DEBUG FXGLAssetLoaderServi - Loading from file system: jar:file:///C:/Users/Admin/.m2/repository/com/github/almasb/fxgl/11.17/fxgl-11.17.jar!/fxglassets/languages/english.lang
22:14:21.888 [FXGL Background Thread 1 ] INFO  FXGLApplication      - FXGL initialization took: 0,290 sec
22:14:21.896 [JavaFX Application Thread] DEBUG Input                - Registered new binding: action0 - W
22:14:21.896 [JavaFX Application Thread] DEBUG Input                - Registered new binding: action1 - A
22:14:21.896 [JavaFX Application Thread] DEBUG Input                - Registered new binding: action2 - S
22:14:21.897 [JavaFX Application Thread] DEBUG Input                - Registered new binding: action3 - D
22:14:21.897 [JavaFX Application Thread] DEBUG FXGLAssetLoaderServi - Loading from file system: jar:file:///C:/Users/Admin/.m2/repository/com/github/almasb/fxgl/11.17/fxgl-11.17.jar!/fxglassets/textures/fxgl_icon.png
22:14:21.916 [JavaFX Application Thread] DEBUG FXGLAssetLoaderServi - Loading from file system: jar:file:///C:/Users/Admin/.m2/repository/com/github/almasb/fxgl/11.17/fxgl-11.17.jar!/fxglassets/textures/fxgl_default_cursor.png
22:14:21.918 [JavaFX Application Thread] DEBUG Input                - Registered new binding: Screenshot - CTRL+8
22:14:21.919 [JavaFX Application Thread] DEBUG Input                - Registered new binding: System info dump - CTRL+9
22:14:21.919 [JavaFX Application Thread] DEBUG Input                - Registered new binding: Restart - CTRL+R
22:14:21.920 [JavaFX Application Thread] DEBUG Input                - Registered new binding: Toggle Debug Camera - CTRL+C
22:14:21.922 [JavaFX Application Thread] DEBUG LoopRunner           - Starting loop
22:14:21.922 [JavaFX Application Thread] DEBUG LoopRunner           - Initializing JavaFX AnimationTimerLoop
22:14:21.924 [JavaFX Application Thread] DEBUG Input                - Clearing active input actions
22:14:21.931 [JavaFX Application Thread] DEBUG GameApplicationServi - Removing overlay from FXGLStartupScene and adding to FXGLMainMenuDummyScene
22:14:21.931 [JavaFX Application Thread] DEBUG PrimaryStageWindow   - FXGLStartupScene -> FXGLMainMenuDummyScene
22:14:21.931 [JavaFX Application Thread] DEBUG PrimaryStageWindow   - Push state: FXGLDefaultMenu
22:14:21.935 [JavaFX Application Thread] DEBUG Input                - Clearing active input actions
22:14:21.941 [JavaFX Application Thread] DEBUG GameApplicationServi - Removing overlay from FXGLMainMenuDummyScene and adding to FXGLDefaultMenu
22:14:21.942 [JavaFX Application Thread] DEBUG PrimaryStageWindow   - FXGLMainMenuDummyScene -> FXGLDefaultMenu
22:14:21.949 [FXGL Background Thread 4 ] DEBUG FXGLAssetLoaderServi - Loading from file system: jar:file:///C:/Users/Admin/.m2/repository/com/github/almasb/fxgl/11.17/fxgl-11.17.jar!/fxglassets/ui/fonts/Abel-Regular.ttf
22:14:21.960 [FXGL Background Thread 4 ] DEBUG FXGLAssetLoaderServi - Loading from file system: jar:file:///C:/Users/Admin/.m2/repository/com/github/almasb/fxgl/11.17/fxgl-11.17.jar!/fxglassets/ui/fonts/lucida_console.ttf
22:14:21.971 [FXGL Background Thread 4 ] DEBUG FXGLAssetLoaderServi - Loading from file system: jar:file:///C:/Users/Admin/.m2/repository/com/github/almasb/fxgl/11.17/fxgl-11.17.jar!/fxglassets/ui/fonts/Courier-Prime.ttf
22:14:21.988 [JavaFX Application Thread] DEBUG FXGLApplication      - Registering font factories with UI factory
22:14:22.279 [FXGL Background Thread 2 ] INFO  UpdaterService       - Your current version:  11.17
22:14:22.279 [FXGL Background Thread 2 ] INFO  UpdaterService       - Latest stable version: 17.3
22:14:22.763 [JavaFX Application Thread] DEBUG Menu                 - fireNewGame()
22:14:22.763 [JavaFX Application Thread] DEBUG GameApplicationServi - Starting new game
22:14:22.764 [JavaFX Application Thread] DEBUG PrimaryStageWindow   - Pop state: FXGLDefaultMenu
22:14:22.765 [JavaFX Application Thread] DEBUG Input                - Clearing active input actions
22:14:22.765 [JavaFX Application Thread] DEBUG GameApplicationServi - Removing overlay from FXGLDefaultMenu and adding to FXGLMainMenuDummyScene
22:14:22.766 [JavaFX Application Thread] DEBUG PrimaryStageWindow   - FXGLMainMenuDummyScene <- FXGLDefaultMenu
22:14:22.766 [JavaFX Application Thread] DEBUG Input                - Clearing active input actions
22:14:22.777 [JavaFX Application Thread] DEBUG GameApplicationServi - Removing overlay from FXGLMainMenuDummyScene and adding to FXGLLoadingScene
22:14:22.777 [JavaFX Application Thread] DEBUG PrimaryStageWindow   - FXGLMainMenuDummyScene -> FXGLLoadingScene
22:14:22.778 [JavaFX Application Thread] DEBUG GameApplicationServi - Clearing previous game
22:14:22.778 [JavaFX Application Thread] DEBUG GameScene            - Clearing game scene
22:14:22.778 [JavaFX Application Thread] DEBUG GameWorld            - Clearing game world
22:14:22.778 [JavaFX Application Thread] DEBUG PhysicsWorld         - Clearing physics world
22:14:22.780 [FXGL Background Thread 2 ] DEBUG FXGLApplication      - Initializing game
22:14:22.782 [FXGL Background Thread 2 ] DEBUG FXGLAssetLoaderServi - Loading from file system: file:/X:/Programming/CHALLENGEWEEK/target/classes/assets/textures/test2.png
22:14:22.803 [FXGL Background Thread 2 ] DEBUG FXGLAssetLoaderServi - Loading from file system: file:/X:/Programming/CHALLENGEWEEK/target/classes/assets/textures/key.png
22:14:22.809 [FXGL Background Thread 2 ] INFO  FXGLApplication      - Game initialization took: 0,029 sec
22:14:22.810 [JavaFX Application Thread] DEBUG Input                - Clearing active input actions
22:14:22.818 [JavaFX Application Thread] DEBUG GameApplicationServi - Removing overlay from FXGLLoadingScene and adding to GameScene
22:14:22.818 [JavaFX Application Thread] DEBUG PrimaryStageWindow   - FXGLLoadingScene -> GameScene
22:14:24.879 [FXGL Background Thread 3 ] DEBUG Engine               - Logging environment variables
22:14:24.879 [FXGL Background Thread 3 ] DEBUG Engine               - achievements: []
22:14:24.879 [FXGL Background Thread 3 ] DEBUG Engine               - actualHeight: 900.0
22:14:24.879 [FXGL Background Thread 3 ] DEBUG Engine               - actualHeightProperty: ReadOnlyDoubleProperty [value: 900.0]
22:14:24.879 [FXGL Background Thread 3 ] DEBUG Engine               - actualWidth: 900.0
22:14:24.879 [FXGL Background Thread 3 ] DEBUG Engine               - actualWidthProperty: ReadOnlyDoubleProperty [value: 900.0]
22:14:24.880 [FXGL Background Thread 3 ] DEBUG Engine               - appIcon: fxgl_icon.png
22:14:24.880 [FXGL Background Thread 3 ] DEBUG Engine               - applicationMode: DEVELOPER
22:14:24.880 [FXGL Background Thread 3 ] DEBUG Engine               - cSSList: [fxgl_dark.css]
22:14:24.880 [FXGL Background Thread 3 ] DEBUG Engine               - collisionDetectionStrategy: BRUTE_FORCE
22:14:24.880 [FXGL Background Thread 3 ] DEBUG Engine               - configClass: Optional.empty
22:14:24.880 [FXGL Background Thread 3 ] DEBUG Engine               - credits: []
22:14:24.880 [FXGL Background Thread 3 ] DEBUG Engine               - defaultCursor: CursorInfo(imageName=fxgl_default_cursor.png, hotspotX=7.0, hotspotY=6.0)
22:14:24.880 [FXGL Background Thread 3 ] DEBUG Engine               - devBBoxColorProperty: ObjectProperty [value: 0xff0000ff]
22:14:24.881 [FXGL Background Thread 3 ] DEBUG Engine               - devEnableDebugCameraProperty: BooleanProperty [value: false]
22:14:24.881 [FXGL Background Thread 3 ] DEBUG Engine               - devSensorColorProperty: ObjectProperty [value: 0xffff00ff]
22:14:24.881 [FXGL Background Thread 3 ] DEBUG Engine               - devShowBBoxProperty: BooleanProperty [value: false]
22:14:24.881 [FXGL Background Thread 3 ] DEBUG Engine               - devShowPositionProperty: BooleanProperty [value: false]
22:14:24.881 [FXGL Background Thread 3 ] DEBUG Engine               - enabledMenuItems: []
22:14:24.881 [FXGL Background Thread 3 ] DEBUG Engine               - engineServices: [class com.almasb.fxgl.app.services.FXGLAssetLoaderService, class com.almasb.fxgl.app.FXGLApplication$GameApplicationService, class com.almasb.fxgl.app.services.FXGLDialogService, class com.almasb.fxgl.app.services.IOTaskExecutorService, class com.almasb.fxgl.io.FileSystemService, class com.almasb.fxgl.localization.LocalizationService, class com.almasb.fxgl.app.services.SystemBundleService, class com.almasb.fxgl.profile.SaveLoadService, class com.almasb.fxgl.ui.FXGLUIFactoryServiceProvider, class com.almasb.fxgl.ui.FXGLDialogFactoryServiceProvider, class com.almasb.fxgl.audio.AudioPlayer, class com.almasb.fxgl.notification.impl.NotificationServiceProvider, class com.almasb.fxgl.achievement.AchievementService, class com.almasb.fxgl.cutscene.CutsceneService, class com.almasb.fxgl.minigames.MiniGameService, class com.almasb.fxgl.net.NetService, class com.almasb.fxgl.app.services.UpdaterService, class com.almasb.fxgl.dev.DevService]
22:14:24.881 [FXGL Background Thread 3 ] DEBUG Engine               - fontGame: Abel-Regular.ttf
22:14:24.881 [FXGL Background Thread 3 ] DEBUG Engine               - fontMono: lucida_console.ttf
22:14:24.881 [FXGL Background Thread 3 ] DEBUG Engine               - fontText: Courier-Prime.ttf
22:14:24.881 [FXGL Background Thread 3 ] DEBUG Engine               - fontUI: VarelaRound-Regular.ttf
22:14:24.881 [FXGL Background Thread 3 ] DEBUG Engine               - fullScreen: BooleanProperty [value: false]
22:14:24.881 [FXGL Background Thread 3 ] DEBUG Engine               - gameDifficulty: MEDIUM
22:14:24.881 [FXGL Background Thread 3 ] DEBUG Engine               - gameDifficultyProperty: ObjectProperty [value: MEDIUM]
22:14:24.882 [FXGL Background Thread 3 ] DEBUG Engine               - globalMusicVolume: 0.5
22:14:24.882 [FXGL Background Thread 3 ] DEBUG Engine               - globalMusicVolumeProperty: DoubleProperty [value: 0.5]
22:14:24.882 [FXGL Background Thread 3 ] DEBUG Engine               - globalSoundVolume: 0.5
22:14:24.882 [FXGL Background Thread 3 ] DEBUG Engine               - globalSoundVolumeProperty: DoubleProperty [value: 0.5]
22:14:24.882 [FXGL Background Thread 3 ] DEBUG Engine               - height: 900
22:14:24.882 [FXGL Background Thread 3 ] DEBUG Engine               - is3D: false
22:14:24.882 [FXGL Background Thread 3 ] DEBUG Engine               - isAndroid: false
22:14:24.882 [FXGL Background Thread 3 ] DEBUG Engine               - isBrowser: false
22:14:24.882 [FXGL Background Thread 3 ] DEBUG Engine               - isClickFeedbackEnabled: false
22:14:24.883 [FXGL Background Thread 3 ] DEBUG Engine               - isCloseConfirmation: false
22:14:24.883 [FXGL Background Thread 3 ] DEBUG Engine               - isDesktop: true
22:14:24.883 [FXGL Background Thread 3 ] DEBUG Engine               - isDeveloperMenuEnabled: false
22:14:24.883 [FXGL Background Thread 3 ] DEBUG Engine               - isEntityPreloadEnabled: true
22:14:24.883 [FXGL Background Thread 3 ] DEBUG Engine               - isExperimentalTiledLargeMap: false
22:14:24.883 [FXGL Background Thread 3 ] DEBUG Engine               - isFileSystemWriteAllowed: true
22:14:24.883 [FXGL Background Thread 3 ] DEBUG Engine               - isFullScreenAllowed: false
22:14:24.883 [FXGL Background Thread 3 ] DEBUG Engine               - isFullScreenFromStart: false
22:14:24.883 [FXGL Background Thread 3 ] DEBUG Engine               - isGameMenuEnabled: true
22:14:24.884 [FXGL Background Thread 3 ] DEBUG Engine               - isIOS: false
22:14:24.884 [FXGL Background Thread 3 ] DEBUG Engine               - isIntroEnabled: false
22:14:24.884 [FXGL Background Thread 3 ] DEBUG Engine               - isLinux: false
22:14:24.884 [FXGL Background Thread 3 ] DEBUG Engine               - isMac: false
22:14:24.884 [FXGL Background Thread 3 ] DEBUG Engine               - isMainMenuEnabled: true
22:14:24.884 [FXGL Background Thread 3 ] DEBUG Engine               - isManualResizeEnabled: true
22:14:24.884 [FXGL Background Thread 3 ] DEBUG Engine               - isMobile: false
22:14:24.884 [FXGL Background Thread 3 ] DEBUG Engine               - isNative: false
22:14:24.885 [FXGL Background Thread 3 ] DEBUG Engine               - isPauseMusicWhenMinimized: true
22:14:24.885 [FXGL Background Thread 3 ] DEBUG Engine               - isPreserveResizeRatio: false
22:14:24.885 [FXGL Background Thread 3 ] DEBUG Engine               - isProfilingEnabled: false
22:14:24.885 [FXGL Background Thread 3 ] DEBUG Engine               - isScaleAffectedOnResize: true
22:14:24.885 [FXGL Background Thread 3 ] DEBUG Engine               - isSingleStep: false
22:14:24.885 [FXGL Background Thread 3 ] DEBUG Engine               - isUserProfileEnabled: false
22:14:24.885 [FXGL Background Thread 3 ] DEBUG Engine               - isWindows: true
22:14:24.885 [FXGL Background Thread 3 ] DEBUG Engine               - language: ObjectProperty [value: ENGLISH]
22:14:24.885 [FXGL Background Thread 3 ] DEBUG Engine               - menuKey: ESCAPE
22:14:24.885 [FXGL Background Thread 3 ] DEBUG Engine               - mouseSensitivity: 0.2
22:14:24.886 [FXGL Background Thread 3 ] DEBUG Engine               - notificationViewClass: class com.almasb.fxgl.notification.view.XboxNotificationView
22:14:24.886 [FXGL Background Thread 3 ] DEBUG Engine               - pixelsPerMeter: 50.0
22:14:24.886 [FXGL Background Thread 3 ] DEBUG Engine               - platform: WINDOWS
22:14:24.886 [FXGL Background Thread 3 ] DEBUG Engine               - prefHeightProperty: ReadOnlyDoubleProperty [value: 900.0]
22:14:24.886 [FXGL Background Thread 3 ] DEBUG Engine               - prefWidthProperty: ReadOnlyDoubleProperty [value: 900.0]
22:14:24.886 [FXGL Background Thread 3 ] DEBUG Engine               - profileDir: profiles/
22:14:24.886 [FXGL Background Thread 3 ] DEBUG Engine               - profileName: StringProperty [value: DEFAULT]
22:14:24.886 [FXGL Background Thread 3 ] DEBUG Engine               - randomSeed: -1
22:14:24.886 [FXGL Background Thread 3 ] DEBUG Engine               - runtimeInfo: RuntimeInfo(platform=WINDOWS, version=11.17, build=16.07.2021 15.46)
22:14:24.886 [FXGL Background Thread 3 ] DEBUG Engine               - saveFileExt: sav
22:14:24.887 [FXGL Background Thread 3 ] DEBUG Engine               - scaledHeightProp$fxgl: DoubleProperty [bound, value: 900.0]
22:14:24.887 [FXGL Background Thread 3 ] DEBUG Engine               - scaledWidthProp$fxgl: DoubleProperty [bound, value: 900.0]
22:14:24.887 [FXGL Background Thread 3 ] DEBUG Engine               - sceneFactory: com.almasb.fxgl.app.scene.SceneFactory@223dea09
22:14:24.887 [FXGL Background Thread 3 ] DEBUG Engine               - secondsIn24h: 60
22:14:24.887 [FXGL Background Thread 3 ] DEBUG Engine               - soundMenuBack: menu/back.wav
22:14:24.887 [FXGL Background Thread 3 ] DEBUG Engine               - soundMenuPress: menu/press.wav
22:14:24.887 [FXGL Background Thread 3 ] DEBUG Engine               - soundMenuSelect: menu/select.wav
22:14:24.887 [FXGL Background Thread 3 ] DEBUG Engine               - soundNotification: core/notification.wav
22:14:24.887 [FXGL Background Thread 3 ] DEBUG Engine               - stageStyle: DECORATED
22:14:24.888 [FXGL Background Thread 3 ] DEBUG Engine               - supportedLanguages: [ENGLISH, FRENCH, GERMAN, HUNGARIAN, RUSSIAN]
22:14:24.888 [FXGL Background Thread 3 ] DEBUG Engine               - ticksPerSecond: -1
22:14:24.888 [FXGL Background Thread 3 ] DEBUG Engine               - title: Escape HSLEIDEN
22:14:24.888 [FXGL Background Thread 3 ] DEBUG Engine               - urlGithub: https://github.com/AlmasB/FXGL
22:14:24.888 [FXGL Background Thread 3 ] DEBUG Engine               - urlLeaderboard: http://fxgl-top.herokuapp.com/
22:14:24.888 [FXGL Background Thread 3 ] DEBUG Engine               - urlPOM: https://raw.githubusercontent.com/AlmasB/FXGL/release/README.md
22:14:24.888 [FXGL Background Thread 3 ] DEBUG Engine               - userAppClass: class com.example.demo.EscapeHSL
22:14:24.888 [FXGL Background Thread 3 ] DEBUG Engine               - version: 0.0
22:14:24.888 [FXGL Background Thread 3 ] DEBUG Engine               - versionCheckDays: 7
22:14:24.888 [FXGL Background Thread 3 ] DEBUG Engine               - width: 900
22:14:24.888 [FXGL Background Thread 3 ] DEBUG Engine               - Logging services
22:14:24.889 [FXGL Background Thread 3 ] DEBUG Engine               - class com.almasb.fxgl.app.services.FXGLAssetLoaderService
22:14:24.889 [FXGL Background Thread 3 ] DEBUG Engine               - class com.almasb.fxgl.app.FXGLApplication$GameApplicationService
22:14:24.889 [FXGL Background Thread 3 ] DEBUG Engine               - class com.almasb.fxgl.app.services.FXGLDialogService
22:14:24.889 [FXGL Background Thread 3 ] DEBUG Engine               - class com.almasb.fxgl.app.services.IOTaskExecutorService
22:14:24.889 [FXGL Background Thread 3 ] DEBUG Engine               - class com.almasb.fxgl.io.FileSystemService
22:14:24.889 [FXGL Background Thread 3 ] DEBUG Engine               - class com.almasb.fxgl.localization.LocalizationService
22:14:24.889 [FXGL Background Thread 3 ] DEBUG Engine               - class com.almasb.fxgl.app.services.SystemBundleService
22:14:24.889 [FXGL Background Thread 3 ] DEBUG Engine               - class com.almasb.fxgl.profile.SaveLoadService
22:14:24.889 [FXGL Background Thread 3 ] DEBUG Engine               - class com.almasb.fxgl.ui.FXGLUIFactoryServiceProvider
22:14:24.889 [FXGL Background Thread 3 ] DEBUG Engine               - class com.almasb.fxgl.ui.FXGLDialogFactoryServiceProvider
22:14:24.889 [FXGL Background Thread 3 ] DEBUG Engine               - class com.almasb.fxgl.audio.AudioPlayer
22:14:24.889 [FXGL Background Thread 3 ] DEBUG Engine               - class com.almasb.fxgl.notification.impl.NotificationServiceProvider
22:14:24.889 [FXGL Background Thread 3 ] DEBUG Engine               - class com.almasb.fxgl.achievement.AchievementService
22:14:24.890 [FXGL Background Thread 3 ] DEBUG Engine               - class com.almasb.fxgl.cutscene.CutsceneService
22:14:24.890 [FXGL Background Thread 3 ] DEBUG Engine               - class com.almasb.fxgl.minigames.MiniGameService
22:14:24.890 [FXGL Background Thread 3 ] DEBUG Engine               - class com.almasb.fxgl.net.NetService
22:14:24.890 [FXGL Background Thread 3 ] DEBUG Engine               - class com.almasb.fxgl.app.services.UpdaterService
22:14:24.890 [FXGL Background Thread 3 ] DEBUG Engine               - class com.almasb.fxgl.dev.DevService
22:14:26.476 [JavaFX Application Thread] DEBUG FXGLApplication      - Exiting FXGL
22:14:26.476 [JavaFX Application Thread] DEBUG LoopRunner           - Stopping loop
22:14:26.476 [JavaFX Application Thread] DEBUG SystemBundleService  - Saving FXGL system data
22:14:26.477 [JavaFX Application Thread] DEBUG FileSystemAccess     - Writing to: X:\Programming\CHALLENGEWEEK\system\fxgl.bundle
22:14:26.478 [JavaFX Application Thread] DEBUG Async                - Shutting down background threads
22:14:26.478 [JavaFX Application Thread] DEBUG PrimaryStageWindow   - Closing main window
22:14:26.488 [JavaFX Application Thread] DEBUG Logger               - Closing Logger
