10:09:55.680 [main                     ] DEBUG Logger               - Configured Logger
10:09:55.747 [main                     ] DEBUG GameApplication      - Logging settings
Title: Escape HSLEIDEN
Version: 1
Width: 1500
Height: 720
Fullscreen: false
Intro: false
Profiling: false
Single step:false
App Mode: DEVELOPER
Menu Key: ESCAPE
Stage Style: DECORATED
Scene Factory: class game.MySceneFactory

10:09:56.227 [JavaFX Application Thread] DEBUG FXGLApplication      - Initializing FXGL
10:09:56.239 [JavaFX Application Thread] INFO  Engine               - FXGL-17 (31.12.2021 18.16) on MAC (J:20 FX:17.0.0.1)
10:09:56.241 [JavaFX Application Thread] DEBUG Engine               - JRE Vendor Name: Oracle Corporation
10:09:56.241 [JavaFX Application Thread] DEBUG Engine               - Running on OS: Mac OS X version 13.1
10:09:56.241 [JavaFX Application Thread] DEBUG Engine               - Architecture: x86_64
10:09:56.241 [JavaFX Application Thread] INFO  Engine               - Source code and latest versions at: https://github.com/AlmasB/FXGL
10:09:56.242 [JavaFX Application Thread] INFO  Engine               -       Ask questions and discuss at: https://github.com/AlmasB/FXGL/discussions
10:09:56.242 [JavaFX Application Thread] INFO  Engine               -              Join the FXGL chat at: https://gitter.im/AlmasB/FXGL
10:09:56.313 [JavaFX Application Thread] DEBUG PrimaryStageWindow   - Creating a JavaFX scene
10:09:56.314 [JavaFX Application Thread] DEBUG PrimaryStageWindow   - Target size > screen size
10:09:56.370 [JavaFX Application Thread] DEBUG PrimaryStageWindow   - Target settings size: 1500.0 x 720.0
10:09:56.370 [JavaFX Application Thread] DEBUG PrimaryStageWindow   - Scaled scene size:    1415.0 x 691.0
10:09:56.370 [JavaFX Application Thread] DEBUG PrimaryStageWindow   - Scaled ratio: (0.9433333333333334, 0.9597222222222223)
10:09:56.372 [JavaFX Application Thread] DEBUG PrimaryStageWindow   - Set initial scene to FXGLStartupScene
10:09:56.380 [JavaFX Application Thread] DEBUG PrimaryStageWindow   - Opening main window
10:09:56.458 [JavaFX Application Thread] DEBUG PrimaryStageWindow   - Window border size: (0.0, 28.0)
10:09:56.459 [JavaFX Application Thread] DEBUG PrimaryStageWindow   - Scaled size: 1415.0 x 691.0
10:09:56.460 [JavaFX Application Thread] DEBUG PrimaryStageWindow   - Scaled ratio: (0.9433333333333334, 0.9597222222222223)
10:09:56.460 [JavaFX Application Thread] DEBUG PrimaryStageWindow   - Scene size: 1415.0 x 691.0
10:09:56.460 [JavaFX Application Thread] DEBUG PrimaryStageWindow   - Stage size: 1415.0 x 719.0
10:09:56.475 [FXGL Background Thread 1 ] DEBUG Engine               - Initializing environment variables
10:09:56.614 [FXGL Background Thread 1 ] DEBUG FXGLAssetLoaderServi - User app class for loading assets: class game.PlatformerApp
10:09:56.615 [FXGL Background Thread 1 ] DEBUG GameApplicationServi - Applying CSS: fxgl_dark.css
10:09:56.617 [FXGL Background Thread 1 ] DEBUG FXGLAssetLoaderServi - Loading from file system: jar:file:///Users/admin/.m2/repository/com/github/almasb/fxgl/17/fxgl-17.jar!/fxglassets/ui/css/fxgl_dark.css
10:09:56.737 [FXGL Background Thread 1 ] DEBUG GameApplicationServi - Initializing application scenes
10:09:56.869 [FXGL Background Thread 1 ] DEBUG GameWorld            - Game world initialized
10:09:56.921 [FXGL Background Thread 1 ] DEBUG PhysicsWorld         - Physics world initialized: appHeight=720, physics.ppm=50,0
10:09:56.923 [FXGL Background Thread 1 ] DEBUG PhysicsWorld         - Using strategy: BRUTE_FORCE
10:09:56.934 [FXGL Background Thread 1 ] DEBUG GameScene            - Game scene initialized: 1500x720
10:09:57.010 [FXGL Background Thread 1 ] DEBUG FXGL.DefaultMenu     - createMenuBodyGameMenu()
10:09:57.019 [FXGL Background Thread 1 ] DEBUG FXGL.DefaultMenu     - createOptionsMenu()
10:09:57.029 [FXGL Background Thread 1 ] DEBUG FXGLAssetLoaderServi - Loading from file system: jar:file:///Users/admin/.m2/repository/com/github/almasb/fxgl/17/fxgl-17.jar!/fxglassets/textures/particles/smoke.png
10:09:57.170 [FXGL Background Thread 1 ] DEBUG FXGLAssetLoaderServi - Loading from file system: jar:file:///Users/admin/.m2/repository/com/github/almasb/fxgl/17/fxgl-17.jar!/fxglassets/textures/particles/trace_horizontal.png
10:09:57.200 [FXGL Background Thread 1 ] DEBUG GameApplicationServi - Application scenes initialized
10:09:57.212 [FXGL Background Thread 1 ] DEBUG SystemBundleService  - Loading FXGL system data
10:09:57.218 [FXGL Background Thread 1 ] DEBUG FileSystemAccess     - Reading from: /Users/admin/Downloads/game 2/system/fxgl.bundle
10:09:57.232 [FXGL Background Thread 1 ] DEBUG SystemBundleService  - Bundle FXGL: {}
10:09:57.232 [FXGL Background Thread 1 ] DEBUG UpdaterService       - Checking for updates
10:09:57.238 [FXGL Background Thread 4 ] DEBUG FXGLApplication      - Loading fonts
10:09:57.239 [FXGL Background Thread 1 ] DEBUG FXGLApplication      - Loading default localization
10:09:57.239 [FXGL Background Thread 4 ] DEBUG FXGLAssetLoaderServi - Loading from file system: jar:file:///Users/admin/.m2/repository/com/github/almasb/fxgl/17/fxgl-17.jar!/fxglassets/ui/fonts/VarelaRound-Regular.ttf
10:09:57.240 [FXGL Background Thread 1 ] DEBUG FXGLAssetLoaderServi - Loading from file system: jar:file:///Users/admin/.m2/repository/com/github/almasb/fxgl/17/fxgl-17.jar!/fxglassets/languages/english.lang
10:09:57.262 [FXGL Background Thread 4 ] DEBUG FXGLAssetLoaderServi - Loading from file system: jar:file:///Users/admin/.m2/repository/com/github/almasb/fxgl/17/fxgl-17.jar!/fxglassets/ui/fonts/Abel-Regular.ttf
10:09:57.267 [FXGL Background Thread 1 ] INFO  FXGLApplication      - FXGL initialization took: 0,791 sec
10:09:57.271 [FXGL Background Thread 4 ] DEBUG FXGLAssetLoaderServi - Loading from file system: jar:file:///Users/admin/.m2/repository/com/github/almasb/fxgl/17/fxgl-17.jar!/fxglassets/ui/fonts/TerminalLandMono-Regular.otf
10:09:57.278 [FXGL Background Thread 4 ] DEBUG FXGLAssetLoaderServi - Loading from file system: jar:file:///Users/admin/.m2/repository/com/github/almasb/fxgl/17/fxgl-17.jar!/fxglassets/ui/fonts/Courier-Prime.ttf
10:09:57.284 [JavaFX Application Thread] DEBUG Input                - Registered new binding: Left - A
10:09:57.285 [JavaFX Application Thread] DEBUG Input                - Registered new binding: Right - D
10:09:57.285 [JavaFX Application Thread] DEBUG Input                - Registered new binding: Jump - Space
10:09:57.286 [JavaFX Application Thread] DEBUG FXGLAssetLoaderServi - Loading from file system: file:/Users/admin/Downloads/game%202/target/classes/assets/music/bob2v2.wav
10:09:57.724 [JavaFX Application Thread] DEBUG AudioPlayer          - Playing music com.almasb.fxgl.audio.Music@607bc5ba
10:09:57.733 [JavaFX Application Thread] DEBUG FXGLAssetLoaderServi - Loading from file system: jar:file:///Users/admin/.m2/repository/com/github/almasb/fxgl/17/fxgl-17.jar!/fxglassets/textures/fxgl_icon.png
10:09:57.775 [JavaFX Application Thread] DEBUG FXGLAssetLoaderServi - Loading from file system: jar:file:///Users/admin/.m2/repository/com/github/almasb/fxgl/17/fxgl-17.jar!/fxglassets/textures/fxgl_default_cursor.png
10:09:57.783 [JavaFX Application Thread] DEBUG Input                - Registered new binding: Screenshot - CTRL+8
10:09:57.784 [JavaFX Application Thread] DEBUG Input                - Registered new binding: System info dump - CTRL+9
10:09:57.784 [JavaFX Application Thread] DEBUG Input                - Registered new binding: Restart - CTRL+R
10:09:57.784 [JavaFX Application Thread] DEBUG Input                - Registered new binding: Toggle Debug Camera - CTRL+7
10:09:57.801 [JavaFX Application Thread] DEBUG LoopRunner           - Starting loop
10:09:57.801 [JavaFX Application Thread] DEBUG LoopRunner           - Initializing JavaFX AnimationTimerLoop
10:09:57.807 [JavaFX Application Thread] DEBUG Input                - Clearing active input actions
10:09:57.862 [JavaFX Application Thread] DEBUG GameApplicationServi - Removing overlay from FXGLStartupScene and adding to FXGLMainMenuDummyScene
10:09:57.864 [JavaFX Application Thread] DEBUG PrimaryStageWindow   - FXGLStartupScene -> FXGLMainMenuDummyScene
10:09:57.865 [JavaFX Application Thread] DEBUG PrimaryStageWindow   - Push state: MyMenu
10:09:57.867 [JavaFX Application Thread] DEBUG Input                - Clearing active input actions
10:09:57.874 [JavaFX Application Thread] DEBUG GameApplicationServi - Removing overlay from FXGLMainMenuDummyScene and adding to MyMenu
10:09:57.875 [JavaFX Application Thread] DEBUG PrimaryStageWindow   - FXGLMainMenuDummyScene -> MyMenu
10:09:57.904 [JavaFX Application Thread] DEBUG FXGLApplication      - Registering font factories with UI factory
10:09:58.154 [FXGL Background Thread 2 ] INFO  UpdaterService       - Your current version:  17
10:09:58.155 [FXGL Background Thread 2 ] INFO  UpdaterService       - Latest stable version: 17.3
10:09:58.680 [JavaFX Application Thread] DEBUG Menu                 - fireNewGame()
10:09:58.680 [JavaFX Application Thread] DEBUG GameApplicationServi - Starting new game
10:09:58.681 [JavaFX Application Thread] DEBUG PrimaryStageWindow   - Pop state: MyMenu
10:09:58.681 [JavaFX Application Thread] DEBUG Input                - Clearing active input actions
10:09:58.686 [JavaFX Application Thread] DEBUG GameApplicationServi - Removing overlay from MyMenu and adding to FXGLMainMenuDummyScene
10:09:58.691 [JavaFX Application Thread] DEBUG PrimaryStageWindow   - FXGLMainMenuDummyScene <- MyMenu
10:09:58.696 [JavaFX Application Thread] DEBUG Input                - Clearing active input actions
10:09:58.739 [JavaFX Application Thread] DEBUG GameApplicationServi - Removing overlay from FXGLMainMenuDummyScene and adding to FXGLLoadingScene
10:09:58.741 [JavaFX Application Thread] DEBUG PrimaryStageWindow   - FXGLMainMenuDummyScene -> FXGLLoadingScene
10:09:58.741 [JavaFX Application Thread] DEBUG GameApplicationServi - Clearing previous game
10:09:58.741 [JavaFX Application Thread] DEBUG GameScene            - Clearing game scene
10:09:58.741 [JavaFX Application Thread] DEBUG GameWorld            - Clearing game world
10:09:58.741 [JavaFX Application Thread] DEBUG PhysicsWorld         - Clearing physics world
10:09:58.748 [FXGL Background Thread 2 ] DEBUG FXGLApplication      - Initializing game
10:09:58.806 [FXGL Background Thread 2 ] DEBUG FXGLAssetLoaderServi - Loading from file system: file:/Users/admin/Downloads/game%202/target/classes/assets/textures/Larry.png
10:09:58.851 [FXGL Background Thread 2 ] WARN  TMXLevelLoader       - TiledMap generated from 1.0.1. Supported version: 1.2.3. Some features may not be parsed fully.
10:09:58.863 [FXGL Background Thread 2 ] DEBUG TMXLevelLoader       - Parsed TiledMap: file:/Users/admin/Downloads/game%202/target/classes/assets/levels/tmx/level1.tmx
10:09:58.865 [FXGL Background Thread 2 ] DEBUG TMXLevelLoader       - Creating tile layer entities
10:09:58.869 [FXGL Background Thread 2 ] DEBUG TilesetLoader        - Loading view for layer Tile Layer 1
10:09:58.870 [FXGL Background Thread 2 ] DEBUG TilesetLoader        - Created buffer with size 1050.0x700.0
10:09:58.889 [FXGL Background Thread 2 ] DEBUG TMXLevelLoader       - Creating object layer entities
10:09:58.910 [FXGL Background Thread 2 ] DEBUG GameWorld            - Clearing removable entities
10:09:58.911 [FXGL Background Thread 2 ] DEBUG GameWorld            - Setting level: com.almasb.fxgl.entity.level.Level@36e7e65f
10:09:58.917 [FXGL Background Thread 2 ] DEBUG FXGLAssetLoaderServi - Loading from file system: file:/Users/admin/Downloads/game%202/target/classes/assets/textures/background/background.png
10:09:58.940 [FXGL Background Thread 2 ] DEBUG FXGLAssetLoaderServi - Loading from file system: file:/Users/admin/Downloads/game%202/target/classes/assets/textures/key.png
10:09:58.948 [FXGL Background Thread 2 ] INFO  FXGLApplication      - Game initialization took: 0,199 sec
10:09:58.952 [JavaFX Application Thread] DEBUG Input                - Clearing active input actions
10:09:58.979 [JavaFX Application Thread] DEBUG GameApplicationServi - Removing overlay from FXGLLoadingScene and adding to GameScene
10:09:58.982 [JavaFX Application Thread] DEBUG PrimaryStageWindow   - FXGLLoadingScene -> GameScene
10:10:00.240 [FXGL Background Thread 3 ] DEBUG Engine               - Logging environment variables
10:10:00.241 [FXGL Background Thread 3 ] DEBUG Engine               - achievements: []
10:10:00.241 [FXGL Background Thread 3 ] DEBUG Engine               - actualHeight: 691.0
10:10:00.241 [FXGL Background Thread 3 ] DEBUG Engine               - actualHeightProperty: ReadOnlyDoubleProperty [value: 691.0]
10:10:00.241 [FXGL Background Thread 3 ] DEBUG Engine               - actualWidth: 1415.0
10:10:00.242 [FXGL Background Thread 3 ] DEBUG Engine               - actualWidthProperty: ReadOnlyDoubleProperty [value: 1415.0]
10:10:00.242 [FXGL Background Thread 3 ] DEBUG Engine               - appIcon: fxgl_icon.png
10:10:00.242 [FXGL Background Thread 3 ] DEBUG Engine               - applicationMode: DEVELOPER
10:10:00.242 [FXGL Background Thread 3 ] DEBUG Engine               - cSSList: [fxgl_dark.css]
10:10:00.242 [FXGL Background Thread 3 ] DEBUG Engine               - collisionDetectionStrategy: BRUTE_FORCE
10:10:00.242 [FXGL Background Thread 3 ] DEBUG Engine               - configClass: Optional.empty
10:10:00.242 [FXGL Background Thread 3 ] DEBUG Engine               - credits: []
10:10:00.242 [FXGL Background Thread 3 ] DEBUG Engine               - defaultCursor: CursorInfo(imageName=fxgl_default_cursor.png, hotspotX=7.0, hotspotY=6.0)
10:10:00.244 [FXGL Background Thread 3 ] DEBUG Engine               - devBBoxColorProperty: ObjectProperty [value: 0xff0000ff]
10:10:00.244 [FXGL Background Thread 3 ] DEBUG Engine               - devEnableDebugCameraProperty: BooleanProperty [value: false]
10:10:00.244 [FXGL Background Thread 3 ] DEBUG Engine               - devSensorColorProperty: ObjectProperty [value: 0xffff00ff]
10:10:00.244 [FXGL Background Thread 3 ] DEBUG Engine               - devShowBBoxProperty: BooleanProperty [value: false]
10:10:00.244 [FXGL Background Thread 3 ] DEBUG Engine               - devShowPositionProperty: BooleanProperty [value: false]
10:10:00.244 [FXGL Background Thread 3 ] DEBUG Engine               - enabledMenuItems: []
10:10:00.245 [FXGL Background Thread 3 ] DEBUG Engine               - engineServices: [class com.almasb.fxgl.app.services.FXGLAssetLoaderService, class com.almasb.fxgl.app.FXGLApplication$GameApplicationService, class com.almasb.fxgl.app.services.FXGLDialogService, class com.almasb.fxgl.app.services.IOTaskExecutorService, class com.almasb.fxgl.io.FileSystemService, class com.almasb.fxgl.localization.LocalizationService, class com.almasb.fxgl.app.services.SystemBundleService, class com.almasb.fxgl.profile.SaveLoadService, class com.almasb.fxgl.ui.FXGLUIFactoryServiceProvider, class com.almasb.fxgl.ui.FXGLDialogFactoryServiceProvider, class com.almasb.fxgl.audio.AudioPlayer, class com.almasb.fxgl.notification.impl.NotificationServiceProvider, class com.almasb.fxgl.achievement.AchievementService, class com.almasb.fxgl.cutscene.CutsceneService, class com.almasb.fxgl.minigames.MiniGameService, class com.almasb.fxgl.net.NetService, class com.almasb.fxgl.app.services.UpdaterService, class com.almasb.fxgl.dev.DevService]
10:10:00.245 [FXGL Background Thread 3 ] DEBUG Engine               - fontGame: Abel-Regular.ttf
10:10:00.246 [FXGL Background Thread 3 ] DEBUG Engine               - fontMono: TerminalLandMono-Regular.otf
10:10:00.246 [FXGL Background Thread 3 ] DEBUG Engine               - fontText: Courier-Prime.ttf
10:10:00.246 [FXGL Background Thread 3 ] DEBUG Engine               - fontUI: VarelaRound-Regular.ttf
10:10:00.246 [FXGL Background Thread 3 ] DEBUG Engine               - fullScreen: BooleanProperty [value: false]
10:10:00.246 [FXGL Background Thread 3 ] DEBUG Engine               - gameDifficulty: MEDIUM
10:10:00.247 [FXGL Background Thread 3 ] DEBUG Engine               - gameDifficultyProperty: ObjectProperty [value: MEDIUM]
10:10:00.250 [FXGL Background Thread 3 ] DEBUG Engine               - globalMusicVolume: 0.5
10:10:00.250 [FXGL Background Thread 3 ] DEBUG Engine               - globalMusicVolumeProperty: DoubleProperty [value: 0.25]
10:10:00.251 [FXGL Background Thread 3 ] DEBUG Engine               - globalSoundVolume: 0.5
10:10:00.252 [FXGL Background Thread 3 ] DEBUG Engine               - globalSoundVolumeProperty: DoubleProperty [value: 0.3]
10:10:00.252 [FXGL Background Thread 3 ] DEBUG Engine               - height: 720
10:10:00.252 [FXGL Background Thread 3 ] DEBUG Engine               - is3D: false
10:10:00.252 [FXGL Background Thread 3 ] DEBUG Engine               - isAndroid: false
10:10:00.252 [FXGL Background Thread 3 ] DEBUG Engine               - isBrowser: false
10:10:00.252 [FXGL Background Thread 3 ] DEBUG Engine               - isClickFeedbackEnabled: false
10:10:00.252 [FXGL Background Thread 3 ] DEBUG Engine               - isCloseConfirmation: false
10:10:00.252 [FXGL Background Thread 3 ] DEBUG Engine               - isDesktop: true
10:10:00.252 [FXGL Background Thread 3 ] DEBUG Engine               - isDeveloperMenuEnabled: false
10:10:00.252 [FXGL Background Thread 3 ] DEBUG Engine               - isEmbedded: false
10:10:00.252 [FXGL Background Thread 3 ] DEBUG Engine               - isEntityPreloadEnabled: true
10:10:00.252 [FXGL Background Thread 3 ] DEBUG Engine               - isExperimentalTiledLargeMap: false
10:10:00.252 [FXGL Background Thread 3 ] DEBUG Engine               - isFileSystemWriteAllowed: true
10:10:00.252 [FXGL Background Thread 3 ] DEBUG Engine               - isFullScreenAllowed: false
10:10:00.252 [FXGL Background Thread 3 ] DEBUG Engine               - isFullScreenFromStart: false
10:10:00.252 [FXGL Background Thread 3 ] DEBUG Engine               - isGameMenuEnabled: true
10:10:00.252 [FXGL Background Thread 3 ] DEBUG Engine               - isIOS: false
10:10:00.252 [FXGL Background Thread 3 ] DEBUG Engine               - isIntroEnabled: false
10:10:00.252 [FXGL Background Thread 3 ] DEBUG Engine               - isLinux: false
10:10:00.252 [FXGL Background Thread 3 ] DEBUG Engine               - isMac: true
10:10:00.252 [FXGL Background Thread 3 ] DEBUG Engine               - isMainMenuEnabled: true
10:10:00.252 [FXGL Background Thread 3 ] DEBUG Engine               - isManualResizeEnabled: false
10:10:00.253 [FXGL Background Thread 3 ] DEBUG Engine               - isMobile: false
10:10:00.253 [FXGL Background Thread 3 ] DEBUG Engine               - isNative: false
10:10:00.253 [FXGL Background Thread 3 ] DEBUG Engine               - isPauseMusicWhenMinimized: true
10:10:00.253 [FXGL Background Thread 3 ] DEBUG Engine               - isPreserveResizeRatio: false
10:10:00.253 [FXGL Background Thread 3 ] DEBUG Engine               - isProfilingEnabled: false
10:10:00.253 [FXGL Background Thread 3 ] DEBUG Engine               - isScaleAffectedOnResize: true
10:10:00.253 [FXGL Background Thread 3 ] DEBUG Engine               - isSingleStep: false
10:10:00.254 [FXGL Background Thread 3 ] DEBUG Engine               - isUserProfileEnabled: false
10:10:00.254 [FXGL Background Thread 3 ] DEBUG Engine               - isWindows: false
10:10:00.254 [FXGL Background Thread 3 ] DEBUG Engine               - language: ObjectProperty [value: ENGLISH]
10:10:00.254 [FXGL Background Thread 3 ] DEBUG Engine               - menuKey: ESCAPE
10:10:00.254 [FXGL Background Thread 3 ] DEBUG Engine               - mouseSensitivity: 0.2
10:10:00.254 [FXGL Background Thread 3 ] DEBUG Engine               - notificationViewClass: class com.almasb.fxgl.notification.view.XboxNotificationView
10:10:00.254 [FXGL Background Thread 3 ] DEBUG Engine               - pixelsPerMeter: 50.0
10:10:00.254 [FXGL Background Thread 3 ] DEBUG Engine               - platform: MAC
10:10:00.254 [FXGL Background Thread 3 ] DEBUG Engine               - prefHeightProperty: ReadOnlyDoubleProperty [value: 720.0]
10:10:00.254 [FXGL Background Thread 3 ] DEBUG Engine               - prefWidthProperty: ReadOnlyDoubleProperty [value: 1500.0]
10:10:00.254 [FXGL Background Thread 3 ] DEBUG Engine               - profileDir: profiles/
10:10:00.254 [FXGL Background Thread 3 ] DEBUG Engine               - profileName: StringProperty [value: DEFAULT]
10:10:00.254 [FXGL Background Thread 3 ] DEBUG Engine               - randomSeed: -1
10:10:00.255 [FXGL Background Thread 3 ] DEBUG Engine               - runtimeInfo: RuntimeInfo(platform=MAC, version=17, build=31.12.2021 18.16)
10:10:00.255 [FXGL Background Thread 3 ] DEBUG Engine               - saveFileExt: sav
10:10:00.255 [FXGL Background Thread 3 ] DEBUG Engine               - scaledHeightProp$fxgl: DoubleProperty [bound, value: 691.0]
10:10:00.256 [FXGL Background Thread 3 ] DEBUG Engine               - scaledWidthProp$fxgl: DoubleProperty [bound, value: 1415.0]
10:10:00.256 [FXGL Background Thread 3 ] DEBUG Engine               - sceneFactory: game.MySceneFactory@27d472ec
10:10:00.256 [FXGL Background Thread 3 ] DEBUG Engine               - secondsIn24h: 60
10:10:00.256 [FXGL Background Thread 3 ] DEBUG Engine               - soundMenuBack: menu/back.wav
10:10:00.256 [FXGL Background Thread 3 ] DEBUG Engine               - soundMenuPress: menu/press.wav
10:10:00.256 [FXGL Background Thread 3 ] DEBUG Engine               - soundMenuSelect: menu/select.wav
10:10:00.256 [FXGL Background Thread 3 ] DEBUG Engine               - soundNotification: core/notification.wav
10:10:00.256 [FXGL Background Thread 3 ] DEBUG Engine               - stageStyle: DECORATED
10:10:00.256 [FXGL Background Thread 3 ] DEBUG Engine               - supportedLanguages: [ENGLISH, FRENCH, GERMAN, HUNGARIAN, RUSSIAN]
10:10:00.259 [FXGL Background Thread 3 ] DEBUG Engine               - ticksPerSecond: -1
10:10:00.259 [FXGL Background Thread 3 ] DEBUG Engine               - title: Escape HSLEIDEN
10:10:00.259 [FXGL Background Thread 3 ] DEBUG Engine               - urlGithub: https://github.com/AlmasB/FXGL
10:10:00.259 [FXGL Background Thread 3 ] DEBUG Engine               - urlLeaderboard: http://fxgl-top.herokuapp.com/
10:10:00.259 [FXGL Background Thread 3 ] DEBUG Engine               - urlPOM: https://raw.githubusercontent.com/AlmasB/FXGL/release/README.md
10:10:00.260 [FXGL Background Thread 3 ] DEBUG Engine               - userAppClass: class game.PlatformerApp
10:10:00.260 [FXGL Background Thread 3 ] DEBUG Engine               - version: 1
10:10:00.260 [FXGL Background Thread 3 ] DEBUG Engine               - versionCheckDays: 7
10:10:00.260 [FXGL Background Thread 3 ] DEBUG Engine               - width: 1500
10:10:00.260 [FXGL Background Thread 3 ] DEBUG Engine               - Logging services
10:10:00.260 [FXGL Background Thread 3 ] DEBUG Engine               - class com.almasb.fxgl.app.services.FXGLAssetLoaderService
10:10:00.260 [FXGL Background Thread 3 ] DEBUG Engine               - class com.almasb.fxgl.app.FXGLApplication$GameApplicationService
10:10:00.260 [FXGL Background Thread 3 ] DEBUG Engine               - class com.almasb.fxgl.app.services.FXGLDialogService
10:10:00.260 [FXGL Background Thread 3 ] DEBUG Engine               - class com.almasb.fxgl.app.services.IOTaskExecutorService
10:10:00.260 [FXGL Background Thread 3 ] DEBUG Engine               - class com.almasb.fxgl.io.FileSystemService
10:10:00.260 [FXGL Background Thread 3 ] DEBUG Engine               - class com.almasb.fxgl.localization.LocalizationService
10:10:00.260 [FXGL Background Thread 3 ] DEBUG Engine               - class com.almasb.fxgl.app.services.SystemBundleService
10:10:00.260 [FXGL Background Thread 3 ] DEBUG Engine               - class com.almasb.fxgl.profile.SaveLoadService
10:10:00.260 [FXGL Background Thread 3 ] DEBUG Engine               - class com.almasb.fxgl.ui.FXGLUIFactoryServiceProvider
10:10:00.260 [FXGL Background Thread 3 ] DEBUG Engine               - class com.almasb.fxgl.ui.FXGLDialogFactoryServiceProvider
10:10:00.260 [FXGL Background Thread 3 ] DEBUG Engine               - class com.almasb.fxgl.audio.AudioPlayer
10:10:00.260 [FXGL Background Thread 3 ] DEBUG Engine               - class com.almasb.fxgl.notification.impl.NotificationServiceProvider
10:10:00.260 [FXGL Background Thread 3 ] DEBUG Engine               - class com.almasb.fxgl.achievement.AchievementService
10:10:00.260 [FXGL Background Thread 3 ] DEBUG Engine               - class com.almasb.fxgl.cutscene.CutsceneService
10:10:00.261 [FXGL Background Thread 3 ] DEBUG Engine               - class com.almasb.fxgl.minigames.MiniGameService
10:10:00.261 [FXGL Background Thread 3 ] DEBUG Engine               - class com.almasb.fxgl.net.NetService
10:10:00.262 [FXGL Background Thread 3 ] DEBUG Engine               - class com.almasb.fxgl.app.services.UpdaterService
10:10:00.262 [FXGL Background Thread 3 ] DEBUG Engine               - class com.almasb.fxgl.dev.DevService
10:12:55.464 [JavaFX Application Thread] DEBUG FXGLApplication      - Exiting FXGL
10:12:55.469 [JavaFX Application Thread] DEBUG LoopRunner           - Stopping loop
10:12:55.470 [JavaFX Application Thread] DEBUG SystemBundleService  - Saving FXGL system data
10:12:55.489 [JavaFX Application Thread] DEBUG FileSystemAccess     - Writing to: /Users/admin/Downloads/game 2/system/fxgl.bundle
10:12:55.504 [JavaFX Application Thread] DEBUG Async                - Shutting down background threads
10:12:55.506 [JavaFX Application Thread] DEBUG PrimaryStageWindow   - Closing main window
10:12:55.566 [JavaFX Application Thread] DEBUG Logger               - Closing Logger
