09:19:07.519 [main                     ] DEBUG Logger               - Configured Logger
09:19:07.538 [main                     ] DEBUG GameApplication      - Logging settings
Title: Escape HSLEIDEN
Version: 1
Width: 1500
Height: 720
Fullscreen: false
Intro: false
Profiling: false
Single step:false
App Mode: DEVELOPER
Menu Key: ESCAPE
Stage Style: DECORATED
Scene Factory: class game.MySceneFactory

09:19:07.799 [JavaFX Application Thread] DEBUG FXGLApplication      - Initializing FXGL
09:19:07.803 [JavaFX Application Thread] INFO  Engine               - FXGL-17 (31.12.2021 18.16) on WINDOWS (J:19.0.1 FX:17.0.0.1)
09:19:07.803 [JavaFX Application Thread] DEBUG Engine               - JRE Vendor Name: Oracle Corporation
09:19:07.804 [JavaFX Application Thread] DEBUG Engine               - Running on OS: Windows 11 version 10.0
09:19:07.804 [JavaFX Application Thread] DEBUG Engine               - Architecture: amd64
09:19:07.804 [JavaFX Application Thread] INFO  Engine               - Source code and latest versions at: https://github.com/AlmasB/FXGL
09:19:07.804 [JavaFX Application Thread] INFO  Engine               -       Ask questions and discuss at: https://github.com/AlmasB/FXGL/discussions
09:19:07.804 [JavaFX Application Thread] INFO  Engine               -              Join the FXGL chat at: https://gitter.im/AlmasB/FXGL
09:19:07.866 [JavaFX Application Thread] DEBUG PrimaryStageWindow   - Creating a JavaFX scene
09:19:07.898 [JavaFX Application Thread] DEBUG PrimaryStageWindow   - Target settings size: 1500.0 x 720.0
09:19:07.898 [JavaFX Application Thread] DEBUG PrimaryStageWindow   - Scaled scene size:    1500.0 x 720.0
09:19:07.898 [JavaFX Application Thread] DEBUG PrimaryStageWindow   - Scaled ratio: (1.0, 1.0)
09:19:07.899 [JavaFX Application Thread] DEBUG PrimaryStageWindow   - Set initial scene to FXGLStartupScene
09:19:07.903 [JavaFX Application Thread] DEBUG PrimaryStageWindow   - Opening main window
09:19:07.979 [JavaFX Application Thread] DEBUG PrimaryStageWindow   - Window border size: (14.4000244140625, 37.5999755859375)
09:19:07.980 [JavaFX Application Thread] DEBUG PrimaryStageWindow   - Scaled size: 1500.0 x 720.0
09:19:07.980 [JavaFX Application Thread] DEBUG PrimaryStageWindow   - Scaled ratio: (1.0, 1.0)
09:19:07.980 [JavaFX Application Thread] DEBUG PrimaryStageWindow   - Scene size: 1500.0 x 720.0
09:19:07.980 [JavaFX Application Thread] DEBUG PrimaryStageWindow   - Stage size: 1514.4000244140625 x 757.5999755859375
09:19:07.988 [FXGL Background Thread 1 ] DEBUG Engine               - Initializing environment variables
09:19:08.043 [FXGL Background Thread 1 ] DEBUG FXGLAssetLoaderServi - User app class for loading assets: class game.PlatformerApp
09:19:08.043 [FXGL Background Thread 1 ] DEBUG GameApplicationServi - Applying CSS: fxgl_dark.css
09:19:08.045 [FXGL Background Thread 1 ] DEBUG FXGLAssetLoaderServi - Loading from file system: jar:file:///C:/Users/04amb/.m2/repository/com/github/almasb/fxgl/17/fxgl-17.jar!/fxglassets/ui/css/fxgl_dark.css
09:19:08.099 [FXGL Background Thread 1 ] DEBUG GameApplicationServi - Initializing application scenes
09:19:08.134 [FXGL Background Thread 1 ] DEBUG GameWorld            - Game world initialized
09:19:08.214 [FXGL Background Thread 1 ] DEBUG PhysicsWorld         - Physics world initialized: appHeight=720, physics.ppm=50.0
09:19:08.215 [FXGL Background Thread 1 ] DEBUG PhysicsWorld         - Using strategy: BRUTE_FORCE
09:19:08.218 [FXGL Background Thread 1 ] DEBUG GameScene            - Game scene initialized: 1500x720
09:19:08.263 [FXGL Background Thread 1 ] DEBUG FXGL.DefaultMenu     - createMenuBodyGameMenu()
09:19:08.273 [FXGL Background Thread 1 ] DEBUG FXGL.DefaultMenu     - createOptionsMenu()
09:19:08.281 [FXGL Background Thread 1 ] DEBUG FXGLAssetLoaderServi - Loading from file system: jar:file:///C:/Users/04amb/.m2/repository/com/github/almasb/fxgl/17/fxgl-17.jar!/fxglassets/textures/particles/smoke.png
09:19:08.376 [FXGL Background Thread 1 ] DEBUG FXGLAssetLoaderServi - Loading from file system: jar:file:///C:/Users/04amb/.m2/repository/com/github/almasb/fxgl/17/fxgl-17.jar!/fxglassets/textures/particles/trace_horizontal.png
09:19:08.430 [FXGL Background Thread 1 ] DEBUG GameApplicationServi - Application scenes initialized
09:19:08.438 [FXGL Background Thread 1 ] DEBUG SystemBundleService  - Loading FXGL system data
09:19:08.441 [FXGL Background Thread 1 ] DEBUG FileSystemAccess     - Reading from: C:\Users\04amb\OneDrive - Hogeschool Leiden\Periode 3\SE challengeweek\IntelliJ Projects\game 2\game\system\fxgl.bundle
09:19:08.449 [FXGL Background Thread 1 ] DEBUG SystemBundleService  - Bundle FXGL: {}
09:19:08.449 [FXGL Background Thread 1 ] DEBUG UpdaterService       - Checking for updates
09:19:08.452 [FXGL Background Thread 4 ] DEBUG FXGLApplication      - Loading fonts
09:19:08.453 [FXGL Background Thread 1 ] DEBUG FXGLApplication      - Loading default localization
09:19:08.453 [FXGL Background Thread 4 ] DEBUG FXGLAssetLoaderServi - Loading from file system: jar:file:///C:/Users/04amb/.m2/repository/com/github/almasb/fxgl/17/fxgl-17.jar!/fxglassets/ui/fonts/VarelaRound-Regular.ttf
09:19:08.453 [FXGL Background Thread 1 ] DEBUG FXGLAssetLoaderServi - Loading from file system: jar:file:///C:/Users/04amb/.m2/repository/com/github/almasb/fxgl/17/fxgl-17.jar!/fxglassets/languages/english.lang
09:19:08.472 [FXGL Background Thread 1 ] INFO  FXGLApplication      - FXGL initialization took: 0.484 sec
09:19:08.484 [JavaFX Application Thread] DEBUG Input                - Registered new binding: Left - A
09:19:08.484 [JavaFX Application Thread] DEBUG Input                - Registered new binding: Right - D
09:19:08.484 [JavaFX Application Thread] DEBUG Input                - Registered new binding: Jump - Space
09:19:08.485 [JavaFX Application Thread] DEBUG FXGLAssetLoaderServi - Loading from file system: file:/C:/Users/04amb/OneDrive%20-%20Hogeschool%20Leiden/Periode%203/SE%20challengeweek/IntelliJ%20Projects/game%202/game/target/classes/assets/music/bob2v2.wav
09:19:08.531 [FXGL Background Thread 4 ] DEBUG FXGLAssetLoaderServi - Loading from file system: jar:file:///C:/Users/04amb/.m2/repository/com/github/almasb/fxgl/17/fxgl-17.jar!/fxglassets/ui/fonts/Abel-Regular.ttf
09:19:08.534 [FXGL Background Thread 4 ] DEBUG FXGLAssetLoaderServi - Loading from file system: jar:file:///C:/Users/04amb/.m2/repository/com/github/almasb/fxgl/17/fxgl-17.jar!/fxglassets/ui/fonts/TerminalLandMono-Regular.otf
09:19:08.537 [FXGL Background Thread 4 ] DEBUG FXGLAssetLoaderServi - Loading from file system: jar:file:///C:/Users/04amb/.m2/repository/com/github/almasb/fxgl/17/fxgl-17.jar!/fxglassets/ui/fonts/Courier-Prime.ttf
09:19:08.637 [JavaFX Application Thread] DEBUG AudioPlayer          - Playing music com.almasb.fxgl.audio.Music@49910374
09:19:08.637 [JavaFX Application Thread] DEBUG FXGLAssetLoaderServi - Loading from file system: jar:file:///C:/Users/04amb/.m2/repository/com/github/almasb/fxgl/17/fxgl-17.jar!/fxglassets/textures/fxgl_icon.png
09:19:08.663 [JavaFX Application Thread] DEBUG FXGLAssetLoaderServi - Loading from file system: jar:file:///C:/Users/04amb/.m2/repository/com/github/almasb/fxgl/17/fxgl-17.jar!/fxglassets/textures/fxgl_default_cursor.png
09:19:08.665 [JavaFX Application Thread] DEBUG Input                - Registered new binding: Screenshot - CTRL+8
09:19:08.666 [JavaFX Application Thread] DEBUG Input                - Registered new binding: System info dump - CTRL+9
09:19:08.666 [JavaFX Application Thread] DEBUG Input                - Registered new binding: Restart - CTRL+R
09:19:08.667 [JavaFX Application Thread] DEBUG Input                - Registered new binding: Toggle Debug Camera - CTRL+7
09:19:08.669 [JavaFX Application Thread] DEBUG LoopRunner           - Starting loop
09:19:08.669 [JavaFX Application Thread] DEBUG LoopRunner           - Initializing JavaFX AnimationTimerLoop
09:19:08.674 [JavaFX Application Thread] DEBUG Input                - Clearing active input actions
09:19:08.686 [JavaFX Application Thread] DEBUG GameApplicationServi - Removing overlay from FXGLStartupScene and adding to FXGLMainMenuDummyScene
09:19:08.686 [JavaFX Application Thread] DEBUG PrimaryStageWindow   - FXGLStartupScene -> FXGLMainMenuDummyScene
09:19:08.687 [JavaFX Application Thread] DEBUG PrimaryStageWindow   - Push state: MyMenu
09:19:08.687 [JavaFX Application Thread] DEBUG Input                - Clearing active input actions
09:19:08.691 [JavaFX Application Thread] DEBUG GameApplicationServi - Removing overlay from FXGLMainMenuDummyScene and adding to MyMenu
09:19:08.692 [JavaFX Application Thread] DEBUG PrimaryStageWindow   - FXGLMainMenuDummyScene -> MyMenu
09:19:08.692 [JavaFX Application Thread] DEBUG FXGLApplication      - Registering font factories with UI factory
09:19:09.093 [FXGL Background Thread 2 ] INFO  UpdaterService       - Your current version:  17
09:19:09.093 [FXGL Background Thread 2 ] INFO  UpdaterService       - Latest stable version: 17.3
09:19:09.845 [JavaFX Application Thread] DEBUG Menu                 - fireNewGame()
09:19:09.845 [JavaFX Application Thread] DEBUG GameApplicationServi - Starting new game
09:19:09.845 [JavaFX Application Thread] DEBUG PrimaryStageWindow   - Pop state: MyMenu
09:19:09.845 [JavaFX Application Thread] DEBUG Input                - Clearing active input actions
09:19:09.846 [JavaFX Application Thread] DEBUG GameApplicationServi - Removing overlay from MyMenu and adding to FXGLMainMenuDummyScene
09:19:09.846 [JavaFX Application Thread] DEBUG PrimaryStageWindow   - FXGLMainMenuDummyScene <- MyMenu
09:19:09.847 [JavaFX Application Thread] DEBUG Input                - Clearing active input actions
09:19:09.850 [JavaFX Application Thread] DEBUG GameApplicationServi - Removing overlay from FXGLMainMenuDummyScene and adding to FXGLLoadingScene
09:19:09.850 [JavaFX Application Thread] DEBUG PrimaryStageWindow   - FXGLMainMenuDummyScene -> FXGLLoadingScene
09:19:09.850 [JavaFX Application Thread] DEBUG GameApplicationServi - Clearing previous game
09:19:09.850 [JavaFX Application Thread] DEBUG GameScene            - Clearing game scene
09:19:09.850 [JavaFX Application Thread] DEBUG GameWorld            - Clearing game world
09:19:09.852 [JavaFX Application Thread] DEBUG PhysicsWorld         - Clearing physics world
09:19:09.853 [FXGL Background Thread 2 ] DEBUG FXGLApplication      - Initializing game
09:19:09.886 [FXGL Background Thread 2 ] DEBUG FXGLAssetLoaderServi - Loading from file system: file:/C:/Users/04amb/OneDrive%20-%20Hogeschool%20Leiden/Periode%203/SE%20challengeweek/IntelliJ%20Projects/game%202/game/target/classes/assets/textures/player.png
09:19:09.934 [FXGL Background Thread 2 ] WARN  TMXLevelLoader       - TiledMap generated from 1.0.1. Supported version: 1.2.3. Some features may not be parsed fully.
09:19:09.942 [FXGL Background Thread 2 ] DEBUG TMXLevelLoader       - Parsed TiledMap: file:/C:/Users/04amb/OneDrive%20-%20Hogeschool%20Leiden/Periode%203/SE%20challengeweek/IntelliJ%20Projects/game%202/game/target/classes/assets/levels/tmx/level1.tmx
09:19:09.944 [FXGL Background Thread 2 ] DEBUG TMXLevelLoader       - Creating tile layer entities
09:19:09.945 [FXGL Background Thread 2 ] DEBUG TilesetLoader        - Loading view for layer Tile Layer 1
09:19:09.947 [FXGL Background Thread 2 ] DEBUG TilesetLoader        - Created buffer with size 1050.0x700.0
09:19:09.964 [FXGL Background Thread 2 ] DEBUG TMXLevelLoader       - Creating object layer entities
09:19:09.971 [FXGL Background Thread 2 ] DEBUG GameWorld            - Clearing removable entities
09:19:09.972 [FXGL Background Thread 2 ] DEBUG GameWorld            - Setting level: com.almasb.fxgl.entity.level.Level@65dd7d7d
09:19:09.975 [FXGL Background Thread 2 ] DEBUG FXGLAssetLoaderServi - Loading from file system: file:/C:/Users/04amb/OneDrive%20-%20Hogeschool%20Leiden/Periode%203/SE%20challengeweek/IntelliJ%20Projects/game%202/game/target/classes/assets/textures/background/background.png
09:19:09.993 [FXGL Background Thread 2 ] DEBUG FXGLAssetLoaderServi - Loading from file system: file:/C:/Users/04amb/OneDrive%20-%20Hogeschool%20Leiden/Periode%203/SE%20challengeweek/IntelliJ%20Projects/game%202/game/target/classes/assets/textures/key.png
09:19:09.996 [FXGL Background Thread 2 ] INFO  FXGLApplication      - Game initialization took: 0.143 sec
09:19:09.997 [JavaFX Application Thread] DEBUG Input                - Clearing active input actions
09:19:10.003 [JavaFX Application Thread] DEBUG GameApplicationServi - Removing overlay from FXGLLoadingScene and adding to GameScene
09:19:10.003 [JavaFX Application Thread] DEBUG PrimaryStageWindow   - FXGLLoadingScene -> GameScene
09:19:11.452 [FXGL Background Thread 3 ] DEBUG Engine               - Logging environment variables
09:19:11.453 [FXGL Background Thread 3 ] DEBUG Engine               - achievements: []
09:19:11.453 [FXGL Background Thread 3 ] DEBUG Engine               - actualHeight: 720.0
09:19:11.454 [FXGL Background Thread 3 ] DEBUG Engine               - actualHeightProperty: ReadOnlyDoubleProperty [value: 720.0]
09:19:11.454 [FXGL Background Thread 3 ] DEBUG Engine               - actualWidth: 1500.0
09:19:11.454 [FXGL Background Thread 3 ] DEBUG Engine               - actualWidthProperty: ReadOnlyDoubleProperty [value: 1500.0]
09:19:11.454 [FXGL Background Thread 3 ] DEBUG Engine               - appIcon: fxgl_icon.png
09:19:11.454 [FXGL Background Thread 3 ] DEBUG Engine               - applicationMode: DEVELOPER
09:19:11.454 [FXGL Background Thread 3 ] DEBUG Engine               - cSSList: [fxgl_dark.css]
09:19:11.454 [FXGL Background Thread 3 ] DEBUG Engine               - collisionDetectionStrategy: BRUTE_FORCE
09:19:11.454 [FXGL Background Thread 3 ] DEBUG Engine               - configClass: Optional.empty
09:19:11.454 [FXGL Background Thread 3 ] DEBUG Engine               - credits: []
09:19:11.455 [FXGL Background Thread 3 ] DEBUG Engine               - defaultCursor: CursorInfo(imageName=fxgl_default_cursor.png, hotspotX=7.0, hotspotY=6.0)
09:19:11.456 [FXGL Background Thread 3 ] DEBUG Engine               - devBBoxColorProperty: ObjectProperty [value: 0xff0000ff]
09:19:11.456 [FXGL Background Thread 3 ] DEBUG Engine               - devEnableDebugCameraProperty: BooleanProperty [value: false]
09:19:11.456 [FXGL Background Thread 3 ] DEBUG Engine               - devSensorColorProperty: ObjectProperty [value: 0xffff00ff]
09:19:11.456 [FXGL Background Thread 3 ] DEBUG Engine               - devShowBBoxProperty: BooleanProperty [value: false]
09:19:11.456 [FXGL Background Thread 3 ] DEBUG Engine               - devShowPositionProperty: BooleanProperty [value: false]
09:19:11.456 [FXGL Background Thread 3 ] DEBUG Engine               - enabledMenuItems: []
09:19:11.456 [FXGL Background Thread 3 ] DEBUG Engine               - engineServices: [class com.almasb.fxgl.app.services.FXGLAssetLoaderService, class com.almasb.fxgl.app.FXGLApplication$GameApplicationService, class com.almasb.fxgl.app.services.FXGLDialogService, class com.almasb.fxgl.app.services.IOTaskExecutorService, class com.almasb.fxgl.io.FileSystemService, class com.almasb.fxgl.localization.LocalizationService, class com.almasb.fxgl.app.services.SystemBundleService, class com.almasb.fxgl.profile.SaveLoadService, class com.almasb.fxgl.ui.FXGLUIFactoryServiceProvider, class com.almasb.fxgl.ui.FXGLDialogFactoryServiceProvider, class com.almasb.fxgl.audio.AudioPlayer, class com.almasb.fxgl.notification.impl.NotificationServiceProvider, class com.almasb.fxgl.achievement.AchievementService, class com.almasb.fxgl.cutscene.CutsceneService, class com.almasb.fxgl.minigames.MiniGameService, class com.almasb.fxgl.net.NetService, class com.almasb.fxgl.app.services.UpdaterService, class com.almasb.fxgl.dev.DevService]
09:19:11.456 [FXGL Background Thread 3 ] DEBUG Engine               - fontGame: Abel-Regular.ttf
09:19:11.457 [FXGL Background Thread 3 ] DEBUG Engine               - fontMono: TerminalLandMono-Regular.otf
09:19:11.457 [FXGL Background Thread 3 ] DEBUG Engine               - fontText: Courier-Prime.ttf
09:19:11.457 [FXGL Background Thread 3 ] DEBUG Engine               - fontUI: VarelaRound-Regular.ttf
09:19:11.457 [FXGL Background Thread 3 ] DEBUG Engine               - fullScreen: BooleanProperty [value: false]
09:19:11.457 [FXGL Background Thread 3 ] DEBUG Engine               - gameDifficulty: MEDIUM
09:19:11.457 [FXGL Background Thread 3 ] DEBUG Engine               - gameDifficultyProperty: ObjectProperty [value: MEDIUM]
09:19:11.457 [FXGL Background Thread 3 ] DEBUG Engine               - globalMusicVolume: 0.5
09:19:11.457 [FXGL Background Thread 3 ] DEBUG Engine               - globalMusicVolumeProperty: DoubleProperty [value: 0.25]
09:19:11.458 [FXGL Background Thread 3 ] DEBUG Engine               - globalSoundVolume: 0.5
09:19:11.458 [FXGL Background Thread 3 ] DEBUG Engine               - globalSoundVolumeProperty: DoubleProperty [value: 0.3]
09:19:11.458 [FXGL Background Thread 3 ] DEBUG Engine               - height: 720
09:19:11.458 [FXGL Background Thread 3 ] DEBUG Engine               - is3D: false
09:19:11.458 [FXGL Background Thread 3 ] DEBUG Engine               - isAndroid: false
09:19:11.458 [FXGL Background Thread 3 ] DEBUG Engine               - isBrowser: false
09:19:11.458 [FXGL Background Thread 3 ] DEBUG Engine               - isClickFeedbackEnabled: false
09:19:11.458 [FXGL Background Thread 3 ] DEBUG Engine               - isCloseConfirmation: false
09:19:11.458 [FXGL Background Thread 3 ] DEBUG Engine               - isDesktop: true
09:19:11.458 [FXGL Background Thread 3 ] DEBUG Engine               - isDeveloperMenuEnabled: false
09:19:11.458 [FXGL Background Thread 3 ] DEBUG Engine               - isEmbedded: false
09:19:11.458 [FXGL Background Thread 3 ] DEBUG Engine               - isEntityPreloadEnabled: true
09:19:11.458 [FXGL Background Thread 3 ] DEBUG Engine               - isExperimentalTiledLargeMap: false
09:19:11.458 [FXGL Background Thread 3 ] DEBUG Engine               - isFileSystemWriteAllowed: true
09:19:11.459 [FXGL Background Thread 3 ] DEBUG Engine               - isFullScreenAllowed: false
09:19:11.459 [FXGL Background Thread 3 ] DEBUG Engine               - isFullScreenFromStart: false
09:19:11.459 [FXGL Background Thread 3 ] DEBUG Engine               - isGameMenuEnabled: true
09:19:11.459 [FXGL Background Thread 3 ] DEBUG Engine               - isIOS: false
09:19:11.459 [FXGL Background Thread 3 ] DEBUG Engine               - isIntroEnabled: false
09:19:11.459 [FXGL Background Thread 3 ] DEBUG Engine               - isLinux: false
09:19:11.459 [FXGL Background Thread 3 ] DEBUG Engine               - isMac: false
09:19:11.459 [FXGL Background Thread 3 ] DEBUG Engine               - isMainMenuEnabled: true
09:19:11.459 [FXGL Background Thread 3 ] DEBUG Engine               - isManualResizeEnabled: false
09:19:11.459 [FXGL Background Thread 3 ] DEBUG Engine               - isMobile: false
09:19:11.459 [FXGL Background Thread 3 ] DEBUG Engine               - isNative: false
09:19:11.459 [FXGL Background Thread 3 ] DEBUG Engine               - isPauseMusicWhenMinimized: true
09:19:11.459 [FXGL Background Thread 3 ] DEBUG Engine               - isPreserveResizeRatio: false
09:19:11.459 [FXGL Background Thread 3 ] DEBUG Engine               - isProfilingEnabled: false
09:19:11.459 [FXGL Background Thread 3 ] DEBUG Engine               - isScaleAffectedOnResize: true
09:19:11.459 [FXGL Background Thread 3 ] DEBUG Engine               - isSingleStep: false
09:19:11.460 [FXGL Background Thread 3 ] DEBUG Engine               - isUserProfileEnabled: false
09:19:11.460 [FXGL Background Thread 3 ] DEBUG Engine               - isWindows: true
09:19:11.460 [FXGL Background Thread 3 ] DEBUG Engine               - language: ObjectProperty [value: ENGLISH]
09:19:11.460 [FXGL Background Thread 3 ] DEBUG Engine               - menuKey: ESCAPE
09:19:11.460 [FXGL Background Thread 3 ] DEBUG Engine               - mouseSensitivity: 0.2
09:19:11.460 [FXGL Background Thread 3 ] DEBUG Engine               - notificationViewClass: class com.almasb.fxgl.notification.view.XboxNotificationView
09:19:11.460 [FXGL Background Thread 3 ] DEBUG Engine               - pixelsPerMeter: 50.0
09:19:11.460 [FXGL Background Thread 3 ] DEBUG Engine               - platform: WINDOWS
09:19:11.460 [FXGL Background Thread 3 ] DEBUG Engine               - prefHeightProperty: ReadOnlyDoubleProperty [value: 720.0]
09:19:11.461 [FXGL Background Thread 3 ] DEBUG Engine               - prefWidthProperty: ReadOnlyDoubleProperty [value: 1500.0]
09:19:11.461 [FXGL Background Thread 3 ] DEBUG Engine               - profileDir: profiles/
09:19:11.461 [FXGL Background Thread 3 ] DEBUG Engine               - profileName: StringProperty [value: DEFAULT]
09:19:11.461 [FXGL Background Thread 3 ] DEBUG Engine               - randomSeed: -1
09:19:11.461 [FXGL Background Thread 3 ] DEBUG Engine               - runtimeInfo: RuntimeInfo(platform=WINDOWS, version=17, build=31.12.2021 18.16)
09:19:11.461 [FXGL Background Thread 3 ] DEBUG Engine               - saveFileExt: sav
09:19:11.461 [FXGL Background Thread 3 ] DEBUG Engine               - scaledHeightProp$fxgl: DoubleProperty [bound, value: 720.0]
09:19:11.462 [FXGL Background Thread 3 ] DEBUG Engine               - scaledWidthProp$fxgl: DoubleProperty [bound, value: 1500.0]
09:19:11.462 [FXGL Background Thread 3 ] DEBUG Engine               - sceneFactory: game.MySceneFactory@58aa2f42
09:19:11.462 [FXGL Background Thread 3 ] DEBUG Engine               - secondsIn24h: 60
09:19:11.462 [FXGL Background Thread 3 ] DEBUG Engine               - soundMenuBack: menu/back.wav
09:19:11.462 [FXGL Background Thread 3 ] DEBUG Engine               - soundMenuPress: menu/press.wav
09:19:11.462 [FXGL Background Thread 3 ] DEBUG Engine               - soundMenuSelect: menu/select.wav
09:19:11.462 [FXGL Background Thread 3 ] DEBUG Engine               - soundNotification: core/notification.wav
09:19:11.462 [FXGL Background Thread 3 ] DEBUG Engine               - stageStyle: DECORATED
09:19:11.462 [FXGL Background Thread 3 ] DEBUG Engine               - supportedLanguages: [ENGLISH, FRENCH, GERMAN, HUNGARIAN, RUSSIAN]
09:19:11.462 [FXGL Background Thread 3 ] DEBUG Engine               - ticksPerSecond: -1
09:19:11.462 [FXGL Background Thread 3 ] DEBUG Engine               - title: Escape HSLEIDEN
09:19:11.462 [FXGL Background Thread 3 ] DEBUG Engine               - urlGithub: https://github.com/AlmasB/FXGL
09:19:11.462 [FXGL Background Thread 3 ] DEBUG Engine               - urlLeaderboard: http://fxgl-top.herokuapp.com/
09:19:11.462 [FXGL Background Thread 3 ] DEBUG Engine               - urlPOM: https://raw.githubusercontent.com/AlmasB/FXGL/release/README.md
09:19:11.462 [FXGL Background Thread 3 ] DEBUG Engine               - userAppClass: class game.PlatformerApp
09:19:11.462 [FXGL Background Thread 3 ] DEBUG Engine               - version: 1
09:19:11.462 [FXGL Background Thread 3 ] DEBUG Engine               - versionCheckDays: 7
09:19:11.462 [FXGL Background Thread 3 ] DEBUG Engine               - width: 1500
09:19:11.462 [FXGL Background Thread 3 ] DEBUG Engine               - Logging services
09:19:11.462 [FXGL Background Thread 3 ] DEBUG Engine               - class com.almasb.fxgl.app.services.FXGLAssetLoaderService
09:19:11.462 [FXGL Background Thread 3 ] DEBUG Engine               - class com.almasb.fxgl.app.FXGLApplication$GameApplicationService
09:19:11.462 [FXGL Background Thread 3 ] DEBUG Engine               - class com.almasb.fxgl.app.services.FXGLDialogService
09:19:11.462 [FXGL Background Thread 3 ] DEBUG Engine               - class com.almasb.fxgl.app.services.IOTaskExecutorService
09:19:11.462 [FXGL Background Thread 3 ] DEBUG Engine               - class com.almasb.fxgl.io.FileSystemService
09:19:11.462 [FXGL Background Thread 3 ] DEBUG Engine               - class com.almasb.fxgl.localization.LocalizationService
09:19:11.463 [FXGL Background Thread 3 ] DEBUG Engine               - class com.almasb.fxgl.app.services.SystemBundleService
09:19:11.463 [FXGL Background Thread 3 ] DEBUG Engine               - class com.almasb.fxgl.profile.SaveLoadService
09:19:11.463 [FXGL Background Thread 3 ] DEBUG Engine               - class com.almasb.fxgl.ui.FXGLUIFactoryServiceProvider
09:19:11.463 [FXGL Background Thread 3 ] DEBUG Engine               - class com.almasb.fxgl.ui.FXGLDialogFactoryServiceProvider
09:19:11.463 [FXGL Background Thread 3 ] DEBUG Engine               - class com.almasb.fxgl.audio.AudioPlayer
09:19:11.463 [FXGL Background Thread 3 ] DEBUG Engine               - class com.almasb.fxgl.notification.impl.NotificationServiceProvider
09:19:11.463 [FXGL Background Thread 3 ] DEBUG Engine               - class com.almasb.fxgl.achievement.AchievementService
09:19:11.463 [FXGL Background Thread 3 ] DEBUG Engine               - class com.almasb.fxgl.cutscene.CutsceneService
09:19:11.463 [FXGL Background Thread 3 ] DEBUG Engine               - class com.almasb.fxgl.minigames.MiniGameService
09:19:11.463 [FXGL Background Thread 3 ] DEBUG Engine               - class com.almasb.fxgl.net.NetService
09:19:11.463 [FXGL Background Thread 3 ] DEBUG Engine               - class com.almasb.fxgl.app.services.UpdaterService
09:19:11.463 [FXGL Background Thread 3 ] DEBUG Engine               - class com.almasb.fxgl.dev.DevService
09:19:19.415 [JavaFX Application Thread] DEBUG FXGLAssetLoaderServi - Loading from file system: file:/C:/Users/04amb/OneDrive%20-%20Hogeschool%20Leiden/Periode%203/SE%20challengeweek/IntelliJ%20Projects/game%202/game/target/classes/assets/sounds/jump.wav
09:19:19.678 [JavaFX Application Thread] DEBUG FXGLAssetLoaderServi - Loading from file system: file:/C:/Users/04amb/OneDrive%20-%20Hogeschool%20Leiden/Periode%203/SE%20challengeweek/IntelliJ%20Projects/game%202/game/target/classes/assets/sounds/Item_Get.wav
09:19:26.830 [JavaFX Application Thread] DEBUG FXGLAssetLoaderServi - Loading from file system: file:/C:/Users/04amb/OneDrive%20-%20Hogeschool%20Leiden/Periode%203/SE%20challengeweek/IntelliJ%20Projects/game%202/game/target/classes/assets/sounds/level_complete.wav
09:19:26.835 [JavaFX Application Thread] WARN  TMXLevelLoader       - TiledMap generated from 1.10.0. Supported version: 1.2.3. Some features may not be parsed fully.
09:19:26.837 [JavaFX Application Thread] DEBUG TMXLevelLoader       - Parsed TiledMap: file:/C:/Users/04amb/OneDrive%20-%20Hogeschool%20Leiden/Periode%203/SE%20challengeweek/IntelliJ%20Projects/game%202/game/target/classes/assets/levels/tmx/level2.tmx
09:19:26.837 [JavaFX Application Thread] DEBUG TMXLevelLoader       - Creating tile layer entities
09:19:26.838 [JavaFX Application Thread] DEBUG TilesetLoader        - Loading view for layer Tile Layer 1
09:19:26.838 [JavaFX Application Thread] DEBUG TilesetLoader        - Created buffer with size 1050.0x700.0
09:19:26.849 [JavaFX Application Thread] DEBUG TMXLevelLoader       - Creating object layer entities
09:19:26.852 [JavaFX Application Thread] DEBUG GameWorld            - Clearing removable entities
09:19:26.852 [JavaFX Application Thread] DEBUG GameWorld            - Setting level: com.almasb.fxgl.entity.level.Level@15106b69
09:19:53.969 [JavaFX Application Thread] WARN  TMXLevelLoader       - TiledMap generated from 1.0.1. Supported version: 1.2.3. Some features may not be parsed fully.
09:19:53.971 [JavaFX Application Thread] DEBUG TMXLevelLoader       - Parsed TiledMap: file:/C:/Users/04amb/OneDrive%20-%20Hogeschool%20Leiden/Periode%203/SE%20challengeweek/IntelliJ%20Projects/game%202/game/target/classes/assets/levels/tmx/level3.tmx
09:19:53.971 [JavaFX Application Thread] DEBUG TMXLevelLoader       - Creating tile layer entities
09:19:53.972 [JavaFX Application Thread] DEBUG TilesetLoader        - Loading view for layer Tile Layer 1
09:19:53.972 [JavaFX Application Thread] DEBUG TilesetLoader        - Created buffer with size 1050.0x700.0
09:19:53.982 [JavaFX Application Thread] DEBUG TMXLevelLoader       - Creating object layer entities
09:19:53.987 [JavaFX Application Thread] DEBUG GameWorld            - Clearing removable entities
09:19:53.988 [JavaFX Application Thread] DEBUG GameWorld            - Setting level: com.almasb.fxgl.entity.level.Level@776e382e
09:20:06.402 [JavaFX Application Thread] WARN  TMXLevelLoader       - TiledMap generated from 1.0.1. Supported version: 1.2.3. Some features may not be parsed fully.
09:20:06.404 [JavaFX Application Thread] DEBUG TMXLevelLoader       - Parsed TiledMap: file:/C:/Users/04amb/OneDrive%20-%20Hogeschool%20Leiden/Periode%203/SE%20challengeweek/IntelliJ%20Projects/game%202/game/target/classes/assets/levels/tmx/level4.tmx
09:20:06.404 [JavaFX Application Thread] DEBUG TMXLevelLoader       - Creating tile layer entities
09:20:06.405 [JavaFX Application Thread] DEBUG TilesetLoader        - Loading view for layer Tile Layer 1
09:20:06.408 [JavaFX Application Thread] DEBUG TilesetLoader        - Created buffer with size 1050.0x700.0
09:20:06.419 [JavaFX Application Thread] DEBUG TMXLevelLoader       - Creating object layer entities
09:20:06.429 [JavaFX Application Thread] DEBUG GameWorld            - Clearing removable entities
09:20:06.430 [JavaFX Application Thread] DEBUG GameWorld            - Setting level: com.almasb.fxgl.entity.level.Level@4fbd413f
09:20:27.344 [JavaFX Application Thread] WARN  TMXLevelLoader       - TiledMap generated from 1.0.1. Supported version: 1.2.3. Some features may not be parsed fully.
09:20:27.346 [JavaFX Application Thread] DEBUG TMXLevelLoader       - Parsed TiledMap: file:/C:/Users/04amb/OneDrive%20-%20Hogeschool%20Leiden/Periode%203/SE%20challengeweek/IntelliJ%20Projects/game%202/game/target/classes/assets/levels/tmx/level4.tmx
09:20:27.347 [JavaFX Application Thread] DEBUG TMXLevelLoader       - Creating tile layer entities
09:20:27.347 [JavaFX Application Thread] DEBUG TilesetLoader        - Loading view for layer Tile Layer 1
09:20:27.347 [JavaFX Application Thread] DEBUG TilesetLoader        - Created buffer with size 1050.0x700.0
09:20:27.355 [JavaFX Application Thread] DEBUG TMXLevelLoader       - Creating object layer entities
09:20:27.358 [JavaFX Application Thread] DEBUG GameWorld            - Clearing removable entities
09:20:27.359 [JavaFX Application Thread] DEBUG GameWorld            - Setting level: com.almasb.fxgl.entity.level.Level@3e3d7080
09:20:43.758 [JavaFX Application Thread] DEBUG PrimaryStageWindow   - Push state: DialogSubScene
09:20:43.758 [JavaFX Application Thread] DEBUG Input                - Clearing active input actions
09:20:43.760 [JavaFX Application Thread] DEBUG GameApplicationServi - Removing overlay from GameScene and adding to DialogSubScene
09:20:43.760 [JavaFX Application Thread] DEBUG PrimaryStageWindow   - GameScene -> DialogSubScene
09:20:51.070 [JavaFX Application Thread] DEBUG PrimaryStageWindow   - Pop state: DialogSubScene
09:20:51.070 [JavaFX Application Thread] DEBUG Input                - Clearing active input actions
09:20:51.071 [JavaFX Application Thread] DEBUG GameApplicationServi - Removing overlay from DialogSubScene and adding to GameScene
09:20:51.071 [JavaFX Application Thread] DEBUG PrimaryStageWindow   - GameScene <- DialogSubScene
09:20:51.074 [JavaFX Application Thread] DEBUG Input                - Clearing active input actions
09:20:51.081 [JavaFX Application Thread] DEBUG GameApplicationServi - Removing overlay from GameScene and adding to FXGLMainMenuDummyScene
09:20:51.081 [JavaFX Application Thread] DEBUG PrimaryStageWindow   - GameScene -> FXGLMainMenuDummyScene
09:20:51.081 [JavaFX Application Thread] DEBUG PrimaryStageWindow   - Push state: MyMenu
09:20:51.081 [JavaFX Application Thread] DEBUG Input                - Clearing active input actions
09:20:51.082 [JavaFX Application Thread] DEBUG GameApplicationServi - Removing overlay from FXGLMainMenuDummyScene and adding to MyMenu
09:20:51.082 [JavaFX Application Thread] DEBUG PrimaryStageWindow   - FXGLMainMenuDummyScene -> MyMenu
09:20:53.786 [JavaFX Application Thread] DEBUG FXGLApplication      - Exiting FXGL
09:20:53.786 [JavaFX Application Thread] DEBUG LoopRunner           - Stopping loop
09:20:53.786 [JavaFX Application Thread] DEBUG SystemBundleService  - Saving FXGL system data
09:20:53.790 [JavaFX Application Thread] DEBUG FileSystemAccess     - Writing to: C:\Users\04amb\OneDrive - Hogeschool Leiden\Periode 3\SE challengeweek\IntelliJ Projects\game 2\game\system\fxgl.bundle
09:20:53.795 [JavaFX Application Thread] DEBUG Async                - Shutting down background threads
09:20:53.795 [JavaFX Application Thread] DEBUG PrimaryStageWindow   - Closing main window
09:20:53.812 [JavaFX Application Thread] DEBUG Logger               - Closing Logger
