09:40:02.819 [main                     ] DEBUG Logger               - Configured Logger
09:40:02.840 [main                     ] DEBUG GameApplication      - Logging settings
Title: Escape HSLEIDEN
Version: 1
Width: 1500
Height: 720
Fullscreen: false
Intro: false
Profiling: false
Single step:false
App Mode: DEVELOPER
Menu Key: ESCAPE
Stage Style: DECORATED
Scene Factory: class game.MySceneFactory

09:40:03.084 [JavaFX Application Thread] DEBUG FXGLApplication      - Initializing FXGL
09:40:03.088 [JavaFX Application Thread] INFO  Engine               - FXGL-17 (31.12.2021 18.16) on WINDOWS (J:19.0.1 FX:17.0.0.1)
09:40:03.088 [JavaFX Application Thread] DEBUG Engine               - JRE Vendor Name: Oracle Corporation
09:40:03.088 [JavaFX Application Thread] DEBUG Engine               - Running on OS: Windows 11 version 10.0
09:40:03.088 [JavaFX Application Thread] DEBUG Engine               - Architecture: amd64
09:40:03.089 [JavaFX Application Thread] INFO  Engine               - Source code and latest versions at: https://github.com/AlmasB/FXGL
09:40:03.089 [JavaFX Application Thread] INFO  Engine               -       Ask questions and discuss at: https://github.com/AlmasB/FXGL/discussions
09:40:03.089 [JavaFX Application Thread] INFO  Engine               -              Join the FXGL chat at: https://gitter.im/AlmasB/FXGL
09:40:03.161 [JavaFX Application Thread] DEBUG PrimaryStageWindow   - Creating a JavaFX scene
09:40:03.194 [JavaFX Application Thread] DEBUG PrimaryStageWindow   - Target settings size: 1500.0 x 720.0
09:40:03.194 [JavaFX Application Thread] DEBUG PrimaryStageWindow   - Scaled scene size:    1500.0 x 720.0
09:40:03.194 [JavaFX Application Thread] DEBUG PrimaryStageWindow   - Scaled ratio: (1.0, 1.0)
09:40:03.195 [JavaFX Application Thread] DEBUG PrimaryStageWindow   - Set initial scene to FXGLStartupScene
09:40:03.200 [JavaFX Application Thread] DEBUG PrimaryStageWindow   - Opening main window
09:40:03.272 [JavaFX Application Thread] DEBUG PrimaryStageWindow   - Window border size: (14.4000244140625, 37.5999755859375)
09:40:03.272 [JavaFX Application Thread] DEBUG PrimaryStageWindow   - Scaled size: 1500.0 x 720.0
09:40:03.272 [JavaFX Application Thread] DEBUG PrimaryStageWindow   - Scaled ratio: (1.0, 1.0)
09:40:03.272 [JavaFX Application Thread] DEBUG PrimaryStageWindow   - Scene size: 1500.0 x 720.0
09:40:03.273 [JavaFX Application Thread] DEBUG PrimaryStageWindow   - Stage size: 1514.4000244140625 x 757.5999755859375
09:40:03.281 [FXGL Background Thread 1 ] DEBUG Engine               - Initializing environment variables
09:40:03.336 [FXGL Background Thread 1 ] DEBUG FXGLAssetLoaderServi - User app class for loading assets: class game.PlatformerApp
09:40:03.337 [FXGL Background Thread 1 ] DEBUG GameApplicationServi - Applying CSS: fxgl_dark.css
09:40:03.338 [FXGL Background Thread 1 ] DEBUG FXGLAssetLoaderServi - Loading from file system: jar:file:///C:/Users/04amb/.m2/repository/com/github/almasb/fxgl/17/fxgl-17.jar!/fxglassets/ui/css/fxgl_dark.css
09:40:03.382 [FXGL Background Thread 1 ] DEBUG GameApplicationServi - Initializing application scenes
09:40:03.415 [FXGL Background Thread 1 ] DEBUG GameWorld            - Game world initialized
09:40:03.490 [FXGL Background Thread 1 ] DEBUG PhysicsWorld         - Physics world initialized: appHeight=720, physics.ppm=50.0
09:40:03.490 [FXGL Background Thread 1 ] DEBUG PhysicsWorld         - Using strategy: BRUTE_FORCE
09:40:03.496 [FXGL Background Thread 1 ] DEBUG GameScene            - Game scene initialized: 1500x720
09:40:03.554 [FXGL Background Thread 1 ] DEBUG FXGL.DefaultMenu     - createMenuBodyGameMenu()
09:40:03.564 [FXGL Background Thread 1 ] DEBUG FXGL.DefaultMenu     - createOptionsMenu()
09:40:03.572 [FXGL Background Thread 1 ] DEBUG FXGLAssetLoaderServi - Loading from file system: jar:file:///C:/Users/04amb/.m2/repository/com/github/almasb/fxgl/17/fxgl-17.jar!/fxglassets/textures/particles/smoke.png
09:40:03.652 [FXGL Background Thread 1 ] DEBUG FXGLAssetLoaderServi - Loading from file system: jar:file:///C:/Users/04amb/.m2/repository/com/github/almasb/fxgl/17/fxgl-17.jar!/fxglassets/textures/particles/trace_horizontal.png
09:40:03.682 [FXGL Background Thread 1 ] DEBUG GameApplicationServi - Application scenes initialized
09:40:03.694 [FXGL Background Thread 1 ] DEBUG SystemBundleService  - Loading FXGL system data
09:40:03.699 [FXGL Background Thread 1 ] DEBUG FileSystemAccess     - Reading from: C:\Users\04amb\OneDrive - Hogeschool Leiden\Periode 3\SE challengeweek\IntelliJ Projects\game 2\game\system\fxgl.bundle
09:40:03.709 [FXGL Background Thread 1 ] DEBUG SystemBundleService  - Bundle FXGL: {}
09:40:03.709 [FXGL Background Thread 1 ] DEBUG UpdaterService       - Checking for updates
09:40:03.713 [FXGL Background Thread 4 ] DEBUG FXGLApplication      - Loading fonts
09:40:03.714 [FXGL Background Thread 1 ] DEBUG FXGLApplication      - Loading default localization
09:40:03.714 [FXGL Background Thread 4 ] DEBUG FXGLAssetLoaderServi - Loading from file system: jar:file:///C:/Users/04amb/.m2/repository/com/github/almasb/fxgl/17/fxgl-17.jar!/fxglassets/ui/fonts/VarelaRound-Regular.ttf
09:40:03.714 [FXGL Background Thread 1 ] DEBUG FXGLAssetLoaderServi - Loading from file system: jar:file:///C:/Users/04amb/.m2/repository/com/github/almasb/fxgl/17/fxgl-17.jar!/fxglassets/languages/english.lang
09:40:03.738 [FXGL Background Thread 1 ] INFO  FXGLApplication      - FXGL initialization took: 0.457 sec
09:40:03.749 [JavaFX Application Thread] DEBUG Input                - Registered new binding: Left - A
09:40:03.749 [JavaFX Application Thread] DEBUG Input                - Registered new binding: Right - D
09:40:03.750 [JavaFX Application Thread] DEBUG Input                - Registered new binding: Jump - Space
09:40:03.750 [JavaFX Application Thread] DEBUG FXGLAssetLoaderServi - Loading from file system: file:/C:/Users/04amb/OneDrive%20-%20Hogeschool%20Leiden/Periode%203/SE%20challengeweek/IntelliJ%20Projects/game%202/game/target/classes/assets/music/bob2v2.wav
09:40:03.788 [FXGL Background Thread 4 ] DEBUG FXGLAssetLoaderServi - Loading from file system: jar:file:///C:/Users/04amb/.m2/repository/com/github/almasb/fxgl/17/fxgl-17.jar!/fxglassets/ui/fonts/Abel-Regular.ttf
09:40:03.790 [FXGL Background Thread 4 ] DEBUG FXGLAssetLoaderServi - Loading from file system: jar:file:///C:/Users/04amb/.m2/repository/com/github/almasb/fxgl/17/fxgl-17.jar!/fxglassets/ui/fonts/TerminalLandMono-Regular.otf
09:40:03.793 [FXGL Background Thread 4 ] DEBUG FXGLAssetLoaderServi - Loading from file system: jar:file:///C:/Users/04amb/.m2/repository/com/github/almasb/fxgl/17/fxgl-17.jar!/fxglassets/ui/fonts/Courier-Prime.ttf
09:40:03.886 [JavaFX Application Thread] DEBUG AudioPlayer          - Playing music com.almasb.fxgl.audio.Music@5a2a7c46
09:40:03.887 [JavaFX Application Thread] DEBUG FXGLAssetLoaderServi - Loading from file system: jar:file:///C:/Users/04amb/.m2/repository/com/github/almasb/fxgl/17/fxgl-17.jar!/fxglassets/textures/fxgl_icon.png
09:40:03.905 [JavaFX Application Thread] DEBUG FXGLAssetLoaderServi - Loading from file system: jar:file:///C:/Users/04amb/.m2/repository/com/github/almasb/fxgl/17/fxgl-17.jar!/fxglassets/textures/fxgl_default_cursor.png
09:40:03.907 [JavaFX Application Thread] DEBUG Input                - Registered new binding: Screenshot - CTRL+8
09:40:03.907 [JavaFX Application Thread] DEBUG Input                - Registered new binding: System info dump - CTRL+9
09:40:03.908 [JavaFX Application Thread] DEBUG Input                - Registered new binding: Restart - CTRL+R
09:40:03.908 [JavaFX Application Thread] DEBUG Input                - Registered new binding: Toggle Debug Camera - CTRL+7
09:40:03.910 [JavaFX Application Thread] DEBUG LoopRunner           - Starting loop
09:40:03.910 [JavaFX Application Thread] DEBUG LoopRunner           - Initializing JavaFX AnimationTimerLoop
09:40:03.913 [JavaFX Application Thread] DEBUG Input                - Clearing active input actions
09:40:03.924 [JavaFX Application Thread] DEBUG GameApplicationServi - Removing overlay from FXGLStartupScene and adding to FXGLMainMenuDummyScene
09:40:03.925 [JavaFX Application Thread] DEBUG PrimaryStageWindow   - FXGLStartupScene -> FXGLMainMenuDummyScene
09:40:03.925 [JavaFX Application Thread] DEBUG PrimaryStageWindow   - Push state: MyMenu
09:40:03.925 [JavaFX Application Thread] DEBUG Input                - Clearing active input actions
09:40:03.930 [JavaFX Application Thread] DEBUG GameApplicationServi - Removing overlay from FXGLMainMenuDummyScene and adding to MyMenu
09:40:03.930 [JavaFX Application Thread] DEBUG PrimaryStageWindow   - FXGLMainMenuDummyScene -> MyMenu
09:40:03.930 [JavaFX Application Thread] DEBUG FXGLApplication      - Registering font factories with UI factory
09:40:04.316 [FXGL Background Thread 2 ] INFO  UpdaterService       - Your current version:  17
09:40:04.316 [FXGL Background Thread 2 ] INFO  UpdaterService       - Latest stable version: 17.3
09:40:06.713 [FXGL Background Thread 3 ] DEBUG Engine               - Logging environment variables
09:40:06.714 [FXGL Background Thread 3 ] DEBUG Engine               - achievements: []
09:40:06.714 [FXGL Background Thread 3 ] DEBUG Engine               - actualHeight: 720.0
09:40:06.715 [FXGL Background Thread 3 ] DEBUG Engine               - actualHeightProperty: ReadOnlyDoubleProperty [value: 720.0]
09:40:06.715 [FXGL Background Thread 3 ] DEBUG Engine               - actualWidth: 1500.0
09:40:06.715 [FXGL Background Thread 3 ] DEBUG Engine               - actualWidthProperty: ReadOnlyDoubleProperty [value: 1500.0]
09:40:06.715 [FXGL Background Thread 3 ] DEBUG Engine               - appIcon: fxgl_icon.png
09:40:06.715 [FXGL Background Thread 3 ] DEBUG Engine               - applicationMode: DEVELOPER
09:40:06.715 [FXGL Background Thread 3 ] DEBUG Engine               - cSSList: [fxgl_dark.css]
09:40:06.715 [FXGL Background Thread 3 ] DEBUG Engine               - collisionDetectionStrategy: BRUTE_FORCE
09:40:06.715 [FXGL Background Thread 3 ] DEBUG Engine               - configClass: Optional.empty
09:40:06.715 [FXGL Background Thread 3 ] DEBUG Engine               - credits: []
09:40:06.715 [FXGL Background Thread 3 ] DEBUG Engine               - defaultCursor: CursorInfo(imageName=fxgl_default_cursor.png, hotspotX=7.0, hotspotY=6.0)
09:40:06.715 [FXGL Background Thread 3 ] DEBUG Engine               - devBBoxColorProperty: ObjectProperty [value: 0xff0000ff]
09:40:06.716 [FXGL Background Thread 3 ] DEBUG Engine               - devEnableDebugCameraProperty: BooleanProperty [value: false]
09:40:06.716 [FXGL Background Thread 3 ] DEBUG Engine               - devSensorColorProperty: ObjectProperty [value: 0xffff00ff]
09:40:06.716 [FXGL Background Thread 3 ] DEBUG Engine               - devShowBBoxProperty: BooleanProperty [value: false]
09:40:06.716 [FXGL Background Thread 3 ] DEBUG Engine               - devShowPositionProperty: BooleanProperty [value: false]
09:40:06.716 [FXGL Background Thread 3 ] DEBUG Engine               - enabledMenuItems: []
09:40:06.716 [FXGL Background Thread 3 ] DEBUG Engine               - engineServices: [class com.almasb.fxgl.app.services.FXGLAssetLoaderService, class com.almasb.fxgl.app.FXGLApplication$GameApplicationService, class com.almasb.fxgl.app.services.FXGLDialogService, class com.almasb.fxgl.app.services.IOTaskExecutorService, class com.almasb.fxgl.io.FileSystemService, class com.almasb.fxgl.localization.LocalizationService, class com.almasb.fxgl.app.services.SystemBundleService, class com.almasb.fxgl.profile.SaveLoadService, class com.almasb.fxgl.ui.FXGLUIFactoryServiceProvider, class com.almasb.fxgl.ui.FXGLDialogFactoryServiceProvider, class com.almasb.fxgl.audio.AudioPlayer, class com.almasb.fxgl.notification.impl.NotificationServiceProvider, class com.almasb.fxgl.achievement.AchievementService, class com.almasb.fxgl.cutscene.CutsceneService, class com.almasb.fxgl.minigames.MiniGameService, class com.almasb.fxgl.net.NetService, class com.almasb.fxgl.app.services.UpdaterService, class com.almasb.fxgl.dev.DevService]
09:40:06.716 [FXGL Background Thread 3 ] DEBUG Engine               - fontGame: Abel-Regular.ttf
09:40:06.716 [FXGL Background Thread 3 ] DEBUG Engine               - fontMono: TerminalLandMono-Regular.otf
09:40:06.716 [FXGL Background Thread 3 ] DEBUG Engine               - fontText: Courier-Prime.ttf
09:40:06.716 [FXGL Background Thread 3 ] DEBUG Engine               - fontUI: VarelaRound-Regular.ttf
09:40:06.716 [FXGL Background Thread 3 ] DEBUG Engine               - fullScreen: BooleanProperty [value: false]
09:40:06.716 [FXGL Background Thread 3 ] DEBUG Engine               - gameDifficulty: MEDIUM
09:40:06.716 [FXGL Background Thread 3 ] DEBUG Engine               - gameDifficultyProperty: ObjectProperty [value: MEDIUM]
09:40:06.716 [FXGL Background Thread 3 ] DEBUG Engine               - globalMusicVolume: 0.5
09:40:06.716 [FXGL Background Thread 3 ] DEBUG Engine               - globalMusicVolumeProperty: DoubleProperty [value: 0.25]
09:40:06.716 [FXGL Background Thread 3 ] DEBUG Engine               - globalSoundVolume: 0.5
09:40:06.716 [FXGL Background Thread 3 ] DEBUG Engine               - globalSoundVolumeProperty: DoubleProperty [value: 0.5]
09:40:06.717 [FXGL Background Thread 3 ] DEBUG Engine               - height: 720
09:40:06.717 [FXGL Background Thread 3 ] DEBUG Engine               - is3D: false
09:40:06.717 [FXGL Background Thread 3 ] DEBUG Engine               - isAndroid: false
09:40:06.717 [FXGL Background Thread 3 ] DEBUG Engine               - isBrowser: false
09:40:06.717 [FXGL Background Thread 3 ] DEBUG Engine               - isClickFeedbackEnabled: false
09:40:06.717 [FXGL Background Thread 3 ] DEBUG Engine               - isCloseConfirmation: false
09:40:06.717 [FXGL Background Thread 3 ] DEBUG Engine               - isDesktop: true
09:40:06.717 [FXGL Background Thread 3 ] DEBUG Engine               - isDeveloperMenuEnabled: false
09:40:06.717 [FXGL Background Thread 3 ] DEBUG Engine               - isEmbedded: false
09:40:06.717 [FXGL Background Thread 3 ] DEBUG Engine               - isEntityPreloadEnabled: true
09:40:06.717 [FXGL Background Thread 3 ] DEBUG Engine               - isExperimentalTiledLargeMap: false
09:40:06.717 [FXGL Background Thread 3 ] DEBUG Engine               - isFileSystemWriteAllowed: true
09:40:06.717 [FXGL Background Thread 3 ] DEBUG Engine               - isFullScreenAllowed: false
09:40:06.717 [FXGL Background Thread 3 ] DEBUG Engine               - isFullScreenFromStart: false
09:40:06.717 [FXGL Background Thread 3 ] DEBUG Engine               - isGameMenuEnabled: true
09:40:06.717 [FXGL Background Thread 3 ] DEBUG Engine               - isIOS: false
09:40:06.717 [FXGL Background Thread 3 ] DEBUG Engine               - isIntroEnabled: false
09:40:06.718 [FXGL Background Thread 3 ] DEBUG Engine               - isLinux: false
09:40:06.718 [FXGL Background Thread 3 ] DEBUG Engine               - isMac: false
09:40:06.718 [FXGL Background Thread 3 ] DEBUG Engine               - isMainMenuEnabled: true
09:40:06.718 [FXGL Background Thread 3 ] DEBUG Engine               - isManualResizeEnabled: false
09:40:06.718 [FXGL Background Thread 3 ] DEBUG Engine               - isMobile: false
09:40:06.718 [FXGL Background Thread 3 ] DEBUG Engine               - isNative: false
09:40:06.718 [FXGL Background Thread 3 ] DEBUG Engine               - isPauseMusicWhenMinimized: true
09:40:06.718 [FXGL Background Thread 3 ] DEBUG Engine               - isPreserveResizeRatio: false
09:40:06.718 [FXGL Background Thread 3 ] DEBUG Engine               - isProfilingEnabled: false
09:40:06.718 [FXGL Background Thread 3 ] DEBUG Engine               - isScaleAffectedOnResize: true
09:40:06.718 [FXGL Background Thread 3 ] DEBUG Engine               - isSingleStep: false
09:40:06.718 [FXGL Background Thread 3 ] DEBUG Engine               - isUserProfileEnabled: false
09:40:06.718 [FXGL Background Thread 3 ] DEBUG Engine               - isWindows: true
09:40:06.718 [FXGL Background Thread 3 ] DEBUG Engine               - language: ObjectProperty [value: ENGLISH]
09:40:06.719 [FXGL Background Thread 3 ] DEBUG Engine               - menuKey: ESCAPE
09:40:06.719 [FXGL Background Thread 3 ] DEBUG Engine               - mouseSensitivity: 0.2
09:40:06.719 [FXGL Background Thread 3 ] DEBUG Engine               - notificationViewClass: class com.almasb.fxgl.notification.view.XboxNotificationView
09:40:06.719 [FXGL Background Thread 3 ] DEBUG Engine               - pixelsPerMeter: 50.0
09:40:06.719 [FXGL Background Thread 3 ] DEBUG Engine               - platform: WINDOWS
09:40:06.719 [FXGL Background Thread 3 ] DEBUG Engine               - prefHeightProperty: ReadOnlyDoubleProperty [value: 720.0]
09:40:06.719 [FXGL Background Thread 3 ] DEBUG Engine               - prefWidthProperty: ReadOnlyDoubleProperty [value: 1500.0]
09:40:06.719 [FXGL Background Thread 3 ] DEBUG Engine               - profileDir: profiles/
09:40:06.719 [FXGL Background Thread 3 ] DEBUG Engine               - profileName: StringProperty [value: DEFAULT]
09:40:06.719 [FXGL Background Thread 3 ] DEBUG Engine               - randomSeed: -1
09:40:06.719 [FXGL Background Thread 3 ] DEBUG Engine               - runtimeInfo: RuntimeInfo(platform=WINDOWS, version=17, build=31.12.2021 18.16)
09:40:06.719 [FXGL Background Thread 3 ] DEBUG Engine               - saveFileExt: sav
09:40:06.720 [FXGL Background Thread 3 ] DEBUG Engine               - scaledHeightProp$fxgl: DoubleProperty [bound, value: 720.0]
09:40:06.720 [FXGL Background Thread 3 ] DEBUG Engine               - scaledWidthProp$fxgl: DoubleProperty [bound, value: 1500.0]
09:40:06.720 [FXGL Background Thread 3 ] DEBUG Engine               - sceneFactory: game.MySceneFactory@1adc4a71
09:40:06.720 [FXGL Background Thread 3 ] DEBUG Engine               - secondsIn24h: 60
09:40:06.720 [FXGL Background Thread 3 ] DEBUG Engine               - soundMenuBack: menu/back.wav
09:40:06.720 [FXGL Background Thread 3 ] DEBUG Engine               - soundMenuPress: menu/press.wav
09:40:06.720 [FXGL Background Thread 3 ] DEBUG Engine               - soundMenuSelect: menu/select.wav
09:40:06.720 [FXGL Background Thread 3 ] DEBUG Engine               - soundNotification: core/notification.wav
09:40:06.720 [FXGL Background Thread 3 ] DEBUG Engine               - stageStyle: DECORATED
09:40:06.720 [FXGL Background Thread 3 ] DEBUG Engine               - supportedLanguages: [ENGLISH, FRENCH, GERMAN, HUNGARIAN, RUSSIAN]
09:40:06.720 [FXGL Background Thread 3 ] DEBUG Engine               - ticksPerSecond: -1
09:40:06.720 [FXGL Background Thread 3 ] DEBUG Engine               - title: Escape HSLEIDEN
09:40:06.720 [FXGL Background Thread 3 ] DEBUG Engine               - urlGithub: https://github.com/AlmasB/FXGL
09:40:06.720 [FXGL Background Thread 3 ] DEBUG Engine               - urlLeaderboard: http://fxgl-top.herokuapp.com/
09:40:06.720 [FXGL Background Thread 3 ] DEBUG Engine               - urlPOM: https://raw.githubusercontent.com/AlmasB/FXGL/release/README.md
09:40:06.720 [FXGL Background Thread 3 ] DEBUG Engine               - userAppClass: class game.PlatformerApp
09:40:06.720 [FXGL Background Thread 3 ] DEBUG Engine               - version: 1
09:40:06.720 [FXGL Background Thread 3 ] DEBUG Engine               - versionCheckDays: 7
09:40:06.720 [FXGL Background Thread 3 ] DEBUG Engine               - width: 1500
09:40:06.720 [FXGL Background Thread 3 ] DEBUG Engine               - Logging services
09:40:06.720 [FXGL Background Thread 3 ] DEBUG Engine               - class com.almasb.fxgl.app.services.FXGLAssetLoaderService
09:40:06.720 [FXGL Background Thread 3 ] DEBUG Engine               - class com.almasb.fxgl.app.FXGLApplication$GameApplicationService
09:40:06.720 [FXGL Background Thread 3 ] DEBUG Engine               - class com.almasb.fxgl.app.services.FXGLDialogService
09:40:06.721 [FXGL Background Thread 3 ] DEBUG Engine               - class com.almasb.fxgl.app.services.IOTaskExecutorService
09:40:06.721 [FXGL Background Thread 3 ] DEBUG Engine               - class com.almasb.fxgl.io.FileSystemService
09:40:06.721 [FXGL Background Thread 3 ] DEBUG Engine               - class com.almasb.fxgl.localization.LocalizationService
09:40:06.721 [FXGL Background Thread 3 ] DEBUG Engine               - class com.almasb.fxgl.app.services.SystemBundleService
09:40:06.721 [FXGL Background Thread 3 ] DEBUG Engine               - class com.almasb.fxgl.profile.SaveLoadService
09:40:06.721 [FXGL Background Thread 3 ] DEBUG Engine               - class com.almasb.fxgl.ui.FXGLUIFactoryServiceProvider
09:40:06.721 [FXGL Background Thread 3 ] DEBUG Engine               - class com.almasb.fxgl.ui.FXGLDialogFactoryServiceProvider
09:40:06.721 [FXGL Background Thread 3 ] DEBUG Engine               - class com.almasb.fxgl.audio.AudioPlayer
09:40:06.721 [FXGL Background Thread 3 ] DEBUG Engine               - class com.almasb.fxgl.notification.impl.NotificationServiceProvider
09:40:06.721 [FXGL Background Thread 3 ] DEBUG Engine               - class com.almasb.fxgl.achievement.AchievementService
09:40:06.721 [FXGL Background Thread 3 ] DEBUG Engine               - class com.almasb.fxgl.cutscene.CutsceneService
09:40:06.721 [FXGL Background Thread 3 ] DEBUG Engine               - class com.almasb.fxgl.minigames.MiniGameService
09:40:06.721 [FXGL Background Thread 3 ] DEBUG Engine               - class com.almasb.fxgl.net.NetService
09:40:06.721 [FXGL Background Thread 3 ] DEBUG Engine               - class com.almasb.fxgl.app.services.UpdaterService
09:40:06.721 [FXGL Background Thread 3 ] DEBUG Engine               - class com.almasb.fxgl.dev.DevService
09:40:10.782 [JavaFX Application Thread] DEBUG Menu                 - fireNewGame()
09:40:10.782 [JavaFX Application Thread] DEBUG GameApplicationServi - Starting new game
09:40:10.782 [JavaFX Application Thread] DEBUG PrimaryStageWindow   - Pop state: MyMenu
09:40:10.782 [JavaFX Application Thread] DEBUG Input                - Clearing active input actions
09:40:10.784 [JavaFX Application Thread] DEBUG GameApplicationServi - Removing overlay from MyMenu and adding to FXGLMainMenuDummyScene
09:40:10.784 [JavaFX Application Thread] DEBUG PrimaryStageWindow   - FXGLMainMenuDummyScene <- MyMenu
09:40:10.784 [JavaFX Application Thread] DEBUG Input                - Clearing active input actions
09:40:10.789 [JavaFX Application Thread] DEBUG GameApplicationServi - Removing overlay from FXGLMainMenuDummyScene and adding to FXGLLoadingScene
09:40:10.789 [JavaFX Application Thread] DEBUG PrimaryStageWindow   - FXGLMainMenuDummyScene -> FXGLLoadingScene
09:40:10.789 [JavaFX Application Thread] DEBUG GameApplicationServi - Clearing previous game
09:40:10.789 [JavaFX Application Thread] DEBUG GameScene            - Clearing game scene
09:40:10.789 [JavaFX Application Thread] DEBUG GameWorld            - Clearing game world
09:40:10.789 [JavaFX Application Thread] DEBUG PhysicsWorld         - Clearing physics world
09:40:10.792 [FXGL Background Thread 2 ] DEBUG FXGLApplication      - Initializing game
09:40:10.817 [FXGL Background Thread 2 ] DEBUG FXGLAssetLoaderServi - Loading from file system: file:/C:/Users/04amb/OneDrive%20-%20Hogeschool%20Leiden/Periode%203/SE%20challengeweek/IntelliJ%20Projects/game%202/game/target/classes/assets/textures/player.png
09:40:10.853 [FXGL Background Thread 2 ] WARN  TMXLevelLoader       - TiledMap generated from 1.0.1. Supported version: 1.2.3. Some features may not be parsed fully.
09:40:10.860 [FXGL Background Thread 2 ] DEBUG TMXLevelLoader       - Parsed TiledMap: file:/C:/Users/04amb/OneDrive%20-%20Hogeschool%20Leiden/Periode%203/SE%20challengeweek/IntelliJ%20Projects/game%202/game/target/classes/assets/levels/tmx/level1.tmx
09:40:10.861 [FXGL Background Thread 2 ] DEBUG TMXLevelLoader       - Creating tile layer entities
09:40:10.862 [FXGL Background Thread 2 ] DEBUG TilesetLoader        - Loading view for layer Tile Layer 1
09:40:10.863 [FXGL Background Thread 2 ] DEBUG TilesetLoader        - Created buffer with size 1050.0x700.0
09:40:10.880 [FXGL Background Thread 2 ] DEBUG TMXLevelLoader       - Creating object layer entities
09:40:10.885 [FXGL Background Thread 2 ] DEBUG GameWorld            - Clearing removable entities
09:40:10.886 [FXGL Background Thread 2 ] DEBUG GameWorld            - Setting level: com.almasb.fxgl.entity.level.Level@4168098c
09:40:10.889 [FXGL Background Thread 2 ] DEBUG FXGLAssetLoaderServi - Loading from file system: file:/C:/Users/04amb/OneDrive%20-%20Hogeschool%20Leiden/Periode%203/SE%20challengeweek/IntelliJ%20Projects/game%202/game/target/classes/assets/textures/background/background.png
09:40:10.909 [FXGL Background Thread 2 ] DEBUG FXGLAssetLoaderServi - Loading from file system: file:/C:/Users/04amb/OneDrive%20-%20Hogeschool%20Leiden/Periode%203/SE%20challengeweek/IntelliJ%20Projects/game%202/game/target/classes/assets/textures/key.png
09:40:10.911 [FXGL Background Thread 2 ] INFO  FXGLApplication      - Game initialization took: 0.120 sec
09:40:10.911 [JavaFX Application Thread] DEBUG Input                - Clearing active input actions
09:40:10.917 [JavaFX Application Thread] DEBUG GameApplicationServi - Removing overlay from FXGLLoadingScene and adding to GameScene
09:40:10.917 [JavaFX Application Thread] DEBUG PrimaryStageWindow   - FXGLLoadingScene -> GameScene
09:40:15.217 [JavaFX Application Thread] DEBUG FXGLAssetLoaderServi - Loading from file system: file:/C:/Users/04amb/OneDrive%20-%20Hogeschool%20Leiden/Periode%203/SE%20challengeweek/IntelliJ%20Projects/game%202/game/target/classes/assets/sounds/jump.wav
09:40:16.484 [JavaFX Application Thread] DEBUG FXGLAssetLoaderServi - Loading from file system: file:/C:/Users/04amb/OneDrive%20-%20Hogeschool%20Leiden/Periode%203/SE%20challengeweek/IntelliJ%20Projects/game%202/game/target/classes/assets/sounds/Item_Get.wav
09:40:24.148 [JavaFX Application Thread] DEBUG FXGLAssetLoaderServi - Loading from file system: file:/C:/Users/04amb/OneDrive%20-%20Hogeschool%20Leiden/Periode%203/SE%20challengeweek/IntelliJ%20Projects/game%202/game/target/classes/assets/sounds/level_complete.wav
09:40:24.153 [JavaFX Application Thread] WARN  TMXLevelLoader       - TiledMap generated from 1.0.1. Supported version: 1.2.3. Some features may not be parsed fully.
09:40:24.155 [JavaFX Application Thread] DEBUG TMXLevelLoader       - Parsed TiledMap: file:/C:/Users/04amb/OneDrive%20-%20Hogeschool%20Leiden/Periode%203/SE%20challengeweek/IntelliJ%20Projects/game%202/game/target/classes/assets/levels/tmx/level2.tmx
09:40:24.155 [JavaFX Application Thread] DEBUG TMXLevelLoader       - Creating tile layer entities
09:40:24.156 [JavaFX Application Thread] DEBUG TilesetLoader        - Loading view for layer Tile Layer 1
09:40:24.157 [JavaFX Application Thread] DEBUG TilesetLoader        - Created buffer with size 1050.0x700.0
09:40:24.168 [JavaFX Application Thread] DEBUG TMXLevelLoader       - Creating object layer entities
09:40:24.173 [JavaFX Application Thread] DEBUG GameWorld            - Clearing removable entities
09:40:24.173 [JavaFX Application Thread] DEBUG GameWorld            - Setting level: com.almasb.fxgl.entity.level.Level@4230df2e
09:40:41.027 [JavaFX Application Thread] WARN  TMXLevelLoader       - TiledMap generated from 1.0.1. Supported version: 1.2.3. Some features may not be parsed fully.
09:40:41.030 [JavaFX Application Thread] DEBUG TMXLevelLoader       - Parsed TiledMap: file:/C:/Users/04amb/OneDrive%20-%20Hogeschool%20Leiden/Periode%203/SE%20challengeweek/IntelliJ%20Projects/game%202/game/target/classes/assets/levels/tmx/level2.tmx
09:40:41.030 [JavaFX Application Thread] DEBUG TMXLevelLoader       - Creating tile layer entities
09:40:41.030 [JavaFX Application Thread] DEBUG TilesetLoader        - Loading view for layer Tile Layer 1
09:40:41.033 [JavaFX Application Thread] DEBUG TilesetLoader        - Created buffer with size 1050.0x700.0
09:40:41.045 [JavaFX Application Thread] DEBUG TMXLevelLoader       - Creating object layer entities
09:40:41.052 [JavaFX Application Thread] DEBUG GameWorld            - Clearing removable entities
09:40:41.053 [JavaFX Application Thread] DEBUG GameWorld            - Setting level: com.almasb.fxgl.entity.level.Level@6f099473
09:41:04.117 [JavaFX Application Thread] WARN  TMXLevelLoader       - TiledMap generated from 1.0.1. Supported version: 1.2.3. Some features may not be parsed fully.
09:41:04.120 [JavaFX Application Thread] DEBUG TMXLevelLoader       - Parsed TiledMap: file:/C:/Users/04amb/OneDrive%20-%20Hogeschool%20Leiden/Periode%203/SE%20challengeweek/IntelliJ%20Projects/game%202/game/target/classes/assets/levels/tmx/level3.tmx
09:41:04.120 [JavaFX Application Thread] DEBUG TMXLevelLoader       - Creating tile layer entities
09:41:04.120 [JavaFX Application Thread] DEBUG TilesetLoader        - Loading view for layer Tile Layer 1
09:41:04.123 [JavaFX Application Thread] DEBUG TilesetLoader        - Created buffer with size 1050.0x700.0
09:41:04.132 [JavaFX Application Thread] DEBUG TMXLevelLoader       - Creating object layer entities
09:41:04.141 [JavaFX Application Thread] DEBUG GameWorld            - Clearing removable entities
09:41:04.142 [JavaFX Application Thread] DEBUG GameWorld            - Setting level: com.almasb.fxgl.entity.level.Level@3501cf3c
09:41:17.540 [JavaFX Application Thread] WARN  TMXLevelLoader       - TiledMap generated from 1.0.1. Supported version: 1.2.3. Some features may not be parsed fully.
09:41:17.543 [JavaFX Application Thread] DEBUG TMXLevelLoader       - Parsed TiledMap: file:/C:/Users/04amb/OneDrive%20-%20Hogeschool%20Leiden/Periode%203/SE%20challengeweek/IntelliJ%20Projects/game%202/game/target/classes/assets/levels/tmx/level4.tmx
09:41:17.543 [JavaFX Application Thread] DEBUG TMXLevelLoader       - Creating tile layer entities
09:41:17.543 [JavaFX Application Thread] DEBUG TilesetLoader        - Loading view for layer Tile Layer 1
09:41:17.548 [JavaFX Application Thread] DEBUG TilesetLoader        - Created buffer with size 1050.0x700.0
09:41:17.558 [JavaFX Application Thread] DEBUG TMXLevelLoader       - Creating object layer entities
09:41:17.561 [JavaFX Application Thread] DEBUG GameWorld            - Clearing removable entities
09:41:17.563 [JavaFX Application Thread] DEBUG GameWorld            - Setting level: com.almasb.fxgl.entity.level.Level@7de35eda
09:41:31.330 [JavaFX Application Thread] DEBUG PrimaryStageWindow   - Push state: DialogSubScene
09:41:31.330 [JavaFX Application Thread] DEBUG Input                - Clearing active input actions
09:41:31.332 [JavaFX Application Thread] DEBUG GameApplicationServi - Removing overlay from GameScene and adding to DialogSubScene
09:41:31.332 [JavaFX Application Thread] DEBUG PrimaryStageWindow   - GameScene -> DialogSubScene
09:41:35.475 [JavaFX Application Thread] DEBUG PrimaryStageWindow   - Pop state: DialogSubScene
09:41:35.475 [JavaFX Application Thread] DEBUG Input                - Clearing active input actions
09:41:35.476 [JavaFX Application Thread] DEBUG GameApplicationServi - Removing overlay from DialogSubScene and adding to GameScene
09:41:35.477 [JavaFX Application Thread] DEBUG PrimaryStageWindow   - GameScene <- DialogSubScene
09:41:35.479 [JavaFX Application Thread] DEBUG Input                - Clearing active input actions
09:41:35.483 [JavaFX Application Thread] DEBUG GameApplicationServi - Removing overlay from GameScene and adding to FXGLMainMenuDummyScene
09:41:35.483 [JavaFX Application Thread] DEBUG PrimaryStageWindow   - GameScene -> FXGLMainMenuDummyScene
09:41:35.483 [JavaFX Application Thread] DEBUG PrimaryStageWindow   - Push state: MyMenu
09:41:35.483 [JavaFX Application Thread] DEBUG Input                - Clearing active input actions
09:41:35.485 [JavaFX Application Thread] DEBUG GameApplicationServi - Removing overlay from FXGLMainMenuDummyScene and adding to MyMenu
09:41:35.485 [JavaFX Application Thread] DEBUG PrimaryStageWindow   - FXGLMainMenuDummyScene -> MyMenu
09:41:36.832 [JavaFX Application Thread] DEBUG Menu                 - fireNewGame()
09:41:36.832 [JavaFX Application Thread] DEBUG GameApplicationServi - Starting new game
09:41:36.832 [JavaFX Application Thread] DEBUG PrimaryStageWindow   - Pop state: MyMenu
09:41:36.832 [JavaFX Application Thread] DEBUG Input                - Clearing active input actions
09:41:36.832 [JavaFX Application Thread] DEBUG GameApplicationServi - Removing overlay from MyMenu and adding to FXGLMainMenuDummyScene
09:41:36.832 [JavaFX Application Thread] DEBUG PrimaryStageWindow   - FXGLMainMenuDummyScene <- MyMenu
09:41:36.832 [JavaFX Application Thread] DEBUG Input                - Clearing active input actions
09:41:36.836 [JavaFX Application Thread] DEBUG GameApplicationServi - Removing overlay from FXGLMainMenuDummyScene and adding to FXGLLoadingScene
09:41:36.836 [JavaFX Application Thread] DEBUG PrimaryStageWindow   - FXGLMainMenuDummyScene -> FXGLLoadingScene
09:41:36.836 [JavaFX Application Thread] DEBUG GameApplicationServi - Clearing previous game
09:41:36.836 [JavaFX Application Thread] DEBUG GameScene            - Clearing game scene
09:41:36.836 [JavaFX Application Thread] DEBUG GameWorld            - Clearing game world
09:41:36.837 [JavaFX Application Thread] DEBUG PhysicsWorld         - Clearing physics world
09:41:36.838 [FXGL Background Thread 5 ] DEBUG FXGLApplication      - Initializing game
09:41:36.842 [FXGL Background Thread 5 ] WARN  TMXLevelLoader       - TiledMap generated from 1.0.1. Supported version: 1.2.3. Some features may not be parsed fully.
09:41:36.845 [FXGL Background Thread 5 ] DEBUG TMXLevelLoader       - Parsed TiledMap: file:/C:/Users/04amb/OneDrive%20-%20Hogeschool%20Leiden/Periode%203/SE%20challengeweek/IntelliJ%20Projects/game%202/game/target/classes/assets/levels/tmx/level1.tmx
09:41:36.845 [FXGL Background Thread 5 ] DEBUG TMXLevelLoader       - Creating tile layer entities
09:41:36.846 [FXGL Background Thread 5 ] DEBUG TilesetLoader        - Loading view for layer Tile Layer 1
09:41:36.849 [FXGL Background Thread 5 ] DEBUG TilesetLoader        - Created buffer with size 1050.0x700.0
09:41:36.860 [FXGL Background Thread 5 ] DEBUG TMXLevelLoader       - Creating object layer entities
09:41:36.866 [FXGL Background Thread 5 ] DEBUG GameWorld            - Clearing removable entities
09:41:36.866 [FXGL Background Thread 5 ] DEBUG GameWorld            - Setting level: com.almasb.fxgl.entity.level.Level@2fa11244
09:41:36.869 [FXGL Background Thread 5 ] INFO  FXGLApplication      - Game initialization took: 0.031 sec
09:41:36.870 [JavaFX Application Thread] DEBUG Input                - Clearing active input actions
09:41:36.873 [JavaFX Application Thread] DEBUG GameApplicationServi - Removing overlay from FXGLLoadingScene and adding to GameScene
09:41:36.873 [JavaFX Application Thread] DEBUG PrimaryStageWindow   - FXGLLoadingScene -> GameScene
09:41:48.452 [JavaFX Application Thread] WARN  TMXLevelLoader       - TiledMap generated from 1.0.1. Supported version: 1.2.3. Some features may not be parsed fully.
09:41:48.455 [JavaFX Application Thread] DEBUG TMXLevelLoader       - Parsed TiledMap: file:/C:/Users/04amb/OneDrive%20-%20Hogeschool%20Leiden/Periode%203/SE%20challengeweek/IntelliJ%20Projects/game%202/game/target/classes/assets/levels/tmx/level2.tmx
09:41:48.455 [JavaFX Application Thread] DEBUG TMXLevelLoader       - Creating tile layer entities
09:41:48.455 [JavaFX Application Thread] DEBUG TilesetLoader        - Loading view for layer Tile Layer 1
09:41:48.458 [JavaFX Application Thread] DEBUG TilesetLoader        - Created buffer with size 1050.0x700.0
09:41:48.467 [JavaFX Application Thread] DEBUG TMXLevelLoader       - Creating object layer entities
09:41:48.469 [JavaFX Application Thread] DEBUG GameWorld            - Clearing removable entities
09:41:48.473 [JavaFX Application Thread] DEBUG GameWorld            - Setting level: com.almasb.fxgl.entity.level.Level@2d885626
09:42:03.685 [JavaFX Application Thread] WARN  TMXLevelLoader       - TiledMap generated from 1.0.1. Supported version: 1.2.3. Some features may not be parsed fully.
09:42:03.687 [JavaFX Application Thread] DEBUG TMXLevelLoader       - Parsed TiledMap: file:/C:/Users/04amb/OneDrive%20-%20Hogeschool%20Leiden/Periode%203/SE%20challengeweek/IntelliJ%20Projects/game%202/game/target/classes/assets/levels/tmx/level3.tmx
09:42:03.687 [JavaFX Application Thread] DEBUG TMXLevelLoader       - Creating tile layer entities
09:42:03.687 [JavaFX Application Thread] DEBUG TilesetLoader        - Loading view for layer Tile Layer 1
09:42:03.690 [JavaFX Application Thread] DEBUG TilesetLoader        - Created buffer with size 1050.0x700.0
09:42:03.700 [JavaFX Application Thread] DEBUG TMXLevelLoader       - Creating object layer entities
09:42:03.707 [JavaFX Application Thread] DEBUG GameWorld            - Clearing removable entities
09:42:03.708 [JavaFX Application Thread] DEBUG GameWorld            - Setting level: com.almasb.fxgl.entity.level.Level@38d78512
09:42:14.692 [JavaFX Application Thread] WARN  TMXLevelLoader       - TiledMap generated from 1.0.1. Supported version: 1.2.3. Some features may not be parsed fully.
09:42:14.693 [JavaFX Application Thread] DEBUG TMXLevelLoader       - Parsed TiledMap: file:/C:/Users/04amb/OneDrive%20-%20Hogeschool%20Leiden/Periode%203/SE%20challengeweek/IntelliJ%20Projects/game%202/game/target/classes/assets/levels/tmx/level3.tmx
09:42:14.693 [JavaFX Application Thread] DEBUG TMXLevelLoader       - Creating tile layer entities
09:42:14.693 [JavaFX Application Thread] DEBUG TilesetLoader        - Loading view for layer Tile Layer 1
09:42:14.696 [JavaFX Application Thread] DEBUG TilesetLoader        - Created buffer with size 1050.0x700.0
09:42:14.708 [JavaFX Application Thread] DEBUG TMXLevelLoader       - Creating object layer entities
09:42:14.713 [JavaFX Application Thread] DEBUG GameWorld            - Clearing removable entities
09:42:14.714 [JavaFX Application Thread] DEBUG GameWorld            - Setting level: com.almasb.fxgl.entity.level.Level@3480ee4a
09:42:57.941 [JavaFX Application Thread] DEBUG FXGLApplication      - Exiting FXGL
09:42:57.942 [JavaFX Application Thread] DEBUG LoopRunner           - Stopping loop
09:42:57.942 [JavaFX Application Thread] DEBUG SystemBundleService  - Saving FXGL system data
09:42:57.945 [JavaFX Application Thread] DEBUG FileSystemAccess     - Writing to: C:\Users\04amb\OneDrive - Hogeschool Leiden\Periode 3\SE challengeweek\IntelliJ Projects\game 2\game\system\fxgl.bundle
09:42:57.948 [JavaFX Application Thread] DEBUG Async                - Shutting down background threads
09:42:57.949 [JavaFX Application Thread] DEBUG PrimaryStageWindow   - Closing main window
09:42:57.959 [JavaFX Application Thread] DEBUG Logger               - Closing Logger
