22:01:08.102 [main                     ] DEBUG Logger               - Configured Logger
22:01:08.116 [main                     ] DEBUG GameApplication      - Logging settings
Title: Escape HSLEIDEN
Version: 0.0
Width: 900
Height: 900
Fullscreen: false
Intro: false
Profiling: false
Single step:false
App Mode: DEVELOPER
Menu Key: ESCAPE
Stage Style: DECORATED
Scene Factory: class com.almasb.fxgl.app.scene.SceneFactory

22:01:08.471 [JavaFX Application Thread] DEBUG FXGLApplication      - Initializing FXGL
22:01:08.473 [JavaFX Application Thread] INFO  Engine               - FXGL-11.17 (16.07.2021 15.46) on WINDOWS (J:15.0.2 FX:17.0.2-ea)
22:01:08.473 [JavaFX Application Thread] DEBUG Engine               - JRE Vendor Name: Amazon.com Inc.
22:01:08.473 [JavaFX Application Thread] DEBUG Engine               - Running on OS: Windows 10 version 10.0
22:01:08.473 [JavaFX Application Thread] DEBUG Engine               - Architecture: amd64
22:01:08.473 [JavaFX Application Thread] INFO  Engine               - Source code and latest versions at: https://github.com/AlmasB/FXGL
22:01:08.474 [JavaFX Application Thread] INFO  Engine               -              Join the FXGL chat at: https://gitter.im/AlmasB/FXGL
22:01:08.535 [JavaFX Application Thread] DEBUG PrimaryStageWindow   - Creating a JavaFX scene
22:01:08.566 [JavaFX Application Thread] DEBUG PrimaryStageWindow   - Target settings size: 900.0 x 900.0
22:01:08.567 [JavaFX Application Thread] DEBUG PrimaryStageWindow   - Scaled scene size:    900.0 x 900.0
22:01:08.567 [JavaFX Application Thread] DEBUG PrimaryStageWindow   - Scaled ratio: (1.0, 1.0)
22:01:08.567 [JavaFX Application Thread] DEBUG PrimaryStageWindow   - Set initial scene to FXGLStartupScene
22:01:08.572 [JavaFX Application Thread] DEBUG PrimaryStageWindow   - Opening main window
22:01:08.645 [JavaFX Application Thread] DEBUG PrimaryStageWindow   - Window border size: (16.0, 39.0)
22:01:08.645 [JavaFX Application Thread] DEBUG PrimaryStageWindow   - Scaled size: 900.0 x 900.0
22:01:08.645 [JavaFX Application Thread] DEBUG PrimaryStageWindow   - Scaled ratio: (1.0, 1.0)
22:01:08.645 [JavaFX Application Thread] DEBUG PrimaryStageWindow   - Scene size: 900.0 x 900.0
22:01:08.646 [JavaFX Application Thread] DEBUG PrimaryStageWindow   - Stage size: 916.0 x 939.0
22:01:08.650 [FXGL Background Thread 1 ] DEBUG Engine               - Initializing environment variables
22:01:08.682 [FXGL Background Thread 1 ] DEBUG FXGLAssetLoaderServi - User app class for loading assets: class com.example.demo.EscapeHSL
22:01:08.683 [FXGL Background Thread 1 ] DEBUG GameApplicationServi - Applying CSS: fxgl_dark.css
22:01:08.683 [FXGL Background Thread 1 ] DEBUG FXGLAssetLoaderServi - Loading from file system: jar:file:///C:/Users/Admin/.m2/repository/com/github/almasb/fxgl/11.17/fxgl-11.17.jar!/fxglassets/ui/css/fxgl_dark.css
22:01:08.715 [FXGL Background Thread 1 ] DEBUG GameApplicationServi - Initializing application scenes
22:01:08.740 [FXGL Background Thread 1 ] DEBUG GameWorld            - Game world initialized
22:01:08.781 [FXGL Background Thread 1 ] DEBUG PhysicsWorld         - Physics world initialized: appHeight=900, physics.ppm=50,0
22:01:08.781 [FXGL Background Thread 1 ] DEBUG PhysicsWorld         - Using strategy: BRUTE_FORCE
22:01:08.782 [FXGL Background Thread 1 ] DEBUG GameScene            - Game scene initialized: 900x900
22:01:08.789 [FXGL Background Thread 1 ] DEBUG FXGL.DefaultMenu     - createMenuBodyMainMenu()
22:01:08.799 [FXGL Background Thread 1 ] DEBUG FXGL.DefaultMenu     - createOptionsMenu()
22:01:08.805 [FXGL Background Thread 1 ] DEBUG FXGLAssetLoaderServi - Loading from file system: jar:file:///C:/Users/Admin/.m2/repository/com/github/almasb/fxgl/11.17/fxgl-11.17.jar!/fxglassets/textures/particles/smoke.png
22:01:08.869 [FXGL Background Thread 1 ] DEBUG FXGLAssetLoaderServi - Loading from file system: jar:file:///C:/Users/Admin/.m2/repository/com/github/almasb/fxgl/11.17/fxgl-11.17.jar!/fxglassets/textures/particles/trace_horizontal.png
22:01:08.892 [FXGL Background Thread 1 ] DEBUG FXGL.DefaultMenu     - createMenuBodyGameMenu()
22:01:08.893 [FXGL Background Thread 1 ] DEBUG FXGL.DefaultMenu     - createOptionsMenu()
22:01:08.905 [FXGL Background Thread 1 ] DEBUG GameApplicationServi - Application scenes initialized
22:01:08.913 [FXGL Background Thread 1 ] DEBUG SystemBundleService  - Loading FXGL system data
22:01:08.917 [FXGL Background Thread 1 ] DEBUG FileSystemAccess     - Reading from: X:\Programming\CHALLENGEWEEK\system\fxgl.bundle
22:01:08.922 [FXGL Background Thread 1 ] DEBUG SystemBundleService  - Bundle FXGL: {}
22:01:08.922 [FXGL Background Thread 1 ] DEBUG UpdaterService       - Checking for updates
22:01:08.924 [FXGL Background Thread 4 ] DEBUG FXGLApplication      - Loading fonts
22:01:08.925 [FXGL Background Thread 1 ] DEBUG FXGLApplication      - Loading default localization
22:01:08.925 [FXGL Background Thread 4 ] DEBUG FXGLAssetLoaderServi - Loading from file system: jar:file:///C:/Users/Admin/.m2/repository/com/github/almasb/fxgl/11.17/fxgl-11.17.jar!/fxglassets/ui/fonts/VarelaRound-Regular.ttf
22:01:08.925 [FXGL Background Thread 1 ] DEBUG FXGLAssetLoaderServi - Loading from file system: jar:file:///C:/Users/Admin/.m2/repository/com/github/almasb/fxgl/11.17/fxgl-11.17.jar!/fxglassets/languages/english.lang
22:01:08.934 [FXGL Background Thread 1 ] INFO  FXGLApplication      - FXGL initialization took: 0,282 sec
22:01:08.943 [JavaFX Application Thread] DEBUG Input                - Registered new binding: action0 - W
22:01:08.943 [JavaFX Application Thread] DEBUG Input                - Registered new binding: action1 - A
22:01:08.944 [JavaFX Application Thread] DEBUG Input                - Registered new binding: action2 - S
22:01:08.944 [JavaFX Application Thread] DEBUG Input                - Registered new binding: action3 - D
22:01:08.944 [JavaFX Application Thread] DEBUG FXGLAssetLoaderServi - Loading from file system: jar:file:///C:/Users/Admin/.m2/repository/com/github/almasb/fxgl/11.17/fxgl-11.17.jar!/fxglassets/textures/fxgl_icon.png
22:01:08.960 [JavaFX Application Thread] DEBUG FXGLAssetLoaderServi - Loading from file system: jar:file:///C:/Users/Admin/.m2/repository/com/github/almasb/fxgl/11.17/fxgl-11.17.jar!/fxglassets/textures/fxgl_default_cursor.png
22:01:08.962 [JavaFX Application Thread] DEBUG Input                - Registered new binding: Screenshot - CTRL+8
22:01:08.962 [JavaFX Application Thread] DEBUG Input                - Registered new binding: System info dump - CTRL+9
22:01:08.962 [JavaFX Application Thread] DEBUG Input                - Registered new binding: Restart - CTRL+R
22:01:08.963 [JavaFX Application Thread] DEBUG Input                - Registered new binding: Toggle Debug Camera - CTRL+C
22:01:08.965 [JavaFX Application Thread] DEBUG LoopRunner           - Starting loop
22:01:08.965 [JavaFX Application Thread] DEBUG LoopRunner           - Initializing JavaFX AnimationTimerLoop
22:01:08.966 [JavaFX Application Thread] DEBUG Input                - Clearing active input actions
22:01:08.973 [JavaFX Application Thread] DEBUG GameApplicationServi - Removing overlay from FXGLStartupScene and adding to FXGLMainMenuDummyScene
22:01:08.974 [JavaFX Application Thread] DEBUG PrimaryStageWindow   - FXGLStartupScene -> FXGLMainMenuDummyScene
22:01:08.974 [JavaFX Application Thread] DEBUG PrimaryStageWindow   - Push state: FXGLDefaultMenu
22:01:08.977 [JavaFX Application Thread] DEBUG Input                - Clearing active input actions
22:01:08.984 [JavaFX Application Thread] DEBUG GameApplicationServi - Removing overlay from FXGLMainMenuDummyScene and adding to FXGLDefaultMenu
22:01:08.984 [JavaFX Application Thread] DEBUG PrimaryStageWindow   - FXGLMainMenuDummyScene -> FXGLDefaultMenu
22:01:08.992 [FXGL Background Thread 4 ] DEBUG FXGLAssetLoaderServi - Loading from file system: jar:file:///C:/Users/Admin/.m2/repository/com/github/almasb/fxgl/11.17/fxgl-11.17.jar!/fxglassets/ui/fonts/Abel-Regular.ttf
22:01:09.001 [FXGL Background Thread 4 ] DEBUG FXGLAssetLoaderServi - Loading from file system: jar:file:///C:/Users/Admin/.m2/repository/com/github/almasb/fxgl/11.17/fxgl-11.17.jar!/fxglassets/ui/fonts/lucida_console.ttf
22:01:09.013 [FXGL Background Thread 4 ] DEBUG FXGLAssetLoaderServi - Loading from file system: jar:file:///C:/Users/Admin/.m2/repository/com/github/almasb/fxgl/11.17/fxgl-11.17.jar!/fxglassets/ui/fonts/Courier-Prime.ttf
22:01:09.029 [JavaFX Application Thread] DEBUG FXGLApplication      - Registering font factories with UI factory
22:01:09.249 [FXGL Background Thread 2 ] INFO  UpdaterService       - Your current version:  11.17
22:01:09.249 [FXGL Background Thread 2 ] INFO  UpdaterService       - Latest stable version: 17.3
22:01:09.672 [JavaFX Application Thread] DEBUG Menu                 - fireNewGame()
22:01:09.673 [JavaFX Application Thread] DEBUG GameApplicationServi - Starting new game
22:01:09.674 [JavaFX Application Thread] DEBUG PrimaryStageWindow   - Pop state: FXGLDefaultMenu
22:01:09.674 [JavaFX Application Thread] DEBUG Input                - Clearing active input actions
22:01:09.675 [JavaFX Application Thread] DEBUG GameApplicationServi - Removing overlay from FXGLDefaultMenu and adding to FXGLMainMenuDummyScene
22:01:09.675 [JavaFX Application Thread] DEBUG PrimaryStageWindow   - FXGLMainMenuDummyScene <- FXGLDefaultMenu
22:01:09.676 [JavaFX Application Thread] DEBUG Input                - Clearing active input actions
22:01:09.681 [JavaFX Application Thread] DEBUG GameApplicationServi - Removing overlay from FXGLMainMenuDummyScene and adding to FXGLLoadingScene
22:01:09.681 [JavaFX Application Thread] DEBUG PrimaryStageWindow   - FXGLMainMenuDummyScene -> FXGLLoadingScene
22:01:09.681 [JavaFX Application Thread] DEBUG GameApplicationServi - Clearing previous game
22:01:09.682 [JavaFX Application Thread] DEBUG GameScene            - Clearing game scene
22:01:09.682 [JavaFX Application Thread] DEBUG GameWorld            - Clearing game world
22:01:09.682 [JavaFX Application Thread] DEBUG PhysicsWorld         - Clearing physics world
22:01:09.683 [FXGL Background Thread 2 ] DEBUG FXGLApplication      - Initializing game
22:01:09.698 [FXGL Background Thread 2 ] DEBUG FXGLAssetLoaderServi - Loading from file system: file:/X:/Programming/CHALLENGEWEEK/target/classes/assets/textures/key.png
22:01:09.702 [FXGL Background Thread 2 ] INFO  FXGLApplication      - Game initialization took: 0,019 sec
22:01:09.702 [JavaFX Application Thread] DEBUG Input                - Clearing active input actions
22:01:09.707 [JavaFX Application Thread] DEBUG GameApplicationServi - Removing overlay from FXGLLoadingScene and adding to GameScene
22:01:09.707 [JavaFX Application Thread] DEBUG PrimaryStageWindow   - FXGLLoadingScene -> GameScene
22:01:11.711 [JavaFX Application Thread] DEBUG FXGLApplication      - Exiting FXGL
22:01:11.711 [JavaFX Application Thread] DEBUG LoopRunner           - Stopping loop
22:01:11.711 [JavaFX Application Thread] DEBUG SystemBundleService  - Saving FXGL system data
22:01:11.713 [JavaFX Application Thread] DEBUG FileSystemAccess     - Writing to: X:\Programming\CHALLENGEWEEK\system\fxgl.bundle
22:01:11.714 [JavaFX Application Thread] DEBUG Async                - Shutting down background threads
22:01:11.714 [JavaFX Application Thread] DEBUG PrimaryStageWindow   - Closing main window
22:01:11.726 [JavaFX Application Thread] DEBUG Logger               - Closing Logger
