22:01:41.172 [main                     ] DEBUG Logger               - Configured Logger
22:01:41.186 [main                     ] DEBUG GameApplication      - Logging settings
Title: Escape HSLEIDEN
Version: 0.0
Width: 900
Height: 900
Fullscreen: false
Intro: false
Profiling: false
Single step:false
App Mode: DEVELOPER
Menu Key: ESCAPE
Stage Style: DECORATED
Scene Factory: class com.almasb.fxgl.app.scene.SceneFactory

22:01:41.513 [JavaFX Application Thread] DEBUG FXGLApplication      - Initializing FXGL
22:01:41.514 [JavaFX Application Thread] INFO  Engine               - FXGL-11.17 (16.07.2021 15.46) on WINDOWS (J:15.0.2 FX:17.0.2-ea)
22:01:41.514 [JavaFX Application Thread] DEBUG Engine               - JRE Vendor Name: Amazon.com Inc.
22:01:41.514 [JavaFX Application Thread] DEBUG Engine               - Running on OS: Windows 10 version 10.0
22:01:41.514 [JavaFX Application Thread] DEBUG Engine               - Architecture: amd64
22:01:41.515 [JavaFX Application Thread] INFO  Engine               - Source code and latest versions at: https://github.com/AlmasB/FXGL
22:01:41.515 [JavaFX Application Thread] INFO  Engine               -              Join the FXGL chat at: https://gitter.im/AlmasB/FXGL
22:01:41.577 [JavaFX Application Thread] DEBUG PrimaryStageWindow   - Creating a JavaFX scene
22:01:41.607 [JavaFX Application Thread] DEBUG PrimaryStageWindow   - Target settings size: 900.0 x 900.0
22:01:41.608 [JavaFX Application Thread] DEBUG PrimaryStageWindow   - Scaled scene size:    900.0 x 900.0
22:01:41.608 [JavaFX Application Thread] DEBUG PrimaryStageWindow   - Scaled ratio: (1.0, 1.0)
22:01:41.608 [JavaFX Application Thread] DEBUG PrimaryStageWindow   - Set initial scene to FXGLStartupScene
22:01:41.613 [JavaFX Application Thread] DEBUG PrimaryStageWindow   - Opening main window
22:01:41.681 [JavaFX Application Thread] DEBUG PrimaryStageWindow   - Window border size: (16.0, 39.0)
22:01:41.681 [JavaFX Application Thread] DEBUG PrimaryStageWindow   - Scaled size: 900.0 x 900.0
22:01:41.682 [JavaFX Application Thread] DEBUG PrimaryStageWindow   - Scaled ratio: (1.0, 1.0)
22:01:41.682 [JavaFX Application Thread] DEBUG PrimaryStageWindow   - Scene size: 900.0 x 900.0
22:01:41.682 [JavaFX Application Thread] DEBUG PrimaryStageWindow   - Stage size: 916.0 x 939.0
22:01:41.688 [FXGL Background Thread 1 ] DEBUG Engine               - Initializing environment variables
22:01:41.717 [FXGL Background Thread 1 ] DEBUG FXGLAssetLoaderServi - User app class for loading assets: class com.example.demo.EscapeHSL
22:01:41.717 [FXGL Background Thread 1 ] DEBUG GameApplicationServi - Applying CSS: fxgl_dark.css
22:01:41.717 [FXGL Background Thread 1 ] DEBUG FXGLAssetLoaderServi - Loading from file system: jar:file:///C:/Users/Admin/.m2/repository/com/github/almasb/fxgl/11.17/fxgl-11.17.jar!/fxglassets/ui/css/fxgl_dark.css
22:01:41.748 [FXGL Background Thread 1 ] DEBUG GameApplicationServi - Initializing application scenes
22:01:41.767 [FXGL Background Thread 1 ] DEBUG GameWorld            - Game world initialized
22:01:41.809 [FXGL Background Thread 1 ] DEBUG PhysicsWorld         - Physics world initialized: appHeight=900, physics.ppm=50,0
22:01:41.809 [FXGL Background Thread 1 ] DEBUG PhysicsWorld         - Using strategy: BRUTE_FORCE
22:01:41.811 [FXGL Background Thread 1 ] DEBUG GameScene            - Game scene initialized: 900x900
22:01:41.818 [FXGL Background Thread 1 ] DEBUG FXGL.DefaultMenu     - createMenuBodyMainMenu()
22:01:41.827 [FXGL Background Thread 1 ] DEBUG FXGL.DefaultMenu     - createOptionsMenu()
22:01:41.834 [FXGL Background Thread 1 ] DEBUG FXGLAssetLoaderServi - Loading from file system: jar:file:///C:/Users/Admin/.m2/repository/com/github/almasb/fxgl/11.17/fxgl-11.17.jar!/fxglassets/textures/particles/smoke.png
22:01:41.903 [FXGL Background Thread 1 ] DEBUG FXGLAssetLoaderServi - Loading from file system: jar:file:///C:/Users/Admin/.m2/repository/com/github/almasb/fxgl/11.17/fxgl-11.17.jar!/fxglassets/textures/particles/trace_horizontal.png
22:01:41.927 [FXGL Background Thread 1 ] DEBUG FXGL.DefaultMenu     - createMenuBodyGameMenu()
22:01:41.928 [FXGL Background Thread 1 ] DEBUG FXGL.DefaultMenu     - createOptionsMenu()
22:01:41.943 [FXGL Background Thread 1 ] DEBUG GameApplicationServi - Application scenes initialized
22:01:41.950 [FXGL Background Thread 1 ] DEBUG SystemBundleService  - Loading FXGL system data
22:01:41.954 [FXGL Background Thread 1 ] DEBUG FileSystemAccess     - Reading from: X:\Programming\CHALLENGEWEEK\system\fxgl.bundle
22:01:41.958 [FXGL Background Thread 1 ] DEBUG SystemBundleService  - Bundle FXGL: {}
22:01:41.959 [FXGL Background Thread 1 ] DEBUG UpdaterService       - Checking for updates
22:01:41.962 [FXGL Background Thread 4 ] DEBUG FXGLApplication      - Loading fonts
22:01:41.962 [FXGL Background Thread 1 ] DEBUG FXGLApplication      - Loading default localization
22:01:41.962 [FXGL Background Thread 4 ] DEBUG FXGLAssetLoaderServi - Loading from file system: jar:file:///C:/Users/Admin/.m2/repository/com/github/almasb/fxgl/11.17/fxgl-11.17.jar!/fxglassets/ui/fonts/VarelaRound-Regular.ttf
22:01:41.962 [FXGL Background Thread 1 ] DEBUG FXGLAssetLoaderServi - Loading from file system: jar:file:///C:/Users/Admin/.m2/repository/com/github/almasb/fxgl/11.17/fxgl-11.17.jar!/fxglassets/languages/english.lang
22:01:41.972 [FXGL Background Thread 1 ] INFO  FXGLApplication      - FXGL initialization took: 0,285 sec
22:01:41.981 [JavaFX Application Thread] DEBUG Input                - Registered new binding: action0 - W
22:01:41.982 [JavaFX Application Thread] DEBUG Input                - Registered new binding: action1 - A
22:01:41.982 [JavaFX Application Thread] DEBUG Input                - Registered new binding: action2 - S
22:01:41.983 [JavaFX Application Thread] DEBUG Input                - Registered new binding: action3 - D
22:01:41.983 [JavaFX Application Thread] DEBUG FXGLAssetLoaderServi - Loading from file system: jar:file:///C:/Users/Admin/.m2/repository/com/github/almasb/fxgl/11.17/fxgl-11.17.jar!/fxglassets/textures/fxgl_icon.png
22:01:42.003 [JavaFX Application Thread] DEBUG FXGLAssetLoaderServi - Loading from file system: jar:file:///C:/Users/Admin/.m2/repository/com/github/almasb/fxgl/11.17/fxgl-11.17.jar!/fxglassets/textures/fxgl_default_cursor.png
22:01:42.005 [JavaFX Application Thread] DEBUG Input                - Registered new binding: Screenshot - CTRL+8
22:01:42.006 [JavaFX Application Thread] DEBUG Input                - Registered new binding: System info dump - CTRL+9
22:01:42.006 [JavaFX Application Thread] DEBUG Input                - Registered new binding: Restart - CTRL+R
22:01:42.007 [JavaFX Application Thread] DEBUG Input                - Registered new binding: Toggle Debug Camera - CTRL+C
22:01:42.008 [JavaFX Application Thread] DEBUG LoopRunner           - Starting loop
22:01:42.009 [JavaFX Application Thread] DEBUG LoopRunner           - Initializing JavaFX AnimationTimerLoop
22:01:42.011 [JavaFX Application Thread] DEBUG Input                - Clearing active input actions
22:01:42.017 [JavaFX Application Thread] DEBUG GameApplicationServi - Removing overlay from FXGLStartupScene and adding to FXGLMainMenuDummyScene
22:01:42.018 [JavaFX Application Thread] DEBUG PrimaryStageWindow   - FXGLStartupScene -> FXGLMainMenuDummyScene
22:01:42.018 [JavaFX Application Thread] DEBUG PrimaryStageWindow   - Push state: FXGLDefaultMenu
22:01:42.021 [JavaFX Application Thread] DEBUG Input                - Clearing active input actions
22:01:42.026 [JavaFX Application Thread] DEBUG GameApplicationServi - Removing overlay from FXGLMainMenuDummyScene and adding to FXGLDefaultMenu
22:01:42.027 [JavaFX Application Thread] DEBUG PrimaryStageWindow   - FXGLMainMenuDummyScene -> FXGLDefaultMenu
22:01:42.031 [FXGL Background Thread 4 ] DEBUG FXGLAssetLoaderServi - Loading from file system: jar:file:///C:/Users/Admin/.m2/repository/com/github/almasb/fxgl/11.17/fxgl-11.17.jar!/fxglassets/ui/fonts/Abel-Regular.ttf
22:01:42.039 [FXGL Background Thread 4 ] DEBUG FXGLAssetLoaderServi - Loading from file system: jar:file:///C:/Users/Admin/.m2/repository/com/github/almasb/fxgl/11.17/fxgl-11.17.jar!/fxglassets/ui/fonts/lucida_console.ttf
22:01:42.050 [FXGL Background Thread 4 ] DEBUG FXGLAssetLoaderServi - Loading from file system: jar:file:///C:/Users/Admin/.m2/repository/com/github/almasb/fxgl/11.17/fxgl-11.17.jar!/fxglassets/ui/fonts/Courier-Prime.ttf
22:01:42.073 [JavaFX Application Thread] DEBUG FXGLApplication      - Registering font factories with UI factory
22:01:42.278 [FXGL Background Thread 2 ] INFO  UpdaterService       - Your current version:  11.17
22:01:42.279 [FXGL Background Thread 2 ] INFO  UpdaterService       - Latest stable version: 17.3
22:01:42.837 [JavaFX Application Thread] DEBUG Menu                 - fireNewGame()
22:01:42.837 [JavaFX Application Thread] DEBUG GameApplicationServi - Starting new game
22:01:42.839 [JavaFX Application Thread] DEBUG PrimaryStageWindow   - Pop state: FXGLDefaultMenu
22:01:42.839 [JavaFX Application Thread] DEBUG Input                - Clearing active input actions
22:01:42.839 [JavaFX Application Thread] DEBUG GameApplicationServi - Removing overlay from FXGLDefaultMenu and adding to FXGLMainMenuDummyScene
22:01:42.840 [JavaFX Application Thread] DEBUG PrimaryStageWindow   - FXGLMainMenuDummyScene <- FXGLDefaultMenu
22:01:42.840 [JavaFX Application Thread] DEBUG Input                - Clearing active input actions
22:01:42.845 [JavaFX Application Thread] DEBUG GameApplicationServi - Removing overlay from FXGLMainMenuDummyScene and adding to FXGLLoadingScene
22:01:42.846 [JavaFX Application Thread] DEBUG PrimaryStageWindow   - FXGLMainMenuDummyScene -> FXGLLoadingScene
22:01:42.846 [JavaFX Application Thread] DEBUG GameApplicationServi - Clearing previous game
22:01:42.846 [JavaFX Application Thread] DEBUG GameScene            - Clearing game scene
22:01:42.846 [JavaFX Application Thread] DEBUG GameWorld            - Clearing game world
22:01:42.846 [JavaFX Application Thread] DEBUG PhysicsWorld         - Clearing physics world
22:01:42.848 [FXGL Background Thread 2 ] DEBUG FXGLApplication      - Initializing game
22:01:42.855 [FXGL Background Thread 2 ] DEBUG FXGLAssetLoaderServi - Loading from file system: file:/X:/Programming/CHALLENGEWEEK/target/classes/assets/textures/test2.png
22:01:42.872 [FXGL Background Thread 2 ] DEBUG FXGLAssetLoaderServi - Loading from file system: file:/X:/Programming/CHALLENGEWEEK/target/classes/assets/textures/key.png
22:01:42.875 [FXGL Background Thread 2 ] INFO  FXGLApplication      - Game initialization took: 0,027 sec
22:01:42.876 [JavaFX Application Thread] DEBUG Input                - Clearing active input actions
22:01:42.881 [JavaFX Application Thread] DEBUG GameApplicationServi - Removing overlay from FXGLLoadingScene and adding to GameScene
22:01:42.881 [JavaFX Application Thread] DEBUG PrimaryStageWindow   - FXGLLoadingScene -> GameScene
22:01:44.962 [FXGL Background Thread 3 ] DEBUG Engine               - Logging environment variables
22:01:44.962 [FXGL Background Thread 3 ] DEBUG Engine               - achievements: []
22:01:44.962 [FXGL Background Thread 3 ] DEBUG Engine               - actualHeight: 900.0
22:01:44.963 [FXGL Background Thread 3 ] DEBUG Engine               - actualHeightProperty: ReadOnlyDoubleProperty [value: 900.0]
22:01:44.963 [FXGL Background Thread 3 ] DEBUG Engine               - actualWidth: 900.0
22:01:44.963 [FXGL Background Thread 3 ] DEBUG Engine               - actualWidthProperty: ReadOnlyDoubleProperty [value: 900.0]
22:01:44.963 [FXGL Background Thread 3 ] DEBUG Engine               - appIcon: fxgl_icon.png
22:01:44.963 [FXGL Background Thread 3 ] DEBUG Engine               - applicationMode: DEVELOPER
22:01:44.963 [FXGL Background Thread 3 ] DEBUG Engine               - cSSList: [fxgl_dark.css]
22:01:44.963 [FXGL Background Thread 3 ] DEBUG Engine               - collisionDetectionStrategy: BRUTE_FORCE
22:01:44.963 [FXGL Background Thread 3 ] DEBUG Engine               - configClass: Optional.empty
22:01:44.963 [FXGL Background Thread 3 ] DEBUG Engine               - credits: []
22:01:44.964 [FXGL Background Thread 3 ] DEBUG Engine               - defaultCursor: CursorInfo(imageName=fxgl_default_cursor.png, hotspotX=7.0, hotspotY=6.0)
22:01:44.964 [FXGL Background Thread 3 ] DEBUG Engine               - devBBoxColorProperty: ObjectProperty [value: 0xff0000ff]
22:01:44.964 [FXGL Background Thread 3 ] DEBUG Engine               - devEnableDebugCameraProperty: BooleanProperty [value: false]
22:01:44.964 [FXGL Background Thread 3 ] DEBUG Engine               - devSensorColorProperty: ObjectProperty [value: 0xffff00ff]
22:01:44.964 [FXGL Background Thread 3 ] DEBUG Engine               - devShowBBoxProperty: BooleanProperty [value: false]
22:01:44.965 [FXGL Background Thread 3 ] DEBUG Engine               - devShowPositionProperty: BooleanProperty [value: false]
22:01:44.965 [FXGL Background Thread 3 ] DEBUG Engine               - enabledMenuItems: []
22:01:44.965 [FXGL Background Thread 3 ] DEBUG Engine               - engineServices: [class com.almasb.fxgl.app.services.FXGLAssetLoaderService, class com.almasb.fxgl.app.FXGLApplication$GameApplicationService, class com.almasb.fxgl.app.services.FXGLDialogService, class com.almasb.fxgl.app.services.IOTaskExecutorService, class com.almasb.fxgl.io.FileSystemService, class com.almasb.fxgl.localization.LocalizationService, class com.almasb.fxgl.app.services.SystemBundleService, class com.almasb.fxgl.profile.SaveLoadService, class com.almasb.fxgl.ui.FXGLUIFactoryServiceProvider, class com.almasb.fxgl.ui.FXGLDialogFactoryServiceProvider, class com.almasb.fxgl.audio.AudioPlayer, class com.almasb.fxgl.notification.impl.NotificationServiceProvider, class com.almasb.fxgl.achievement.AchievementService, class com.almasb.fxgl.cutscene.CutsceneService, class com.almasb.fxgl.minigames.MiniGameService, class com.almasb.fxgl.net.NetService, class com.almasb.fxgl.app.services.UpdaterService, class com.almasb.fxgl.dev.DevService]
22:01:44.965 [FXGL Background Thread 3 ] DEBUG Engine               - fontGame: Abel-Regular.ttf
22:01:44.965 [FXGL Background Thread 3 ] DEBUG Engine               - fontMono: lucida_console.ttf
22:01:44.965 [FXGL Background Thread 3 ] DEBUG Engine               - fontText: Courier-Prime.ttf
22:01:44.965 [FXGL Background Thread 3 ] DEBUG Engine               - fontUI: VarelaRound-Regular.ttf
22:01:44.965 [FXGL Background Thread 3 ] DEBUG Engine               - fullScreen: BooleanProperty [value: false]
22:01:44.965 [FXGL Background Thread 3 ] DEBUG Engine               - gameDifficulty: MEDIUM
22:01:44.966 [FXGL Background Thread 3 ] DEBUG Engine               - gameDifficultyProperty: ObjectProperty [value: MEDIUM]
22:01:44.966 [FXGL Background Thread 3 ] DEBUG Engine               - globalMusicVolume: 0.5
22:01:44.966 [FXGL Background Thread 3 ] DEBUG Engine               - globalMusicVolumeProperty: DoubleProperty [value: 0.5]
22:01:44.966 [FXGL Background Thread 3 ] DEBUG Engine               - globalSoundVolume: 0.5
22:01:44.966 [FXGL Background Thread 3 ] DEBUG Engine               - globalSoundVolumeProperty: DoubleProperty [value: 0.5]
22:01:44.966 [FXGL Background Thread 3 ] DEBUG Engine               - height: 900
22:01:44.966 [FXGL Background Thread 3 ] DEBUG Engine               - is3D: false
22:01:44.966 [FXGL Background Thread 3 ] DEBUG Engine               - isAndroid: false
22:01:44.966 [FXGL Background Thread 3 ] DEBUG Engine               - isBrowser: false
22:01:44.966 [FXGL Background Thread 3 ] DEBUG Engine               - isClickFeedbackEnabled: false
22:01:44.967 [FXGL Background Thread 3 ] DEBUG Engine               - isCloseConfirmation: false
22:01:44.967 [FXGL Background Thread 3 ] DEBUG Engine               - isDesktop: true
22:01:44.967 [FXGL Background Thread 3 ] DEBUG Engine               - isDeveloperMenuEnabled: false
22:01:44.967 [FXGL Background Thread 3 ] DEBUG Engine               - isEntityPreloadEnabled: true
22:01:44.967 [FXGL Background Thread 3 ] DEBUG Engine               - isExperimentalTiledLargeMap: false
22:01:44.967 [FXGL Background Thread 3 ] DEBUG Engine               - isFileSystemWriteAllowed: true
22:01:44.967 [FXGL Background Thread 3 ] DEBUG Engine               - isFullScreenAllowed: false
22:01:44.967 [FXGL Background Thread 3 ] DEBUG Engine               - isFullScreenFromStart: false
22:01:44.968 [FXGL Background Thread 3 ] DEBUG Engine               - isGameMenuEnabled: true
22:01:44.968 [FXGL Background Thread 3 ] DEBUG Engine               - isIOS: false
22:01:44.968 [FXGL Background Thread 3 ] DEBUG Engine               - isIntroEnabled: false
22:01:44.968 [FXGL Background Thread 3 ] DEBUG Engine               - isLinux: false
22:01:44.968 [FXGL Background Thread 3 ] DEBUG Engine               - isMac: false
22:01:44.968 [FXGL Background Thread 3 ] DEBUG Engine               - isMainMenuEnabled: true
22:01:44.968 [FXGL Background Thread 3 ] DEBUG Engine               - isManualResizeEnabled: true
22:01:44.968 [FXGL Background Thread 3 ] DEBUG Engine               - isMobile: false
22:01:44.968 [FXGL Background Thread 3 ] DEBUG Engine               - isNative: false
22:01:44.968 [FXGL Background Thread 3 ] DEBUG Engine               - isPauseMusicWhenMinimized: true
22:01:44.969 [FXGL Background Thread 3 ] DEBUG Engine               - isPreserveResizeRatio: false
22:01:44.969 [FXGL Background Thread 3 ] DEBUG Engine               - isProfilingEnabled: false
22:01:44.969 [FXGL Background Thread 3 ] DEBUG Engine               - isScaleAffectedOnResize: true
22:01:44.969 [FXGL Background Thread 3 ] DEBUG Engine               - isSingleStep: false
22:01:44.969 [FXGL Background Thread 3 ] DEBUG Engine               - isUserProfileEnabled: false
22:01:44.969 [FXGL Background Thread 3 ] DEBUG Engine               - isWindows: true
22:01:44.969 [FXGL Background Thread 3 ] DEBUG Engine               - language: ObjectProperty [value: ENGLISH]
22:01:44.969 [FXGL Background Thread 3 ] DEBUG Engine               - menuKey: ESCAPE
22:01:44.969 [FXGL Background Thread 3 ] DEBUG Engine               - mouseSensitivity: 0.2
22:01:44.969 [FXGL Background Thread 3 ] DEBUG Engine               - notificationViewClass: class com.almasb.fxgl.notification.view.XboxNotificationView
22:01:44.970 [FXGL Background Thread 3 ] DEBUG Engine               - pixelsPerMeter: 50.0
22:01:44.970 [FXGL Background Thread 3 ] DEBUG Engine               - platform: WINDOWS
22:01:44.970 [FXGL Background Thread 3 ] DEBUG Engine               - prefHeightProperty: ReadOnlyDoubleProperty [value: 900.0]
22:01:44.970 [FXGL Background Thread 3 ] DEBUG Engine               - prefWidthProperty: ReadOnlyDoubleProperty [value: 900.0]
22:01:44.970 [FXGL Background Thread 3 ] DEBUG Engine               - profileDir: profiles/
22:01:44.970 [FXGL Background Thread 3 ] DEBUG Engine               - profileName: StringProperty [value: DEFAULT]
22:01:44.970 [FXGL Background Thread 3 ] DEBUG Engine               - randomSeed: -1
22:01:44.970 [FXGL Background Thread 3 ] DEBUG Engine               - runtimeInfo: RuntimeInfo(platform=WINDOWS, version=11.17, build=16.07.2021 15.46)
22:01:44.970 [FXGL Background Thread 3 ] DEBUG Engine               - saveFileExt: sav
22:01:44.971 [FXGL Background Thread 3 ] DEBUG Engine               - scaledHeightProp$fxgl: DoubleProperty [bound, value: 900.0]
22:01:44.971 [FXGL Background Thread 3 ] DEBUG Engine               - scaledWidthProp$fxgl: DoubleProperty [bound, value: 900.0]
22:01:44.971 [FXGL Background Thread 3 ] DEBUG Engine               - sceneFactory: com.almasb.fxgl.app.scene.SceneFactory@186a3813
22:01:44.971 [FXGL Background Thread 3 ] DEBUG Engine               - secondsIn24h: 60
22:01:44.971 [FXGL Background Thread 3 ] DEBUG Engine               - soundMenuBack: menu/back.wav
22:01:44.971 [FXGL Background Thread 3 ] DEBUG Engine               - soundMenuPress: menu/press.wav
22:01:44.971 [FXGL Background Thread 3 ] DEBUG Engine               - soundMenuSelect: menu/select.wav
22:01:44.971 [FXGL Background Thread 3 ] DEBUG Engine               - soundNotification: core/notification.wav
22:01:44.971 [FXGL Background Thread 3 ] DEBUG Engine               - stageStyle: DECORATED
22:01:44.971 [FXGL Background Thread 3 ] DEBUG Engine               - supportedLanguages: [ENGLISH, FRENCH, GERMAN, HUNGARIAN, RUSSIAN]
22:01:44.972 [FXGL Background Thread 3 ] DEBUG Engine               - ticksPerSecond: -1
22:01:44.972 [FXGL Background Thread 3 ] DEBUG Engine               - title: Escape HSLEIDEN
22:01:44.972 [FXGL Background Thread 3 ] DEBUG Engine               - urlGithub: https://github.com/AlmasB/FXGL
22:01:44.972 [FXGL Background Thread 3 ] DEBUG Engine               - urlLeaderboard: http://fxgl-top.herokuapp.com/
22:01:44.972 [FXGL Background Thread 3 ] DEBUG Engine               - urlPOM: https://raw.githubusercontent.com/AlmasB/FXGL/release/README.md
22:01:44.972 [FXGL Background Thread 3 ] DEBUG Engine               - userAppClass: class com.example.demo.EscapeHSL
22:01:44.972 [FXGL Background Thread 3 ] DEBUG Engine               - version: 0.0
22:01:44.972 [FXGL Background Thread 3 ] DEBUG Engine               - versionCheckDays: 7
22:01:44.972 [FXGL Background Thread 3 ] DEBUG Engine               - width: 900
22:01:44.972 [FXGL Background Thread 3 ] DEBUG Engine               - Logging services
22:01:44.972 [FXGL Background Thread 3 ] DEBUG Engine               - class com.almasb.fxgl.app.services.FXGLAssetLoaderService
22:01:44.973 [FXGL Background Thread 3 ] DEBUG Engine               - class com.almasb.fxgl.app.FXGLApplication$GameApplicationService
22:01:44.973 [FXGL Background Thread 3 ] DEBUG Engine               - class com.almasb.fxgl.app.services.FXGLDialogService
22:01:44.973 [FXGL Background Thread 3 ] DEBUG Engine               - class com.almasb.fxgl.app.services.IOTaskExecutorService
22:01:44.973 [FXGL Background Thread 3 ] DEBUG Engine               - class com.almasb.fxgl.io.FileSystemService
22:01:44.973 [FXGL Background Thread 3 ] DEBUG Engine               - class com.almasb.fxgl.localization.LocalizationService
22:01:44.973 [FXGL Background Thread 3 ] DEBUG Engine               - class com.almasb.fxgl.app.services.SystemBundleService
22:01:44.973 [FXGL Background Thread 3 ] DEBUG Engine               - class com.almasb.fxgl.profile.SaveLoadService
22:01:44.973 [FXGL Background Thread 3 ] DEBUG Engine               - class com.almasb.fxgl.ui.FXGLUIFactoryServiceProvider
22:01:44.973 [FXGL Background Thread 3 ] DEBUG Engine               - class com.almasb.fxgl.ui.FXGLDialogFactoryServiceProvider
22:01:44.973 [FXGL Background Thread 3 ] DEBUG Engine               - class com.almasb.fxgl.audio.AudioPlayer
22:01:44.973 [FXGL Background Thread 3 ] DEBUG Engine               - class com.almasb.fxgl.notification.impl.NotificationServiceProvider
22:01:44.974 [FXGL Background Thread 3 ] DEBUG Engine               - class com.almasb.fxgl.achievement.AchievementService
22:01:44.974 [FXGL Background Thread 3 ] DEBUG Engine               - class com.almasb.fxgl.cutscene.CutsceneService
22:01:44.974 [FXGL Background Thread 3 ] DEBUG Engine               - class com.almasb.fxgl.minigames.MiniGameService
22:01:44.974 [FXGL Background Thread 3 ] DEBUG Engine               - class com.almasb.fxgl.net.NetService
22:01:44.974 [FXGL Background Thread 3 ] DEBUG Engine               - class com.almasb.fxgl.app.services.UpdaterService
22:01:44.974 [FXGL Background Thread 3 ] DEBUG Engine               - class com.almasb.fxgl.dev.DevService
22:01:51.941 [JavaFX Application Thread] DEBUG FXGLApplication      - Exiting FXGL
22:01:51.941 [JavaFX Application Thread] DEBUG LoopRunner           - Stopping loop
22:01:51.942 [JavaFX Application Thread] DEBUG SystemBundleService  - Saving FXGL system data
22:01:51.943 [JavaFX Application Thread] DEBUG FileSystemAccess     - Writing to: X:\Programming\CHALLENGEWEEK\system\fxgl.bundle
22:01:51.944 [JavaFX Application Thread] DEBUG Async                - Shutting down background threads
22:01:51.944 [JavaFX Application Thread] DEBUG PrimaryStageWindow   - Closing main window
22:01:51.954 [JavaFX Application Thread] DEBUG Logger               - Closing Logger
