12:49:34.417 [main                     ] DEBUG Logger               - Configured Logger
12:49:34.436 [main                     ] DEBUG GameApplication      - Logging settings
Title: Escape HSLEIDEN
Version: 0.0
Width: 900
Height: 900
Fullscreen: false
Intro: false
Profiling: false
Single step:false
App Mode: DEVELOPER
Menu Key: ESCAPE
Stage Style: DECORATED
Scene Factory: class com.almasb.fxgl.app.scene.SceneFactory

12:49:35.408 [JavaFX Application Thread] DEBUG FXGLApplication      - Initializing FXGL
12:49:35.410 [JavaFX Application Thread] INFO  Engine               - FXGL-11.17 (16.07.2021 15.46) on MAC (J:15.0.2 FX:17.0.2-ea)
12:49:35.411 [JavaFX Application Thread] DEBUG Engine               - JRE Vendor Name: Amazon.com Inc.
12:49:35.411 [JavaFX Application Thread] DEBUG Engine               - Running on OS: Mac OS X version 13.1
12:49:35.411 [JavaFX Application Thread] DEBUG Engine               - Architecture: x86_64
12:49:35.412 [JavaFX Application Thread] INFO  Engine               - Source code and latest versions at: https://github.com/AlmasB/FXGL
12:49:35.412 [JavaFX Application Thread] INFO  Engine               -              Join the FXGL chat at: https://gitter.im/AlmasB/FXGL
12:49:35.487 [JavaFX Application Thread] DEBUG PrimaryStageWindow   - Creating a JavaFX scene
12:49:35.488 [JavaFX Application Thread] DEBUG PrimaryStageWindow   - Target size > screen size
12:49:35.536 [JavaFX Application Thread] DEBUG PrimaryStageWindow   - Target settings size: 900.0 x 900.0
12:49:35.537 [JavaFX Application Thread] DEBUG PrimaryStageWindow   - Scaled scene size:    850.0 x 875.0
12:49:35.537 [JavaFX Application Thread] DEBUG PrimaryStageWindow   - Scaled ratio: (0.9444444444444444, 0.9722222222222222)
12:49:35.538 [JavaFX Application Thread] DEBUG PrimaryStageWindow   - Set initial scene to FXGLStartupScene
12:49:35.545 [JavaFX Application Thread] DEBUG PrimaryStageWindow   - Opening main window
12:49:35.703 [JavaFX Application Thread] DEBUG PrimaryStageWindow   - Window border size: (0.0, 0.0)
12:49:35.704 [JavaFX Application Thread] DEBUG PrimaryStageWindow   - Scaled size: 850.0 x 875.0
12:49:35.704 [JavaFX Application Thread] DEBUG PrimaryStageWindow   - Scaled ratio: (0.9444444444444444, 0.9722222222222222)
12:49:35.704 [JavaFX Application Thread] DEBUG PrimaryStageWindow   - Scene size: 850.0 x 875.0
12:49:35.704 [JavaFX Application Thread] DEBUG PrimaryStageWindow   - Stage size: 850.0 x 875.0
12:49:35.709 [FXGL Background Thread 1 ] DEBUG Engine               - Initializing environment variables
12:49:35.760 [FXGL Background Thread 1 ] DEBUG FXGLAssetLoaderServi - User app class for loading assets: class com.example.demo.EscapeHSL
12:49:35.761 [FXGL Background Thread 1 ] DEBUG GameApplicationServi - Applying CSS: fxgl_dark.css
12:49:35.763 [FXGL Background Thread 1 ] DEBUG FXGLAssetLoaderServi - Loading from file system: jar:file:///Users/admin/.m2/repository/com/github/almasb/fxgl/11.17/fxgl-11.17.jar!/fxglassets/ui/css/fxgl_dark.css
12:49:35.857 [FXGL Background Thread 1 ] DEBUG GameApplicationServi - Initializing application scenes
12:49:36.034 [FXGL Background Thread 1 ] DEBUG GameWorld            - Game world initialized
12:49:36.082 [FXGL Background Thread 1 ] DEBUG PhysicsWorld         - Physics world initialized: appHeight=900, physics.ppm=50,0
12:49:36.085 [FXGL Background Thread 1 ] DEBUG PhysicsWorld         - Using strategy: BRUTE_FORCE
12:49:36.096 [FXGL Background Thread 1 ] DEBUG GameScene            - Game scene initialized: 900x900
12:49:36.110 [FXGL Background Thread 1 ] DEBUG FXGL.DefaultMenu     - createMenuBodyMainMenu()
12:49:36.124 [FXGL Background Thread 1 ] DEBUG FXGL.DefaultMenu     - createOptionsMenu()
12:49:36.140 [FXGL Background Thread 1 ] DEBUG FXGLAssetLoaderServi - Loading from file system: jar:file:///Users/admin/.m2/repository/com/github/almasb/fxgl/11.17/fxgl-11.17.jar!/fxglassets/textures/particles/smoke.png
12:49:36.288 [FXGL Background Thread 1 ] DEBUG FXGLAssetLoaderServi - Loading from file system: jar:file:///Users/admin/.m2/repository/com/github/almasb/fxgl/11.17/fxgl-11.17.jar!/fxglassets/textures/particles/trace_horizontal.png
12:49:36.326 [FXGL Background Thread 1 ] DEBUG FXGL.DefaultMenu     - createMenuBodyGameMenu()
12:49:36.330 [FXGL Background Thread 1 ] DEBUG FXGL.DefaultMenu     - createOptionsMenu()
12:49:36.362 [FXGL Background Thread 1 ] DEBUG GameApplicationServi - Application scenes initialized
12:49:36.377 [FXGL Background Thread 1 ] DEBUG SystemBundleService  - Loading FXGL system data
12:49:36.387 [FXGL Background Thread 1 ] DEBUG FileSystemAccess     - Reading from: /Users/admin/Desktop/CHALLENGEWEEK/TEST/demo/system/fxgl.bundle
12:49:36.394 [FXGL Background Thread 1 ] DEBUG SystemBundleService  - Bundle FXGL: {}
12:49:36.396 [FXGL Background Thread 1 ] DEBUG UpdaterService       - Checking for updates
12:49:36.406 [FXGL Background Thread 4 ] DEBUG FXGLApplication      - Loading fonts
12:49:36.407 [FXGL Background Thread 1 ] DEBUG FXGLApplication      - Loading default localization
12:49:36.411 [FXGL Background Thread 4 ] DEBUG FXGLAssetLoaderServi - Loading from file system: jar:file:///Users/admin/.m2/repository/com/github/almasb/fxgl/11.17/fxgl-11.17.jar!/fxglassets/ui/fonts/VarelaRound-Regular.ttf
12:49:36.412 [FXGL Background Thread 1 ] DEBUG FXGLAssetLoaderServi - Loading from file system: jar:file:///Users/admin/.m2/repository/com/github/almasb/fxgl/11.17/fxgl-11.17.jar!/fxglassets/languages/english.lang
12:49:36.452 [FXGL Background Thread 1 ] INFO  FXGLApplication      - FXGL initialization took: 0,739 sec
12:49:36.455 [FXGL Background Thread 4 ] DEBUG FXGLAssetLoaderServi - Loading from file system: jar:file:///Users/admin/.m2/repository/com/github/almasb/fxgl/11.17/fxgl-11.17.jar!/fxglassets/ui/fonts/Abel-Regular.ttf
12:49:36.464 [FXGL Background Thread 4 ] DEBUG FXGLAssetLoaderServi - Loading from file system: jar:file:///Users/admin/.m2/repository/com/github/almasb/fxgl/11.17/fxgl-11.17.jar!/fxglassets/ui/fonts/lucida_console.ttf
12:49:36.465 [JavaFX Application Thread] DEBUG Input                - Registered new binding: action0 - W
12:49:36.471 [JavaFX Application Thread] DEBUG Input                - Registered new binding: action1 - A
12:49:36.472 [FXGL Background Thread 4 ] DEBUG FXGLAssetLoaderServi - Loading from file system: jar:file:///Users/admin/.m2/repository/com/github/almasb/fxgl/11.17/fxgl-11.17.jar!/fxglassets/ui/fonts/Courier-Prime.ttf
12:49:36.476 [JavaFX Application Thread] DEBUG Input                - Registered new binding: action2 - S
12:49:36.481 [JavaFX Application Thread] DEBUG Input                - Registered new binding: action3 - D
12:49:36.484 [JavaFX Application Thread] DEBUG FXGLAssetLoaderServi - Loading from file system: jar:file:///Users/admin/.m2/repository/com/github/almasb/fxgl/11.17/fxgl-11.17.jar!/fxglassets/textures/fxgl_icon.png
12:49:36.523 [JavaFX Application Thread] DEBUG FXGLAssetLoaderServi - Loading from file system: jar:file:///Users/admin/.m2/repository/com/github/almasb/fxgl/11.17/fxgl-11.17.jar!/fxglassets/textures/fxgl_default_cursor.png
12:49:36.529 [JavaFX Application Thread] DEBUG Input                - Registered new binding: Screenshot - CTRL+8
12:49:36.531 [JavaFX Application Thread] DEBUG Input                - Registered new binding: System info dump - CTRL+9
12:49:36.533 [JavaFX Application Thread] DEBUG Input                - Registered new binding: Restart - CTRL+R
12:49:36.539 [JavaFX Application Thread] DEBUG Input                - Registered new binding: Toggle Debug Camera - CTRL+C
12:49:36.547 [JavaFX Application Thread] DEBUG LoopRunner           - Starting loop
12:49:36.549 [JavaFX Application Thread] DEBUG LoopRunner           - Initializing JavaFX AnimationTimerLoop
12:49:36.556 [JavaFX Application Thread] DEBUG Input                - Clearing active input actions
12:49:36.600 [JavaFX Application Thread] DEBUG GameApplicationServi - Removing overlay from FXGLStartupScene and adding to FXGLMainMenuDummyScene
12:49:36.604 [JavaFX Application Thread] DEBUG PrimaryStageWindow   - FXGLStartupScene -> FXGLMainMenuDummyScene
12:49:36.606 [JavaFX Application Thread] DEBUG PrimaryStageWindow   - Push state: FXGLDefaultMenu
12:49:36.613 [JavaFX Application Thread] DEBUG Input                - Clearing active input actions
12:49:36.633 [JavaFX Application Thread] DEBUG GameApplicationServi - Removing overlay from FXGLMainMenuDummyScene and adding to FXGLDefaultMenu
12:49:36.643 [JavaFX Application Thread] DEBUG PrimaryStageWindow   - FXGLMainMenuDummyScene -> FXGLDefaultMenu
12:49:36.757 [JavaFX Application Thread] DEBUG FXGLApplication      - Registering font factories with UI factory
12:49:37.218 [FXGL Background Thread 2 ] INFO  UpdaterService       - Your current version:  11.17
12:49:37.230 [FXGL Background Thread 2 ] INFO  UpdaterService       - Latest stable version: 17.3
12:49:37.937 [JavaFX Application Thread] DEBUG Menu                 - fireNewGame()
12:49:37.946 [JavaFX Application Thread] DEBUG GameApplicationServi - Starting new game
12:49:37.953 [JavaFX Application Thread] DEBUG PrimaryStageWindow   - Pop state: FXGLDefaultMenu
12:49:37.955 [JavaFX Application Thread] DEBUG Input                - Clearing active input actions
12:49:37.960 [JavaFX Application Thread] DEBUG GameApplicationServi - Removing overlay from FXGLDefaultMenu and adding to FXGLMainMenuDummyScene
12:49:37.962 [JavaFX Application Thread] DEBUG PrimaryStageWindow   - FXGLMainMenuDummyScene <- FXGLDefaultMenu
12:49:37.965 [JavaFX Application Thread] DEBUG Input                - Clearing active input actions
12:49:38.011 [JavaFX Application Thread] DEBUG GameApplicationServi - Removing overlay from FXGLMainMenuDummyScene and adding to FXGLLoadingScene
12:49:38.013 [JavaFX Application Thread] DEBUG PrimaryStageWindow   - FXGLMainMenuDummyScene -> FXGLLoadingScene
12:49:38.015 [JavaFX Application Thread] DEBUG GameApplicationServi - Clearing previous game
12:49:38.016 [JavaFX Application Thread] DEBUG GameScene            - Clearing game scene
12:49:38.017 [JavaFX Application Thread] DEBUG GameWorld            - Clearing game world
12:49:38.019 [JavaFX Application Thread] DEBUG PhysicsWorld         - Clearing physics world
12:49:38.022 [FXGL Background Thread 2 ] DEBUG FXGLApplication      - Initializing game
12:49:38.048 [FXGL Background Thread 2 ] DEBUG FXGLAssetLoaderServi - Loading from file system: file:/Users/admin/Desktop/CHALLENGEWEEK/TEST/demo/target/classes/assets/textures/test2.png
12:49:38.104 [FXGL Background Thread 2 ] DEBUG FXGLAssetLoaderServi - Loading from file system: file:/Users/admin/Desktop/CHALLENGEWEEK/TEST/demo/target/classes/assets/textures/key.png
12:49:38.122 [FXGL Background Thread 2 ] INFO  FXGLApplication      - Game initialization took: 0,097 sec
12:49:38.129 [JavaFX Application Thread] DEBUG Input                - Clearing active input actions
12:49:38.152 [JavaFX Application Thread] DEBUG GameApplicationServi - Removing overlay from FXGLLoadingScene and adding to GameScene
12:49:38.153 [JavaFX Application Thread] DEBUG PrimaryStageWindow   - FXGLLoadingScene -> GameScene
12:49:39.403 [FXGL Background Thread 3 ] DEBUG Engine               - Logging environment variables
12:49:39.415 [FXGL Background Thread 3 ] DEBUG Engine               - achievements: []
12:49:39.418 [FXGL Background Thread 3 ] DEBUG Engine               - actualHeight: 875.0
12:49:39.420 [FXGL Background Thread 3 ] DEBUG Engine               - actualHeightProperty: ReadOnlyDoubleProperty [value: 875.0]
12:49:39.422 [FXGL Background Thread 3 ] DEBUG Engine               - actualWidth: 850.0
12:49:39.425 [FXGL Background Thread 3 ] DEBUG Engine               - actualWidthProperty: ReadOnlyDoubleProperty [value: 850.0]
12:49:39.427 [FXGL Background Thread 3 ] DEBUG Engine               - appIcon: fxgl_icon.png
12:49:39.428 [FXGL Background Thread 3 ] DEBUG Engine               - applicationMode: DEVELOPER
12:49:39.431 [FXGL Background Thread 3 ] DEBUG Engine               - cSSList: [fxgl_dark.css]
12:49:39.434 [FXGL Background Thread 3 ] DEBUG Engine               - collisionDetectionStrategy: BRUTE_FORCE
12:49:39.436 [FXGL Background Thread 3 ] DEBUG Engine               - configClass: Optional.empty
12:49:39.438 [FXGL Background Thread 3 ] DEBUG Engine               - credits: []
12:49:39.441 [FXGL Background Thread 3 ] DEBUG Engine               - defaultCursor: CursorInfo(imageName=fxgl_default_cursor.png, hotspotX=7.0, hotspotY=6.0)
12:49:39.446 [FXGL Background Thread 3 ] DEBUG Engine               - devBBoxColorProperty: ObjectProperty [value: 0xff0000ff]
12:49:39.456 [FXGL Background Thread 3 ] DEBUG Engine               - devEnableDebugCameraProperty: BooleanProperty [value: false]
12:49:39.460 [FXGL Background Thread 3 ] DEBUG Engine               - devSensorColorProperty: ObjectProperty [value: 0xffff00ff]
12:49:39.461 [FXGL Background Thread 3 ] DEBUG Engine               - devShowBBoxProperty: BooleanProperty [value: false]
12:49:39.463 [FXGL Background Thread 3 ] DEBUG Engine               - devShowPositionProperty: BooleanProperty [value: false]
12:49:39.465 [FXGL Background Thread 3 ] DEBUG Engine               - enabledMenuItems: []
12:49:39.466 [FXGL Background Thread 3 ] DEBUG Engine               - engineServices: [class com.almasb.fxgl.app.services.FXGLAssetLoaderService, class com.almasb.fxgl.app.FXGLApplication$GameApplicationService, class com.almasb.fxgl.app.services.FXGLDialogService, class com.almasb.fxgl.app.services.IOTaskExecutorService, class com.almasb.fxgl.io.FileSystemService, class com.almasb.fxgl.localization.LocalizationService, class com.almasb.fxgl.app.services.SystemBundleService, class com.almasb.fxgl.profile.SaveLoadService, class com.almasb.fxgl.ui.FXGLUIFactoryServiceProvider, class com.almasb.fxgl.ui.FXGLDialogFactoryServiceProvider, class com.almasb.fxgl.audio.AudioPlayer, class com.almasb.fxgl.notification.impl.NotificationServiceProvider, class com.almasb.fxgl.achievement.AchievementService, class com.almasb.fxgl.cutscene.CutsceneService, class com.almasb.fxgl.minigames.MiniGameService, class com.almasb.fxgl.net.NetService, class com.almasb.fxgl.app.services.UpdaterService, class com.almasb.fxgl.dev.DevService]
12:49:39.467 [FXGL Background Thread 3 ] DEBUG Engine               - fontGame: Abel-Regular.ttf
12:49:39.469 [FXGL Background Thread 3 ] DEBUG Engine               - fontMono: lucida_console.ttf
12:49:39.470 [FXGL Background Thread 3 ] DEBUG Engine               - fontText: Courier-Prime.ttf
12:49:39.471 [FXGL Background Thread 3 ] DEBUG Engine               - fontUI: VarelaRound-Regular.ttf
12:49:39.472 [FXGL Background Thread 3 ] DEBUG Engine               - fullScreen: BooleanProperty [value: false]
12:49:39.473 [FXGL Background Thread 3 ] DEBUG Engine               - gameDifficulty: MEDIUM
12:49:39.474 [FXGL Background Thread 3 ] DEBUG Engine               - gameDifficultyProperty: ObjectProperty [value: MEDIUM]
12:49:39.475 [FXGL Background Thread 3 ] DEBUG Engine               - globalMusicVolume: 0.5
12:49:39.477 [FXGL Background Thread 3 ] DEBUG Engine               - globalMusicVolumeProperty: DoubleProperty [value: 0.5]
12:49:39.479 [FXGL Background Thread 3 ] DEBUG Engine               - globalSoundVolume: 0.5
12:49:39.481 [FXGL Background Thread 3 ] DEBUG Engine               - globalSoundVolumeProperty: DoubleProperty [value: 0.5]
12:49:39.483 [FXGL Background Thread 3 ] DEBUG Engine               - height: 900
12:49:39.484 [FXGL Background Thread 3 ] DEBUG Engine               - is3D: false
12:49:39.485 [FXGL Background Thread 3 ] DEBUG Engine               - isAndroid: false
12:49:39.486 [FXGL Background Thread 3 ] DEBUG Engine               - isBrowser: false
12:49:39.487 [FXGL Background Thread 3 ] DEBUG Engine               - isClickFeedbackEnabled: false
12:49:39.490 [FXGL Background Thread 3 ] DEBUG Engine               - isCloseConfirmation: false
12:49:39.491 [FXGL Background Thread 3 ] DEBUG Engine               - isDesktop: true
12:49:39.492 [FXGL Background Thread 3 ] DEBUG Engine               - isDeveloperMenuEnabled: false
12:49:39.493 [FXGL Background Thread 3 ] DEBUG Engine               - isEntityPreloadEnabled: true
12:49:39.494 [FXGL Background Thread 3 ] DEBUG Engine               - isExperimentalTiledLargeMap: false
12:49:39.495 [FXGL Background Thread 3 ] DEBUG Engine               - isFileSystemWriteAllowed: true
12:49:39.496 [FXGL Background Thread 3 ] DEBUG Engine               - isFullScreenAllowed: false
12:49:39.498 [FXGL Background Thread 3 ] DEBUG Engine               - isFullScreenFromStart: false
12:49:39.500 [FXGL Background Thread 3 ] DEBUG Engine               - isGameMenuEnabled: true
12:49:39.501 [FXGL Background Thread 3 ] DEBUG Engine               - isIOS: false
12:49:39.502 [FXGL Background Thread 3 ] DEBUG Engine               - isIntroEnabled: false
12:49:39.503 [FXGL Background Thread 3 ] DEBUG Engine               - isLinux: false
12:49:39.504 [FXGL Background Thread 3 ] DEBUG Engine               - isMac: true
12:49:39.505 [FXGL Background Thread 3 ] DEBUG Engine               - isMainMenuEnabled: true
12:49:39.506 [FXGL Background Thread 3 ] DEBUG Engine               - isManualResizeEnabled: true
12:49:39.507 [FXGL Background Thread 3 ] DEBUG Engine               - isMobile: false
12:49:39.508 [FXGL Background Thread 3 ] DEBUG Engine               - isNative: false
12:49:39.509 [FXGL Background Thread 3 ] DEBUG Engine               - isPauseMusicWhenMinimized: true
12:49:39.510 [FXGL Background Thread 3 ] DEBUG Engine               - isPreserveResizeRatio: false
12:49:39.511 [FXGL Background Thread 3 ] DEBUG Engine               - isProfilingEnabled: false
12:49:39.512 [FXGL Background Thread 3 ] DEBUG Engine               - isScaleAffectedOnResize: true
12:49:39.513 [FXGL Background Thread 3 ] DEBUG Engine               - isSingleStep: false
12:49:39.514 [FXGL Background Thread 3 ] DEBUG Engine               - isUserProfileEnabled: false
12:49:39.515 [FXGL Background Thread 3 ] DEBUG Engine               - isWindows: false
12:49:39.517 [FXGL Background Thread 3 ] DEBUG Engine               - language: ObjectProperty [value: ENGLISH]
12:49:39.518 [FXGL Background Thread 3 ] DEBUG Engine               - menuKey: ESCAPE
12:49:39.519 [FXGL Background Thread 3 ] DEBUG Engine               - mouseSensitivity: 0.2
12:49:39.520 [FXGL Background Thread 3 ] DEBUG Engine               - notificationViewClass: class com.almasb.fxgl.notification.view.XboxNotificationView
12:49:39.520 [FXGL Background Thread 3 ] DEBUG Engine               - pixelsPerMeter: 50.0
12:49:39.521 [FXGL Background Thread 3 ] DEBUG Engine               - platform: MAC
12:49:39.522 [FXGL Background Thread 3 ] DEBUG Engine               - prefHeightProperty: ReadOnlyDoubleProperty [value: 900.0]
12:49:39.523 [FXGL Background Thread 3 ] DEBUG Engine               - prefWidthProperty: ReadOnlyDoubleProperty [value: 900.0]
12:49:39.524 [FXGL Background Thread 3 ] DEBUG Engine               - profileDir: profiles/
12:49:39.525 [FXGL Background Thread 3 ] DEBUG Engine               - profileName: StringProperty [value: DEFAULT]
12:49:39.526 [FXGL Background Thread 3 ] DEBUG Engine               - randomSeed: -1
12:49:39.527 [FXGL Background Thread 3 ] DEBUG Engine               - runtimeInfo: RuntimeInfo(platform=MAC, version=11.17, build=16.07.2021 15.46)
12:49:39.528 [FXGL Background Thread 3 ] DEBUG Engine               - saveFileExt: sav
12:49:39.531 [FXGL Background Thread 3 ] DEBUG Engine               - scaledHeightProp$fxgl: DoubleProperty [bound, value: 875.0]
12:49:39.533 [FXGL Background Thread 3 ] DEBUG Engine               - scaledWidthProp$fxgl: DoubleProperty [bound, value: 850.0]
12:49:39.535 [FXGL Background Thread 3 ] DEBUG Engine               - sceneFactory: com.almasb.fxgl.app.scene.SceneFactory@1ccd5d45
12:49:39.536 [FXGL Background Thread 3 ] DEBUG Engine               - secondsIn24h: 60
12:49:39.537 [FXGL Background Thread 3 ] DEBUG Engine               - soundMenuBack: menu/back.wav
12:49:39.538 [FXGL Background Thread 3 ] DEBUG Engine               - soundMenuPress: menu/press.wav
12:49:39.539 [FXGL Background Thread 3 ] DEBUG Engine               - soundMenuSelect: menu/select.wav
12:49:39.540 [FXGL Background Thread 3 ] DEBUG Engine               - soundNotification: core/notification.wav
12:49:39.541 [FXGL Background Thread 3 ] DEBUG Engine               - stageStyle: DECORATED
12:49:39.542 [FXGL Background Thread 3 ] DEBUG Engine               - supportedLanguages: [ENGLISH, FRENCH, GERMAN, HUNGARIAN, RUSSIAN]
12:49:39.543 [FXGL Background Thread 3 ] DEBUG Engine               - ticksPerSecond: -1
12:49:39.544 [FXGL Background Thread 3 ] DEBUG Engine               - title: Escape HSLEIDEN
12:49:39.545 [FXGL Background Thread 3 ] DEBUG Engine               - urlGithub: https://github.com/AlmasB/FXGL
12:49:39.546 [FXGL Background Thread 3 ] DEBUG Engine               - urlLeaderboard: http://fxgl-top.herokuapp.com/
12:49:39.550 [FXGL Background Thread 3 ] DEBUG Engine               - urlPOM: https://raw.githubusercontent.com/AlmasB/FXGL/release/README.md
12:49:39.551 [FXGL Background Thread 3 ] DEBUG Engine               - userAppClass: class com.example.demo.EscapeHSL
12:49:39.552 [FXGL Background Thread 3 ] DEBUG Engine               - version: 0.0
12:49:39.554 [FXGL Background Thread 3 ] DEBUG Engine               - versionCheckDays: 7
12:49:39.555 [FXGL Background Thread 3 ] DEBUG Engine               - width: 900
12:49:39.556 [FXGL Background Thread 3 ] DEBUG Engine               - Logging services
12:49:39.557 [FXGL Background Thread 3 ] DEBUG Engine               - class com.almasb.fxgl.app.services.FXGLAssetLoaderService
12:49:39.558 [FXGL Background Thread 3 ] DEBUG Engine               - class com.almasb.fxgl.app.FXGLApplication$GameApplicationService
12:49:39.559 [FXGL Background Thread 3 ] DEBUG Engine               - class com.almasb.fxgl.app.services.FXGLDialogService
12:49:39.560 [FXGL Background Thread 3 ] DEBUG Engine               - class com.almasb.fxgl.app.services.IOTaskExecutorService
12:49:39.561 [FXGL Background Thread 3 ] DEBUG Engine               - class com.almasb.fxgl.io.FileSystemService
12:49:39.564 [FXGL Background Thread 3 ] DEBUG Engine               - class com.almasb.fxgl.localization.LocalizationService
12:49:39.566 [FXGL Background Thread 3 ] DEBUG Engine               - class com.almasb.fxgl.app.services.SystemBundleService
12:49:39.567 [FXGL Background Thread 3 ] DEBUG Engine               - class com.almasb.fxgl.profile.SaveLoadService
12:49:39.569 [FXGL Background Thread 3 ] DEBUG Engine               - class com.almasb.fxgl.ui.FXGLUIFactoryServiceProvider
12:49:39.570 [FXGL Background Thread 3 ] DEBUG Engine               - class com.almasb.fxgl.ui.FXGLDialogFactoryServiceProvider
12:49:39.571 [FXGL Background Thread 3 ] DEBUG Engine               - class com.almasb.fxgl.audio.AudioPlayer
12:49:39.572 [FXGL Background Thread 3 ] DEBUG Engine               - class com.almasb.fxgl.notification.impl.NotificationServiceProvider
12:49:39.573 [FXGL Background Thread 3 ] DEBUG Engine               - class com.almasb.fxgl.achievement.AchievementService
12:49:39.575 [FXGL Background Thread 3 ] DEBUG Engine               - class com.almasb.fxgl.cutscene.CutsceneService
12:49:39.576 [FXGL Background Thread 3 ] DEBUG Engine               - class com.almasb.fxgl.minigames.MiniGameService
12:49:39.577 [FXGL Background Thread 3 ] DEBUG Engine               - class com.almasb.fxgl.net.NetService
12:49:39.578 [FXGL Background Thread 3 ] DEBUG Engine               - class com.almasb.fxgl.app.services.UpdaterService
12:49:39.579 [FXGL Background Thread 3 ] DEBUG Engine               - class com.almasb.fxgl.dev.DevService
12:49:44.043 [JavaFX Application Thread] DEBUG FXGLApplication      - Exiting FXGL
12:49:44.055 [JavaFX Application Thread] DEBUG LoopRunner           - Stopping loop
12:49:44.057 [JavaFX Application Thread] DEBUG SystemBundleService  - Saving FXGL system data
12:49:44.079 [JavaFX Application Thread] DEBUG FileSystemAccess     - Writing to: /Users/admin/Desktop/CHALLENGEWEEK/TEST/demo/system/fxgl.bundle
12:49:44.087 [JavaFX Application Thread] DEBUG Async                - Shutting down background threads
12:49:44.090 [JavaFX Application Thread] DEBUG PrimaryStageWindow   - Closing main window
12:49:44.104 [JavaFX Application Thread] DEBUG Logger               - Closing Logger
