21:05:35.464 [main                     ] DEBUG Logger               - Configured Logger
21:05:35.476 [main                     ] DEBUG GameApplication      - Logging settings
Title: Escape HSLEIDEN
Version: 0.0
Width: 800
Height: 600
Fullscreen: false
Intro: false
Profiling: false
Single step:false
App Mode: DEVELOPER
Menu Key: ESCAPE
Stage Style: DECORATED
Scene Factory: class com.almasb.fxgl.app.scene.SceneFactory

21:05:35.865 [JavaFX Application Thread] DEBUG FXGLApplication      - Initializing FXGL
21:05:35.867 [JavaFX Application Thread] INFO  Engine               - FXGL-11.17 (16.07.2021 15.46) on WINDOWS (J:15.0.2 FX:17.0.2-ea)
21:05:35.867 [JavaFX Application Thread] DEBUG Engine               - JRE Vendor Name: Amazon.com Inc.
21:05:35.867 [JavaFX Application Thread] DEBUG Engine               - Running on OS: Windows 10 version 10.0
21:05:35.868 [JavaFX Application Thread] DEBUG Engine               - Architecture: amd64
21:05:35.868 [JavaFX Application Thread] INFO  Engine               - Source code and latest versions at: https://github.com/AlmasB/FXGL
21:05:35.868 [JavaFX Application Thread] INFO  Engine               -              Join the FXGL chat at: https://gitter.im/AlmasB/FXGL
21:05:35.943 [JavaFX Application Thread] DEBUG PrimaryStageWindow   - Creating a JavaFX scene
21:05:35.977 [JavaFX Application Thread] DEBUG PrimaryStageWindow   - Target settings size: 800.0 x 600.0
21:05:35.977 [JavaFX Application Thread] DEBUG PrimaryStageWindow   - Scaled scene size:    800.0 x 600.0
21:05:35.977 [JavaFX Application Thread] DEBUG PrimaryStageWindow   - Scaled ratio: (1.0, 1.0)
21:05:35.978 [JavaFX Application Thread] DEBUG PrimaryStageWindow   - Set initial scene to FXGLStartupScene
21:05:35.984 [JavaFX Application Thread] DEBUG PrimaryStageWindow   - Opening main window
21:05:36.065 [JavaFX Application Thread] DEBUG PrimaryStageWindow   - Window border size: (16.0, 39.0)
21:05:36.066 [JavaFX Application Thread] DEBUG PrimaryStageWindow   - Scaled size: 800.0 x 600.0
21:05:36.066 [JavaFX Application Thread] DEBUG PrimaryStageWindow   - Scaled ratio: (1.0, 1.0)
21:05:36.066 [JavaFX Application Thread] DEBUG PrimaryStageWindow   - Scene size: 800.0 x 600.0
21:05:36.066 [JavaFX Application Thread] DEBUG PrimaryStageWindow   - Stage size: 816.0 x 639.0
21:05:36.072 [FXGL Background Thread 1 ] DEBUG Engine               - Initializing environment variables
21:05:36.123 [FXGL Background Thread 1 ] DEBUG FXGLAssetLoaderServi - User app class for loading assets: class com.example.demo.EscapeHSL
21:05:36.123 [FXGL Background Thread 1 ] DEBUG GameApplicationServi - Applying CSS: fxgl_dark.css
21:05:36.124 [FXGL Background Thread 1 ] DEBUG FXGLAssetLoaderServi - Loading from file system: jar:file:///C:/Users/Admin/.m2/repository/com/github/almasb/fxgl/11.17/fxgl-11.17.jar!/fxglassets/ui/css/fxgl_dark.css
21:05:36.172 [FXGL Background Thread 1 ] DEBUG GameApplicationServi - Initializing application scenes
21:05:36.206 [FXGL Background Thread 1 ] DEBUG GameWorld            - Game world initialized
21:05:36.250 [FXGL Background Thread 1 ] DEBUG PhysicsWorld         - Physics world initialized: appHeight=600, physics.ppm=50,0
21:05:36.250 [FXGL Background Thread 1 ] DEBUG PhysicsWorld         - Using strategy: BRUTE_FORCE
21:05:36.252 [FXGL Background Thread 1 ] DEBUG GameScene            - Game scene initialized: 800x600
21:05:36.260 [FXGL Background Thread 1 ] DEBUG FXGL.DefaultMenu     - createMenuBodyMainMenu()
21:05:36.272 [FXGL Background Thread 1 ] DEBUG FXGL.DefaultMenu     - createOptionsMenu()
21:05:36.281 [FXGL Background Thread 1 ] DEBUG FXGLAssetLoaderServi - Loading from file system: jar:file:///C:/Users/Admin/.m2/repository/com/github/almasb/fxgl/11.17/fxgl-11.17.jar!/fxglassets/textures/particles/smoke.png
21:05:36.361 [FXGL Background Thread 1 ] DEBUG FXGLAssetLoaderServi - Loading from file system: jar:file:///C:/Users/Admin/.m2/repository/com/github/almasb/fxgl/11.17/fxgl-11.17.jar!/fxglassets/textures/particles/trace_horizontal.png
21:05:36.388 [FXGL Background Thread 1 ] DEBUG FXGL.DefaultMenu     - createMenuBodyGameMenu()
21:05:36.389 [FXGL Background Thread 1 ] DEBUG FXGL.DefaultMenu     - createOptionsMenu()
21:05:36.404 [FXGL Background Thread 1 ] DEBUG GameApplicationServi - Application scenes initialized
21:05:36.410 [FXGL Background Thread 1 ] DEBUG SystemBundleService  - Loading FXGL system data
21:05:36.418 [FXGL Background Thread 1 ] DEBUG FileSystemAccess     - Reading from: X:\Programming\CHALLENGEWEEK\system\fxgl.bundle
21:05:36.423 [FXGL Background Thread 1 ] DEBUG SystemBundleService  - Bundle FXGL: {}
21:05:36.423 [FXGL Background Thread 1 ] DEBUG UpdaterService       - Checking for updates
21:05:36.426 [FXGL Background Thread 4 ] DEBUG FXGLApplication      - Loading fonts
21:05:36.426 [FXGL Background Thread 1 ] DEBUG FXGLApplication      - Loading default localization
21:05:36.426 [FXGL Background Thread 4 ] DEBUG FXGLAssetLoaderServi - Loading from file system: jar:file:///C:/Users/Admin/.m2/repository/com/github/almasb/fxgl/11.17/fxgl-11.17.jar!/fxglassets/ui/fonts/VarelaRound-Regular.ttf
21:05:36.426 [FXGL Background Thread 1 ] DEBUG FXGLAssetLoaderServi - Loading from file system: jar:file:///C:/Users/Admin/.m2/repository/com/github/almasb/fxgl/11.17/fxgl-11.17.jar!/fxglassets/languages/english.lang
21:05:36.436 [FXGL Background Thread 1 ] INFO  FXGLApplication      - FXGL initialization took: 0,364 sec
21:05:36.444 [JavaFX Application Thread] DEBUG Input                - Registered new binding: action0 - W
21:05:36.445 [JavaFX Application Thread] DEBUG Input                - Registered new binding: action1 - A
21:05:36.445 [JavaFX Application Thread] DEBUG Input                - Registered new binding: action2 - S
21:05:36.445 [JavaFX Application Thread] DEBUG Input                - Registered new binding: action3 - D
21:05:36.446 [JavaFX Application Thread] DEBUG FXGLAssetLoaderServi - Loading from file system: jar:file:///C:/Users/Admin/.m2/repository/com/github/almasb/fxgl/11.17/fxgl-11.17.jar!/fxglassets/textures/fxgl_icon.png
21:05:36.461 [JavaFX Application Thread] DEBUG FXGLAssetLoaderServi - Loading from file system: jar:file:///C:/Users/Admin/.m2/repository/com/github/almasb/fxgl/11.17/fxgl-11.17.jar!/fxglassets/textures/fxgl_default_cursor.png
21:05:36.463 [JavaFX Application Thread] DEBUG Input                - Registered new binding: Screenshot - CTRL+8
21:05:36.463 [JavaFX Application Thread] DEBUG Input                - Registered new binding: System info dump - CTRL+9
21:05:36.463 [JavaFX Application Thread] DEBUG Input                - Registered new binding: Restart - CTRL+R
21:05:36.464 [JavaFX Application Thread] DEBUG Input                - Registered new binding: Toggle Debug Camera - CTRL+C
21:05:36.465 [JavaFX Application Thread] DEBUG LoopRunner           - Starting loop
21:05:36.465 [JavaFX Application Thread] DEBUG LoopRunner           - Initializing JavaFX AnimationTimerLoop
21:05:36.467 [JavaFX Application Thread] DEBUG Input                - Clearing active input actions
21:05:36.474 [JavaFX Application Thread] DEBUG GameApplicationServi - Removing overlay from FXGLStartupScene and adding to FXGLMainMenuDummyScene
21:05:36.474 [JavaFX Application Thread] DEBUG PrimaryStageWindow   - FXGLStartupScene -> FXGLMainMenuDummyScene
21:05:36.474 [JavaFX Application Thread] DEBUG PrimaryStageWindow   - Push state: FXGLDefaultMenu
21:05:36.477 [JavaFX Application Thread] DEBUG Input                - Clearing active input actions
21:05:36.484 [JavaFX Application Thread] DEBUG GameApplicationServi - Removing overlay from FXGLMainMenuDummyScene and adding to FXGLDefaultMenu
21:05:36.484 [JavaFX Application Thread] DEBUG PrimaryStageWindow   - FXGLMainMenuDummyScene -> FXGLDefaultMenu
21:05:36.499 [FXGL Background Thread 4 ] DEBUG FXGLAssetLoaderServi - Loading from file system: jar:file:///C:/Users/Admin/.m2/repository/com/github/almasb/fxgl/11.17/fxgl-11.17.jar!/fxglassets/ui/fonts/Abel-Regular.ttf
21:05:36.511 [FXGL Background Thread 4 ] DEBUG FXGLAssetLoaderServi - Loading from file system: jar:file:///C:/Users/Admin/.m2/repository/com/github/almasb/fxgl/11.17/fxgl-11.17.jar!/fxglassets/ui/fonts/lucida_console.ttf
21:05:36.523 [FXGL Background Thread 4 ] DEBUG FXGLAssetLoaderServi - Loading from file system: jar:file:///C:/Users/Admin/.m2/repository/com/github/almasb/fxgl/11.17/fxgl-11.17.jar!/fxglassets/ui/fonts/Courier-Prime.ttf
21:05:36.542 [JavaFX Application Thread] DEBUG FXGLApplication      - Registering font factories with UI factory
21:05:36.745 [FXGL Background Thread 2 ] INFO  UpdaterService       - Your current version:  11.17
21:05:36.745 [FXGL Background Thread 2 ] INFO  UpdaterService       - Latest stable version: 17.3
21:05:38.249 [JavaFX Application Thread] DEBUG Menu                 - fireNewGame()
21:05:38.249 [JavaFX Application Thread] DEBUG GameApplicationServi - Starting new game
21:05:38.250 [JavaFX Application Thread] DEBUG PrimaryStageWindow   - Pop state: FXGLDefaultMenu
21:05:38.251 [JavaFX Application Thread] DEBUG Input                - Clearing active input actions
21:05:38.251 [JavaFX Application Thread] DEBUG GameApplicationServi - Removing overlay from FXGLDefaultMenu and adding to FXGLMainMenuDummyScene
21:05:38.252 [JavaFX Application Thread] DEBUG PrimaryStageWindow   - FXGLMainMenuDummyScene <- FXGLDefaultMenu
21:05:38.252 [JavaFX Application Thread] DEBUG Input                - Clearing active input actions
21:05:38.258 [JavaFX Application Thread] DEBUG GameApplicationServi - Removing overlay from FXGLMainMenuDummyScene and adding to FXGLLoadingScene
21:05:38.258 [JavaFX Application Thread] DEBUG PrimaryStageWindow   - FXGLMainMenuDummyScene -> FXGLLoadingScene
21:05:38.258 [JavaFX Application Thread] DEBUG GameApplicationServi - Clearing previous game
21:05:38.259 [JavaFX Application Thread] DEBUG GameScene            - Clearing game scene
21:05:38.259 [JavaFX Application Thread] DEBUG GameWorld            - Clearing game world
21:05:38.259 [JavaFX Application Thread] DEBUG PhysicsWorld         - Clearing physics world
21:05:38.260 [FXGL Background Thread 2 ] DEBUG FXGLApplication      - Initializing game
21:05:38.262 [FXGL Background Thread 2 ] DEBUG FXGLAssetLoaderServi - Loading from file system: file:/X:/Programming/CHALLENGEWEEK/target/classes/assets/textures/test2.png
21:05:38.272 [FXGL Background Thread 2 ] INFO  FXGLApplication      - Game initialization took: 0,012 sec
21:05:38.273 [JavaFX Application Thread] DEBUG Input                - Clearing active input actions
21:05:38.277 [JavaFX Application Thread] DEBUG GameApplicationServi - Removing overlay from FXGLLoadingScene and adding to GameScene
21:05:38.278 [JavaFX Application Thread] DEBUG PrimaryStageWindow   - FXGLLoadingScene -> GameScene
21:05:39.426 [FXGL Background Thread 3 ] DEBUG Engine               - Logging environment variables
21:05:39.426 [FXGL Background Thread 3 ] DEBUG Engine               - achievements: []
21:05:39.426 [FXGL Background Thread 3 ] DEBUG Engine               - actualHeight: 600.0
21:05:39.426 [FXGL Background Thread 3 ] DEBUG Engine               - actualHeightProperty: ReadOnlyDoubleProperty [value: 600.0]
21:05:39.426 [FXGL Background Thread 3 ] DEBUG Engine               - actualWidth: 800.0
21:05:39.427 [FXGL Background Thread 3 ] DEBUG Engine               - actualWidthProperty: ReadOnlyDoubleProperty [value: 800.0]
21:05:39.427 [FXGL Background Thread 3 ] DEBUG Engine               - appIcon: fxgl_icon.png
21:05:39.427 [FXGL Background Thread 3 ] DEBUG Engine               - applicationMode: DEVELOPER
21:05:39.427 [FXGL Background Thread 3 ] DEBUG Engine               - cSSList: [fxgl_dark.css]
21:05:39.427 [FXGL Background Thread 3 ] DEBUG Engine               - collisionDetectionStrategy: BRUTE_FORCE
21:05:39.427 [FXGL Background Thread 3 ] DEBUG Engine               - configClass: Optional.empty
21:05:39.427 [FXGL Background Thread 3 ] DEBUG Engine               - credits: []
21:05:39.428 [FXGL Background Thread 3 ] DEBUG Engine               - defaultCursor: CursorInfo(imageName=fxgl_default_cursor.png, hotspotX=7.0, hotspotY=6.0)
21:05:39.428 [FXGL Background Thread 3 ] DEBUG Engine               - devBBoxColorProperty: ObjectProperty [value: 0xff0000ff]
21:05:39.428 [FXGL Background Thread 3 ] DEBUG Engine               - devEnableDebugCameraProperty: BooleanProperty [value: false]
21:05:39.429 [FXGL Background Thread 3 ] DEBUG Engine               - devSensorColorProperty: ObjectProperty [value: 0xffff00ff]
21:05:39.429 [FXGL Background Thread 3 ] DEBUG Engine               - devShowBBoxProperty: BooleanProperty [value: false]
21:05:39.429 [FXGL Background Thread 3 ] DEBUG Engine               - devShowPositionProperty: BooleanProperty [value: false]
21:05:39.429 [FXGL Background Thread 3 ] DEBUG Engine               - enabledMenuItems: []
21:05:39.429 [FXGL Background Thread 3 ] DEBUG Engine               - engineServices: [class com.almasb.fxgl.app.services.FXGLAssetLoaderService, class com.almasb.fxgl.app.FXGLApplication$GameApplicationService, class com.almasb.fxgl.app.services.FXGLDialogService, class com.almasb.fxgl.app.services.IOTaskExecutorService, class com.almasb.fxgl.io.FileSystemService, class com.almasb.fxgl.localization.LocalizationService, class com.almasb.fxgl.app.services.SystemBundleService, class com.almasb.fxgl.profile.SaveLoadService, class com.almasb.fxgl.ui.FXGLUIFactoryServiceProvider, class com.almasb.fxgl.ui.FXGLDialogFactoryServiceProvider, class com.almasb.fxgl.audio.AudioPlayer, class com.almasb.fxgl.notification.impl.NotificationServiceProvider, class com.almasb.fxgl.achievement.AchievementService, class com.almasb.fxgl.cutscene.CutsceneService, class com.almasb.fxgl.minigames.MiniGameService, class com.almasb.fxgl.net.NetService, class com.almasb.fxgl.app.services.UpdaterService, class com.almasb.fxgl.dev.DevService]
21:05:39.429 [FXGL Background Thread 3 ] DEBUG Engine               - fontGame: Abel-Regular.ttf
21:05:39.430 [FXGL Background Thread 3 ] DEBUG Engine               - fontMono: lucida_console.ttf
21:05:39.430 [FXGL Background Thread 3 ] DEBUG Engine               - fontText: Courier-Prime.ttf
21:05:39.430 [FXGL Background Thread 3 ] DEBUG Engine               - fontUI: VarelaRound-Regular.ttf
21:05:39.430 [FXGL Background Thread 3 ] DEBUG Engine               - fullScreen: BooleanProperty [value: false]
21:05:39.430 [FXGL Background Thread 3 ] DEBUG Engine               - gameDifficulty: MEDIUM
21:05:39.430 [FXGL Background Thread 3 ] DEBUG Engine               - gameDifficultyProperty: ObjectProperty [value: MEDIUM]
21:05:39.430 [FXGL Background Thread 3 ] DEBUG Engine               - globalMusicVolume: 0.5
21:05:39.430 [FXGL Background Thread 3 ] DEBUG Engine               - globalMusicVolumeProperty: DoubleProperty [value: 0.5]
21:05:39.431 [FXGL Background Thread 3 ] DEBUG Engine               - globalSoundVolume: 0.5
21:05:39.431 [FXGL Background Thread 3 ] DEBUG Engine               - globalSoundVolumeProperty: DoubleProperty [value: 0.5]
21:05:39.431 [FXGL Background Thread 3 ] DEBUG Engine               - height: 600
21:05:39.431 [FXGL Background Thread 3 ] DEBUG Engine               - is3D: false
21:05:39.431 [FXGL Background Thread 3 ] DEBUG Engine               - isAndroid: false
21:05:39.431 [FXGL Background Thread 3 ] DEBUG Engine               - isBrowser: false
21:05:39.431 [FXGL Background Thread 3 ] DEBUG Engine               - isClickFeedbackEnabled: false
21:05:39.431 [FXGL Background Thread 3 ] DEBUG Engine               - isCloseConfirmation: false
21:05:39.432 [FXGL Background Thread 3 ] DEBUG Engine               - isDesktop: true
21:05:39.432 [FXGL Background Thread 3 ] DEBUG Engine               - isDeveloperMenuEnabled: false
21:05:39.432 [FXGL Background Thread 3 ] DEBUG Engine               - isEntityPreloadEnabled: true
21:05:39.432 [FXGL Background Thread 3 ] DEBUG Engine               - isExperimentalTiledLargeMap: false
21:05:39.432 [FXGL Background Thread 3 ] DEBUG Engine               - isFileSystemWriteAllowed: true
21:05:39.432 [FXGL Background Thread 3 ] DEBUG Engine               - isFullScreenAllowed: false
21:05:39.432 [FXGL Background Thread 3 ] DEBUG Engine               - isFullScreenFromStart: false
21:05:39.432 [FXGL Background Thread 3 ] DEBUG Engine               - isGameMenuEnabled: true
21:05:39.432 [FXGL Background Thread 3 ] DEBUG Engine               - isIOS: false
21:05:39.433 [FXGL Background Thread 3 ] DEBUG Engine               - isIntroEnabled: false
21:05:39.433 [FXGL Background Thread 3 ] DEBUG Engine               - isLinux: false
21:05:39.433 [FXGL Background Thread 3 ] DEBUG Engine               - isMac: false
21:05:39.433 [FXGL Background Thread 3 ] DEBUG Engine               - isMainMenuEnabled: true
21:05:39.433 [FXGL Background Thread 3 ] DEBUG Engine               - isManualResizeEnabled: true
21:05:39.433 [FXGL Background Thread 3 ] DEBUG Engine               - isMobile: false
21:05:39.433 [FXGL Background Thread 3 ] DEBUG Engine               - isNative: false
21:05:39.433 [FXGL Background Thread 3 ] DEBUG Engine               - isPauseMusicWhenMinimized: true
21:05:39.433 [FXGL Background Thread 3 ] DEBUG Engine               - isPreserveResizeRatio: false
21:05:39.433 [FXGL Background Thread 3 ] DEBUG Engine               - isProfilingEnabled: false
21:05:39.434 [FXGL Background Thread 3 ] DEBUG Engine               - isScaleAffectedOnResize: true
21:05:39.434 [FXGL Background Thread 3 ] DEBUG Engine               - isSingleStep: false
21:05:39.434 [FXGL Background Thread 3 ] DEBUG Engine               - isUserProfileEnabled: false
21:05:39.434 [FXGL Background Thread 3 ] DEBUG Engine               - isWindows: true
21:05:39.434 [FXGL Background Thread 3 ] DEBUG Engine               - language: ObjectProperty [value: ENGLISH]
21:05:39.434 [FXGL Background Thread 3 ] DEBUG Engine               - menuKey: ESCAPE
21:05:39.434 [FXGL Background Thread 3 ] DEBUG Engine               - mouseSensitivity: 0.2
21:05:39.434 [FXGL Background Thread 3 ] DEBUG Engine               - notificationViewClass: class com.almasb.fxgl.notification.view.XboxNotificationView
21:05:39.434 [FXGL Background Thread 3 ] DEBUG Engine               - pixelsPerMeter: 50.0
21:05:39.434 [FXGL Background Thread 3 ] DEBUG Engine               - platform: WINDOWS
21:05:39.435 [FXGL Background Thread 3 ] DEBUG Engine               - prefHeightProperty: ReadOnlyDoubleProperty [value: 600.0]
21:05:39.435 [FXGL Background Thread 3 ] DEBUG Engine               - prefWidthProperty: ReadOnlyDoubleProperty [value: 800.0]
21:05:39.435 [FXGL Background Thread 3 ] DEBUG Engine               - profileDir: profiles/
21:05:39.435 [FXGL Background Thread 3 ] DEBUG Engine               - profileName: StringProperty [value: DEFAULT]
21:05:39.435 [FXGL Background Thread 3 ] DEBUG Engine               - randomSeed: -1
21:05:39.435 [FXGL Background Thread 3 ] DEBUG Engine               - runtimeInfo: RuntimeInfo(platform=WINDOWS, version=11.17, build=16.07.2021 15.46)
21:05:39.435 [FXGL Background Thread 3 ] DEBUG Engine               - saveFileExt: sav
21:05:39.435 [FXGL Background Thread 3 ] DEBUG Engine               - scaledHeightProp$fxgl: DoubleProperty [bound, value: 600.0]
21:05:39.435 [FXGL Background Thread 3 ] DEBUG Engine               - scaledWidthProp$fxgl: DoubleProperty [bound, value: 800.0]
21:05:39.436 [FXGL Background Thread 3 ] DEBUG Engine               - sceneFactory: com.almasb.fxgl.app.scene.SceneFactory@63b50ee6
21:05:39.436 [FXGL Background Thread 3 ] DEBUG Engine               - secondsIn24h: 60
21:05:39.436 [FXGL Background Thread 3 ] DEBUG Engine               - soundMenuBack: menu/back.wav
21:05:39.436 [FXGL Background Thread 3 ] DEBUG Engine               - soundMenuPress: menu/press.wav
21:05:39.436 [FXGL Background Thread 3 ] DEBUG Engine               - soundMenuSelect: menu/select.wav
21:05:39.436 [FXGL Background Thread 3 ] DEBUG Engine               - soundNotification: core/notification.wav
21:05:39.436 [FXGL Background Thread 3 ] DEBUG Engine               - stageStyle: DECORATED
21:05:39.436 [FXGL Background Thread 3 ] DEBUG Engine               - supportedLanguages: [ENGLISH, FRENCH, GERMAN, HUNGARIAN, RUSSIAN]
21:05:39.436 [FXGL Background Thread 3 ] DEBUG Engine               - ticksPerSecond: -1
21:05:39.436 [FXGL Background Thread 3 ] DEBUG Engine               - title: Escape HSLEIDEN
21:05:39.436 [FXGL Background Thread 3 ] DEBUG Engine               - urlGithub: https://github.com/AlmasB/FXGL
21:05:39.437 [FXGL Background Thread 3 ] DEBUG Engine               - urlLeaderboard: http://fxgl-top.herokuapp.com/
21:05:39.437 [FXGL Background Thread 3 ] DEBUG Engine               - urlPOM: https://raw.githubusercontent.com/AlmasB/FXGL/release/README.md
21:05:39.437 [FXGL Background Thread 3 ] DEBUG Engine               - userAppClass: class com.example.demo.EscapeHSL
21:05:39.437 [FXGL Background Thread 3 ] DEBUG Engine               - version: 0.0
21:05:39.437 [FXGL Background Thread 3 ] DEBUG Engine               - versionCheckDays: 7
21:05:39.437 [FXGL Background Thread 3 ] DEBUG Engine               - width: 800
21:05:39.437 [FXGL Background Thread 3 ] DEBUG Engine               - Logging services
21:05:39.437 [FXGL Background Thread 3 ] DEBUG Engine               - class com.almasb.fxgl.app.services.FXGLAssetLoaderService
21:05:39.437 [FXGL Background Thread 3 ] DEBUG Engine               - class com.almasb.fxgl.app.FXGLApplication$GameApplicationService
21:05:39.438 [FXGL Background Thread 3 ] DEBUG Engine               - class com.almasb.fxgl.app.services.FXGLDialogService
21:05:39.438 [FXGL Background Thread 3 ] DEBUG Engine               - class com.almasb.fxgl.app.services.IOTaskExecutorService
21:05:39.438 [FXGL Background Thread 3 ] DEBUG Engine               - class com.almasb.fxgl.io.FileSystemService
21:05:39.438 [FXGL Background Thread 3 ] DEBUG Engine               - class com.almasb.fxgl.localization.LocalizationService
21:05:39.438 [FXGL Background Thread 3 ] DEBUG Engine               - class com.almasb.fxgl.app.services.SystemBundleService
21:05:39.438 [FXGL Background Thread 3 ] DEBUG Engine               - class com.almasb.fxgl.profile.SaveLoadService
21:05:39.438 [FXGL Background Thread 3 ] DEBUG Engine               - class com.almasb.fxgl.ui.FXGLUIFactoryServiceProvider
21:05:39.438 [FXGL Background Thread 3 ] DEBUG Engine               - class com.almasb.fxgl.ui.FXGLDialogFactoryServiceProvider
21:05:39.438 [FXGL Background Thread 3 ] DEBUG Engine               - class com.almasb.fxgl.audio.AudioPlayer
21:05:39.439 [FXGL Background Thread 3 ] DEBUG Engine               - class com.almasb.fxgl.notification.impl.NotificationServiceProvider
21:05:39.439 [FXGL Background Thread 3 ] DEBUG Engine               - class com.almasb.fxgl.achievement.AchievementService
21:05:39.439 [FXGL Background Thread 3 ] DEBUG Engine               - class com.almasb.fxgl.cutscene.CutsceneService
21:05:39.439 [FXGL Background Thread 3 ] DEBUG Engine               - class com.almasb.fxgl.minigames.MiniGameService
21:05:39.439 [FXGL Background Thread 3 ] DEBUG Engine               - class com.almasb.fxgl.net.NetService
21:05:39.439 [FXGL Background Thread 3 ] DEBUG Engine               - class com.almasb.fxgl.app.services.UpdaterService
21:05:39.439 [FXGL Background Thread 3 ] DEBUG Engine               - class com.almasb.fxgl.dev.DevService
21:05:59.881 [JavaFX Application Thread] DEBUG FXGLApplication      - Exiting FXGL
21:05:59.881 [JavaFX Application Thread] DEBUG LoopRunner           - Stopping loop
21:05:59.881 [JavaFX Application Thread] DEBUG SystemBundleService  - Saving FXGL system data
21:05:59.882 [JavaFX Application Thread] DEBUG FileSystemAccess     - Writing to: X:\Programming\CHALLENGEWEEK\system\fxgl.bundle
21:05:59.883 [JavaFX Application Thread] DEBUG Async                - Shutting down background threads
21:05:59.883 [JavaFX Application Thread] DEBUG PrimaryStageWindow   - Closing main window
21:05:59.895 [JavaFX Application Thread] DEBUG Logger               - Closing Logger
