22:00:41.895 [main                     ] DEBUG Logger               - Configured Logger
22:00:41.909 [main                     ] DEBUG GameApplication      - Logging settings
Title: Escape HSLEIDEN
Version: 0.0
Width: 900
Height: 900
Fullscreen: false
Intro: false
Profiling: false
Single step:false
App Mode: DEVELOPER
Menu Key: ESCAPE
Stage Style: DECORATED
Scene Factory: class com.almasb.fxgl.app.scene.SceneFactory

22:00:42.264 [JavaFX Application Thread] DEBUG FXGLApplication      - Initializing FXGL
22:00:42.265 [JavaFX Application Thread] INFO  Engine               - FXGL-11.17 (16.07.2021 15.46) on WINDOWS (J:15.0.2 FX:17.0.2-ea)
22:00:42.265 [JavaFX Application Thread] DEBUG Engine               - JRE Vendor Name: Amazon.com Inc.
22:00:42.265 [JavaFX Application Thread] DEBUG Engine               - Running on OS: Windows 10 version 10.0
22:00:42.265 [JavaFX Application Thread] DEBUG Engine               - Architecture: amd64
22:00:42.265 [JavaFX Application Thread] INFO  Engine               - Source code and latest versions at: https://github.com/AlmasB/FXGL
22:00:42.266 [JavaFX Application Thread] INFO  Engine               -              Join the FXGL chat at: https://gitter.im/AlmasB/FXGL
22:00:42.325 [JavaFX Application Thread] DEBUG PrimaryStageWindow   - Creating a JavaFX scene
22:00:42.354 [JavaFX Application Thread] DEBUG PrimaryStageWindow   - Target settings size: 900.0 x 900.0
22:00:42.355 [JavaFX Application Thread] DEBUG PrimaryStageWindow   - Scaled scene size:    900.0 x 900.0
22:00:42.355 [JavaFX Application Thread] DEBUG PrimaryStageWindow   - Scaled ratio: (1.0, 1.0)
22:00:42.355 [JavaFX Application Thread] DEBUG PrimaryStageWindow   - Set initial scene to FXGLStartupScene
22:00:42.360 [JavaFX Application Thread] DEBUG PrimaryStageWindow   - Opening main window
22:00:42.433 [JavaFX Application Thread] DEBUG PrimaryStageWindow   - Window border size: (16.0, 39.0)
22:00:42.433 [JavaFX Application Thread] DEBUG PrimaryStageWindow   - Scaled size: 900.0 x 900.0
22:00:42.433 [JavaFX Application Thread] DEBUG PrimaryStageWindow   - Scaled ratio: (1.0, 1.0)
22:00:42.434 [JavaFX Application Thread] DEBUG PrimaryStageWindow   - Scene size: 900.0 x 900.0
22:00:42.434 [JavaFX Application Thread] DEBUG PrimaryStageWindow   - Stage size: 916.0 x 939.0
22:00:42.438 [FXGL Background Thread 1 ] DEBUG Engine               - Initializing environment variables
22:00:42.467 [FXGL Background Thread 1 ] DEBUG FXGLAssetLoaderServi - User app class for loading assets: class com.example.demo.EscapeHSL
22:00:42.468 [FXGL Background Thread 1 ] DEBUG GameApplicationServi - Applying CSS: fxgl_dark.css
22:00:42.468 [FXGL Background Thread 1 ] DEBUG FXGLAssetLoaderServi - Loading from file system: jar:file:///C:/Users/Admin/.m2/repository/com/github/almasb/fxgl/11.17/fxgl-11.17.jar!/fxglassets/ui/css/fxgl_dark.css
22:00:42.501 [FXGL Background Thread 1 ] DEBUG GameApplicationServi - Initializing application scenes
22:00:42.524 [FXGL Background Thread 1 ] DEBUG GameWorld            - Game world initialized
22:00:42.566 [FXGL Background Thread 1 ] DEBUG PhysicsWorld         - Physics world initialized: appHeight=900, physics.ppm=50,0
22:00:42.566 [FXGL Background Thread 1 ] DEBUG PhysicsWorld         - Using strategy: BRUTE_FORCE
22:00:42.568 [FXGL Background Thread 1 ] DEBUG GameScene            - Game scene initialized: 900x900
22:00:42.576 [FXGL Background Thread 1 ] DEBUG FXGL.DefaultMenu     - createMenuBodyMainMenu()
22:00:42.587 [FXGL Background Thread 1 ] DEBUG FXGL.DefaultMenu     - createOptionsMenu()
22:00:42.593 [FXGL Background Thread 1 ] DEBUG FXGLAssetLoaderServi - Loading from file system: jar:file:///C:/Users/Admin/.m2/repository/com/github/almasb/fxgl/11.17/fxgl-11.17.jar!/fxglassets/textures/particles/smoke.png
22:00:42.662 [FXGL Background Thread 1 ] DEBUG FXGLAssetLoaderServi - Loading from file system: jar:file:///C:/Users/Admin/.m2/repository/com/github/almasb/fxgl/11.17/fxgl-11.17.jar!/fxglassets/textures/particles/trace_horizontal.png
22:00:42.683 [FXGL Background Thread 1 ] DEBUG FXGL.DefaultMenu     - createMenuBodyGameMenu()
22:00:42.683 [FXGL Background Thread 1 ] DEBUG FXGL.DefaultMenu     - createOptionsMenu()
22:00:42.695 [FXGL Background Thread 1 ] DEBUG GameApplicationServi - Application scenes initialized
22:00:42.701 [FXGL Background Thread 1 ] DEBUG SystemBundleService  - Loading FXGL system data
22:00:42.703 [FXGL Background Thread 1 ] DEBUG FileSystemAccess     - Reading from: X:\Programming\CHALLENGEWEEK\system\fxgl.bundle
22:00:42.707 [FXGL Background Thread 1 ] DEBUG SystemBundleService  - Bundle FXGL: {}
22:00:42.708 [FXGL Background Thread 1 ] DEBUG UpdaterService       - Checking for updates
22:00:42.710 [FXGL Background Thread 4 ] DEBUG FXGLApplication      - Loading fonts
22:00:42.710 [FXGL Background Thread 1 ] DEBUG FXGLApplication      - Loading default localization
22:00:42.710 [FXGL Background Thread 4 ] DEBUG FXGLAssetLoaderServi - Loading from file system: jar:file:///C:/Users/Admin/.m2/repository/com/github/almasb/fxgl/11.17/fxgl-11.17.jar!/fxglassets/ui/fonts/VarelaRound-Regular.ttf
22:00:42.711 [FXGL Background Thread 1 ] DEBUG FXGLAssetLoaderServi - Loading from file system: jar:file:///C:/Users/Admin/.m2/repository/com/github/almasb/fxgl/11.17/fxgl-11.17.jar!/fxglassets/languages/english.lang
22:00:42.720 [FXGL Background Thread 1 ] INFO  FXGLApplication      - FXGL initialization took: 0,282 sec
22:00:42.727 [JavaFX Application Thread] DEBUG Input                - Registered new binding: action0 - W
22:00:42.728 [JavaFX Application Thread] DEBUG Input                - Registered new binding: action1 - A
22:00:42.728 [JavaFX Application Thread] DEBUG Input                - Registered new binding: action2 - S
22:00:42.729 [JavaFX Application Thread] DEBUG Input                - Registered new binding: action3 - D
22:00:42.729 [JavaFX Application Thread] DEBUG FXGLAssetLoaderServi - Loading from file system: jar:file:///C:/Users/Admin/.m2/repository/com/github/almasb/fxgl/11.17/fxgl-11.17.jar!/fxglassets/textures/fxgl_icon.png
22:00:42.745 [JavaFX Application Thread] DEBUG FXGLAssetLoaderServi - Loading from file system: jar:file:///C:/Users/Admin/.m2/repository/com/github/almasb/fxgl/11.17/fxgl-11.17.jar!/fxglassets/textures/fxgl_default_cursor.png
22:00:42.746 [JavaFX Application Thread] DEBUG Input                - Registered new binding: Screenshot - CTRL+8
22:00:42.747 [JavaFX Application Thread] DEBUG Input                - Registered new binding: System info dump - CTRL+9
22:00:42.747 [JavaFX Application Thread] DEBUG Input                - Registered new binding: Restart - CTRL+R
22:00:42.748 [JavaFX Application Thread] DEBUG Input                - Registered new binding: Toggle Debug Camera - CTRL+C
22:00:42.749 [JavaFX Application Thread] DEBUG LoopRunner           - Starting loop
22:00:42.750 [JavaFX Application Thread] DEBUG LoopRunner           - Initializing JavaFX AnimationTimerLoop
22:00:42.751 [JavaFX Application Thread] DEBUG Input                - Clearing active input actions
22:00:42.757 [JavaFX Application Thread] DEBUG GameApplicationServi - Removing overlay from FXGLStartupScene and adding to FXGLMainMenuDummyScene
22:00:42.757 [JavaFX Application Thread] DEBUG PrimaryStageWindow   - FXGLStartupScene -> FXGLMainMenuDummyScene
22:00:42.757 [JavaFX Application Thread] DEBUG PrimaryStageWindow   - Push state: FXGLDefaultMenu
22:00:42.761 [JavaFX Application Thread] DEBUG Input                - Clearing active input actions
22:00:42.766 [JavaFX Application Thread] DEBUG GameApplicationServi - Removing overlay from FXGLMainMenuDummyScene and adding to FXGLDefaultMenu
22:00:42.767 [JavaFX Application Thread] DEBUG PrimaryStageWindow   - FXGLMainMenuDummyScene -> FXGLDefaultMenu
22:00:42.784 [FXGL Background Thread 4 ] DEBUG FXGLAssetLoaderServi - Loading from file system: jar:file:///C:/Users/Admin/.m2/repository/com/github/almasb/fxgl/11.17/fxgl-11.17.jar!/fxglassets/ui/fonts/Abel-Regular.ttf
22:00:42.795 [FXGL Background Thread 4 ] DEBUG FXGLAssetLoaderServi - Loading from file system: jar:file:///C:/Users/Admin/.m2/repository/com/github/almasb/fxgl/11.17/fxgl-11.17.jar!/fxglassets/ui/fonts/lucida_console.ttf
22:00:42.806 [FXGL Background Thread 4 ] DEBUG FXGLAssetLoaderServi - Loading from file system: jar:file:///C:/Users/Admin/.m2/repository/com/github/almasb/fxgl/11.17/fxgl-11.17.jar!/fxglassets/ui/fonts/Courier-Prime.ttf
22:00:42.822 [JavaFX Application Thread] DEBUG FXGLApplication      - Registering font factories with UI factory
22:00:43.064 [FXGL Background Thread 2 ] INFO  UpdaterService       - Your current version:  11.17
22:00:43.065 [FXGL Background Thread 2 ] INFO  UpdaterService       - Latest stable version: 17.3
22:00:43.438 [JavaFX Application Thread] DEBUG Menu                 - fireNewGame()
22:00:43.438 [JavaFX Application Thread] DEBUG GameApplicationServi - Starting new game
22:00:43.440 [JavaFX Application Thread] DEBUG PrimaryStageWindow   - Pop state: FXGLDefaultMenu
22:00:43.440 [JavaFX Application Thread] DEBUG Input                - Clearing active input actions
22:00:43.441 [JavaFX Application Thread] DEBUG GameApplicationServi - Removing overlay from FXGLDefaultMenu and adding to FXGLMainMenuDummyScene
22:00:43.441 [JavaFX Application Thread] DEBUG PrimaryStageWindow   - FXGLMainMenuDummyScene <- FXGLDefaultMenu
22:00:43.441 [JavaFX Application Thread] DEBUG Input                - Clearing active input actions
22:00:43.448 [JavaFX Application Thread] DEBUG GameApplicationServi - Removing overlay from FXGLMainMenuDummyScene and adding to FXGLLoadingScene
22:00:43.448 [JavaFX Application Thread] DEBUG PrimaryStageWindow   - FXGLMainMenuDummyScene -> FXGLLoadingScene
22:00:43.449 [JavaFX Application Thread] DEBUG GameApplicationServi - Clearing previous game
22:00:43.449 [JavaFX Application Thread] DEBUG GameScene            - Clearing game scene
22:00:43.449 [JavaFX Application Thread] DEBUG GameWorld            - Clearing game world
22:00:43.449 [JavaFX Application Thread] DEBUG PhysicsWorld         - Clearing physics world
22:00:43.450 [FXGL Background Thread 2 ] DEBUG FXGLApplication      - Initializing game
22:00:43.461 [FXGL Background Thread 2 ] DEBUG FXGLAssetLoaderServi - Loading from file system: file:/X:/Programming/CHALLENGEWEEK/target/classes/assets/textures/key.png
22:00:43.465 [FXGL Background Thread 2 ] INFO  FXGLApplication      - Game initialization took: 0,015 sec
22:00:43.466 [JavaFX Application Thread] DEBUG Input                - Clearing active input actions
22:00:43.471 [JavaFX Application Thread] DEBUG GameApplicationServi - Removing overlay from FXGLLoadingScene and adding to GameScene
22:00:43.471 [JavaFX Application Thread] DEBUG PrimaryStageWindow   - FXGLLoadingScene -> GameScene
22:00:45.271 [JavaFX Application Thread] DEBUG FXGLApplication      - Exiting FXGL
22:00:45.271 [JavaFX Application Thread] DEBUG LoopRunner           - Stopping loop
22:00:45.271 [JavaFX Application Thread] DEBUG SystemBundleService  - Saving FXGL system data
22:00:45.272 [JavaFX Application Thread] DEBUG FileSystemAccess     - Writing to: X:\Programming\CHALLENGEWEEK\system\fxgl.bundle
22:00:45.273 [JavaFX Application Thread] DEBUG Async                - Shutting down background threads
22:00:45.273 [JavaFX Application Thread] DEBUG PrimaryStageWindow   - Closing main window
22:00:45.283 [JavaFX Application Thread] DEBUG Logger               - Closing Logger
