21:57:15.841 [main                     ] DEBUG Logger               - Configured Logger
21:57:15.856 [main                     ] DEBUG GameApplication      - Logging settings
Title: Escape HSLEIDEN
Version: 0.0
Width: 900
Height: 900
Fullscreen: false
Intro: false
Profiling: false
Single step:false
App Mode: DEVELOPER
Menu Key: ESCAPE
Stage Style: DECORATED
Scene Factory: class com.almasb.fxgl.app.scene.SceneFactory

21:57:16.260 [JavaFX Application Thread] DEBUG FXGLApplication      - Initializing FXGL
21:57:16.261 [JavaFX Application Thread] INFO  Engine               - FXGL-11.17 (16.07.2021 15.46) on WINDOWS (J:15.0.2 FX:17.0.2-ea)
21:57:16.261 [JavaFX Application Thread] DEBUG Engine               - JRE Vendor Name: Amazon.com Inc.
21:57:16.262 [JavaFX Application Thread] DEBUG Engine               - Running on OS: Windows 10 version 10.0
21:57:16.262 [JavaFX Application Thread] DEBUG Engine               - Architecture: amd64
21:57:16.262 [JavaFX Application Thread] INFO  Engine               - Source code and latest versions at: https://github.com/AlmasB/FXGL
21:57:16.262 [JavaFX Application Thread] INFO  Engine               -              Join the FXGL chat at: https://gitter.im/AlmasB/FXGL
21:57:16.330 [JavaFX Application Thread] DEBUG PrimaryStageWindow   - Creating a JavaFX scene
21:57:16.360 [JavaFX Application Thread] DEBUG PrimaryStageWindow   - Target settings size: 900.0 x 900.0
21:57:16.360 [JavaFX Application Thread] DEBUG PrimaryStageWindow   - Scaled scene size:    900.0 x 900.0
21:57:16.360 [JavaFX Application Thread] DEBUG PrimaryStageWindow   - Scaled ratio: (1.0, 1.0)
21:57:16.361 [JavaFX Application Thread] DEBUG PrimaryStageWindow   - Set initial scene to FXGLStartupScene
21:57:16.365 [JavaFX Application Thread] DEBUG PrimaryStageWindow   - Opening main window
21:57:16.431 [JavaFX Application Thread] DEBUG PrimaryStageWindow   - Window border size: (16.0, 39.0)
21:57:16.431 [JavaFX Application Thread] DEBUG PrimaryStageWindow   - Scaled size: 900.0 x 900.0
21:57:16.432 [JavaFX Application Thread] DEBUG PrimaryStageWindow   - Scaled ratio: (1.0, 1.0)
21:57:16.432 [JavaFX Application Thread] DEBUG PrimaryStageWindow   - Scene size: 900.0 x 900.0
21:57:16.432 [JavaFX Application Thread] DEBUG PrimaryStageWindow   - Stage size: 916.0 x 939.0
21:57:16.436 [FXGL Background Thread 1 ] DEBUG Engine               - Initializing environment variables
21:57:16.468 [FXGL Background Thread 1 ] DEBUG FXGLAssetLoaderServi - User app class for loading assets: class com.example.demo.EscapeHSL
21:57:16.468 [FXGL Background Thread 1 ] DEBUG GameApplicationServi - Applying CSS: fxgl_dark.css
21:57:16.469 [FXGL Background Thread 1 ] DEBUG FXGLAssetLoaderServi - Loading from file system: jar:file:///C:/Users/Admin/.m2/repository/com/github/almasb/fxgl/11.17/fxgl-11.17.jar!/fxglassets/ui/css/fxgl_dark.css
21:57:16.501 [FXGL Background Thread 1 ] DEBUG GameApplicationServi - Initializing application scenes
21:57:16.524 [FXGL Background Thread 1 ] DEBUG GameWorld            - Game world initialized
21:57:16.567 [FXGL Background Thread 1 ] DEBUG PhysicsWorld         - Physics world initialized: appHeight=900, physics.ppm=50,0
21:57:16.567 [FXGL Background Thread 1 ] DEBUG PhysicsWorld         - Using strategy: BRUTE_FORCE
21:57:16.569 [FXGL Background Thread 1 ] DEBUG GameScene            - Game scene initialized: 900x900
21:57:16.578 [FXGL Background Thread 1 ] DEBUG FXGL.DefaultMenu     - createMenuBodyMainMenu()
21:57:16.590 [FXGL Background Thread 1 ] DEBUG FXGL.DefaultMenu     - createOptionsMenu()
21:57:16.598 [FXGL Background Thread 1 ] DEBUG FXGLAssetLoaderServi - Loading from file system: jar:file:///C:/Users/Admin/.m2/repository/com/github/almasb/fxgl/11.17/fxgl-11.17.jar!/fxglassets/textures/particles/smoke.png
21:57:16.669 [FXGL Background Thread 1 ] DEBUG FXGLAssetLoaderServi - Loading from file system: jar:file:///C:/Users/Admin/.m2/repository/com/github/almasb/fxgl/11.17/fxgl-11.17.jar!/fxglassets/textures/particles/trace_horizontal.png
21:57:16.702 [FXGL Background Thread 1 ] DEBUG FXGL.DefaultMenu     - createMenuBodyGameMenu()
21:57:16.703 [FXGL Background Thread 1 ] DEBUG FXGL.DefaultMenu     - createOptionsMenu()
21:57:16.720 [FXGL Background Thread 1 ] DEBUG GameApplicationServi - Application scenes initialized
21:57:16.726 [FXGL Background Thread 1 ] DEBUG SystemBundleService  - Loading FXGL system data
21:57:16.728 [FXGL Background Thread 1 ] DEBUG FileSystemAccess     - Reading from: X:\Programming\CHALLENGEWEEK\system\fxgl.bundle
21:57:16.733 [FXGL Background Thread 1 ] DEBUG SystemBundleService  - Bundle FXGL: {}
21:57:16.733 [FXGL Background Thread 1 ] DEBUG UpdaterService       - Checking for updates
21:57:16.736 [FXGL Background Thread 4 ] DEBUG FXGLApplication      - Loading fonts
21:57:16.736 [FXGL Background Thread 1 ] DEBUG FXGLApplication      - Loading default localization
21:57:16.736 [FXGL Background Thread 4 ] DEBUG FXGLAssetLoaderServi - Loading from file system: jar:file:///C:/Users/Admin/.m2/repository/com/github/almasb/fxgl/11.17/fxgl-11.17.jar!/fxglassets/ui/fonts/VarelaRound-Regular.ttf
21:57:16.736 [FXGL Background Thread 1 ] DEBUG FXGLAssetLoaderServi - Loading from file system: jar:file:///C:/Users/Admin/.m2/repository/com/github/almasb/fxgl/11.17/fxgl-11.17.jar!/fxglassets/languages/english.lang
21:57:16.745 [FXGL Background Thread 1 ] INFO  FXGLApplication      - FXGL initialization took: 0,308 sec
21:57:16.754 [JavaFX Application Thread] DEBUG Input                - Registered new binding: action0 - W
21:57:16.754 [JavaFX Application Thread] DEBUG Input                - Registered new binding: action1 - A
21:57:16.754 [JavaFX Application Thread] DEBUG Input                - Registered new binding: action2 - S
21:57:16.755 [JavaFX Application Thread] DEBUG Input                - Registered new binding: action3 - D
21:57:16.755 [JavaFX Application Thread] DEBUG FXGLAssetLoaderServi - Loading from file system: jar:file:///C:/Users/Admin/.m2/repository/com/github/almasb/fxgl/11.17/fxgl-11.17.jar!/fxglassets/textures/fxgl_icon.png
21:57:16.770 [JavaFX Application Thread] DEBUG FXGLAssetLoaderServi - Loading from file system: jar:file:///C:/Users/Admin/.m2/repository/com/github/almasb/fxgl/11.17/fxgl-11.17.jar!/fxglassets/textures/fxgl_default_cursor.png
21:57:16.772 [JavaFX Application Thread] DEBUG Input                - Registered new binding: Screenshot - CTRL+8
21:57:16.772 [JavaFX Application Thread] DEBUG Input                - Registered new binding: System info dump - CTRL+9
21:57:16.772 [JavaFX Application Thread] DEBUG Input                - Registered new binding: Restart - CTRL+R
21:57:16.773 [JavaFX Application Thread] DEBUG Input                - Registered new binding: Toggle Debug Camera - CTRL+C
21:57:16.774 [JavaFX Application Thread] DEBUG LoopRunner           - Starting loop
21:57:16.775 [JavaFX Application Thread] DEBUG LoopRunner           - Initializing JavaFX AnimationTimerLoop
21:57:16.776 [JavaFX Application Thread] DEBUG Input                - Clearing active input actions
21:57:16.781 [JavaFX Application Thread] DEBUG GameApplicationServi - Removing overlay from FXGLStartupScene and adding to FXGLMainMenuDummyScene
21:57:16.781 [JavaFX Application Thread] DEBUG PrimaryStageWindow   - FXGLStartupScene -> FXGLMainMenuDummyScene
21:57:16.782 [JavaFX Application Thread] DEBUG PrimaryStageWindow   - Push state: FXGLDefaultMenu
21:57:16.785 [JavaFX Application Thread] DEBUG Input                - Clearing active input actions
21:57:16.790 [JavaFX Application Thread] DEBUG GameApplicationServi - Removing overlay from FXGLMainMenuDummyScene and adding to FXGLDefaultMenu
21:57:16.791 [JavaFX Application Thread] DEBUG PrimaryStageWindow   - FXGLMainMenuDummyScene -> FXGLDefaultMenu
21:57:16.805 [FXGL Background Thread 4 ] DEBUG FXGLAssetLoaderServi - Loading from file system: jar:file:///C:/Users/Admin/.m2/repository/com/github/almasb/fxgl/11.17/fxgl-11.17.jar!/fxglassets/ui/fonts/Abel-Regular.ttf
21:57:16.813 [FXGL Background Thread 4 ] DEBUG FXGLAssetLoaderServi - Loading from file system: jar:file:///C:/Users/Admin/.m2/repository/com/github/almasb/fxgl/11.17/fxgl-11.17.jar!/fxglassets/ui/fonts/lucida_console.ttf
21:57:16.825 [FXGL Background Thread 4 ] DEBUG FXGLAssetLoaderServi - Loading from file system: jar:file:///C:/Users/Admin/.m2/repository/com/github/almasb/fxgl/11.17/fxgl-11.17.jar!/fxglassets/ui/fonts/Courier-Prime.ttf
21:57:16.847 [JavaFX Application Thread] DEBUG FXGLApplication      - Registering font factories with UI factory
21:57:17.083 [FXGL Background Thread 2 ] INFO  UpdaterService       - Your current version:  11.17
21:57:17.083 [FXGL Background Thread 2 ] INFO  UpdaterService       - Latest stable version: 17.3
21:57:17.662 [JavaFX Application Thread] DEBUG FXGLApplication      - Exiting FXGL
21:57:17.662 [JavaFX Application Thread] DEBUG LoopRunner           - Stopping loop
21:57:17.662 [JavaFX Application Thread] DEBUG SystemBundleService  - Saving FXGL system data
21:57:17.664 [JavaFX Application Thread] DEBUG FileSystemAccess     - Writing to: X:\Programming\CHALLENGEWEEK\system\fxgl.bundle
21:57:17.665 [JavaFX Application Thread] DEBUG Async                - Shutting down background threads
21:57:17.665 [JavaFX Application Thread] DEBUG PrimaryStageWindow   - Closing main window
21:57:17.677 [JavaFX Application Thread] DEBUG Logger               - Closing Logger
