21:14:28.008 [main                     ] DEBUG Logger               - Configured Logger
21:14:28.020 [main                     ] DEBUG GameApplication      - Logging settings
Title: Escape HSLEIDEN
Version: 0.0
Width: 800
Height: 600
Fullscreen: false
Intro: false
Profiling: false
Single step:false
App Mode: DEVELOPER
Menu Key: ESCAPE
Stage Style: DECORATED
Scene Factory: class com.almasb.fxgl.app.scene.SceneFactory

21:14:28.406 [JavaFX Application Thread] DEBUG FXGLApplication      - Initializing FXGL
21:14:28.408 [JavaFX Application Thread] INFO  Engine               - FXGL-11.17 (16.07.2021 15.46) on WINDOWS (J:15.0.2 FX:17.0.2-ea)
21:14:28.408 [JavaFX Application Thread] DEBUG Engine               - JRE Vendor Name: Amazon.com Inc.
21:14:28.408 [JavaFX Application Thread] DEBUG Engine               - Running on OS: Windows 10 version 10.0
21:14:28.409 [JavaFX Application Thread] DEBUG Engine               - Architecture: amd64
21:14:28.409 [JavaFX Application Thread] INFO  Engine               - Source code and latest versions at: https://github.com/AlmasB/FXGL
21:14:28.409 [JavaFX Application Thread] INFO  Engine               -              Join the FXGL chat at: https://gitter.im/AlmasB/FXGL
21:14:28.487 [JavaFX Application Thread] DEBUG PrimaryStageWindow   - Creating a JavaFX scene
21:14:28.527 [JavaFX Application Thread] DEBUG PrimaryStageWindow   - Target settings size: 800.0 x 600.0
21:14:28.527 [JavaFX Application Thread] DEBUG PrimaryStageWindow   - Scaled scene size:    800.0 x 600.0
21:14:28.527 [JavaFX Application Thread] DEBUG PrimaryStageWindow   - Scaled ratio: (1.0, 1.0)
21:14:28.527 [JavaFX Application Thread] DEBUG PrimaryStageWindow   - Set initial scene to FXGLStartupScene
21:14:28.533 [JavaFX Application Thread] DEBUG PrimaryStageWindow   - Opening main window
21:14:28.610 [JavaFX Application Thread] DEBUG PrimaryStageWindow   - Window border size: (16.0, 39.0)
21:14:28.610 [JavaFX Application Thread] DEBUG PrimaryStageWindow   - Scaled size: 800.0 x 600.0
21:14:28.610 [JavaFX Application Thread] DEBUG PrimaryStageWindow   - Scaled ratio: (1.0, 1.0)
21:14:28.611 [JavaFX Application Thread] DEBUG PrimaryStageWindow   - Scene size: 800.0 x 600.0
21:14:28.611 [JavaFX Application Thread] DEBUG PrimaryStageWindow   - Stage size: 816.0 x 639.0
21:14:28.617 [FXGL Background Thread 1 ] DEBUG Engine               - Initializing environment variables
21:14:28.646 [FXGL Background Thread 1 ] DEBUG FXGLAssetLoaderServi - User app class for loading assets: class com.example.demo.EscapeHSL
21:14:28.646 [FXGL Background Thread 1 ] DEBUG GameApplicationServi - Applying CSS: fxgl_dark.css
21:14:28.647 [FXGL Background Thread 1 ] DEBUG FXGLAssetLoaderServi - Loading from file system: jar:file:///C:/Users/Admin/.m2/repository/com/github/almasb/fxgl/11.17/fxgl-11.17.jar!/fxglassets/ui/css/fxgl_dark.css
21:14:28.676 [FXGL Background Thread 1 ] DEBUG GameApplicationServi - Initializing application scenes
21:14:28.697 [FXGL Background Thread 1 ] DEBUG GameWorld            - Game world initialized
21:14:28.737 [FXGL Background Thread 1 ] DEBUG PhysicsWorld         - Physics world initialized: appHeight=600, physics.ppm=50,0
21:14:28.738 [FXGL Background Thread 1 ] DEBUG PhysicsWorld         - Using strategy: BRUTE_FORCE
21:14:28.739 [FXGL Background Thread 1 ] DEBUG GameScene            - Game scene initialized: 800x600
21:14:28.746 [FXGL Background Thread 1 ] DEBUG FXGL.DefaultMenu     - createMenuBodyMainMenu()
21:14:28.757 [FXGL Background Thread 1 ] DEBUG FXGL.DefaultMenu     - createOptionsMenu()
21:14:28.763 [FXGL Background Thread 1 ] DEBUG FXGLAssetLoaderServi - Loading from file system: jar:file:///C:/Users/Admin/.m2/repository/com/github/almasb/fxgl/11.17/fxgl-11.17.jar!/fxglassets/textures/particles/smoke.png
21:14:28.836 [FXGL Background Thread 1 ] DEBUG FXGLAssetLoaderServi - Loading from file system: jar:file:///C:/Users/Admin/.m2/repository/com/github/almasb/fxgl/11.17/fxgl-11.17.jar!/fxglassets/textures/particles/trace_horizontal.png
21:14:28.856 [FXGL Background Thread 1 ] DEBUG FXGL.DefaultMenu     - createMenuBodyGameMenu()
21:14:28.857 [FXGL Background Thread 1 ] DEBUG FXGL.DefaultMenu     - createOptionsMenu()
21:14:28.875 [FXGL Background Thread 1 ] DEBUG GameApplicationServi - Application scenes initialized
21:14:28.882 [FXGL Background Thread 1 ] DEBUG SystemBundleService  - Loading FXGL system data
21:14:28.885 [FXGL Background Thread 1 ] DEBUG FileSystemAccess     - Reading from: X:\Programming\CHALLENGEWEEK\system\fxgl.bundle
21:14:28.889 [FXGL Background Thread 1 ] DEBUG SystemBundleService  - Bundle FXGL: {}
21:14:28.889 [FXGL Background Thread 1 ] DEBUG UpdaterService       - Checking for updates
21:14:28.892 [FXGL Background Thread 4 ] DEBUG FXGLApplication      - Loading fonts
21:14:28.892 [FXGL Background Thread 1 ] DEBUG FXGLApplication      - Loading default localization
21:14:28.892 [FXGL Background Thread 4 ] DEBUG FXGLAssetLoaderServi - Loading from file system: jar:file:///C:/Users/Admin/.m2/repository/com/github/almasb/fxgl/11.17/fxgl-11.17.jar!/fxglassets/ui/fonts/VarelaRound-Regular.ttf
21:14:28.892 [FXGL Background Thread 1 ] DEBUG FXGLAssetLoaderServi - Loading from file system: jar:file:///C:/Users/Admin/.m2/repository/com/github/almasb/fxgl/11.17/fxgl-11.17.jar!/fxglassets/languages/english.lang
21:14:28.901 [FXGL Background Thread 1 ] INFO  FXGLApplication      - FXGL initialization took: 0,283 sec
21:14:28.909 [JavaFX Application Thread] DEBUG Input                - Registered new binding: action0 - W
21:14:28.910 [JavaFX Application Thread] DEBUG Input                - Registered new binding: action1 - A
21:14:28.910 [JavaFX Application Thread] DEBUG Input                - Registered new binding: action2 - S
21:14:28.911 [JavaFX Application Thread] DEBUG Input                - Registered new binding: action3 - D
21:14:28.911 [JavaFX Application Thread] DEBUG FXGLAssetLoaderServi - Loading from file system: jar:file:///C:/Users/Admin/.m2/repository/com/github/almasb/fxgl/11.17/fxgl-11.17.jar!/fxglassets/textures/fxgl_icon.png
21:14:28.925 [JavaFX Application Thread] DEBUG FXGLAssetLoaderServi - Loading from file system: jar:file:///C:/Users/Admin/.m2/repository/com/github/almasb/fxgl/11.17/fxgl-11.17.jar!/fxglassets/textures/fxgl_default_cursor.png
21:14:28.927 [JavaFX Application Thread] DEBUG Input                - Registered new binding: Screenshot - CTRL+8
21:14:28.927 [JavaFX Application Thread] DEBUG Input                - Registered new binding: System info dump - CTRL+9
21:14:28.927 [JavaFX Application Thread] DEBUG Input                - Registered new binding: Restart - CTRL+R
21:14:28.928 [JavaFX Application Thread] DEBUG Input                - Registered new binding: Toggle Debug Camera - CTRL+C
21:14:28.930 [JavaFX Application Thread] DEBUG LoopRunner           - Starting loop
21:14:28.930 [JavaFX Application Thread] DEBUG LoopRunner           - Initializing JavaFX AnimationTimerLoop
21:14:28.932 [JavaFX Application Thread] DEBUG Input                - Clearing active input actions
21:14:28.937 [JavaFX Application Thread] DEBUG GameApplicationServi - Removing overlay from FXGLStartupScene and adding to FXGLMainMenuDummyScene
21:14:28.937 [JavaFX Application Thread] DEBUG PrimaryStageWindow   - FXGLStartupScene -> FXGLMainMenuDummyScene
21:14:28.937 [JavaFX Application Thread] DEBUG PrimaryStageWindow   - Push state: FXGLDefaultMenu
21:14:28.940 [JavaFX Application Thread] DEBUG Input                - Clearing active input actions
21:14:28.944 [JavaFX Application Thread] DEBUG GameApplicationServi - Removing overlay from FXGLMainMenuDummyScene and adding to FXGLDefaultMenu
21:14:28.945 [JavaFX Application Thread] DEBUG PrimaryStageWindow   - FXGLMainMenuDummyScene -> FXGLDefaultMenu
21:14:28.965 [FXGL Background Thread 4 ] DEBUG FXGLAssetLoaderServi - Loading from file system: jar:file:///C:/Users/Admin/.m2/repository/com/github/almasb/fxgl/11.17/fxgl-11.17.jar!/fxglassets/ui/fonts/Abel-Regular.ttf
21:14:28.975 [FXGL Background Thread 4 ] DEBUG FXGLAssetLoaderServi - Loading from file system: jar:file:///C:/Users/Admin/.m2/repository/com/github/almasb/fxgl/11.17/fxgl-11.17.jar!/fxglassets/ui/fonts/lucida_console.ttf
21:14:28.986 [FXGL Background Thread 4 ] DEBUG FXGLAssetLoaderServi - Loading from file system: jar:file:///C:/Users/Admin/.m2/repository/com/github/almasb/fxgl/11.17/fxgl-11.17.jar!/fxglassets/ui/fonts/Courier-Prime.ttf
21:14:29.002 [JavaFX Application Thread] DEBUG FXGLApplication      - Registering font factories with UI factory
21:14:29.230 [FXGL Background Thread 2 ] INFO  UpdaterService       - Your current version:  11.17
21:14:29.231 [FXGL Background Thread 2 ] INFO  UpdaterService       - Latest stable version: 17.3
21:14:29.604 [JavaFX Application Thread] DEBUG Menu                 - fireNewGame()
21:14:29.605 [JavaFX Application Thread] DEBUG GameApplicationServi - Starting new game
21:14:29.606 [JavaFX Application Thread] DEBUG PrimaryStageWindow   - Pop state: FXGLDefaultMenu
21:14:29.606 [JavaFX Application Thread] DEBUG Input                - Clearing active input actions
21:14:29.607 [JavaFX Application Thread] DEBUG GameApplicationServi - Removing overlay from FXGLDefaultMenu and adding to FXGLMainMenuDummyScene
21:14:29.607 [JavaFX Application Thread] DEBUG PrimaryStageWindow   - FXGLMainMenuDummyScene <- FXGLDefaultMenu
21:14:29.607 [JavaFX Application Thread] DEBUG Input                - Clearing active input actions
21:14:29.615 [JavaFX Application Thread] DEBUG GameApplicationServi - Removing overlay from FXGLMainMenuDummyScene and adding to FXGLLoadingScene
21:14:29.616 [JavaFX Application Thread] DEBUG PrimaryStageWindow   - FXGLMainMenuDummyScene -> FXGLLoadingScene
21:14:29.616 [JavaFX Application Thread] DEBUG GameApplicationServi - Clearing previous game
21:14:29.616 [JavaFX Application Thread] DEBUG GameScene            - Clearing game scene
21:14:29.616 [JavaFX Application Thread] DEBUG GameWorld            - Clearing game world
21:14:29.616 [JavaFX Application Thread] DEBUG PhysicsWorld         - Clearing physics world
21:14:29.617 [FXGL Background Thread 2 ] DEBUG FXGLApplication      - Initializing game
21:14:29.620 [FXGL Background Thread 2 ] DEBUG FXGLAssetLoaderServi - Loading from file system: file:/X:/Programming/CHALLENGEWEEK/target/classes/assets/textures/test2.png
21:14:29.647 [FXGL Background Thread 2 ] DEBUG FXGLAssetLoaderServi - Loading from file system: file:/X:/Programming/CHALLENGEWEEK/target/classes/assets/textures/key.png
21:14:29.650 [FXGL Background Thread 2 ] INFO  FXGLApplication      - Game initialization took: 0,033 sec
21:14:29.651 [JavaFX Application Thread] DEBUG Input                - Clearing active input actions
21:14:29.658 [JavaFX Application Thread] DEBUG GameApplicationServi - Removing overlay from FXGLLoadingScene and adding to GameScene
21:14:29.658 [JavaFX Application Thread] DEBUG PrimaryStageWindow   - FXGLLoadingScene -> GameScene
21:14:31.891 [FXGL Background Thread 3 ] DEBUG Engine               - Logging environment variables
21:14:31.891 [FXGL Background Thread 3 ] DEBUG Engine               - achievements: []
21:14:31.891 [FXGL Background Thread 3 ] DEBUG Engine               - actualHeight: 600.0
21:14:31.891 [FXGL Background Thread 3 ] DEBUG Engine               - actualHeightProperty: ReadOnlyDoubleProperty [value: 600.0]
21:14:31.891 [FXGL Background Thread 3 ] DEBUG Engine               - actualWidth: 800.0
21:14:31.892 [FXGL Background Thread 3 ] DEBUG Engine               - actualWidthProperty: ReadOnlyDoubleProperty [value: 800.0]
21:14:31.892 [FXGL Background Thread 3 ] DEBUG Engine               - appIcon: fxgl_icon.png
21:14:31.892 [FXGL Background Thread 3 ] DEBUG Engine               - applicationMode: DEVELOPER
21:14:31.892 [FXGL Background Thread 3 ] DEBUG Engine               - cSSList: [fxgl_dark.css]
21:14:31.892 [FXGL Background Thread 3 ] DEBUG Engine               - collisionDetectionStrategy: BRUTE_FORCE
21:14:31.892 [FXGL Background Thread 3 ] DEBUG Engine               - configClass: Optional.empty
21:14:31.892 [FXGL Background Thread 3 ] DEBUG Engine               - credits: []
21:14:31.892 [FXGL Background Thread 3 ] DEBUG Engine               - defaultCursor: CursorInfo(imageName=fxgl_default_cursor.png, hotspotX=7.0, hotspotY=6.0)
21:14:31.893 [FXGL Background Thread 3 ] DEBUG Engine               - devBBoxColorProperty: ObjectProperty [value: 0xff0000ff]
21:14:31.893 [FXGL Background Thread 3 ] DEBUG Engine               - devEnableDebugCameraProperty: BooleanProperty [value: false]
21:14:31.893 [FXGL Background Thread 3 ] DEBUG Engine               - devSensorColorProperty: ObjectProperty [value: 0xffff00ff]
21:14:31.893 [FXGL Background Thread 3 ] DEBUG Engine               - devShowBBoxProperty: BooleanProperty [value: false]
21:14:31.893 [FXGL Background Thread 3 ] DEBUG Engine               - devShowPositionProperty: BooleanProperty [value: false]
21:14:31.893 [FXGL Background Thread 3 ] DEBUG Engine               - enabledMenuItems: []
21:14:31.893 [FXGL Background Thread 3 ] DEBUG Engine               - engineServices: [class com.almasb.fxgl.app.services.FXGLAssetLoaderService, class com.almasb.fxgl.app.FXGLApplication$GameApplicationService, class com.almasb.fxgl.app.services.FXGLDialogService, class com.almasb.fxgl.app.services.IOTaskExecutorService, class com.almasb.fxgl.io.FileSystemService, class com.almasb.fxgl.localization.LocalizationService, class com.almasb.fxgl.app.services.SystemBundleService, class com.almasb.fxgl.profile.SaveLoadService, class com.almasb.fxgl.ui.FXGLUIFactoryServiceProvider, class com.almasb.fxgl.ui.FXGLDialogFactoryServiceProvider, class com.almasb.fxgl.audio.AudioPlayer, class com.almasb.fxgl.notification.impl.NotificationServiceProvider, class com.almasb.fxgl.achievement.AchievementService, class com.almasb.fxgl.cutscene.CutsceneService, class com.almasb.fxgl.minigames.MiniGameService, class com.almasb.fxgl.net.NetService, class com.almasb.fxgl.app.services.UpdaterService, class com.almasb.fxgl.dev.DevService]
21:14:31.893 [FXGL Background Thread 3 ] DEBUG Engine               - fontGame: Abel-Regular.ttf
21:14:31.894 [FXGL Background Thread 3 ] DEBUG Engine               - fontMono: lucida_console.ttf
21:14:31.894 [FXGL Background Thread 3 ] DEBUG Engine               - fontText: Courier-Prime.ttf
21:14:31.894 [FXGL Background Thread 3 ] DEBUG Engine               - fontUI: VarelaRound-Regular.ttf
21:14:31.894 [FXGL Background Thread 3 ] DEBUG Engine               - fullScreen: BooleanProperty [value: false]
21:14:31.894 [FXGL Background Thread 3 ] DEBUG Engine               - gameDifficulty: MEDIUM
21:14:31.894 [FXGL Background Thread 3 ] DEBUG Engine               - gameDifficultyProperty: ObjectProperty [value: MEDIUM]
21:14:31.894 [FXGL Background Thread 3 ] DEBUG Engine               - globalMusicVolume: 0.5
21:14:31.895 [FXGL Background Thread 3 ] DEBUG Engine               - globalMusicVolumeProperty: DoubleProperty [value: 0.5]
21:14:31.895 [FXGL Background Thread 3 ] DEBUG Engine               - globalSoundVolume: 0.5
21:14:31.895 [FXGL Background Thread 3 ] DEBUG Engine               - globalSoundVolumeProperty: DoubleProperty [value: 0.5]
21:14:31.895 [FXGL Background Thread 3 ] DEBUG Engine               - height: 600
21:14:31.895 [FXGL Background Thread 3 ] DEBUG Engine               - is3D: false
21:14:31.895 [FXGL Background Thread 3 ] DEBUG Engine               - isAndroid: false
21:14:31.895 [FXGL Background Thread 3 ] DEBUG Engine               - isBrowser: false
21:14:31.895 [FXGL Background Thread 3 ] DEBUG Engine               - isClickFeedbackEnabled: false
21:14:31.895 [FXGL Background Thread 3 ] DEBUG Engine               - isCloseConfirmation: false
21:14:31.896 [FXGL Background Thread 3 ] DEBUG Engine               - isDesktop: true
21:14:31.896 [FXGL Background Thread 3 ] DEBUG Engine               - isDeveloperMenuEnabled: false
21:14:31.896 [FXGL Background Thread 3 ] DEBUG Engine               - isEntityPreloadEnabled: true
21:14:31.896 [FXGL Background Thread 3 ] DEBUG Engine               - isExperimentalTiledLargeMap: false
21:14:31.896 [FXGL Background Thread 3 ] DEBUG Engine               - isFileSystemWriteAllowed: true
21:14:31.896 [FXGL Background Thread 3 ] DEBUG Engine               - isFullScreenAllowed: false
21:14:31.896 [FXGL Background Thread 3 ] DEBUG Engine               - isFullScreenFromStart: false
21:14:31.896 [FXGL Background Thread 3 ] DEBUG Engine               - isGameMenuEnabled: true
21:14:31.896 [FXGL Background Thread 3 ] DEBUG Engine               - isIOS: false
21:14:31.897 [FXGL Background Thread 3 ] DEBUG Engine               - isIntroEnabled: false
21:14:31.897 [FXGL Background Thread 3 ] DEBUG Engine               - isLinux: false
21:14:31.897 [FXGL Background Thread 3 ] DEBUG Engine               - isMac: false
21:14:31.897 [FXGL Background Thread 3 ] DEBUG Engine               - isMainMenuEnabled: true
21:14:31.897 [FXGL Background Thread 3 ] DEBUG Engine               - isManualResizeEnabled: true
21:14:31.897 [FXGL Background Thread 3 ] DEBUG Engine               - isMobile: false
21:14:31.897 [FXGL Background Thread 3 ] DEBUG Engine               - isNative: false
21:14:31.897 [FXGL Background Thread 3 ] DEBUG Engine               - isPauseMusicWhenMinimized: true
21:14:31.898 [FXGL Background Thread 3 ] DEBUG Engine               - isPreserveResizeRatio: false
21:14:31.898 [FXGL Background Thread 3 ] DEBUG Engine               - isProfilingEnabled: false
21:14:31.898 [FXGL Background Thread 3 ] DEBUG Engine               - isScaleAffectedOnResize: true
21:14:31.898 [FXGL Background Thread 3 ] DEBUG Engine               - isSingleStep: false
21:14:31.898 [FXGL Background Thread 3 ] DEBUG Engine               - isUserProfileEnabled: false
21:14:31.898 [FXGL Background Thread 3 ] DEBUG Engine               - isWindows: true
21:14:31.898 [FXGL Background Thread 3 ] DEBUG Engine               - language: ObjectProperty [value: ENGLISH]
21:14:31.898 [FXGL Background Thread 3 ] DEBUG Engine               - menuKey: ESCAPE
21:14:31.898 [FXGL Background Thread 3 ] DEBUG Engine               - mouseSensitivity: 0.2
21:14:31.898 [FXGL Background Thread 3 ] DEBUG Engine               - notificationViewClass: class com.almasb.fxgl.notification.view.XboxNotificationView
21:14:31.899 [FXGL Background Thread 3 ] DEBUG Engine               - pixelsPerMeter: 50.0
21:14:31.899 [FXGL Background Thread 3 ] DEBUG Engine               - platform: WINDOWS
21:14:31.899 [FXGL Background Thread 3 ] DEBUG Engine               - prefHeightProperty: ReadOnlyDoubleProperty [value: 600.0]
21:14:31.899 [FXGL Background Thread 3 ] DEBUG Engine               - prefWidthProperty: ReadOnlyDoubleProperty [value: 800.0]
21:14:31.899 [FXGL Background Thread 3 ] DEBUG Engine               - profileDir: profiles/
21:14:31.899 [FXGL Background Thread 3 ] DEBUG Engine               - profileName: StringProperty [value: DEFAULT]
21:14:31.899 [FXGL Background Thread 3 ] DEBUG Engine               - randomSeed: -1
21:14:31.899 [FXGL Background Thread 3 ] DEBUG Engine               - runtimeInfo: RuntimeInfo(platform=WINDOWS, version=11.17, build=16.07.2021 15.46)
21:14:31.899 [FXGL Background Thread 3 ] DEBUG Engine               - saveFileExt: sav
21:14:31.900 [FXGL Background Thread 3 ] DEBUG Engine               - scaledHeightProp$fxgl: DoubleProperty [bound, value: 600.0]
21:14:31.900 [FXGL Background Thread 3 ] DEBUG Engine               - scaledWidthProp$fxgl: DoubleProperty [bound, value: 800.0]
21:14:31.900 [FXGL Background Thread 3 ] DEBUG Engine               - sceneFactory: com.almasb.fxgl.app.scene.SceneFactory@70157f72
21:14:31.900 [FXGL Background Thread 3 ] DEBUG Engine               - secondsIn24h: 60
21:14:31.900 [FXGL Background Thread 3 ] DEBUG Engine               - soundMenuBack: menu/back.wav
21:14:31.900 [FXGL Background Thread 3 ] DEBUG Engine               - soundMenuPress: menu/press.wav
21:14:31.900 [FXGL Background Thread 3 ] DEBUG Engine               - soundMenuSelect: menu/select.wav
21:14:31.900 [FXGL Background Thread 3 ] DEBUG Engine               - soundNotification: core/notification.wav
21:14:31.900 [FXGL Background Thread 3 ] DEBUG Engine               - stageStyle: DECORATED
21:14:31.900 [FXGL Background Thread 3 ] DEBUG Engine               - supportedLanguages: [ENGLISH, FRENCH, GERMAN, HUNGARIAN, RUSSIAN]
21:14:31.901 [FXGL Background Thread 3 ] DEBUG Engine               - ticksPerSecond: -1
21:14:31.901 [FXGL Background Thread 3 ] DEBUG Engine               - title: Escape HSLEIDEN
21:14:31.901 [FXGL Background Thread 3 ] DEBUG Engine               - urlGithub: https://github.com/AlmasB/FXGL
21:14:31.901 [FXGL Background Thread 3 ] DEBUG Engine               - urlLeaderboard: http://fxgl-top.herokuapp.com/
21:14:31.901 [FXGL Background Thread 3 ] DEBUG Engine               - urlPOM: https://raw.githubusercontent.com/AlmasB/FXGL/release/README.md
21:14:31.901 [FXGL Background Thread 3 ] DEBUG Engine               - userAppClass: class com.example.demo.EscapeHSL
21:14:31.901 [FXGL Background Thread 3 ] DEBUG Engine               - version: 0.0
21:14:31.901 [FXGL Background Thread 3 ] DEBUG Engine               - versionCheckDays: 7
21:14:31.901 [FXGL Background Thread 3 ] DEBUG Engine               - width: 800
21:14:31.901 [FXGL Background Thread 3 ] DEBUG Engine               - Logging services
21:14:31.902 [FXGL Background Thread 3 ] DEBUG Engine               - class com.almasb.fxgl.app.services.FXGLAssetLoaderService
21:14:31.902 [FXGL Background Thread 3 ] DEBUG Engine               - class com.almasb.fxgl.app.FXGLApplication$GameApplicationService
21:14:31.902 [FXGL Background Thread 3 ] DEBUG Engine               - class com.almasb.fxgl.app.services.FXGLDialogService
21:14:31.902 [FXGL Background Thread 3 ] DEBUG Engine               - class com.almasb.fxgl.app.services.IOTaskExecutorService
21:14:31.902 [FXGL Background Thread 3 ] DEBUG Engine               - class com.almasb.fxgl.io.FileSystemService
21:14:31.902 [FXGL Background Thread 3 ] DEBUG Engine               - class com.almasb.fxgl.localization.LocalizationService
21:14:31.902 [FXGL Background Thread 3 ] DEBUG Engine               - class com.almasb.fxgl.app.services.SystemBundleService
21:14:31.902 [FXGL Background Thread 3 ] DEBUG Engine               - class com.almasb.fxgl.profile.SaveLoadService
21:14:31.902 [FXGL Background Thread 3 ] DEBUG Engine               - class com.almasb.fxgl.ui.FXGLUIFactoryServiceProvider
21:14:31.902 [FXGL Background Thread 3 ] DEBUG Engine               - class com.almasb.fxgl.ui.FXGLDialogFactoryServiceProvider
21:14:31.902 [FXGL Background Thread 3 ] DEBUG Engine               - class com.almasb.fxgl.audio.AudioPlayer
21:14:31.902 [FXGL Background Thread 3 ] DEBUG Engine               - class com.almasb.fxgl.notification.impl.NotificationServiceProvider
21:14:31.903 [FXGL Background Thread 3 ] DEBUG Engine               - class com.almasb.fxgl.achievement.AchievementService
21:14:31.903 [FXGL Background Thread 3 ] DEBUG Engine               - class com.almasb.fxgl.cutscene.CutsceneService
21:14:31.903 [FXGL Background Thread 3 ] DEBUG Engine               - class com.almasb.fxgl.minigames.MiniGameService
21:14:31.903 [FXGL Background Thread 3 ] DEBUG Engine               - class com.almasb.fxgl.net.NetService
21:14:31.903 [FXGL Background Thread 3 ] DEBUG Engine               - class com.almasb.fxgl.app.services.UpdaterService
21:14:31.903 [FXGL Background Thread 3 ] DEBUG Engine               - class com.almasb.fxgl.dev.DevService
21:14:35.553 [JavaFX Application Thread] DEBUG FXGLApplication      - Exiting FXGL
21:14:35.553 [JavaFX Application Thread] DEBUG LoopRunner           - Stopping loop
21:14:35.553 [JavaFX Application Thread] DEBUG SystemBundleService  - Saving FXGL system data
21:14:35.554 [JavaFX Application Thread] DEBUG FileSystemAccess     - Writing to: X:\Programming\CHALLENGEWEEK\system\fxgl.bundle
21:14:35.555 [JavaFX Application Thread] DEBUG Async                - Shutting down background threads
21:14:35.555 [JavaFX Application Thread] DEBUG PrimaryStageWindow   - Closing main window
21:14:35.566 [JavaFX Application Thread] DEBUG Logger               - Closing Logger
