21:57:11.788 [main                     ] DEBUG Logger               - Configured Logger
21:57:11.803 [main                     ] DEBUG GameApplication      - Logging settings
Title: Escape HSLEIDEN
Version: 0.0
Width: 900
Height: 900
Fullscreen: false
Intro: false
Profiling: false
Single step:false
App Mode: DEVELOPER
Menu Key: ESCAPE
Stage Style: DECORATED
Scene Factory: class com.almasb.fxgl.app.scene.SceneFactory

21:57:12.252 [JavaFX Application Thread] DEBUG FXGLApplication      - Initializing FXGL
21:57:12.253 [JavaFX Application Thread] INFO  Engine               - FXGL-11.17 (16.07.2021 15.46) on WINDOWS (J:15.0.2 FX:17.0.2-ea)
21:57:12.253 [JavaFX Application Thread] DEBUG Engine               - JRE Vendor Name: Amazon.com Inc.
21:57:12.254 [JavaFX Application Thread] DEBUG Engine               - Running on OS: Windows 10 version 10.0
21:57:12.254 [JavaFX Application Thread] DEBUG Engine               - Architecture: amd64
21:57:12.254 [JavaFX Application Thread] INFO  Engine               - Source code and latest versions at: https://github.com/AlmasB/FXGL
21:57:12.254 [JavaFX Application Thread] INFO  Engine               -              Join the FXGL chat at: https://gitter.im/AlmasB/FXGL
21:57:12.342 [JavaFX Application Thread] DEBUG PrimaryStageWindow   - Creating a JavaFX scene
21:57:12.383 [JavaFX Application Thread] DEBUG PrimaryStageWindow   - Target settings size: 900.0 x 900.0
21:57:12.383 [JavaFX Application Thread] DEBUG PrimaryStageWindow   - Scaled scene size:    900.0 x 900.0
21:57:12.383 [JavaFX Application Thread] DEBUG PrimaryStageWindow   - Scaled ratio: (1.0, 1.0)
21:57:12.384 [JavaFX Application Thread] DEBUG PrimaryStageWindow   - Set initial scene to FXGLStartupScene
21:57:12.389 [JavaFX Application Thread] DEBUG PrimaryStageWindow   - Opening main window
21:57:12.469 [JavaFX Application Thread] DEBUG PrimaryStageWindow   - Window border size: (16.0, 39.0)
21:57:12.469 [JavaFX Application Thread] DEBUG PrimaryStageWindow   - Scaled size: 900.0 x 900.0
21:57:12.469 [JavaFX Application Thread] DEBUG PrimaryStageWindow   - Scaled ratio: (1.0, 1.0)
21:57:12.469 [JavaFX Application Thread] DEBUG PrimaryStageWindow   - Scene size: 900.0 x 900.0
21:57:12.469 [JavaFX Application Thread] DEBUG PrimaryStageWindow   - Stage size: 916.0 x 939.0
21:57:12.475 [FXGL Background Thread 1 ] DEBUG Engine               - Initializing environment variables
21:57:12.507 [FXGL Background Thread 1 ] DEBUG FXGLAssetLoaderServi - User app class for loading assets: class com.example.demo.EscapeHSL
21:57:12.507 [FXGL Background Thread 1 ] DEBUG GameApplicationServi - Applying CSS: fxgl_dark.css
21:57:12.508 [FXGL Background Thread 1 ] DEBUG FXGLAssetLoaderServi - Loading from file system: jar:file:///C:/Users/Admin/.m2/repository/com/github/almasb/fxgl/11.17/fxgl-11.17.jar!/fxglassets/ui/css/fxgl_dark.css
21:57:12.545 [FXGL Background Thread 1 ] DEBUG GameApplicationServi - Initializing application scenes
21:57:12.576 [FXGL Background Thread 1 ] DEBUG GameWorld            - Game world initialized
21:57:12.617 [FXGL Background Thread 1 ] DEBUG PhysicsWorld         - Physics world initialized: appHeight=900, physics.ppm=50,0
21:57:12.617 [FXGL Background Thread 1 ] DEBUG PhysicsWorld         - Using strategy: BRUTE_FORCE
21:57:12.619 [FXGL Background Thread 1 ] DEBUG GameScene            - Game scene initialized: 900x900
21:57:12.626 [FXGL Background Thread 1 ] DEBUG FXGL.DefaultMenu     - createMenuBodyMainMenu()
21:57:12.637 [FXGL Background Thread 1 ] DEBUG FXGL.DefaultMenu     - createOptionsMenu()
21:57:12.645 [FXGL Background Thread 1 ] DEBUG FXGLAssetLoaderServi - Loading from file system: jar:file:///C:/Users/Admin/.m2/repository/com/github/almasb/fxgl/11.17/fxgl-11.17.jar!/fxglassets/textures/particles/smoke.png
21:57:12.717 [FXGL Background Thread 1 ] DEBUG FXGLAssetLoaderServi - Loading from file system: jar:file:///C:/Users/Admin/.m2/repository/com/github/almasb/fxgl/11.17/fxgl-11.17.jar!/fxglassets/textures/particles/trace_horizontal.png
21:57:12.747 [FXGL Background Thread 1 ] DEBUG FXGL.DefaultMenu     - createMenuBodyGameMenu()
21:57:12.748 [FXGL Background Thread 1 ] DEBUG FXGL.DefaultMenu     - createOptionsMenu()
21:57:12.761 [FXGL Background Thread 1 ] DEBUG GameApplicationServi - Application scenes initialized
21:57:12.768 [FXGL Background Thread 1 ] DEBUG SystemBundleService  - Loading FXGL system data
21:57:12.771 [FXGL Background Thread 1 ] DEBUG FileSystemAccess     - Reading from: X:\Programming\CHALLENGEWEEK\system\fxgl.bundle
21:57:12.778 [FXGL Background Thread 1 ] DEBUG SystemBundleService  - Bundle FXGL: {}
21:57:12.778 [FXGL Background Thread 1 ] DEBUG UpdaterService       - Checking for updates
21:57:12.781 [FXGL Background Thread 4 ] DEBUG FXGLApplication      - Loading fonts
21:57:12.781 [FXGL Background Thread 1 ] DEBUG FXGLApplication      - Loading default localization
21:57:12.782 [FXGL Background Thread 1 ] DEBUG FXGLAssetLoaderServi - Loading from file system: jar:file:///C:/Users/Admin/.m2/repository/com/github/almasb/fxgl/11.17/fxgl-11.17.jar!/fxglassets/languages/english.lang
21:57:12.782 [FXGL Background Thread 4 ] DEBUG FXGLAssetLoaderServi - Loading from file system: jar:file:///C:/Users/Admin/.m2/repository/com/github/almasb/fxgl/11.17/fxgl-11.17.jar!/fxglassets/ui/fonts/VarelaRound-Regular.ttf
21:57:12.793 [FXGL Background Thread 1 ] INFO  FXGLApplication      - FXGL initialization took: 0,318 sec
21:57:12.804 [JavaFX Application Thread] DEBUG Input                - Registered new binding: action0 - W
21:57:12.804 [JavaFX Application Thread] DEBUG Input                - Registered new binding: action1 - A
21:57:12.805 [JavaFX Application Thread] DEBUG Input                - Registered new binding: action2 - S
21:57:12.805 [JavaFX Application Thread] DEBUG Input                - Registered new binding: action3 - D
21:57:12.806 [JavaFX Application Thread] DEBUG FXGLAssetLoaderServi - Loading from file system: jar:file:///C:/Users/Admin/.m2/repository/com/github/almasb/fxgl/11.17/fxgl-11.17.jar!/fxglassets/textures/fxgl_icon.png
21:57:12.825 [JavaFX Application Thread] DEBUG FXGLAssetLoaderServi - Loading from file system: jar:file:///C:/Users/Admin/.m2/repository/com/github/almasb/fxgl/11.17/fxgl-11.17.jar!/fxglassets/textures/fxgl_default_cursor.png
21:57:12.827 [JavaFX Application Thread] DEBUG Input                - Registered new binding: Screenshot - CTRL+8
21:57:12.827 [JavaFX Application Thread] DEBUG Input                - Registered new binding: System info dump - CTRL+9
21:57:12.828 [JavaFX Application Thread] DEBUG Input                - Registered new binding: Restart - CTRL+R
21:57:12.828 [JavaFX Application Thread] DEBUG Input                - Registered new binding: Toggle Debug Camera - CTRL+C
21:57:12.831 [JavaFX Application Thread] DEBUG LoopRunner           - Starting loop
21:57:12.831 [JavaFX Application Thread] DEBUG LoopRunner           - Initializing JavaFX AnimationTimerLoop
21:57:12.834 [JavaFX Application Thread] DEBUG Input                - Clearing active input actions
21:57:12.841 [JavaFX Application Thread] DEBUG GameApplicationServi - Removing overlay from FXGLStartupScene and adding to FXGLMainMenuDummyScene
21:57:12.842 [JavaFX Application Thread] DEBUG PrimaryStageWindow   - FXGLStartupScene -> FXGLMainMenuDummyScene
21:57:12.842 [JavaFX Application Thread] DEBUG PrimaryStageWindow   - Push state: FXGLDefaultMenu
21:57:12.846 [JavaFX Application Thread] DEBUG Input                - Clearing active input actions
21:57:12.852 [JavaFX Application Thread] DEBUG GameApplicationServi - Removing overlay from FXGLMainMenuDummyScene and adding to FXGLDefaultMenu
21:57:12.852 [JavaFX Application Thread] DEBUG PrimaryStageWindow   - FXGLMainMenuDummyScene -> FXGLDefaultMenu
21:57:12.887 [FXGL Background Thread 4 ] DEBUG FXGLAssetLoaderServi - Loading from file system: jar:file:///C:/Users/Admin/.m2/repository/com/github/almasb/fxgl/11.17/fxgl-11.17.jar!/fxglassets/ui/fonts/Abel-Regular.ttf
21:57:12.899 [FXGL Background Thread 4 ] DEBUG FXGLAssetLoaderServi - Loading from file system: jar:file:///C:/Users/Admin/.m2/repository/com/github/almasb/fxgl/11.17/fxgl-11.17.jar!/fxglassets/ui/fonts/lucida_console.ttf
21:57:12.911 [FXGL Background Thread 4 ] DEBUG FXGLAssetLoaderServi - Loading from file system: jar:file:///C:/Users/Admin/.m2/repository/com/github/almasb/fxgl/11.17/fxgl-11.17.jar!/fxglassets/ui/fonts/Courier-Prime.ttf
21:57:12.999 [JavaFX Application Thread] DEBUG FXGLApplication      - Registering font factories with UI factory
21:57:13.295 [FXGL Background Thread 2 ] INFO  UpdaterService       - Your current version:  11.17
21:57:13.296 [FXGL Background Thread 2 ] INFO  UpdaterService       - Latest stable version: 17.3
21:57:13.641 [JavaFX Application Thread] DEBUG Menu                 - fireNewGame()
21:57:13.642 [JavaFX Application Thread] DEBUG GameApplicationServi - Starting new game
21:57:13.643 [JavaFX Application Thread] DEBUG PrimaryStageWindow   - Pop state: FXGLDefaultMenu
21:57:13.644 [JavaFX Application Thread] DEBUG Input                - Clearing active input actions
21:57:13.645 [JavaFX Application Thread] DEBUG GameApplicationServi - Removing overlay from FXGLDefaultMenu and adding to FXGLMainMenuDummyScene
21:57:13.645 [JavaFX Application Thread] DEBUG PrimaryStageWindow   - FXGLMainMenuDummyScene <- FXGLDefaultMenu
21:57:13.645 [JavaFX Application Thread] DEBUG Input                - Clearing active input actions
21:57:13.654 [JavaFX Application Thread] DEBUG GameApplicationServi - Removing overlay from FXGLMainMenuDummyScene and adding to FXGLLoadingScene
21:57:13.655 [JavaFX Application Thread] DEBUG PrimaryStageWindow   - FXGLMainMenuDummyScene -> FXGLLoadingScene
21:57:13.656 [JavaFX Application Thread] DEBUG GameApplicationServi - Clearing previous game
21:57:13.656 [JavaFX Application Thread] DEBUG GameScene            - Clearing game scene
21:57:13.656 [JavaFX Application Thread] DEBUG GameWorld            - Clearing game world
21:57:13.656 [JavaFX Application Thread] DEBUG PhysicsWorld         - Clearing physics world
21:57:13.657 [FXGL Background Thread 2 ] DEBUG FXGLApplication      - Initializing game
21:57:13.659 [FXGL Background Thread 2 ] DEBUG FXGLAssetLoaderServi - Loading from file system: file:/X:/Programming/CHALLENGEWEEK/target/classes/assets/textures/test2.png
21:57:13.682 [FXGL Background Thread 2 ] DEBUG FXGLAssetLoaderServi - Loading from file system: file:/X:/Programming/CHALLENGEWEEK/target/classes/assets/textures/key.png
21:57:13.687 [FXGL Background Thread 2 ] INFO  FXGLApplication      - Game initialization took: 0,030 sec
21:57:13.688 [JavaFX Application Thread] DEBUG Input                - Clearing active input actions
21:57:13.694 [JavaFX Application Thread] DEBUG GameApplicationServi - Removing overlay from FXGLLoadingScene and adding to GameScene
21:57:13.694 [JavaFX Application Thread] DEBUG PrimaryStageWindow   - FXGLLoadingScene -> GameScene
21:57:15.782 [FXGL Background Thread 3 ] DEBUG Engine               - Logging environment variables
21:57:15.782 [FXGL Background Thread 3 ] DEBUG Engine               - achievements: []
21:57:15.782 [FXGL Background Thread 3 ] DEBUG Engine               - actualHeight: 900.0
21:57:15.783 [FXGL Background Thread 3 ] DEBUG Engine               - actualHeightProperty: ReadOnlyDoubleProperty [value: 900.0]
21:57:15.783 [FXGL Background Thread 3 ] DEBUG Engine               - actualWidth: 900.0
21:57:15.783 [FXGL Background Thread 3 ] DEBUG Engine               - actualWidthProperty: ReadOnlyDoubleProperty [value: 900.0]
21:57:15.783 [FXGL Background Thread 3 ] DEBUG Engine               - appIcon: fxgl_icon.png
21:57:15.783 [FXGL Background Thread 3 ] DEBUG Engine               - applicationMode: DEVELOPER
21:57:15.784 [FXGL Background Thread 3 ] DEBUG Engine               - cSSList: [fxgl_dark.css]
21:57:15.784 [FXGL Background Thread 3 ] DEBUG Engine               - collisionDetectionStrategy: BRUTE_FORCE
21:57:15.784 [FXGL Background Thread 3 ] DEBUG Engine               - configClass: Optional.empty
21:57:15.784 [FXGL Background Thread 3 ] DEBUG Engine               - credits: []
21:57:15.784 [FXGL Background Thread 3 ] DEBUG Engine               - defaultCursor: CursorInfo(imageName=fxgl_default_cursor.png, hotspotX=7.0, hotspotY=6.0)
21:57:15.784 [FXGL Background Thread 3 ] DEBUG Engine               - devBBoxColorProperty: ObjectProperty [value: 0xff0000ff]
21:57:15.785 [FXGL Background Thread 3 ] DEBUG Engine               - devEnableDebugCameraProperty: BooleanProperty [value: false]
21:57:15.785 [FXGL Background Thread 3 ] DEBUG Engine               - devSensorColorProperty: ObjectProperty [value: 0xffff00ff]
21:57:15.785 [FXGL Background Thread 3 ] DEBUG Engine               - devShowBBoxProperty: BooleanProperty [value: false]
21:57:15.785 [FXGL Background Thread 3 ] DEBUG Engine               - devShowPositionProperty: BooleanProperty [value: false]
21:57:15.786 [FXGL Background Thread 3 ] DEBUG Engine               - enabledMenuItems: []
21:57:15.786 [FXGL Background Thread 3 ] DEBUG Engine               - engineServices: [class com.almasb.fxgl.app.services.FXGLAssetLoaderService, class com.almasb.fxgl.app.FXGLApplication$GameApplicationService, class com.almasb.fxgl.app.services.FXGLDialogService, class com.almasb.fxgl.app.services.IOTaskExecutorService, class com.almasb.fxgl.io.FileSystemService, class com.almasb.fxgl.localization.LocalizationService, class com.almasb.fxgl.app.services.SystemBundleService, class com.almasb.fxgl.profile.SaveLoadService, class com.almasb.fxgl.ui.FXGLUIFactoryServiceProvider, class com.almasb.fxgl.ui.FXGLDialogFactoryServiceProvider, class com.almasb.fxgl.audio.AudioPlayer, class com.almasb.fxgl.notification.impl.NotificationServiceProvider, class com.almasb.fxgl.achievement.AchievementService, class com.almasb.fxgl.cutscene.CutsceneService, class com.almasb.fxgl.minigames.MiniGameService, class com.almasb.fxgl.net.NetService, class com.almasb.fxgl.app.services.UpdaterService, class com.almasb.fxgl.dev.DevService]
21:57:15.786 [FXGL Background Thread 3 ] DEBUG Engine               - fontGame: Abel-Regular.ttf
21:57:15.786 [FXGL Background Thread 3 ] DEBUG Engine               - fontMono: lucida_console.ttf
21:57:15.786 [FXGL Background Thread 3 ] DEBUG Engine               - fontText: Courier-Prime.ttf
21:57:15.786 [FXGL Background Thread 3 ] DEBUG Engine               - fontUI: VarelaRound-Regular.ttf
21:57:15.787 [FXGL Background Thread 3 ] DEBUG Engine               - fullScreen: BooleanProperty [value: false]
21:57:15.787 [FXGL Background Thread 3 ] DEBUG Engine               - gameDifficulty: MEDIUM
21:57:15.787 [FXGL Background Thread 3 ] DEBUG Engine               - gameDifficultyProperty: ObjectProperty [value: MEDIUM]
21:57:15.787 [FXGL Background Thread 3 ] DEBUG Engine               - globalMusicVolume: 0.5
21:57:15.787 [FXGL Background Thread 3 ] DEBUG Engine               - globalMusicVolumeProperty: DoubleProperty [value: 0.5]
21:57:15.788 [FXGL Background Thread 3 ] DEBUG Engine               - globalSoundVolume: 0.5
21:57:15.788 [FXGL Background Thread 3 ] DEBUG Engine               - globalSoundVolumeProperty: DoubleProperty [value: 0.5]
21:57:15.788 [FXGL Background Thread 3 ] DEBUG Engine               - height: 900
21:57:15.788 [FXGL Background Thread 3 ] DEBUG Engine               - is3D: false
21:57:15.788 [FXGL Background Thread 3 ] DEBUG Engine               - isAndroid: false
21:57:15.788 [FXGL Background Thread 3 ] DEBUG Engine               - isBrowser: false
21:57:15.789 [FXGL Background Thread 3 ] DEBUG Engine               - isClickFeedbackEnabled: false
21:57:15.789 [FXGL Background Thread 3 ] DEBUG Engine               - isCloseConfirmation: false
21:57:15.789 [FXGL Background Thread 3 ] DEBUG Engine               - isDesktop: true
21:57:15.789 [FXGL Background Thread 3 ] DEBUG Engine               - isDeveloperMenuEnabled: false
21:57:15.789 [FXGL Background Thread 3 ] DEBUG Engine               - isEntityPreloadEnabled: true
21:57:15.789 [FXGL Background Thread 3 ] DEBUG Engine               - isExperimentalTiledLargeMap: false
21:57:15.789 [FXGL Background Thread 3 ] DEBUG Engine               - isFileSystemWriteAllowed: true
21:57:15.790 [FXGL Background Thread 3 ] DEBUG Engine               - isFullScreenAllowed: false
21:57:15.790 [FXGL Background Thread 3 ] DEBUG Engine               - isFullScreenFromStart: false
21:57:15.790 [FXGL Background Thread 3 ] DEBUG Engine               - isGameMenuEnabled: true
21:57:15.790 [FXGL Background Thread 3 ] DEBUG Engine               - isIOS: false
21:57:15.790 [FXGL Background Thread 3 ] DEBUG Engine               - isIntroEnabled: false
21:57:15.790 [FXGL Background Thread 3 ] DEBUG Engine               - isLinux: false
21:57:15.790 [FXGL Background Thread 3 ] DEBUG Engine               - isMac: false
21:57:15.790 [FXGL Background Thread 3 ] DEBUG Engine               - isMainMenuEnabled: true
21:57:15.791 [FXGL Background Thread 3 ] DEBUG Engine               - isManualResizeEnabled: true
21:57:15.791 [FXGL Background Thread 3 ] DEBUG Engine               - isMobile: false
21:57:15.791 [FXGL Background Thread 3 ] DEBUG Engine               - isNative: false
21:57:15.791 [FXGL Background Thread 3 ] DEBUG Engine               - isPauseMusicWhenMinimized: true
21:57:15.791 [FXGL Background Thread 3 ] DEBUG Engine               - isPreserveResizeRatio: false
21:57:15.791 [FXGL Background Thread 3 ] DEBUG Engine               - isProfilingEnabled: false
21:57:15.791 [FXGL Background Thread 3 ] DEBUG Engine               - isScaleAffectedOnResize: true
21:57:15.791 [FXGL Background Thread 3 ] DEBUG Engine               - isSingleStep: false
21:57:15.792 [FXGL Background Thread 3 ] DEBUG Engine               - isUserProfileEnabled: false
21:57:15.792 [FXGL Background Thread 3 ] DEBUG Engine               - isWindows: true
21:57:15.792 [FXGL Background Thread 3 ] DEBUG Engine               - language: ObjectProperty [value: ENGLISH]
21:57:15.792 [FXGL Background Thread 3 ] DEBUG Engine               - menuKey: ESCAPE
21:57:15.792 [FXGL Background Thread 3 ] DEBUG Engine               - mouseSensitivity: 0.2
21:57:15.792 [FXGL Background Thread 3 ] DEBUG Engine               - notificationViewClass: class com.almasb.fxgl.notification.view.XboxNotificationView
21:57:15.792 [FXGL Background Thread 3 ] DEBUG Engine               - pixelsPerMeter: 50.0
21:57:15.793 [FXGL Background Thread 3 ] DEBUG Engine               - platform: WINDOWS
21:57:15.793 [FXGL Background Thread 3 ] DEBUG Engine               - prefHeightProperty: ReadOnlyDoubleProperty [value: 900.0]
21:57:15.793 [FXGL Background Thread 3 ] DEBUG Engine               - prefWidthProperty: ReadOnlyDoubleProperty [value: 900.0]
21:57:15.793 [FXGL Background Thread 3 ] DEBUG Engine               - profileDir: profiles/
21:57:15.794 [FXGL Background Thread 3 ] DEBUG Engine               - profileName: StringProperty [value: DEFAULT]
21:57:15.794 [FXGL Background Thread 3 ] DEBUG Engine               - randomSeed: -1
21:57:15.794 [FXGL Background Thread 3 ] DEBUG Engine               - runtimeInfo: RuntimeInfo(platform=WINDOWS, version=11.17, build=16.07.2021 15.46)
21:57:15.794 [FXGL Background Thread 3 ] DEBUG Engine               - saveFileExt: sav
21:57:15.794 [FXGL Background Thread 3 ] DEBUG Engine               - scaledHeightProp$fxgl: DoubleProperty [bound, value: 900.0]
21:57:15.794 [FXGL Background Thread 3 ] DEBUG Engine               - scaledWidthProp$fxgl: DoubleProperty [bound, value: 900.0]
21:57:15.794 [FXGL Background Thread 3 ] DEBUG Engine               - sceneFactory: com.almasb.fxgl.app.scene.SceneFactory@6dacbe9d
21:57:15.795 [FXGL Background Thread 3 ] DEBUG Engine               - secondsIn24h: 60
21:57:15.795 [FXGL Background Thread 3 ] DEBUG Engine               - soundMenuBack: menu/back.wav
21:57:15.795 [FXGL Background Thread 3 ] DEBUG Engine               - soundMenuPress: menu/press.wav
21:57:15.795 [FXGL Background Thread 3 ] DEBUG Engine               - soundMenuSelect: menu/select.wav
21:57:15.795 [FXGL Background Thread 3 ] DEBUG Engine               - soundNotification: core/notification.wav
21:57:15.795 [FXGL Background Thread 3 ] DEBUG Engine               - stageStyle: DECORATED
21:57:15.796 [FXGL Background Thread 3 ] DEBUG Engine               - supportedLanguages: [ENGLISH, FRENCH, GERMAN, HUNGARIAN, RUSSIAN]
21:57:15.796 [FXGL Background Thread 3 ] DEBUG Engine               - ticksPerSecond: -1
21:57:15.796 [FXGL Background Thread 3 ] DEBUG Engine               - title: Escape HSLEIDEN
21:57:15.796 [FXGL Background Thread 3 ] DEBUG Engine               - urlGithub: https://github.com/AlmasB/FXGL
21:57:15.796 [FXGL Background Thread 3 ] DEBUG Engine               - urlLeaderboard: http://fxgl-top.herokuapp.com/
21:57:15.796 [FXGL Background Thread 3 ] DEBUG Engine               - urlPOM: https://raw.githubusercontent.com/AlmasB/FXGL/release/README.md
21:57:15.796 [FXGL Background Thread 3 ] DEBUG Engine               - userAppClass: class com.example.demo.EscapeHSL
21:57:15.796 [FXGL Background Thread 3 ] DEBUG Engine               - version: 0.0
21:57:15.796 [FXGL Background Thread 3 ] DEBUG Engine               - versionCheckDays: 7
21:57:15.796 [FXGL Background Thread 3 ] DEBUG Engine               - width: 900
21:57:15.797 [FXGL Background Thread 3 ] DEBUG Engine               - Logging services
21:57:15.797 [FXGL Background Thread 3 ] DEBUG Engine               - class com.almasb.fxgl.app.services.FXGLAssetLoaderService
21:57:15.797 [FXGL Background Thread 3 ] DEBUG Engine               - class com.almasb.fxgl.app.FXGLApplication$GameApplicationService
21:57:15.797 [FXGL Background Thread 3 ] DEBUG Engine               - class com.almasb.fxgl.app.services.FXGLDialogService
21:57:15.797 [FXGL Background Thread 3 ] DEBUG Engine               - class com.almasb.fxgl.app.services.IOTaskExecutorService
21:57:15.797 [FXGL Background Thread 3 ] DEBUG Engine               - class com.almasb.fxgl.io.FileSystemService
21:57:15.797 [FXGL Background Thread 3 ] DEBUG Engine               - class com.almasb.fxgl.localization.LocalizationService
21:57:15.797 [FXGL Background Thread 3 ] DEBUG Engine               - class com.almasb.fxgl.app.services.SystemBundleService
21:57:15.798 [FXGL Background Thread 3 ] DEBUG Engine               - class com.almasb.fxgl.profile.SaveLoadService
21:57:15.798 [FXGL Background Thread 3 ] DEBUG Engine               - class com.almasb.fxgl.ui.FXGLUIFactoryServiceProvider
21:57:15.798 [FXGL Background Thread 3 ] DEBUG Engine               - class com.almasb.fxgl.ui.FXGLDialogFactoryServiceProvider
21:57:15.798 [FXGL Background Thread 3 ] DEBUG Engine               - class com.almasb.fxgl.audio.AudioPlayer
21:57:15.798 [FXGL Background Thread 3 ] DEBUG Engine               - class com.almasb.fxgl.notification.impl.NotificationServiceProvider
21:57:15.798 [FXGL Background Thread 3 ] DEBUG Engine               - class com.almasb.fxgl.achievement.AchievementService
21:57:15.798 [FXGL Background Thread 3 ] DEBUG Engine               - class com.almasb.fxgl.cutscene.CutsceneService
21:57:15.798 [FXGL Background Thread 3 ] DEBUG Engine               - class com.almasb.fxgl.minigames.MiniGameService
21:57:15.799 [FXGL Background Thread 3 ] DEBUG Engine               - class com.almasb.fxgl.net.NetService
21:57:15.799 [FXGL Background Thread 3 ] DEBUG Engine               - class com.almasb.fxgl.app.services.UpdaterService
21:57:15.799 [FXGL Background Thread 3 ] DEBUG Engine               - class com.almasb.fxgl.dev.DevService
21:57:18.683 [JavaFX Application Thread] DEBUG FXGLApplication      - Exiting FXGL
21:57:18.684 [JavaFX Application Thread] DEBUG LoopRunner           - Stopping loop
21:57:18.684 [JavaFX Application Thread] DEBUG SystemBundleService  - Saving FXGL system data
21:57:18.685 [JavaFX Application Thread] DEBUG FileSystemAccess     - Writing to: X:\Programming\CHALLENGEWEEK\system\fxgl.bundle
21:57:18.686 [JavaFX Application Thread] DEBUG Async                - Shutting down background threads
21:57:18.686 [JavaFX Application Thread] DEBUG PrimaryStageWindow   - Closing main window
21:57:18.696 [JavaFX Application Thread] DEBUG Logger               - Closing Logger
