21:05:05.887 [main                     ] DEBUG Logger               - Configured Logger
21:05:05.901 [main                     ] DEBUG GameApplication      - Logging settings
Title: Escape HSLEIDEN
Version: 0.0
Width: 800
Height: 600
Fullscreen: false
Intro: false
Profiling: false
Single step:false
App Mode: DEVELOPER
Menu Key: ESCAPE
Stage Style: DECORATED
Scene Factory: class com.almasb.fxgl.app.scene.SceneFactory

21:05:06.261 [JavaFX Application Thread] DEBUG FXGLApplication      - Initializing FXGL
21:05:06.263 [JavaFX Application Thread] INFO  Engine               - FXGL-11.17 (16.07.2021 15.46) on WINDOWS (J:15.0.2 FX:17.0.2-ea)
21:05:06.263 [JavaFX Application Thread] DEBUG Engine               - JRE Vendor Name: Amazon.com Inc.
21:05:06.263 [JavaFX Application Thread] DEBUG Engine               - Running on OS: Windows 10 version 10.0
21:05:06.264 [JavaFX Application Thread] DEBUG Engine               - Architecture: amd64
21:05:06.264 [JavaFX Application Thread] INFO  Engine               - Source code and latest versions at: https://github.com/AlmasB/FXGL
21:05:06.264 [JavaFX Application Thread] INFO  Engine               -              Join the FXGL chat at: https://gitter.im/AlmasB/FXGL
21:05:06.338 [JavaFX Application Thread] DEBUG PrimaryStageWindow   - Creating a JavaFX scene
21:05:06.370 [JavaFX Application Thread] DEBUG PrimaryStageWindow   - Target settings size: 800.0 x 600.0
21:05:06.370 [JavaFX Application Thread] DEBUG PrimaryStageWindow   - Scaled scene size:    800.0 x 600.0
21:05:06.370 [JavaFX Application Thread] DEBUG PrimaryStageWindow   - Scaled ratio: (1.0, 1.0)
21:05:06.371 [JavaFX Application Thread] DEBUG PrimaryStageWindow   - Set initial scene to FXGLStartupScene
21:05:06.375 [JavaFX Application Thread] DEBUG PrimaryStageWindow   - Opening main window
21:05:06.441 [JavaFX Application Thread] DEBUG PrimaryStageWindow   - Window border size: (16.0, 39.0)
21:05:06.441 [JavaFX Application Thread] DEBUG PrimaryStageWindow   - Scaled size: 800.0 x 600.0
21:05:06.441 [JavaFX Application Thread] DEBUG PrimaryStageWindow   - Scaled ratio: (1.0, 1.0)
21:05:06.441 [JavaFX Application Thread] DEBUG PrimaryStageWindow   - Scene size: 800.0 x 600.0
21:05:06.441 [JavaFX Application Thread] DEBUG PrimaryStageWindow   - Stage size: 816.0 x 639.0
21:05:06.446 [FXGL Background Thread 1 ] DEBUG Engine               - Initializing environment variables
21:05:06.474 [FXGL Background Thread 1 ] DEBUG FXGLAssetLoaderServi - User app class for loading assets: class com.example.demo.EscapeHSL
21:05:06.474 [FXGL Background Thread 1 ] DEBUG GameApplicationServi - Applying CSS: fxgl_dark.css
21:05:06.475 [FXGL Background Thread 1 ] DEBUG FXGLAssetLoaderServi - Loading from file system: jar:file:///C:/Users/Admin/.m2/repository/com/github/almasb/fxgl/11.17/fxgl-11.17.jar!/fxglassets/ui/css/fxgl_dark.css
21:05:06.509 [FXGL Background Thread 1 ] DEBUG GameApplicationServi - Initializing application scenes
21:05:06.533 [FXGL Background Thread 1 ] DEBUG GameWorld            - Game world initialized
21:05:06.579 [FXGL Background Thread 1 ] DEBUG PhysicsWorld         - Physics world initialized: appHeight=600, physics.ppm=50,0
21:05:06.580 [FXGL Background Thread 1 ] DEBUG PhysicsWorld         - Using strategy: BRUTE_FORCE
21:05:06.581 [FXGL Background Thread 1 ] DEBUG GameScene            - Game scene initialized: 800x600
21:05:06.589 [FXGL Background Thread 1 ] DEBUG FXGL.DefaultMenu     - createMenuBodyMainMenu()
21:05:06.602 [FXGL Background Thread 1 ] DEBUG FXGL.DefaultMenu     - createOptionsMenu()
21:05:06.610 [FXGL Background Thread 1 ] DEBUG FXGLAssetLoaderServi - Loading from file system: jar:file:///C:/Users/Admin/.m2/repository/com/github/almasb/fxgl/11.17/fxgl-11.17.jar!/fxglassets/textures/particles/smoke.png
21:05:06.694 [FXGL Background Thread 1 ] DEBUG FXGLAssetLoaderServi - Loading from file system: jar:file:///C:/Users/Admin/.m2/repository/com/github/almasb/fxgl/11.17/fxgl-11.17.jar!/fxglassets/textures/particles/trace_horizontal.png
21:05:06.723 [FXGL Background Thread 1 ] DEBUG FXGL.DefaultMenu     - createMenuBodyGameMenu()
21:05:06.724 [FXGL Background Thread 1 ] DEBUG FXGL.DefaultMenu     - createOptionsMenu()
21:05:06.740 [FXGL Background Thread 1 ] DEBUG GameApplicationServi - Application scenes initialized
21:05:06.747 [FXGL Background Thread 1 ] DEBUG SystemBundleService  - Loading FXGL system data
21:05:06.750 [FXGL Background Thread 1 ] DEBUG FileSystemAccess     - Reading from: X:\Programming\CHALLENGEWEEK\system\fxgl.bundle
21:05:06.755 [FXGL Background Thread 1 ] DEBUG SystemBundleService  - Bundle FXGL: {}
21:05:06.755 [FXGL Background Thread 1 ] DEBUG UpdaterService       - Checking for updates
21:05:06.759 [FXGL Background Thread 4 ] DEBUG FXGLApplication      - Loading fonts
21:05:06.759 [FXGL Background Thread 1 ] DEBUG FXGLApplication      - Loading default localization
21:05:06.760 [FXGL Background Thread 4 ] DEBUG FXGLAssetLoaderServi - Loading from file system: jar:file:///C:/Users/Admin/.m2/repository/com/github/almasb/fxgl/11.17/fxgl-11.17.jar!/fxglassets/ui/fonts/VarelaRound-Regular.ttf
21:05:06.760 [FXGL Background Thread 1 ] DEBUG FXGLAssetLoaderServi - Loading from file system: jar:file:///C:/Users/Admin/.m2/repository/com/github/almasb/fxgl/11.17/fxgl-11.17.jar!/fxglassets/languages/english.lang
21:05:06.772 [FXGL Background Thread 1 ] INFO  FXGLApplication      - FXGL initialization took: 0,326 sec
21:05:06.782 [JavaFX Application Thread] DEBUG Input                - Registered new binding: action0 - W
21:05:06.783 [JavaFX Application Thread] DEBUG Input                - Registered new binding: action1 - A
21:05:06.783 [JavaFX Application Thread] DEBUG Input                - Registered new binding: action2 - S
21:05:06.783 [JavaFX Application Thread] DEBUG Input                - Registered new binding: action3 - D
21:05:06.784 [JavaFX Application Thread] DEBUG FXGLAssetLoaderServi - Loading from file system: jar:file:///C:/Users/Admin/.m2/repository/com/github/almasb/fxgl/11.17/fxgl-11.17.jar!/fxglassets/textures/fxgl_icon.png
21:05:06.805 [JavaFX Application Thread] DEBUG FXGLAssetLoaderServi - Loading from file system: jar:file:///C:/Users/Admin/.m2/repository/com/github/almasb/fxgl/11.17/fxgl-11.17.jar!/fxglassets/textures/fxgl_default_cursor.png
21:05:06.808 [JavaFX Application Thread] DEBUG Input                - Registered new binding: Screenshot - CTRL+8
21:05:06.808 [JavaFX Application Thread] DEBUG Input                - Registered new binding: System info dump - CTRL+9
21:05:06.809 [JavaFX Application Thread] DEBUG Input                - Registered new binding: Restart - CTRL+R
21:05:06.810 [JavaFX Application Thread] DEBUG Input                - Registered new binding: Toggle Debug Camera - CTRL+C
21:05:06.812 [JavaFX Application Thread] DEBUG LoopRunner           - Starting loop
21:05:06.812 [JavaFX Application Thread] DEBUG LoopRunner           - Initializing JavaFX AnimationTimerLoop
21:05:06.814 [JavaFX Application Thread] DEBUG Input                - Clearing active input actions
21:05:06.821 [JavaFX Application Thread] DEBUG GameApplicationServi - Removing overlay from FXGLStartupScene and adding to FXGLMainMenuDummyScene
21:05:06.822 [JavaFX Application Thread] DEBUG PrimaryStageWindow   - FXGLStartupScene -> FXGLMainMenuDummyScene
21:05:06.822 [JavaFX Application Thread] DEBUG PrimaryStageWindow   - Push state: FXGLDefaultMenu
21:05:06.826 [JavaFX Application Thread] DEBUG Input                - Clearing active input actions
21:05:06.833 [JavaFX Application Thread] DEBUG GameApplicationServi - Removing overlay from FXGLMainMenuDummyScene and adding to FXGLDefaultMenu
21:05:06.834 [JavaFX Application Thread] DEBUG PrimaryStageWindow   - FXGLMainMenuDummyScene -> FXGLDefaultMenu
21:05:06.853 [FXGL Background Thread 4 ] DEBUG FXGLAssetLoaderServi - Loading from file system: jar:file:///C:/Users/Admin/.m2/repository/com/github/almasb/fxgl/11.17/fxgl-11.17.jar!/fxglassets/ui/fonts/Abel-Regular.ttf
21:05:06.864 [FXGL Background Thread 4 ] DEBUG FXGLAssetLoaderServi - Loading from file system: jar:file:///C:/Users/Admin/.m2/repository/com/github/almasb/fxgl/11.17/fxgl-11.17.jar!/fxglassets/ui/fonts/lucida_console.ttf
21:05:06.878 [FXGL Background Thread 4 ] DEBUG FXGLAssetLoaderServi - Loading from file system: jar:file:///C:/Users/Admin/.m2/repository/com/github/almasb/fxgl/11.17/fxgl-11.17.jar!/fxglassets/ui/fonts/Courier-Prime.ttf
21:05:06.896 [JavaFX Application Thread] DEBUG FXGLApplication      - Registering font factories with UI factory
21:05:07.133 [FXGL Background Thread 2 ] INFO  UpdaterService       - Your current version:  11.17
21:05:07.133 [FXGL Background Thread 2 ] INFO  UpdaterService       - Latest stable version: 17.3
21:05:07.881 [JavaFX Application Thread] DEBUG Menu                 - fireNewGame()
21:05:07.881 [JavaFX Application Thread] DEBUG GameApplicationServi - Starting new game
21:05:07.882 [JavaFX Application Thread] DEBUG PrimaryStageWindow   - Pop state: FXGLDefaultMenu
21:05:07.883 [JavaFX Application Thread] DEBUG Input                - Clearing active input actions
21:05:07.884 [JavaFX Application Thread] DEBUG GameApplicationServi - Removing overlay from FXGLDefaultMenu and adding to FXGLMainMenuDummyScene
21:05:07.884 [JavaFX Application Thread] DEBUG PrimaryStageWindow   - FXGLMainMenuDummyScene <- FXGLDefaultMenu
21:05:07.885 [JavaFX Application Thread] DEBUG Input                - Clearing active input actions
21:05:07.893 [JavaFX Application Thread] DEBUG GameApplicationServi - Removing overlay from FXGLMainMenuDummyScene and adding to FXGLLoadingScene
21:05:07.893 [JavaFX Application Thread] DEBUG PrimaryStageWindow   - FXGLMainMenuDummyScene -> FXGLLoadingScene
21:05:07.893 [JavaFX Application Thread] DEBUG GameApplicationServi - Clearing previous game
21:05:07.893 [JavaFX Application Thread] DEBUG GameScene            - Clearing game scene
21:05:07.894 [JavaFX Application Thread] DEBUG GameWorld            - Clearing game world
21:05:07.894 [JavaFX Application Thread] DEBUG PhysicsWorld         - Clearing physics world
21:05:07.895 [FXGL Background Thread 2 ] DEBUG FXGLApplication      - Initializing game
21:05:07.897 [FXGL Background Thread 2 ] DEBUG FXGLAssetLoaderServi - Loading from file system: file:/X:/Programming/CHALLENGEWEEK/target/classes/assets/textures/test2.png
21:05:07.909 [FXGL Background Thread 2 ] INFO  FXGLApplication      - Game initialization took: 0,013 sec
21:05:07.910 [JavaFX Application Thread] DEBUG Input                - Clearing active input actions
21:05:07.917 [JavaFX Application Thread] DEBUG GameApplicationServi - Removing overlay from FXGLLoadingScene and adding to GameScene
21:05:07.917 [JavaFX Application Thread] DEBUG PrimaryStageWindow   - FXGLLoadingScene -> GameScene
21:05:09.759 [FXGL Background Thread 3 ] DEBUG Engine               - Logging environment variables
21:05:09.759 [FXGL Background Thread 3 ] DEBUG Engine               - achievements: []
21:05:09.760 [FXGL Background Thread 3 ] DEBUG Engine               - actualHeight: 600.0
21:05:09.760 [FXGL Background Thread 3 ] DEBUG Engine               - actualHeightProperty: ReadOnlyDoubleProperty [value: 600.0]
21:05:09.760 [FXGL Background Thread 3 ] DEBUG Engine               - actualWidth: 800.0
21:05:09.760 [FXGL Background Thread 3 ] DEBUG Engine               - actualWidthProperty: ReadOnlyDoubleProperty [value: 800.0]
21:05:09.760 [FXGL Background Thread 3 ] DEBUG Engine               - appIcon: fxgl_icon.png
21:05:09.760 [FXGL Background Thread 3 ] DEBUG Engine               - applicationMode: DEVELOPER
21:05:09.760 [FXGL Background Thread 3 ] DEBUG Engine               - cSSList: [fxgl_dark.css]
21:05:09.761 [FXGL Background Thread 3 ] DEBUG Engine               - collisionDetectionStrategy: BRUTE_FORCE
21:05:09.761 [FXGL Background Thread 3 ] DEBUG Engine               - configClass: Optional.empty
21:05:09.761 [FXGL Background Thread 3 ] DEBUG Engine               - credits: []
21:05:09.761 [FXGL Background Thread 3 ] DEBUG Engine               - defaultCursor: CursorInfo(imageName=fxgl_default_cursor.png, hotspotX=7.0, hotspotY=6.0)
21:05:09.761 [FXGL Background Thread 3 ] DEBUG Engine               - devBBoxColorProperty: ObjectProperty [value: 0xff0000ff]
21:05:09.762 [FXGL Background Thread 3 ] DEBUG Engine               - devEnableDebugCameraProperty: BooleanProperty [value: false]
21:05:09.762 [FXGL Background Thread 3 ] DEBUG Engine               - devSensorColorProperty: ObjectProperty [value: 0xffff00ff]
21:05:09.762 [FXGL Background Thread 3 ] DEBUG Engine               - devShowBBoxProperty: BooleanProperty [value: false]
21:05:09.762 [FXGL Background Thread 3 ] DEBUG Engine               - devShowPositionProperty: BooleanProperty [value: false]
21:05:09.762 [FXGL Background Thread 3 ] DEBUG Engine               - enabledMenuItems: []
21:05:09.762 [FXGL Background Thread 3 ] DEBUG Engine               - engineServices: [class com.almasb.fxgl.app.services.FXGLAssetLoaderService, class com.almasb.fxgl.app.FXGLApplication$GameApplicationService, class com.almasb.fxgl.app.services.FXGLDialogService, class com.almasb.fxgl.app.services.IOTaskExecutorService, class com.almasb.fxgl.io.FileSystemService, class com.almasb.fxgl.localization.LocalizationService, class com.almasb.fxgl.app.services.SystemBundleService, class com.almasb.fxgl.profile.SaveLoadService, class com.almasb.fxgl.ui.FXGLUIFactoryServiceProvider, class com.almasb.fxgl.ui.FXGLDialogFactoryServiceProvider, class com.almasb.fxgl.audio.AudioPlayer, class com.almasb.fxgl.notification.impl.NotificationServiceProvider, class com.almasb.fxgl.achievement.AchievementService, class com.almasb.fxgl.cutscene.CutsceneService, class com.almasb.fxgl.minigames.MiniGameService, class com.almasb.fxgl.net.NetService, class com.almasb.fxgl.app.services.UpdaterService, class com.almasb.fxgl.dev.DevService]
21:05:09.762 [FXGL Background Thread 3 ] DEBUG Engine               - fontGame: Abel-Regular.ttf
21:05:09.762 [FXGL Background Thread 3 ] DEBUG Engine               - fontMono: lucida_console.ttf
21:05:09.762 [FXGL Background Thread 3 ] DEBUG Engine               - fontText: Courier-Prime.ttf
21:05:09.762 [FXGL Background Thread 3 ] DEBUG Engine               - fontUI: VarelaRound-Regular.ttf
21:05:09.762 [FXGL Background Thread 3 ] DEBUG Engine               - fullScreen: BooleanProperty [value: false]
21:05:09.762 [FXGL Background Thread 3 ] DEBUG Engine               - gameDifficulty: MEDIUM
21:05:09.762 [FXGL Background Thread 3 ] DEBUG Engine               - gameDifficultyProperty: ObjectProperty [value: MEDIUM]
21:05:09.762 [FXGL Background Thread 3 ] DEBUG Engine               - globalMusicVolume: 0.5
21:05:09.762 [FXGL Background Thread 3 ] DEBUG Engine               - globalMusicVolumeProperty: DoubleProperty [value: 0.5]
21:05:09.762 [FXGL Background Thread 3 ] DEBUG Engine               - globalSoundVolume: 0.5
21:05:09.763 [FXGL Background Thread 3 ] DEBUG Engine               - globalSoundVolumeProperty: DoubleProperty [value: 0.5]
21:05:09.763 [FXGL Background Thread 3 ] DEBUG Engine               - height: 600
21:05:09.763 [FXGL Background Thread 3 ] DEBUG Engine               - is3D: false
21:05:09.763 [FXGL Background Thread 3 ] DEBUG Engine               - isAndroid: false
21:05:09.763 [FXGL Background Thread 3 ] DEBUG Engine               - isBrowser: false
21:05:09.763 [FXGL Background Thread 3 ] DEBUG Engine               - isClickFeedbackEnabled: false
21:05:09.763 [FXGL Background Thread 3 ] DEBUG Engine               - isCloseConfirmation: false
21:05:09.764 [FXGL Background Thread 3 ] DEBUG Engine               - isDesktop: true
21:05:09.764 [FXGL Background Thread 3 ] DEBUG Engine               - isDeveloperMenuEnabled: false
21:05:09.764 [FXGL Background Thread 3 ] DEBUG Engine               - isEntityPreloadEnabled: true
21:05:09.764 [FXGL Background Thread 3 ] DEBUG Engine               - isExperimentalTiledLargeMap: false
21:05:09.764 [FXGL Background Thread 3 ] DEBUG Engine               - isFileSystemWriteAllowed: true
21:05:09.764 [FXGL Background Thread 3 ] DEBUG Engine               - isFullScreenAllowed: false
21:05:09.764 [FXGL Background Thread 3 ] DEBUG Engine               - isFullScreenFromStart: false
21:05:09.765 [FXGL Background Thread 3 ] DEBUG Engine               - isGameMenuEnabled: true
21:05:09.765 [FXGL Background Thread 3 ] DEBUG Engine               - isIOS: false
21:05:09.765 [FXGL Background Thread 3 ] DEBUG Engine               - isIntroEnabled: false
21:05:09.765 [FXGL Background Thread 3 ] DEBUG Engine               - isLinux: false
21:05:09.765 [FXGL Background Thread 3 ] DEBUG Engine               - isMac: false
21:05:09.765 [FXGL Background Thread 3 ] DEBUG Engine               - isMainMenuEnabled: true
21:05:09.765 [FXGL Background Thread 3 ] DEBUG Engine               - isManualResizeEnabled: true
21:05:09.766 [FXGL Background Thread 3 ] DEBUG Engine               - isMobile: false
21:05:09.766 [FXGL Background Thread 3 ] DEBUG Engine               - isNative: false
21:05:09.766 [FXGL Background Thread 3 ] DEBUG Engine               - isPauseMusicWhenMinimized: true
21:05:09.766 [FXGL Background Thread 3 ] DEBUG Engine               - isPreserveResizeRatio: false
21:05:09.766 [FXGL Background Thread 3 ] DEBUG Engine               - isProfilingEnabled: false
21:05:09.766 [FXGL Background Thread 3 ] DEBUG Engine               - isScaleAffectedOnResize: true
21:05:09.766 [FXGL Background Thread 3 ] DEBUG Engine               - isSingleStep: false
21:05:09.766 [FXGL Background Thread 3 ] DEBUG Engine               - isUserProfileEnabled: false
21:05:09.766 [FXGL Background Thread 3 ] DEBUG Engine               - isWindows: true
21:05:09.766 [FXGL Background Thread 3 ] DEBUG Engine               - language: ObjectProperty [value: ENGLISH]
21:05:09.767 [FXGL Background Thread 3 ] DEBUG Engine               - menuKey: ESCAPE
21:05:09.767 [FXGL Background Thread 3 ] DEBUG Engine               - mouseSensitivity: 0.2
21:05:09.767 [FXGL Background Thread 3 ] DEBUG Engine               - notificationViewClass: class com.almasb.fxgl.notification.view.XboxNotificationView
21:05:09.767 [FXGL Background Thread 3 ] DEBUG Engine               - pixelsPerMeter: 50.0
21:05:09.767 [FXGL Background Thread 3 ] DEBUG Engine               - platform: WINDOWS
21:05:09.767 [FXGL Background Thread 3 ] DEBUG Engine               - prefHeightProperty: ReadOnlyDoubleProperty [value: 600.0]
21:05:09.767 [FXGL Background Thread 3 ] DEBUG Engine               - prefWidthProperty: ReadOnlyDoubleProperty [value: 800.0]
21:05:09.767 [FXGL Background Thread 3 ] DEBUG Engine               - profileDir: profiles/
21:05:09.768 [FXGL Background Thread 3 ] DEBUG Engine               - profileName: StringProperty [value: DEFAULT]
21:05:09.768 [FXGL Background Thread 3 ] DEBUG Engine               - randomSeed: -1
21:05:09.768 [FXGL Background Thread 3 ] DEBUG Engine               - runtimeInfo: RuntimeInfo(platform=WINDOWS, version=11.17, build=16.07.2021 15.46)
21:05:09.768 [FXGL Background Thread 3 ] DEBUG Engine               - saveFileExt: sav
21:05:09.768 [FXGL Background Thread 3 ] DEBUG Engine               - scaledHeightProp$fxgl: DoubleProperty [bound, value: 600.0]
21:05:09.768 [FXGL Background Thread 3 ] DEBUG Engine               - scaledWidthProp$fxgl: DoubleProperty [bound, value: 800.0]
21:05:09.768 [FXGL Background Thread 3 ] DEBUG Engine               - sceneFactory: com.almasb.fxgl.app.scene.SceneFactory@186aec29
21:05:09.768 [FXGL Background Thread 3 ] DEBUG Engine               - secondsIn24h: 60
21:05:09.768 [FXGL Background Thread 3 ] DEBUG Engine               - soundMenuBack: menu/back.wav
21:05:09.769 [FXGL Background Thread 3 ] DEBUG Engine               - soundMenuPress: menu/press.wav
21:05:09.769 [FXGL Background Thread 3 ] DEBUG Engine               - soundMenuSelect: menu/select.wav
21:05:09.769 [FXGL Background Thread 3 ] DEBUG Engine               - soundNotification: core/notification.wav
21:05:09.769 [FXGL Background Thread 3 ] DEBUG Engine               - stageStyle: DECORATED
21:05:09.769 [FXGL Background Thread 3 ] DEBUG Engine               - supportedLanguages: [ENGLISH, FRENCH, GERMAN, HUNGARIAN, RUSSIAN]
21:05:09.769 [FXGL Background Thread 3 ] DEBUG Engine               - ticksPerSecond: -1
21:05:09.769 [FXGL Background Thread 3 ] DEBUG Engine               - title: Escape HSLEIDEN
21:05:09.769 [FXGL Background Thread 3 ] DEBUG Engine               - urlGithub: https://github.com/AlmasB/FXGL
21:05:09.769 [FXGL Background Thread 3 ] DEBUG Engine               - urlLeaderboard: http://fxgl-top.herokuapp.com/
21:05:09.769 [FXGL Background Thread 3 ] DEBUG Engine               - urlPOM: https://raw.githubusercontent.com/AlmasB/FXGL/release/README.md
21:05:09.770 [FXGL Background Thread 3 ] DEBUG Engine               - userAppClass: class com.example.demo.EscapeHSL
21:05:09.770 [FXGL Background Thread 3 ] DEBUG Engine               - version: 0.0
21:05:09.770 [FXGL Background Thread 3 ] DEBUG Engine               - versionCheckDays: 7
21:05:09.770 [FXGL Background Thread 3 ] DEBUG Engine               - width: 800
21:05:09.770 [FXGL Background Thread 3 ] DEBUG Engine               - Logging services
21:05:09.770 [FXGL Background Thread 3 ] DEBUG Engine               - class com.almasb.fxgl.app.services.FXGLAssetLoaderService
21:05:09.770 [FXGL Background Thread 3 ] DEBUG Engine               - class com.almasb.fxgl.app.FXGLApplication$GameApplicationService
21:05:09.770 [FXGL Background Thread 3 ] DEBUG Engine               - class com.almasb.fxgl.app.services.FXGLDialogService
21:05:09.770 [FXGL Background Thread 3 ] DEBUG Engine               - class com.almasb.fxgl.app.services.IOTaskExecutorService
21:05:09.770 [FXGL Background Thread 3 ] DEBUG Engine               - class com.almasb.fxgl.io.FileSystemService
21:05:09.770 [FXGL Background Thread 3 ] DEBUG Engine               - class com.almasb.fxgl.localization.LocalizationService
21:05:09.771 [FXGL Background Thread 3 ] DEBUG Engine               - class com.almasb.fxgl.app.services.SystemBundleService
21:05:09.771 [FXGL Background Thread 3 ] DEBUG Engine               - class com.almasb.fxgl.profile.SaveLoadService
21:05:09.771 [FXGL Background Thread 3 ] DEBUG Engine               - class com.almasb.fxgl.ui.FXGLUIFactoryServiceProvider
21:05:09.771 [FXGL Background Thread 3 ] DEBUG Engine               - class com.almasb.fxgl.ui.FXGLDialogFactoryServiceProvider
21:05:09.771 [FXGL Background Thread 3 ] DEBUG Engine               - class com.almasb.fxgl.audio.AudioPlayer
21:05:09.771 [FXGL Background Thread 3 ] DEBUG Engine               - class com.almasb.fxgl.notification.impl.NotificationServiceProvider
21:05:09.771 [FXGL Background Thread 3 ] DEBUG Engine               - class com.almasb.fxgl.achievement.AchievementService
21:05:09.771 [FXGL Background Thread 3 ] DEBUG Engine               - class com.almasb.fxgl.cutscene.CutsceneService
21:05:09.771 [FXGL Background Thread 3 ] DEBUG Engine               - class com.almasb.fxgl.minigames.MiniGameService
21:05:09.771 [FXGL Background Thread 3 ] DEBUG Engine               - class com.almasb.fxgl.net.NetService
21:05:09.772 [FXGL Background Thread 3 ] DEBUG Engine               - class com.almasb.fxgl.app.services.UpdaterService
21:05:09.772 [FXGL Background Thread 3 ] DEBUG Engine               - class com.almasb.fxgl.dev.DevService
21:05:10.498 [JavaFX Application Thread] DEBUG LoopRunner           - Pausing loop
21:05:12.064 [JavaFX Application Thread] DEBUG LoopRunner           - Resuming loop
21:05:12.790 [JavaFX Application Thread] DEBUG FXGLApplication      - Exiting FXGL
21:05:12.791 [JavaFX Application Thread] DEBUG LoopRunner           - Stopping loop
21:05:12.791 [JavaFX Application Thread] DEBUG SystemBundleService  - Saving FXGL system data
21:05:12.792 [JavaFX Application Thread] DEBUG FileSystemAccess     - Writing to: X:\Programming\CHALLENGEWEEK\system\fxgl.bundle
21:05:12.793 [JavaFX Application Thread] DEBUG Async                - Shutting down background threads
21:05:12.793 [JavaFX Application Thread] DEBUG PrimaryStageWindow   - Closing main window
21:05:12.801 [JavaFX Application Thread] DEBUG Logger               - Closing Logger
